
pre.par
     preGSf90 ver. 1.24

 Parameter file:             pre.par
 Data file:                  ../renum_gbs/renf90.dat
 Number of Traits             1
 Number of Effects            2
 Position of Observations      1
 Position of Weights           0
 Value of Missing Trait/Observation           0

EFFECTS
 #  type                position (2)        levels   [positions for nested]
    1  cross-classified       2         3
    2  cross-classified       3       806

 Residual (co)variance Matrix
  100.00    

 Random Effect(s)    2
 Type of Random Effect:      additive animal with unknown parent groups and inbreeding
 Pedigree File:              ../renum_gbs/renadd02.ped                                                                                                                                                                                                                                 
 trait   effect    (CO)VARIANCES
  1       2     100.0    

 REMARKS
  (1) Weight position 0 means no weights utilized
  (2) Effect positions of 0 for some effects and traits means that such
      effects are missing for specified traits
 
 

 Options read from parameter file for genomic
 * SNP format: BLUPF90 standard (text)
 * SNP file: ../../../output/gbs
 * SNP Xref file: ../../../output/gbs_XrefID
 * Skip Save GmA22 Inverse matrix (default=.true.)
 * Save A Inverser matrix with origianl ID (default=.false.)
 * Save G matrix with original ID (default=.false.)
 * Save G-Inverse matrix with original ID (default=.false.)
 * Save A22-Inverse matrix with Original ID (default=.false.)
 * Use only SNP with allele freq > minfreq (default minfreq = 0.05):   0.05
 * Use only SNP with call rate > callrate (default call rate = 0.9):   0.70
 * Use Animals with  call rate > call rate (default call rate = 0.9):   0.00
 * Save Clean SNP data to (SNP_file)_clean file (default .false.)
 * Create a tuned G (default = 2): 0
 * AlphaBeta defaults alpha=0.95, beta=0.05) :  0.99  0.01
 * TauOmega (defaults tau=1.0, omega=1.0) :  1.00  0.00
 * Matrix in Ascii format(default=binary)
 
 *--------------------------------------------------------------*
 *                 Genomic Library: Dist Version 1.308          *
 *                                                              *
 *             Optimized OpenMP Version -  8 threads            *
 *                                                              *
 *  Modified relationship matrix (H) created for effect:   2    *
 *--------------------------------------------------------------*
 
 Read 806 animals from pedigree file: "C:\Users\lzhang\OneDrive - AbacusBio Ltd\Project_internal\Potato mash\blupf90\vce\renum_gbs\renadd02.ped"

 Reading Original IDs from pedigree file 
 Number of Genotyped Animals: 806

 Creating A22 
    Extracting subset of: 806 pedigrees from: 806 ...elapsed time:     0.0000
    Calculating A22 Matrix by Colleau OpenMP...elapsed time: .0308
    Numbers of threads=1 8

 Reading SNP file
    Column position in file for the first marker: 12
    Format to read SNP file: (11x,400000i1)                                    
    Number of SNPs: 46405
    Format: integer genotypes (0 to 5) to double-precision array
    Number of Genotyped animals: 806
    Reading SNP file elapsed time: 6.44
 
 Statistics of alleles frequencies in the current population
    N:          46405
    Mean:       0.265
    Min:        0.022
    Max:        0.978
    Var:        0.042
 
 Quality Control - SNPs with Call Rate < callrate ( 0.70) will removed: 8701
 
 Quality Control - SNPs with MAF < minfreq ( 0.05) will removed: 7437
 
 Quality Control - Monomorphic SNPs will be removed: 0

 Quality Control - Check Parent-Progeny Mendelian conflicts

    Total animals: 806 - Genotyped animals: 806 - Effective: 806

    Number of pairs Individual - Sire: 0
    Number of pairs Individual - Dam: 0
    Number of trios Individual - Sire - Dam: 0

    No sex Chromosome information is available !!
    QC for parent-progeny conflicts, HWE or heritability of gene content, could eliminate SNPs in sex Chr
    Provide map information and sex Chr to perform QC using autosomes

 Checking SNPs for Mendelian conflicts
    SNPs not masked, low # parent-progeny evaluations: 0

 Checking Animals for Mendelian conflicts

    Total number of effective SNP for checks on Animals: 31881

    Number of Parent-Progeny Mendelian Conflicts: 0

 Number of effective SNPs (after QC): 31881

 Number of effective Individuals (after QC): 806
 
 Statistics of alleles frequencies in the current population after
 Quality Control (MAF, monomorphic, call rate, HWE, Mendelian conflicts)
    N:          31881
    Mean:       0.304
    Min:        0.050
    Max:        0.950
    Var:        0.037

 List of SNPs removed in: "../../../output/gbs_SNPs_removed"

 Clean genotype file was created: "../../../output/gbs_clean"

 Cross reference ID file was created: "../../../output/gbs_clean_XrefID"
 All missing SNP for genotyped animal (#gen, renumber Id, Original Id) 82 766 T16_318
 All missing SNP for genotyped animal (#gen, renumber Id, Original Id) 208 120 T15_111

 Genotypes missings (%): 48.323

 Genotypes missings after cleannig (%): 24.780

 Calculating G Matrix 
    Dgemm MKL #threads=     1    8 Elapsed omp_get_time:    31.8260
 
 Scale by Sum(2pq). Average:   8360.67844885203     

 Detecting samples with similar genotypes
    elapsed time=     0.0

 *****************************************
 *  Possible genotype duplicates samples *
 *****************************************

    i-j number of sample , i-j renumber Id, i-j original Id,  G(i,j), G(i,i),G(j,j), r(i,j) 
     104      10     611      21 T17_692                   ROYAL                       0.5357  0.5791  0.5720  0.9307
     527      14     638     728 T17_719                   VR808                       0.4978  0.5534  0.5393  0.9113
     135     113      37      95 T15_020                   T15_084                     0.0437  0.1083  0.0202  0.9359
     337     113     146      95 T15_139                   T15_084                     0.0437  0.1083  0.0202  0.9359
     621     113     318      95 T16_365                   T15_084                     0.0437  0.1083  0.0202  0.9359
     763     113     681      95 T5865_01                  T15_084                     0.0437  0.1083  0.0202  0.9359
     795     113     667      95 T5690A_31                 T15_084                     0.0437  0.1083  0.0202  0.9359
     337     135     146      37 T15_139                   T15_020                     0.1083  0.1083  0.1083  1.0000
     621     135     318      37 T16_365                   T15_020                     0.1083  0.1083  0.1083  1.0000
     763     135     681      37 T5865_01                  T15_020                     0.1083  0.1083  0.1083  1.0000
     795     135     667      37 T5690A_31                 T15_020                     0.1083  0.1083  0.1083  1.0000
     217     213      58      57 T15_046                   T15_045                     0.5136  0.5541  0.5493  0.9310
     621     337     318     146 T16_365                   T15_139                     0.1083  0.1083  0.1083  1.0000
     763     337     681     146 T5865_01                  T15_139                     0.1083  0.1083  0.1083  1.0000
     795     337     667     146 T5690A_31                 T15_139                     0.1083  0.1083  0.1083  1.0000
     673     529     495     485 T17_573                   T17_563                     0.5048  0.5619  0.5587  0.9010
     763     621     681     318 T5865_01                  T16_365                     0.1083  0.1083  0.1083  1.0000
     795     621     667     318 T5690A_31                 T16_365                     0.1083  0.1083  0.1083  1.0000
     795     763     667     681 T5690A_31                 T5865_01                    0.1083  0.1083  0.1083  1.0000
    elapsed time=     0.0
 No tuning before blending
 
 Blend G as alpha*G + beta*A22: (alpha,beta)     0.990     0.010

 Frequency - Diagonal of G
    N:         806
    Mean:        0.515
    Min:         0.010
    Max:         8.192
    Range:       0.409
    Class:     20
 
  #Class       Class   Count
       1  0.1000E-01      96
       2  0.4191         707
       3  0.8282           1
       4   1.237           1
       5   1.646           0
       6   2.056           0
       7   2.465           0
       8   2.874           0
       9   3.283           0
      10   3.692           0
      11   4.101           0
      12   4.510           0
      13   4.919           0
      14   5.328           0
      15   5.737           0
      16   6.147           0
      17   6.556           0
      18   6.965           0
      19   7.374           0
      20   7.783           1
      21   8.192           0
 

 Check for diagonal of genomic relationship matrix

 ** Low Diagonal of genotype (#genotype, renumber ID, original ID) 1 729 BIKINI  0.57 not Removed
 ** Low Diagonal of genotype (#genotype, renumber ID, original ID) 2 2 CARA  0.49 not Removed
 ** Low Diagonal of genotype (#genotype, renumber ID, original ID) 3 3 CASINO  0.55 not Removed
 ** Low Diagonal of genotype (#genotype, renumber ID, original ID) 4 15 INFINITY  0.32 not Removed
 ** Low Diagonal of genotype (#genotype, renumber ID, original ID) 5 16 INNOVATOR  0.57 not Removed
 ** Low Diagonal of genotype (#genotype, renumber ID, original ID) 6 17 MARKIES  0.51 not Removed
 ** Low Diagonal of genotype (#genotype, renumber ID, original ID) 7 18 MAVERICK  0.58 not Removed
 ** Low Diagonal of genotype (#genotype, renumber ID, original ID) 8 19 ORLA  0.56 not Removed
 ** Low Diagonal of genotype (#genotype, renumber ID, original ID) 9 20 ROOSTER  0.52 not Removed
 ** Low Diagonal of genotype (#genotype, renumber ID, original ID) 10 21 ROYAL  0.58 not Removed
 ** Low Diagonal of genotype (#genotype, renumber ID, original ID) 11 730 T5629_33  0.54 not Removed
 ** Low Diagonal of genotype (#genotype, renumber ID, original ID) 12 665 T5673_11  0.39 not Removed
 ** Low Diagonal of genotype (#genotype, renumber ID, original ID) 14 728 VR808  0.54 not Removed
 ** Low Diagonal of genotype (#genotype, renumber ID, original ID) 15 731 T15_001  0.30 not Removed
 ** Low Diagonal of genotype (#genotype, renumber ID, original ID) 16 732 T15_002  0.58 not Removed
 ** Low Diagonal of genotype (#genotype, renumber ID, original ID) 17 733 T15_003  0.56 not Removed
 ** Low Diagonal of genotype (#genotype, renumber ID, original ID) 18 734 T15_008  0.58 not Removed
 ** Low Diagonal of genotype (#genotype, renumber ID, original ID) 19 735 T15_009  0.52 not Removed
 ** Low Diagonal of genotype (#genotype, renumber ID, original ID) 20 736 T15_033  0.52 not Removed
 ** Low Diagonal of genotype (#genotype, renumber ID, original ID) 21 737 T15_095  0.47 not Removed
 ** Low Diagonal of genotype (#genotype, renumber ID, original ID) 22 738 T15_098  0.50 not Removed
 ** Low Diagonal of genotype (#genotype, renumber ID, original ID) 23 739 T15_132  0.43 not Removed
 ** Low Diagonal of genotype (#genotype, renumber ID, original ID) 24 185 T15_179  0.66 not Removed
 ** Low Diagonal of genotype (#genotype, renumber ID, original ID) 25 740 T15_238  0.47 not Removed
 ** Low Diagonal of genotype (#genotype, renumber ID, original ID) 26 262 T16_259  0.50 not Removed
 ** Low Diagonal of genotype (#genotype, renumber ID, original ID) 27 741 T16_260  0.55 not Removed
 ** Low Diagonal of genotype (#genotype, renumber ID, original ID) 28 742 T16_261  0.60 not Removed
 ** Low Diagonal of genotype (#genotype, renumber ID, original ID) 29 263 T16_262  0.51 not Removed
 ** Low Diagonal of genotype (#genotype, renumber ID, original ID) 30 264 T16_263  0.45 not Removed
 ** Low Diagonal of genotype (#genotype, renumber ID, original ID) 31 265 T16_264  0.57 not Removed
 ** Low Diagonal of genotype (#genotype, renumber ID, original ID) 32 266 T16_265  0.47 not Removed
 ** Low Diagonal of genotype (#genotype, renumber ID, original ID) 33 743 T16_266  0.55 not Removed
 ** Low Diagonal of genotype (#genotype, renumber ID, original ID) 34 744 T16_267  0.44 not Removed
 ** Low Diagonal of genotype (#genotype, renumber ID, original ID) 35 267 T16_268  0.58 not Removed
 ** Low Diagonal of genotype (#genotype, renumber ID, original ID) 36 268 T16_269  0.54 not Removed
 ** Low Diagonal of genotype (#genotype, renumber ID, original ID) 37 269 T16_270  0.44 not Removed
 ** Low Diagonal of genotype (#genotype, renumber ID, original ID) 38 270 T16_271  0.55 not Removed
 ** Low Diagonal of genotype (#genotype, renumber ID, original ID) 39 271 T16_272  0.35 not Removed
 ** Low Diagonal of genotype (#genotype, renumber ID, original ID) 40 272 T16_273  0.46 not Removed
 ** Low Diagonal of genotype (#genotype, renumber ID, original ID) 41 745 T16_274  0.56 not Removed
 ** Low Diagonal of genotype (#genotype, renumber ID, original ID) 42 273 T16_275  0.55 not Removed
 ** Low Diagonal of genotype (#genotype, renumber ID, original ID) 43 746 T16_276  0.47 not Removed
 ** Low Diagonal of genotype (#genotype, renumber ID, original ID) 44 747 T16_277  0.58 not Removed
 ** Low Diagonal of genotype (#genotype, renumber ID, original ID) 45 274 T16_278  0.46 not Removed
 ** Low Diagonal of genotype (#genotype, renumber ID, original ID) 46 748 T16_279  0.30 not Removed
 ** Low Diagonal of genotype (#genotype, renumber ID, original ID) 47 275 T16_280  0.42 not Removed
 ** Low Diagonal of genotype (#genotype, renumber ID, original ID) 48 749 T16_281  0.54 not Removed
 ** Low Diagonal of genotype (#genotype, renumber ID, original ID) 49 276 T16_282  0.43 not Removed
 ** Low Diagonal of genotype (#genotype, renumber ID, original ID) 50 277 T16_283  0.47 not Removed
 ** Low Diagonal of genotype (#genotype, renumber ID, original ID) 51 750 T16_284  0.47 not Removed
 ** Low Diagonal of genotype (#genotype, renumber ID, original ID) 52 278 T16_285  0.49 not Removed
 ** Low Diagonal of genotype (#genotype, renumber ID, original ID) 53 751 T16_286  0.46 not Removed
 ** Low Diagonal of genotype (#genotype, renumber ID, original ID) 54 752 T16_287  0.55 not Removed
 ** Low Diagonal of genotype (#genotype, renumber ID, original ID) 55 279 T16_288  0.41 not Removed
 ** Low Diagonal of genotype (#genotype, renumber ID, original ID) 56 753 T16_289  0.51 not Removed
 ** Low Diagonal of genotype (#genotype, renumber ID, original ID) 57 754 T16_290  0.56 not Removed
 ** Low Diagonal of genotype (#genotype, renumber ID, original ID) 58 281 T16_292  0.33 not Removed
 ** Low Diagonal of genotype (#genotype, renumber ID, original ID) 59 282 T16_293  0.57 not Removed
 ** Low Diagonal of genotype (#genotype, renumber ID, original ID) 60 283 T16_294  0.52 not Removed
 ** Low Diagonal of genotype (#genotype, renumber ID, original ID) 61 755 T16_295  0.52 not Removed
 ** Low Diagonal of genotype (#genotype, renumber ID, original ID) 62 756 T16_296  0.45 not Removed
 ** Low Diagonal of genotype (#genotype, renumber ID, original ID) 63 284 T16_297  0.36 not Removed
 ** Low Diagonal of genotype (#genotype, renumber ID, original ID) 64 285 T16_298  0.53 not Removed
 ** Low Diagonal of genotype (#genotype, renumber ID, original ID) 65 286 T16_299  0.35 not Removed
 ** Low Diagonal of genotype (#genotype, renumber ID, original ID) 66 287 T16_300  0.49 not Removed
 ** Low Diagonal of genotype (#genotype, renumber ID, original ID) 67 757 T16_301  0.43 not Removed
 ** Low Diagonal of genotype (#genotype, renumber ID, original ID) 68 758 T16_302  0.55 not Removed
 ** Low Diagonal of genotype (#genotype, renumber ID, original ID) 69 759 T16_303  0.55 not Removed
 ** Low Diagonal of genotype (#genotype, renumber ID, original ID) 70 760 T16_304  0.44 not Removed
 ** Low Diagonal of genotype (#genotype, renumber ID, original ID) 71 761 T16_305  0.57 not Removed
 ** Low Diagonal of genotype (#genotype, renumber ID, original ID) 72 762 T16_306  0.55 not Removed
 ** Low Diagonal of genotype (#genotype, renumber ID, original ID) 73 288 T16_308  0.59 not Removed
 ** Low Diagonal of genotype (#genotype, renumber ID, original ID) 74 763 T16_309  0.50 not Removed
 ** Low Diagonal of genotype (#genotype, renumber ID, original ID) 75 764 T16_311  0.41 not Removed
 ** Low Diagonal of genotype (#genotype, renumber ID, original ID) 76 290 T16_312  0.54 not Removed
 ** Low Diagonal of genotype (#genotype, renumber ID, original ID) 77 291 T16_313  0.55 not Removed
 ** Low Diagonal of genotype (#genotype, renumber ID, original ID) 78 292 T16_314  0.33 not Removed
 ** Low Diagonal of genotype (#genotype, renumber ID, original ID) 79 293 T16_315  0.56 not Removed
 ** Low Diagonal of genotype (#genotype, renumber ID, original ID) 80 294 T16_316  0.53 not Removed
 ** Low Diagonal of genotype (#genotype, renumber ID, original ID) 81 765 T16_317  0.48 not Removed
 ** Low Diagonal of genotype (#genotype, renumber ID, original ID) 82 766 T16_318  0.01 not Removed
 ** Low Diagonal of genotype (#genotype, renumber ID, original ID) 83 767 T16_319  0.55 not Removed
 ** Low Diagonal of genotype (#genotype, renumber ID, original ID) 84 768 T16_320  0.49 not Removed
 ** Low Diagonal of genotype (#genotype, renumber ID, original ID) 85 769 T16_321  0.51 not Removed
 ** Low Diagonal of genotype (#genotype, renumber ID, original ID) 86 770 T16_322  0.43 not Removed
 ** Low Diagonal of genotype (#genotype, renumber ID, original ID) 87 295 T16_324  0.44 not Removed
 ** Low Diagonal of genotype (#genotype, renumber ID, original ID) 88 296 T16_325  0.43 not Removed
 ** Low Diagonal of genotype (#genotype, renumber ID, original ID) 89 771 T16_326  0.54 not Removed
 ** Low Diagonal of genotype (#genotype, renumber ID, original ID) 90 772 T16_327  0.50 not Removed
 ** Low Diagonal of genotype (#genotype, renumber ID, original ID) 91 773 T16_328  0.39 not Removed
 ** Low Diagonal of genotype (#genotype, renumber ID, original ID) 92 297 T16_331  0.52 not Removed
 ** Low Diagonal of genotype (#genotype, renumber ID, original ID) 93 298 T16_332  0.51 not Removed
 ** Low Diagonal of genotype (#genotype, renumber ID, original ID) 94 774 T16_334  0.46 not Removed
 ** Low Diagonal of genotype (#genotype, renumber ID, original ID) 95 775 T16_335  0.51 not Removed
 ** Low Diagonal of genotype (#genotype, renumber ID, original ID) 96 776 T16_336  0.51 not Removed
 ** Low Diagonal of genotype (#genotype, renumber ID, original ID) 97 777 T16_337  0.52 not Removed
 ** Low Diagonal of genotype (#genotype, renumber ID, original ID) 98 299 T16_338  0.53 not Removed
 ** Low Diagonal of genotype (#genotype, renumber ID, original ID) 99 300 T16_340  0.53 not Removed
 ** Low Diagonal of genotype (#genotype, renumber ID, original ID) 100 301 T16_341  0.51 not Removed
 ** Low Diagonal of genotype (#genotype, renumber ID, original ID) 101 302 T16_342  0.48 not Removed
 ** Low Diagonal of genotype (#genotype, renumber ID, original ID) 102 303 T16_343  0.54 not Removed
 ** Low Diagonal of genotype (#genotype, renumber ID, original ID) 103 304 T16_344  0.46 not Removed
 ** Low Diagonal of genotype (#genotype, renumber ID, original ID) 104 611 T17_692  0.58 not Removed
 ** Low Diagonal of genotype (#genotype, renumber ID, original ID) 105 140 T15_133  0.54 not Removed
 ** Low Diagonal of genotype (#genotype, renumber ID, original ID) 106 181 T15_175  0.51 not Removed
 ** Low Diagonal of genotype (#genotype, renumber ID, original ID) 107 99 T15_088  0.54 not Removed
 ** Low Diagonal of genotype (#genotype, renumber ID, original ID) 108 96 T15_085  0.55 not Removed
 ** Low Diagonal of genotype (#genotype, renumber ID, original ID) 109 92 T15_081  0.52 not Removed
 ** Low Diagonal of genotype (#genotype, renumber ID, original ID) 110 133 T15_125  0.26 not Removed
 ** Low Diagonal of genotype (#genotype, renumber ID, original ID) 111 189 T15_183  0.52 not Removed
 ** Low Diagonal of genotype (#genotype, renumber ID, original ID) 112 93 T15_082  0.52 not Removed
 ** Low Diagonal of genotype (#genotype, renumber ID, original ID) 113 95 T15_084  0.03 not Removed
 ** Low Diagonal of genotype (#genotype, renumber ID, original ID) 114 38 T15_021  0.49 not Removed
 ** Low Diagonal of genotype (#genotype, renumber ID, original ID) 115 32 T15_015  0.57 not Removed
 ** Low Diagonal of genotype (#genotype, renumber ID, original ID) 116 118 T15_109  0.52 not Removed
 ** Low Diagonal of genotype (#genotype, renumber ID, original ID) 117 254 T15_251  0.55 not Removed
 ** High Diagonal of genotype (#genotype, renumber ID, original ID) 118 40 T15_023  8.19 not Removed
 ** Low Diagonal of genotype (#genotype, renumber ID, original ID) 119 136 T15_128  0.56 not Removed
 ** Low Diagonal of genotype (#genotype, renumber ID, original ID) 120 202 T15_196  0.55 not Removed
 ** Low Diagonal of genotype (#genotype, renumber ID, original ID) 121 176 T15_170  0.55 not Removed
 ** Low Diagonal of genotype (#genotype, renumber ID, original ID) 122 103 T15_092  0.52 not Removed
 ** Low Diagonal of genotype (#genotype, renumber ID, original ID) 123 114 T15_105  0.52 not Removed
 ** Low Diagonal of genotype (#genotype, renumber ID, original ID) 124 102 T15_091  0.55 not Removed
 ** Low Diagonal of genotype (#genotype, renumber ID, original ID) 125 94 T15_083  0.54 not Removed
 ** Low Diagonal of genotype (#genotype, renumber ID, original ID) 126 115 T15_106  0.58 not Removed
 ** High Diagonal of genotype (#genotype, renumber ID, original ID) 127 195 T15_189  1.64 not Removed
 ** Low Diagonal of genotype (#genotype, renumber ID, original ID) 128 258 T15_255  0.49 not Removed
 ** Low Diagonal of genotype (#genotype, renumber ID, original ID) 129 188 T15_182  0.16 not Removed
 ** Low Diagonal of genotype (#genotype, renumber ID, original ID) 130 134 T15_126  0.35 not Removed
 ** Low Diagonal of genotype (#genotype, renumber ID, original ID) 131 143 T15_136  0.54 not Removed
 ** Low Diagonal of genotype (#genotype, renumber ID, original ID) 132 36 T15_019  0.54 not Removed
 ** Low Diagonal of genotype (#genotype, renumber ID, original ID) 133 100 T15_089  0.53 not Removed
 ** Low Diagonal of genotype (#genotype, renumber ID, original ID) 134 34 T15_017  0.35 not Removed
 ** Low Diagonal of genotype (#genotype, renumber ID, original ID) 135 37 T15_020  0.12 not Removed
 ** Low Diagonal of genotype (#genotype, renumber ID, original ID) 136 39 T15_022  0.53 not Removed
 ** Low Diagonal of genotype (#genotype, renumber ID, original ID) 137 139 T15_131  0.43 not Removed
 ** Low Diagonal of genotype (#genotype, renumber ID, original ID) 138 183 T15_177  0.47 not Removed
 ** Low Diagonal of genotype (#genotype, renumber ID, original ID) 139 175 T15_169  0.57 not Removed
 ** Low Diagonal of genotype (#genotype, renumber ID, original ID) 140 158 T15_152  0.52 not Removed
 ** Low Diagonal of genotype (#genotype, renumber ID, original ID) 141 122 T15_113  0.60 not Removed
 ** Low Diagonal of genotype (#genotype, renumber ID, original ID) 142 172 T15_166  0.57 not Removed
 ** Low Diagonal of genotype (#genotype, renumber ID, original ID) 143 26 T15_007  0.30 not Removed
 ** Low Diagonal of genotype (#genotype, renumber ID, original ID) 144 104 T15_093  0.34 not Removed
 ** Low Diagonal of genotype (#genotype, renumber ID, original ID) 145 98 T15_087  0.59 not Removed
 ** Low Diagonal of genotype (#genotype, renumber ID, original ID) 146 205 T15_199  0.46 not Removed
 ** Low Diagonal of genotype (#genotype, renumber ID, original ID) 147 97 T15_086  0.39 not Removed
 ** Low Diagonal of genotype (#genotype, renumber ID, original ID) 148 251 T15_248  0.54 not Removed
 ** Low Diagonal of genotype (#genotype, renumber ID, original ID) 149 137 T15_129  0.35 not Removed
 ** Low Diagonal of genotype (#genotype, renumber ID, original ID) 150 117 T15_108  0.55 not Removed
 ** Low Diagonal of genotype (#genotype, renumber ID, original ID) 151 194 T15_188  0.44 not Removed
 ** Low Diagonal of genotype (#genotype, renumber ID, original ID) 152 200 T15_194  0.49 not Removed
 ** Low Diagonal of genotype (#genotype, renumber ID, original ID) 153 197 T15_191  0.32 not Removed
 ** Low Diagonal of genotype (#genotype, renumber ID, original ID) 154 178 T15_172  0.54 not Removed
 ** Low Diagonal of genotype (#genotype, renumber ID, original ID) 155 48 T15_034  0.55 not Removed
 ** Low Diagonal of genotype (#genotype, renumber ID, original ID) 156 101 T15_090  0.53 not Removed
 ** Low Diagonal of genotype (#genotype, renumber ID, original ID) 157 123 T15_114  0.52 not Removed
 ** Low Diagonal of genotype (#genotype, renumber ID, original ID) 158 248 T15_245  0.56 not Removed
 ** Low Diagonal of genotype (#genotype, renumber ID, original ID) 159 192 T15_186  0.51 not Removed
 ** Low Diagonal of genotype (#genotype, renumber ID, original ID) 160 29 T15_012  0.58 not Removed
 ** Low Diagonal of genotype (#genotype, renumber ID, original ID) 161 43 T15_027  0.56 not Removed
 ** Low Diagonal of genotype (#genotype, renumber ID, original ID) 162 257 T15_254  0.54 not Removed
 ** Low Diagonal of genotype (#genotype, renumber ID, original ID) 163 116 T15_107  0.33 not Removed
 ** Low Diagonal of genotype (#genotype, renumber ID, original ID) 164 138 T15_130  0.53 not Removed
 ** Low Diagonal of genotype (#genotype, renumber ID, original ID) 165 41 T15_024  0.56 not Removed
 ** Low Diagonal of genotype (#genotype, renumber ID, original ID) 166 177 T15_171  0.50 not Removed
 ** Low Diagonal of genotype (#genotype, renumber ID, original ID) 167 82 T15_071  0.40 not Removed
 ** Low Diagonal of genotype (#genotype, renumber ID, original ID) 168 182 T15_176  0.25 not Removed
 ** Low Diagonal of genotype (#genotype, renumber ID, original ID) 169 180 T15_174  0.46 not Removed
 ** Low Diagonal of genotype (#genotype, renumber ID, original ID) 170 203 T15_197  0.58 not Removed
 ** Low Diagonal of genotype (#genotype, renumber ID, original ID) 171 171 T15_165  0.60 not Removed
 ** Low Diagonal of genotype (#genotype, renumber ID, original ID) 172 105 T15_094  0.55 not Removed
 ** Low Diagonal of genotype (#genotype, renumber ID, original ID) 173 30 T15_013  0.55 not Removed
 ** Low Diagonal of genotype (#genotype, renumber ID, original ID) 174 193 T15_187  0.42 not Removed
 ** Low Diagonal of genotype (#genotype, renumber ID, original ID) 175 35 T15_018  0.53 not Removed
 ** Low Diagonal of genotype (#genotype, renumber ID, original ID) 176 227 T15_221  0.55 not Removed
 ** Low Diagonal of genotype (#genotype, renumber ID, original ID) 177 144 T15_137  0.50 not Removed
 ** Low Diagonal of genotype (#genotype, renumber ID, original ID) 178 161 T15_155  0.55 not Removed
 ** Low Diagonal of genotype (#genotype, renumber ID, original ID) 179 217 T15_211  0.43 not Removed
 ** Low Diagonal of genotype (#genotype, renumber ID, original ID) 180 44 T15_028  0.44 not Removed
 ** Low Diagonal of genotype (#genotype, renumber ID, original ID) 181 199 T15_193  0.37 not Removed
 ** Low Diagonal of genotype (#genotype, renumber ID, original ID) 182 196 T15_190  0.51 not Removed
 ** Low Diagonal of genotype (#genotype, renumber ID, original ID) 183 24 T15_005  0.55 not Removed
 ** Low Diagonal of genotype (#genotype, renumber ID, original ID) 184 239 T15_235  0.54 not Removed
 ** Low Diagonal of genotype (#genotype, renumber ID, original ID) 185 162 T15_156  0.55 not Removed
 ** Low Diagonal of genotype (#genotype, renumber ID, original ID) 186 66 T15_054  0.47 not Removed
 ** Low Diagonal of genotype (#genotype, renumber ID, original ID) 187 60 T15_048  0.49 not Removed
 ** Low Diagonal of genotype (#genotype, renumber ID, original ID) 188 156 T15_150  0.56 not Removed
 ** Low Diagonal of genotype (#genotype, renumber ID, original ID) 189 159 T15_153  0.56 not Removed
 ** Low Diagonal of genotype (#genotype, renumber ID, original ID) 190 28 T15_011  0.51 not Removed
 ** Low Diagonal of genotype (#genotype, renumber ID, original ID) 191 74 T15_063  0.54 not Removed
 ** Low Diagonal of genotype (#genotype, renumber ID, original ID) 192 244 T15_241  0.54 not Removed
 ** Low Diagonal of genotype (#genotype, renumber ID, original ID) 193 238 T15_233  0.47 not Removed
 ** Low Diagonal of genotype (#genotype, renumber ID, original ID) 194 214 T15_208  0.52 not Removed
 ** Low Diagonal of genotype (#genotype, renumber ID, original ID) 195 242 T15_239  0.53 not Removed
 ** Low Diagonal of genotype (#genotype, renumber ID, original ID) 196 31 T15_014  0.57 not Removed
 ** Low Diagonal of genotype (#genotype, renumber ID, original ID) 197 45 T15_029  0.52 not Removed
 ** Low Diagonal of genotype (#genotype, renumber ID, original ID) 198 52 T15_039  0.52 not Removed
 ** Low Diagonal of genotype (#genotype, renumber ID, original ID) 199 210 T15_204  0.55 not Removed
 ** Low Diagonal of genotype (#genotype, renumber ID, original ID) 200 62 T15_050  0.44 not Removed
 ** Low Diagonal of genotype (#genotype, renumber ID, original ID) 201 110 T15_101  0.54 not Removed
 ** Low Diagonal of genotype (#genotype, renumber ID, original ID) 202 106 T15_096  0.58 not Removed
 ** Low Diagonal of genotype (#genotype, renumber ID, original ID) 203 63 T15_051  0.54 not Removed
 ** Low Diagonal of genotype (#genotype, renumber ID, original ID) 204 119 T15_110  0.54 not Removed
 ** Low Diagonal of genotype (#genotype, renumber ID, original ID) 205 204 T15_198  0.29 not Removed
 ** Low Diagonal of genotype (#genotype, renumber ID, original ID) 206 173 T15_167  0.60 not Removed
 ** Low Diagonal of genotype (#genotype, renumber ID, original ID) 207 155 T15_148  0.55 not Removed
 ** Low Diagonal of genotype (#genotype, renumber ID, original ID) 208 120 T15_111  0.01 not Removed
 ** Low Diagonal of genotype (#genotype, renumber ID, original ID) 209 141 T15_134  0.50 not Removed
 ** Low Diagonal of genotype (#genotype, renumber ID, original ID) 210 89 T15_078  0.55 not Removed
 ** Low Diagonal of genotype (#genotype, renumber ID, original ID) 211 121 T15_112  0.55 not Removed
 ** Low Diagonal of genotype (#genotype, renumber ID, original ID) 212 135 T15_127  0.53 not Removed
 ** Low Diagonal of genotype (#genotype, renumber ID, original ID) 213 57 T15_045  0.55 not Removed
 ** Low Diagonal of genotype (#genotype, renumber ID, original ID) 214 232 T15_226  0.56 not Removed
 ** Low Diagonal of genotype (#genotype, renumber ID, original ID) 215 170 T15_164  0.55 not Removed
 ** Low Diagonal of genotype (#genotype, renumber ID, original ID) 216 69 T15_058  0.24 not Removed
 ** Low Diagonal of genotype (#genotype, renumber ID, original ID) 217 58 T15_046  0.56 not Removed
 ** Low Diagonal of genotype (#genotype, renumber ID, original ID) 218 179 T15_173  0.53 not Removed
 ** Low Diagonal of genotype (#genotype, renumber ID, original ID) 219 169 T15_163  0.54 not Removed
 ** Low Diagonal of genotype (#genotype, renumber ID, original ID) 220 186 T15_180  0.54 not Removed
 ** Low Diagonal of genotype (#genotype, renumber ID, original ID) 221 187 T15_181  0.54 not Removed
 ** Low Diagonal of genotype (#genotype, renumber ID, original ID) 222 190 T15_184  0.30 not Removed
 ** Low Diagonal of genotype (#genotype, renumber ID, original ID) 223 184 T15_178  0.51 not Removed
 ** Low Diagonal of genotype (#genotype, renumber ID, original ID) 224 191 T15_185  0.09 not Removed
 ** Low Diagonal of genotype (#genotype, renumber ID, original ID) 225 235 T15_230  0.53 not Removed
 ** Low Diagonal of genotype (#genotype, renumber ID, original ID) 226 233 T15_227  0.48 not Removed
 ** Low Diagonal of genotype (#genotype, renumber ID, original ID) 227 130 T15_122  0.38 not Removed
 ** Low Diagonal of genotype (#genotype, renumber ID, original ID) 228 174 T15_168  0.52 not Removed
 ** Low Diagonal of genotype (#genotype, renumber ID, original ID) 229 207 T15_201  0.37 not Removed
 ** Low Diagonal of genotype (#genotype, renumber ID, original ID) 230 208 T15_202  0.23 not Removed
 ** Low Diagonal of genotype (#genotype, renumber ID, original ID) 231 249 T15_246  0.54 not Removed
 ** Low Diagonal of genotype (#genotype, renumber ID, original ID) 232 246 T15_243  0.42 not Removed
 ** Low Diagonal of genotype (#genotype, renumber ID, original ID) 233 201 T15_195  0.42 not Removed
 ** Low Diagonal of genotype (#genotype, renumber ID, original ID) 234 256 T15_253  0.56 not Removed
 ** Low Diagonal of genotype (#genotype, renumber ID, original ID) 235 252 T15_249  0.35 not Removed
 ** Low Diagonal of genotype (#genotype, renumber ID, original ID) 236 229 T15_223  0.33 not Removed
 ** Low Diagonal of genotype (#genotype, renumber ID, original ID) 237 72 T15_061  0.49 not Removed
 ** Low Diagonal of genotype (#genotype, renumber ID, original ID) 238 149 T15_142  0.58 not Removed
 ** Low Diagonal of genotype (#genotype, renumber ID, original ID) 239 81 T15_070  0.42 not Removed
 ** Low Diagonal of genotype (#genotype, renumber ID, original ID) 240 255 T15_252  0.55 not Removed
 ** Low Diagonal of genotype (#genotype, renumber ID, original ID) 241 198 T15_192  0.43 not Removed
 ** Low Diagonal of genotype (#genotype, renumber ID, original ID) 242 247 T15_244  0.34 not Removed
 ** Low Diagonal of genotype (#genotype, renumber ID, original ID) 243 83 T15_072  0.56 not Removed
 ** Low Diagonal of genotype (#genotype, renumber ID, original ID) 244 206 T15_200  0.35 not Removed
 ** Low Diagonal of genotype (#genotype, renumber ID, original ID) 245 253 T15_250  0.52 not Removed
 ** Low Diagonal of genotype (#genotype, renumber ID, original ID) 246 259 T15_256  0.48 not Removed
 ** Low Diagonal of genotype (#genotype, renumber ID, original ID) 247 147 T15_140  0.52 not Removed
 ** Low Diagonal of genotype (#genotype, renumber ID, original ID) 248 212 T15_206  0.53 not Removed
 ** Low Diagonal of genotype (#genotype, renumber ID, original ID) 249 163 T15_157  0.55 not Removed
 ** Low Diagonal of genotype (#genotype, renumber ID, original ID) 250 166 T15_160  0.57 not Removed
 ** Low Diagonal of genotype (#genotype, renumber ID, original ID) 251 250 T15_247  0.51 not Removed
 ** Low Diagonal of genotype (#genotype, renumber ID, original ID) 252 132 T15_124  0.58 not Removed
 ** Low Diagonal of genotype (#genotype, renumber ID, original ID) 253 221 T15_215  0.53 not Removed
 ** Low Diagonal of genotype (#genotype, renumber ID, original ID) 254 224 T15_218  0.54 not Removed
 ** Low Diagonal of genotype (#genotype, renumber ID, original ID) 255 129 T15_121  0.57 not Removed
 ** Low Diagonal of genotype (#genotype, renumber ID, original ID) 256 70 T15_059  0.56 not Removed
 ** Low Diagonal of genotype (#genotype, renumber ID, original ID) 257 126 T15_118  0.38 not Removed
 ** Low Diagonal of genotype (#genotype, renumber ID, original ID) 258 142 T15_135  0.40 not Removed
 ** Low Diagonal of genotype (#genotype, renumber ID, original ID) 259 87 T15_076  0.35 not Removed
 ** Low Diagonal of genotype (#genotype, renumber ID, original ID) 260 65 T15_053  0.58 not Removed
 ** Low Diagonal of genotype (#genotype, renumber ID, original ID) 261 152 T15_145  0.43 not Removed
 ** Low Diagonal of genotype (#genotype, renumber ID, original ID) 262 25 T15_006  0.48 not Removed
 ** Low Diagonal of genotype (#genotype, renumber ID, original ID) 263 153 T15_146  0.55 not Removed
 ** Low Diagonal of genotype (#genotype, renumber ID, original ID) 264 124 T15_116  0.47 not Removed
 ** Low Diagonal of genotype (#genotype, renumber ID, original ID) 265 67 T15_055  0.53 not Removed
 ** Low Diagonal of genotype (#genotype, renumber ID, original ID) 266 53 T15_040  0.54 not Removed
 ** Low Diagonal of genotype (#genotype, renumber ID, original ID) 267 108 T15_099  0.52 not Removed
 ** Low Diagonal of genotype (#genotype, renumber ID, original ID) 268 148 T15_141  0.55 not Removed
 ** Low Diagonal of genotype (#genotype, renumber ID, original ID) 269 75 T15_064  0.46 not Removed
 ** Low Diagonal of genotype (#genotype, renumber ID, original ID) 270 219 T15_213  0.54 not Removed
 ** Low Diagonal of genotype (#genotype, renumber ID, original ID) 271 150 T15_143  0.61 not Removed
 ** Low Diagonal of genotype (#genotype, renumber ID, original ID) 272 68 T15_056  0.49 not Removed
 ** Low Diagonal of genotype (#genotype, renumber ID, original ID) 273 42 T15_026  0.43 not Removed
 ** Low Diagonal of genotype (#genotype, renumber ID, original ID) 274 160 T15_154  0.40 not Removed
 ** Low Diagonal of genotype (#genotype, renumber ID, original ID) 275 164 T15_158  0.56 not Removed
 ** Low Diagonal of genotype (#genotype, renumber ID, original ID) 276 128 T15_120  0.41 not Removed
 ** Low Diagonal of genotype (#genotype, renumber ID, original ID) 277 226 T15_220  0.54 not Removed
 ** Low Diagonal of genotype (#genotype, renumber ID, original ID) 278 88 T15_077  0.54 not Removed
 ** Low Diagonal of genotype (#genotype, renumber ID, original ID) 279 237 T15_232  0.50 not Removed
 ** Low Diagonal of genotype (#genotype, renumber ID, original ID) 280 76 T15_065  0.56 not Removed
 ** Low Diagonal of genotype (#genotype, renumber ID, original ID) 281 236 T15_231  0.41 not Removed
 ** Low Diagonal of genotype (#genotype, renumber ID, original ID) 282 59 T15_047  0.48 not Removed
 ** Low Diagonal of genotype (#genotype, renumber ID, original ID) 283 127 T15_119  0.57 not Removed
 ** Low Diagonal of genotype (#genotype, renumber ID, original ID) 284 78 T15_067  0.54 not Removed
 ** Low Diagonal of genotype (#genotype, renumber ID, original ID) 285 109 T15_100  0.59 not Removed
 ** Low Diagonal of genotype (#genotype, renumber ID, original ID) 286 49 T15_036  0.47 not Removed
 ** Low Diagonal of genotype (#genotype, renumber ID, original ID) 287 80 T15_069  0.55 not Removed
 ** Low Diagonal of genotype (#genotype, renumber ID, original ID) 288 223 T15_217  0.48 not Removed
 ** Low Diagonal of genotype (#genotype, renumber ID, original ID) 289 77 T15_066  0.53 not Removed
 ** Low Diagonal of genotype (#genotype, renumber ID, original ID) 290 85 T15_074  0.53 not Removed
 ** Low Diagonal of genotype (#genotype, renumber ID, original ID) 291 230 T15_224  0.53 not Removed
 ** Low Diagonal of genotype (#genotype, renumber ID, original ID) 292 231 T15_225  0.10 not Removed
 ** Low Diagonal of genotype (#genotype, renumber ID, original ID) 293 168 T15_162  0.48 not Removed
 ** Low Diagonal of genotype (#genotype, renumber ID, original ID) 294 220 T15_214  0.54 not Removed
 ** Low Diagonal of genotype (#genotype, renumber ID, original ID) 295 61 T15_049  0.51 not Removed
 ** Low Diagonal of genotype (#genotype, renumber ID, original ID) 296 91 T15_080  0.53 not Removed
 ** Low Diagonal of genotype (#genotype, renumber ID, original ID) 297 548 T17_627  0.53 not Removed
 ** Low Diagonal of genotype (#genotype, renumber ID, original ID) 298 558 T17_637  0.53 not Removed
 ** Low Diagonal of genotype (#genotype, renumber ID, original ID) 299 586 T17_666  0.56 not Removed
 ** Low Diagonal of genotype (#genotype, renumber ID, original ID) 300 240 T15_236  0.52 not Removed
 ** Low Diagonal of genotype (#genotype, renumber ID, original ID) 301 260 T15_257  0.53 not Removed
 ** Low Diagonal of genotype (#genotype, renumber ID, original ID) 302 167 T15_161  0.50 not Removed
 ** Low Diagonal of genotype (#genotype, renumber ID, original ID) 303 56 T15_044  0.56 not Removed
 ** Low Diagonal of genotype (#genotype, renumber ID, original ID) 304 113 T15_104  0.56 not Removed
 ** Low Diagonal of genotype (#genotype, renumber ID, original ID) 305 55 T15_043  0.53 not Removed
 ** Low Diagonal of genotype (#genotype, renumber ID, original ID) 306 550 T17_629  0.54 not Removed
 ** Low Diagonal of genotype (#genotype, renumber ID, original ID) 307 532 T17_611  0.47 not Removed
 ** Low Diagonal of genotype (#genotype, renumber ID, original ID) 308 540 T17_619  0.44 not Removed
 ** Low Diagonal of genotype (#genotype, renumber ID, original ID) 309 549 T17_628  0.56 not Removed
 ** Low Diagonal of genotype (#genotype, renumber ID, original ID) 310 559 T17_638  0.43 not Removed
 ** Low Diagonal of genotype (#genotype, renumber ID, original ID) 311 585 T17_665  0.51 not Removed
 ** Low Diagonal of genotype (#genotype, renumber ID, original ID) 312 218 T15_212  0.54 not Removed
 ** Low Diagonal of genotype (#genotype, renumber ID, original ID) 313 216 T15_210  0.51 not Removed
 ** Low Diagonal of genotype (#genotype, renumber ID, original ID) 314 125 T15_117  0.53 not Removed
 ** Low Diagonal of genotype (#genotype, renumber ID, original ID) 315 213 T15_207  0.47 not Removed
 ** Low Diagonal of genotype (#genotype, renumber ID, original ID) 316 79 T15_068  0.42 not Removed
 ** Low Diagonal of genotype (#genotype, renumber ID, original ID) 317 225 T15_219  0.49 not Removed
 ** Low Diagonal of genotype (#genotype, renumber ID, original ID) 318 551 T17_630  0.44 not Removed
 ** Low Diagonal of genotype (#genotype, renumber ID, original ID) 319 533 T17_612  0.48 not Removed
 ** Low Diagonal of genotype (#genotype, renumber ID, original ID) 320 541 T17_620  0.53 not Removed
 ** Low Diagonal of genotype (#genotype, renumber ID, original ID) 321 552 T17_631  0.45 not Removed
 ** Low Diagonal of genotype (#genotype, renumber ID, original ID) 322 560 T17_640  0.51 not Removed
 ** Low Diagonal of genotype (#genotype, renumber ID, original ID) 323 584 T17_664  0.50 not Removed
 ** Low Diagonal of genotype (#genotype, renumber ID, original ID) 324 222 T15_216  0.47 not Removed
 ** Low Diagonal of genotype (#genotype, renumber ID, original ID) 325 107 T15_097  0.55 not Removed
 ** Low Diagonal of genotype (#genotype, renumber ID, original ID) 326 50 T15_037  0.39 not Removed
 ** Low Diagonal of genotype (#genotype, renumber ID, original ID) 327 73 T15_062  0.48 not Removed
 ** Low Diagonal of genotype (#genotype, renumber ID, original ID) 328 86 T15_075  0.52 not Removed
 ** Low Diagonal of genotype (#genotype, renumber ID, original ID) 329 502 T17_580  0.58 not Removed
 ** Low Diagonal of genotype (#genotype, renumber ID, original ID) 330 574 T17_654  0.52 not Removed
 ** Low Diagonal of genotype (#genotype, renumber ID, original ID) 331 534 T17_613  0.56 not Removed
 ** Low Diagonal of genotype (#genotype, renumber ID, original ID) 332 542 T17_621  0.54 not Removed
 ** Low Diagonal of genotype (#genotype, renumber ID, original ID) 333 553 T17_632  0.55 not Removed
 ** Low Diagonal of genotype (#genotype, renumber ID, original ID) 334 590 T17_671  0.51 not Removed
 ** Low Diagonal of genotype (#genotype, renumber ID, original ID) 335 582 T17_662  0.51 not Removed
 ** Low Diagonal of genotype (#genotype, renumber ID, original ID) 336 112 T15_103  0.32 not Removed
 ** Low Diagonal of genotype (#genotype, renumber ID, original ID) 337 146 T15_139  0.12 not Removed
 ** Low Diagonal of genotype (#genotype, renumber ID, original ID) 338 111 T15_102  0.47 not Removed
 ** Low Diagonal of genotype (#genotype, renumber ID, original ID) 339 71 T15_060  0.55 not Removed
 ** Low Diagonal of genotype (#genotype, renumber ID, original ID) 340 228 T15_222  0.43 not Removed
 ** Low Diagonal of genotype (#genotype, renumber ID, original ID) 341 215 T15_209  0.47 not Removed
 ** Low Diagonal of genotype (#genotype, renumber ID, original ID) 342 575 T17_655  0.51 not Removed
 ** Low Diagonal of genotype (#genotype, renumber ID, original ID) 343 535 T17_614  0.54 not Removed
 ** Low Diagonal of genotype (#genotype, renumber ID, original ID) 344 543 T17_622  0.52 not Removed
 ** Low Diagonal of genotype (#genotype, renumber ID, original ID) 345 554 T17_633  0.53 not Removed
 ** Low Diagonal of genotype (#genotype, renumber ID, original ID) 346 589 T17_670  0.39 not Removed
 ** Low Diagonal of genotype (#genotype, renumber ID, original ID) 347 581 T17_661  0.47 not Removed
 ** Low Diagonal of genotype (#genotype, renumber ID, original ID) 348 261 T15_258  0.46 not Removed
 ** Low Diagonal of genotype (#genotype, renumber ID, original ID) 349 90 T15_079  0.45 not Removed
 ** Low Diagonal of genotype (#genotype, renumber ID, original ID) 350 27 T15_010  0.52 not Removed
 ** Low Diagonal of genotype (#genotype, renumber ID, original ID) 351 211 T15_205  0.38 not Removed
 ** Low Diagonal of genotype (#genotype, renumber ID, original ID) 352 47 T15_031  0.45 not Removed
 ** Low Diagonal of genotype (#genotype, renumber ID, original ID) 353 51 T15_038  0.54 not Removed
 ** Low Diagonal of genotype (#genotype, renumber ID, original ID) 354 576 T17_656  0.59 not Removed
 ** Low Diagonal of genotype (#genotype, renumber ID, original ID) 355 536 T17_615  0.53 not Removed
 ** Low Diagonal of genotype (#genotype, renumber ID, original ID) 356 544 T17_623  0.50 not Removed
 ** Low Diagonal of genotype (#genotype, renumber ID, original ID) 357 555 T17_634  0.55 not Removed
 ** Low Diagonal of genotype (#genotype, renumber ID, original ID) 358 588 T17_669  0.54 not Removed
 ** Low Diagonal of genotype (#genotype, renumber ID, original ID) 359 580 T17_660  0.52 not Removed
 ** Low Diagonal of genotype (#genotype, renumber ID, original ID) 360 157 T15_151  0.53 not Removed
 ** Low Diagonal of genotype (#genotype, renumber ID, original ID) 361 54 T15_042  0.56 not Removed
 ** Low Diagonal of genotype (#genotype, renumber ID, original ID) 362 243 T15_240  0.52 not Removed
 ** Low Diagonal of genotype (#genotype, renumber ID, original ID) 363 165 T15_159  0.46 not Removed
 ** Low Diagonal of genotype (#genotype, renumber ID, original ID) 364 241 T15_237  0.53 not Removed
 ** Low Diagonal of genotype (#genotype, renumber ID, original ID) 365 209 T15_203  0.42 not Removed
 ** Low Diagonal of genotype (#genotype, renumber ID, original ID) 366 577 T17_657  0.56 not Removed
 ** Low Diagonal of genotype (#genotype, renumber ID, original ID) 367 537 T17_616  0.54 not Removed
 ** Low Diagonal of genotype (#genotype, renumber ID, original ID) 368 545 T17_624  0.46 not Removed
 ** Low Diagonal of genotype (#genotype, renumber ID, original ID) 369 556 T17_635  0.52 not Removed
 ** Low Diagonal of genotype (#genotype, renumber ID, original ID) 370 587 T17_668  0.50 not Removed
 ** Low Diagonal of genotype (#genotype, renumber ID, original ID) 371 579 T17_659  0.50 not Removed
 ** Low Diagonal of genotype (#genotype, renumber ID, original ID) 372 33 T15_016  0.55 not Removed
 ** Low Diagonal of genotype (#genotype, renumber ID, original ID) 373 151 T15_144  0.54 not Removed
 ** Low Diagonal of genotype (#genotype, renumber ID, original ID) 374 154 T15_147  0.56 not Removed
 ** Low Diagonal of genotype (#genotype, renumber ID, original ID) 375 46 T15_030  0.40 not Removed
 ** Low Diagonal of genotype (#genotype, renumber ID, original ID) 376 503 T17_581  0.56 not Removed
 ** Low Diagonal of genotype (#genotype, renumber ID, original ID) 377 145 T15_138  0.53 not Removed
 ** Low Diagonal of genotype (#genotype, renumber ID, original ID) 378 578 T17_658  0.54 not Removed
 ** Low Diagonal of genotype (#genotype, renumber ID, original ID) 379 538 T17_617  0.50 not Removed
 ** Low Diagonal of genotype (#genotype, renumber ID, original ID) 380 546 T17_625  0.56 not Removed
 ** Low Diagonal of genotype (#genotype, renumber ID, original ID) 381 557 T17_636  0.52 not Removed
 ** Low Diagonal of genotype (#genotype, renumber ID, original ID) 382 573 T17_653  0.52 not Removed
 ** Low Diagonal of genotype (#genotype, renumber ID, original ID) 383 234 T15_229  0.53 not Removed
 ** Low Diagonal of genotype (#genotype, renumber ID, original ID) 384 131 T15_123  0.54 not Removed
 ** Low Diagonal of genotype (#genotype, renumber ID, original ID) 385 64 T15_052  0.53 not Removed
 ** Low Diagonal of genotype (#genotype, renumber ID, original ID) 386 504 T17_582  0.58 not Removed
 ** Low Diagonal of genotype (#genotype, renumber ID, original ID) 387 245 T15_242  0.54 not Removed
 ** Low Diagonal of genotype (#genotype, renumber ID, original ID) 388 84 T15_073  0.46 not Removed
 ** Low Diagonal of genotype (#genotype, renumber ID, original ID) 389 531 T17_610  0.47 not Removed
 ** Low Diagonal of genotype (#genotype, renumber ID, original ID) 390 539 T17_618  0.43 not Removed
 ** Low Diagonal of genotype (#genotype, renumber ID, original ID) 391 547 T17_626  0.55 not Removed
 ** Low Diagonal of genotype (#genotype, renumber ID, original ID) 392 620 T17_701  0.56 not Removed
 ** Low Diagonal of genotype (#genotype, renumber ID, original ID) 393 628 T17_709  0.54 not Removed
 ** Low Diagonal of genotype (#genotype, renumber ID, original ID) 394 353 T17_430  0.55 not Removed
 ** Low Diagonal of genotype (#genotype, renumber ID, original ID) 395 572 T17_652  0.52 not Removed
 ** Low Diagonal of genotype (#genotype, renumber ID, original ID) 396 564 T17_644  0.54 not Removed
 ** Low Diagonal of genotype (#genotype, renumber ID, original ID) 397 595 T17_676  0.53 not Removed
 ** Low Diagonal of genotype (#genotype, renumber ID, original ID) 398 603 T17_684  0.60 not Removed
 ** Low Diagonal of genotype (#genotype, renumber ID, original ID) 399 463 T17_541  0.48 not Removed
 ** Low Diagonal of genotype (#genotype, renumber ID, original ID) 400 455 T17_533  0.56 not Removed
 ** Low Diagonal of genotype (#genotype, renumber ID, original ID) 401 447 T17_525  0.51 not Removed
 ** Low Diagonal of genotype (#genotype, renumber ID, original ID) 402 439 T17_517  0.52 not Removed
 ** Low Diagonal of genotype (#genotype, renumber ID, original ID) 403 501 T17_579  0.57 not Removed
 ** Low Diagonal of genotype (#genotype, renumber ID, original ID) 404 621 T17_702  0.50 not Removed
 ** Low Diagonal of genotype (#genotype, renumber ID, original ID) 405 629 T17_710  0.54 not Removed
 ** Low Diagonal of genotype (#genotype, renumber ID, original ID) 406 352 T17_429  0.41 not Removed
 ** Low Diagonal of genotype (#genotype, renumber ID, original ID) 407 571 T17_651  0.36 not Removed
 ** Low Diagonal of genotype (#genotype, renumber ID, original ID) 408 563 T17_643  0.44 not Removed
 ** Low Diagonal of genotype (#genotype, renumber ID, original ID) 409 596 T17_677  0.54 not Removed
 ** Low Diagonal of genotype (#genotype, renumber ID, original ID) 410 604 T17_685  0.56 not Removed
 ** Low Diagonal of genotype (#genotype, renumber ID, original ID) 411 462 T17_540  0.43 not Removed
 ** Low Diagonal of genotype (#genotype, renumber ID, original ID) 412 454 T17_532  0.55 not Removed
 ** Low Diagonal of genotype (#genotype, renumber ID, original ID) 413 446 T17_524  0.54 not Removed
 ** Low Diagonal of genotype (#genotype, renumber ID, original ID) 414 618 T17_699  0.53 not Removed
 ** Low Diagonal of genotype (#genotype, renumber ID, original ID) 415 610 T17_691  0.56 not Removed
 ** Low Diagonal of genotype (#genotype, renumber ID, original ID) 416 622 T17_703  0.56 not Removed
 ** Low Diagonal of genotype (#genotype, renumber ID, original ID) 417 630 T17_711  0.55 not Removed
 ** Low Diagonal of genotype (#genotype, renumber ID, original ID) 418 351 T17_428  0.41 not Removed
 ** Low Diagonal of genotype (#genotype, renumber ID, original ID) 419 570 T17_650  0.55 not Removed
 ** Low Diagonal of genotype (#genotype, renumber ID, original ID) 420 562 T17_642  0.53 not Removed
 ** Low Diagonal of genotype (#genotype, renumber ID, original ID) 421 597 T17_678  0.51 not Removed
 ** Low Diagonal of genotype (#genotype, renumber ID, original ID) 422 469 T17_547  0.47 not Removed
 ** Low Diagonal of genotype (#genotype, renumber ID, original ID) 423 461 T17_539  0.44 not Removed
 ** Low Diagonal of genotype (#genotype, renumber ID, original ID) 424 453 T17_531  0.58 not Removed
 ** Low Diagonal of genotype (#genotype, renumber ID, original ID) 425 445 T17_523  0.58 not Removed
 ** Low Diagonal of genotype (#genotype, renumber ID, original ID) 426 617 T17_698  0.53 not Removed
 ** Low Diagonal of genotype (#genotype, renumber ID, original ID) 427 609 T17_690  0.54 not Removed
 ** Low Diagonal of genotype (#genotype, renumber ID, original ID) 428 623 T17_704  0.52 not Removed
 ** Low Diagonal of genotype (#genotype, renumber ID, original ID) 429 631 T17_712  0.53 not Removed
 ** Low Diagonal of genotype (#genotype, renumber ID, original ID) 430 350 T17_427  0.45 not Removed
 ** Low Diagonal of genotype (#genotype, renumber ID, original ID) 431 569 T17_649  0.53 not Removed
 ** Low Diagonal of genotype (#genotype, renumber ID, original ID) 432 561 T17_641  0.56 not Removed
 ** Low Diagonal of genotype (#genotype, renumber ID, original ID) 433 598 T17_679  0.51 not Removed
 ** Low Diagonal of genotype (#genotype, renumber ID, original ID) 434 468 T17_546  0.55 not Removed
 ** Low Diagonal of genotype (#genotype, renumber ID, original ID) 435 460 T17_538  0.55 not Removed
 ** Low Diagonal of genotype (#genotype, renumber ID, original ID) 436 452 T17_530  0.53 not Removed
 ** Low Diagonal of genotype (#genotype, renumber ID, original ID) 437 444 T17_522  0.56 not Removed
 ** Low Diagonal of genotype (#genotype, renumber ID, original ID) 438 616 T17_697  0.55 not Removed
 ** Low Diagonal of genotype (#genotype, renumber ID, original ID) 439 608 T17_689  0.54 not Removed
 ** Low Diagonal of genotype (#genotype, renumber ID, original ID) 440 624 T17_705  0.57 not Removed
 ** Low Diagonal of genotype (#genotype, renumber ID, original ID) 441 632 T17_713  0.51 not Removed
 ** Low Diagonal of genotype (#genotype, renumber ID, original ID) 442 349 T17_426  0.54 not Removed
 ** Low Diagonal of genotype (#genotype, renumber ID, original ID) 443 568 T17_648  0.51 not Removed
 ** Low Diagonal of genotype (#genotype, renumber ID, original ID) 444 591 T17_672  0.56 not Removed
 ** Low Diagonal of genotype (#genotype, renumber ID, original ID) 445 599 T17_680  0.51 not Removed
 ** Low Diagonal of genotype (#genotype, renumber ID, original ID) 446 467 T17_545  0.57 not Removed
 ** Low Diagonal of genotype (#genotype, renumber ID, original ID) 447 459 T17_537  0.55 not Removed
 ** Low Diagonal of genotype (#genotype, renumber ID, original ID) 448 451 T17_529  0.54 not Removed
 ** Low Diagonal of genotype (#genotype, renumber ID, original ID) 449 443 T17_521  0.55 not Removed
 ** Low Diagonal of genotype (#genotype, renumber ID, original ID) 450 615 T17_696  0.54 not Removed
 ** Low Diagonal of genotype (#genotype, renumber ID, original ID) 451 607 T17_688  0.59 not Removed
 ** Low Diagonal of genotype (#genotype, renumber ID, original ID) 452 625 T17_706  0.54 not Removed
 ** Low Diagonal of genotype (#genotype, renumber ID, original ID) 453 356 T17_433  0.54 not Removed
 ** Low Diagonal of genotype (#genotype, renumber ID, original ID) 454 348 T17_425  0.54 not Removed
 ** Low Diagonal of genotype (#genotype, renumber ID, original ID) 455 567 T17_647  0.56 not Removed
 ** Low Diagonal of genotype (#genotype, renumber ID, original ID) 456 592 T17_673  0.56 not Removed
 ** Low Diagonal of genotype (#genotype, renumber ID, original ID) 457 600 T17_681  0.55 not Removed
 ** Low Diagonal of genotype (#genotype, renumber ID, original ID) 458 466 T17_544  0.54 not Removed
 ** Low Diagonal of genotype (#genotype, renumber ID, original ID) 459 458 T17_536  0.52 not Removed
 ** Low Diagonal of genotype (#genotype, renumber ID, original ID) 460 450 T17_528  0.60 not Removed
 ** Low Diagonal of genotype (#genotype, renumber ID, original ID) 461 442 T17_520  0.52 not Removed
 ** Low Diagonal of genotype (#genotype, renumber ID, original ID) 462 614 T17_695  0.57 not Removed
 ** Low Diagonal of genotype (#genotype, renumber ID, original ID) 463 606 T17_687  0.55 not Removed
 ** Low Diagonal of genotype (#genotype, renumber ID, original ID) 464 626 T17_707  0.52 not Removed
 ** Low Diagonal of genotype (#genotype, renumber ID, original ID) 465 355 T17_432  0.53 not Removed
 ** Low Diagonal of genotype (#genotype, renumber ID, original ID) 466 643 T17_724  0.51 not Removed
 ** Low Diagonal of genotype (#genotype, renumber ID, original ID) 467 566 T17_646  0.45 not Removed
 ** Low Diagonal of genotype (#genotype, renumber ID, original ID) 468 593 T17_674  0.55 not Removed
 ** Low Diagonal of genotype (#genotype, renumber ID, original ID) 469 601 T17_682  0.55 not Removed
 ** Low Diagonal of genotype (#genotype, renumber ID, original ID) 470 465 T17_543  0.57 not Removed
 ** Low Diagonal of genotype (#genotype, renumber ID, original ID) 471 457 T17_535  0.48 not Removed
 ** Low Diagonal of genotype (#genotype, renumber ID, original ID) 472 449 T17_527  0.57 not Removed
 ** Low Diagonal of genotype (#genotype, renumber ID, original ID) 473 441 T17_519  0.55 not Removed
 ** Low Diagonal of genotype (#genotype, renumber ID, original ID) 474 613 T17_694  0.57 not Removed
 ** Low Diagonal of genotype (#genotype, renumber ID, original ID) 475 605 T17_686  0.54 not Removed
 ** Low Diagonal of genotype (#genotype, renumber ID, original ID) 476 627 T17_708  0.54 not Removed
 ** Low Diagonal of genotype (#genotype, renumber ID, original ID) 477 354 T17_431  0.53 not Removed
 ** Low Diagonal of genotype (#genotype, renumber ID, original ID) 478 642 T17_723  0.50 not Removed
 ** Low Diagonal of genotype (#genotype, renumber ID, original ID) 479 565 T17_645  0.54 not Removed
 ** Low Diagonal of genotype (#genotype, renumber ID, original ID) 480 594 T17_675  0.54 not Removed
 ** Low Diagonal of genotype (#genotype, renumber ID, original ID) 481 602 T17_683  0.60 not Removed
 ** Low Diagonal of genotype (#genotype, renumber ID, original ID) 482 464 T17_542  0.49 not Removed
 ** Low Diagonal of genotype (#genotype, renumber ID, original ID) 483 456 T17_534  0.50 not Removed
 ** Low Diagonal of genotype (#genotype, renumber ID, original ID) 484 448 T17_526  0.48 not Removed
 ** Low Diagonal of genotype (#genotype, renumber ID, original ID) 485 440 T17_518  0.53 not Removed
 ** Low Diagonal of genotype (#genotype, renumber ID, original ID) 486 612 T17_693  0.54 not Removed
 ** Low Diagonal of genotype (#genotype, renumber ID, original ID) 487 619 T17_700  0.55 not Removed
 ** Low Diagonal of genotype (#genotype, renumber ID, original ID) 488 364 T17_441  0.39 not Removed
 ** Low Diagonal of genotype (#genotype, renumber ID, original ID) 489 380 T17_457  0.51 not Removed
 ** Low Diagonal of genotype (#genotype, renumber ID, original ID) 490 415 T17_492  0.54 not Removed
 ** Low Diagonal of genotype (#genotype, renumber ID, original ID) 491 641 T17_722  0.56 not Removed
 ** Low Diagonal of genotype (#genotype, renumber ID, original ID) 492 633 T17_714  0.55 not Removed
 ** Low Diagonal of genotype (#genotype, renumber ID, original ID) 493 482 T17_560  0.58 not Removed
 ** Low Diagonal of genotype (#genotype, renumber ID, original ID) 494 420 T17_497  0.53 not Removed
 ** Low Diagonal of genotype (#genotype, renumber ID, original ID) 495 409 T17_486  0.53 not Removed
 ** Low Diagonal of genotype (#genotype, renumber ID, original ID) 496 400 T17_477  0.56 not Removed
 ** Low Diagonal of genotype (#genotype, renumber ID, original ID) 497 392 T17_469  0.56 not Removed
 ** Low Diagonal of genotype (#genotype, renumber ID, original ID) 498 583 T17_663  0.53 not Removed
 ** Low Diagonal of genotype (#genotype, renumber ID, original ID) 499 365 T17_442  0.46 not Removed
 ** Low Diagonal of genotype (#genotype, renumber ID, original ID) 500 366 T17_443  0.40 not Removed
 ** Low Diagonal of genotype (#genotype, renumber ID, original ID) 501 381 T17_458  0.53 not Removed
 ** Low Diagonal of genotype (#genotype, renumber ID, original ID) 502 416 T17_493  0.57 not Removed
 ** Low Diagonal of genotype (#genotype, renumber ID, original ID) 503 640 T17_721  0.52 not Removed
 ** Low Diagonal of genotype (#genotype, renumber ID, original ID) 504 474 T17_552  0.41 not Removed
 ** Low Diagonal of genotype (#genotype, renumber ID, original ID) 505 483 T17_561  0.57 not Removed
 ** Low Diagonal of genotype (#genotype, renumber ID, original ID) 506 778 T16_361  0.51 not Removed
 ** Low Diagonal of genotype (#genotype, renumber ID, original ID) 507 408 T17_485  0.59 not Removed
 ** Low Diagonal of genotype (#genotype, renumber ID, original ID) 508 399 T17_476  0.54 not Removed
 ** Low Diagonal of genotype (#genotype, renumber ID, original ID) 509 391 T17_468  0.55 not Removed
 ** Low Diagonal of genotype (#genotype, renumber ID, original ID) 510 357 T17_434  0.61 not Removed
 ** Low Diagonal of genotype (#genotype, renumber ID, original ID) 511 367 T17_444  0.48 not Removed
 ** Low Diagonal of genotype (#genotype, renumber ID, original ID) 512 370 T17_447  0.50 not Removed
 ** Low Diagonal of genotype (#genotype, renumber ID, original ID) 513 382 T17_459  0.51 not Removed
 ** Low Diagonal of genotype (#genotype, renumber ID, original ID) 514 417 T17_494  0.57 not Removed
 ** Low Diagonal of genotype (#genotype, renumber ID, original ID) 515 639 T17_720  0.53 not Removed
 ** Low Diagonal of genotype (#genotype, renumber ID, original ID) 516 475 T17_553  0.45 not Removed
 ** Low Diagonal of genotype (#genotype, renumber ID, original ID) 517 484 T17_562  0.60 not Removed
 ** Low Diagonal of genotype (#genotype, renumber ID, original ID) 518 431 T17_509  0.51 not Removed
 ** Low Diagonal of genotype (#genotype, renumber ID, original ID) 519 407 T17_484  0.56 not Removed
 ** Low Diagonal of genotype (#genotype, renumber ID, original ID) 520 398 T17_475  0.55 not Removed
 ** Low Diagonal of genotype (#genotype, renumber ID, original ID) 521 390 T17_467  0.55 not Removed
 ** Low Diagonal of genotype (#genotype, renumber ID, original ID) 522 358 T17_435  0.52 not Removed
 ** Low Diagonal of genotype (#genotype, renumber ID, original ID) 523 368 T17_445  0.50 not Removed
 ** Low Diagonal of genotype (#genotype, renumber ID, original ID) 524 375 T17_452  0.49 not Removed
 ** Low Diagonal of genotype (#genotype, renumber ID, original ID) 525 383 T17_460  0.53 not Removed
 ** Low Diagonal of genotype (#genotype, renumber ID, original ID) 526 418 T17_495  0.57 not Removed
 ** Low Diagonal of genotype (#genotype, renumber ID, original ID) 527 638 T17_719  0.56 not Removed
 ** Low Diagonal of genotype (#genotype, renumber ID, original ID) 528 476 T17_554  0.62 not Removed
 ** Low Diagonal of genotype (#genotype, renumber ID, original ID) 529 485 T17_563  0.56 not Removed
 ** Low Diagonal of genotype (#genotype, renumber ID, original ID) 530 433 T17_511  0.53 not Removed
 ** Low Diagonal of genotype (#genotype, renumber ID, original ID) 531 406 T17_483  0.60 not Removed
 ** Low Diagonal of genotype (#genotype, renumber ID, original ID) 532 397 T17_474  0.56 not Removed
 ** Low Diagonal of genotype (#genotype, renumber ID, original ID) 533 389 T17_466  0.54 not Removed
 ** Low Diagonal of genotype (#genotype, renumber ID, original ID) 534 359 T17_436  0.51 not Removed
 ** Low Diagonal of genotype (#genotype, renumber ID, original ID) 535 369 T17_446  0.50 not Removed
 ** Low Diagonal of genotype (#genotype, renumber ID, original ID) 536 376 T17_453  0.49 not Removed
 ** Low Diagonal of genotype (#genotype, renumber ID, original ID) 537 384 T17_461  0.55 not Removed
 ** Low Diagonal of genotype (#genotype, renumber ID, original ID) 538 419 T17_496  0.54 not Removed
 ** Low Diagonal of genotype (#genotype, renumber ID, original ID) 539 637 T17_718  0.54 not Removed
 ** Low Diagonal of genotype (#genotype, renumber ID, original ID) 540 477 T17_555  0.54 not Removed
 ** Low Diagonal of genotype (#genotype, renumber ID, original ID) 541 486 T17_564  0.53 not Removed
 ** Low Diagonal of genotype (#genotype, renumber ID, original ID) 542 436 T17_514  0.60 not Removed
 ** Low Diagonal of genotype (#genotype, renumber ID, original ID) 543 405 T17_482  0.56 not Removed
 ** Low Diagonal of genotype (#genotype, renumber ID, original ID) 544 396 T17_473  0.56 not Removed
 ** Low Diagonal of genotype (#genotype, renumber ID, original ID) 545 388 T17_465  0.56 not Removed
 ** Low Diagonal of genotype (#genotype, renumber ID, original ID) 546 360 T17_437  0.61 not Removed
 ** Low Diagonal of genotype (#genotype, renumber ID, original ID) 547 371 T17_448  0.50 not Removed
 ** Low Diagonal of genotype (#genotype, renumber ID, original ID) 548 377 T17_454  0.45 not Removed
 ** Low Diagonal of genotype (#genotype, renumber ID, original ID) 549 404 T17_481  0.56 not Removed
 ** Low Diagonal of genotype (#genotype, renumber ID, original ID) 550 421 T17_498  0.54 not Removed
 ** Low Diagonal of genotype (#genotype, renumber ID, original ID) 551 636 T17_717  0.52 not Removed
 ** Low Diagonal of genotype (#genotype, renumber ID, original ID) 552 478 T17_556  0.61 not Removed
 ** Low Diagonal of genotype (#genotype, renumber ID, original ID) 553 487 T17_565  0.57 not Removed
 ** Low Diagonal of genotype (#genotype, renumber ID, original ID) 554 412 T17_489  0.54 not Removed
 ** Low Diagonal of genotype (#genotype, renumber ID, original ID) 555 779 T16_380  0.33 not Removed
 ** Low Diagonal of genotype (#genotype, renumber ID, original ID) 556 395 T17_472  0.55 not Removed
 ** Low Diagonal of genotype (#genotype, renumber ID, original ID) 557 387 T17_464  0.55 not Removed
 ** Low Diagonal of genotype (#genotype, renumber ID, original ID) 558 361 T17_438  0.59 not Removed
 ** Low Diagonal of genotype (#genotype, renumber ID, original ID) 559 372 T17_449  0.50 not Removed
 ** Low Diagonal of genotype (#genotype, renumber ID, original ID) 560 378 T17_455  0.54 not Removed
 ** Low Diagonal of genotype (#genotype, renumber ID, original ID) 561 403 T17_480  0.53 not Removed
 ** Low Diagonal of genotype (#genotype, renumber ID, original ID) 562 422 T17_499  0.55 not Removed
 ** Low Diagonal of genotype (#genotype, renumber ID, original ID) 563 635 T17_716  0.55 not Removed
 ** Low Diagonal of genotype (#genotype, renumber ID, original ID) 564 480 T17_558  0.55 not Removed
 ** Low Diagonal of genotype (#genotype, renumber ID, original ID) 565 488 T17_566  0.53 not Removed
 ** Low Diagonal of genotype (#genotype, renumber ID, original ID) 566 411 T17_488  0.53 not Removed
 ** Low Diagonal of genotype (#genotype, renumber ID, original ID) 567 402 T17_479  0.55 not Removed
 ** Low Diagonal of genotype (#genotype, renumber ID, original ID) 568 394 T17_471  0.55 not Removed
 ** Low Diagonal of genotype (#genotype, renumber ID, original ID) 569 386 T17_463  0.53 not Removed
 ** Low Diagonal of genotype (#genotype, renumber ID, original ID) 570 362 T17_439  0.57 not Removed
 ** Low Diagonal of genotype (#genotype, renumber ID, original ID) 571 373 T17_450  0.47 not Removed
 ** Low Diagonal of genotype (#genotype, renumber ID, original ID) 572 379 T17_456  0.51 not Removed
 ** Low Diagonal of genotype (#genotype, renumber ID, original ID) 573 413 T17_490  0.51 not Removed
 ** Low Diagonal of genotype (#genotype, renumber ID, original ID) 574 423 T17_500  0.51 not Removed
 ** Low Diagonal of genotype (#genotype, renumber ID, original ID) 575 634 T17_715  0.53 not Removed
 ** Low Diagonal of genotype (#genotype, renumber ID, original ID) 576 481 T17_559  0.52 not Removed
 ** Low Diagonal of genotype (#genotype, renumber ID, original ID) 577 414 T17_491  0.54 not Removed
 ** Low Diagonal of genotype (#genotype, renumber ID, original ID) 578 410 T17_487  0.51 not Removed
 ** Low Diagonal of genotype (#genotype, renumber ID, original ID) 579 401 T17_478  0.55 not Removed
 ** Low Diagonal of genotype (#genotype, renumber ID, original ID) 580 393 T17_470  0.53 not Removed
 ** Low Diagonal of genotype (#genotype, renumber ID, original ID) 581 385 T17_462  0.53 not Removed
 ** Low Diagonal of genotype (#genotype, renumber ID, original ID) 582 363 T17_440  0.54 not Removed
 ** Low Diagonal of genotype (#genotype, renumber ID, original ID) 583 374 T17_451  0.46 not Removed
 ** Low Diagonal of genotype (#genotype, renumber ID, original ID) 584 309 T16_349  0.31 not Removed
 ** Low Diagonal of genotype (#genotype, renumber ID, original ID) 585 780 T16_350  0.56 not Removed
 ** Low Diagonal of genotype (#genotype, renumber ID, original ID) 586 781 T16_351  0.52 not Removed
 ** Low Diagonal of genotype (#genotype, renumber ID, original ID) 587 424 T17_502  0.51 not Removed
 ** Low Diagonal of genotype (#genotype, renumber ID, original ID) 588 434 T17_512  0.51 not Removed
 ** Low Diagonal of genotype (#genotype, renumber ID, original ID) 589 479 T17_557  0.55 not Removed
 ** Low Diagonal of genotype (#genotype, renumber ID, original ID) 590 496 T17_574  0.57 not Removed
 ** Low Diagonal of genotype (#genotype, renumber ID, original ID) 591 527 T17_606  0.53 not Removed
 ** Low Diagonal of genotype (#genotype, renumber ID, original ID) 592 520 T17_598  0.57 not Removed
 ** Low Diagonal of genotype (#genotype, renumber ID, original ID) 593 512 T17_590  0.56 not Removed
 ** Low Diagonal of genotype (#genotype, renumber ID, original ID) 594 305 T16_345  0.56 not Removed
 ** Low Diagonal of genotype (#genotype, renumber ID, original ID) 595 308 T16_348  0.53 not Removed
 ** Low Diagonal of genotype (#genotype, renumber ID, original ID) 596 315 T16_358  0.60 not Removed
 ** Low Diagonal of genotype (#genotype, renumber ID, original ID) 597 316 T16_359  0.54 not Removed
 ** Low Diagonal of genotype (#genotype, renumber ID, original ID) 598 782 T16_360  0.47 not Removed
 ** Low Diagonal of genotype (#genotype, renumber ID, original ID) 599 425 T17_503  0.55 not Removed
 ** Low Diagonal of genotype (#genotype, renumber ID, original ID) 600 435 T17_513  0.50 not Removed
 ** Low Diagonal of genotype (#genotype, renumber ID, original ID) 601 489 T17_567  0.53 not Removed
 ** Low Diagonal of genotype (#genotype, renumber ID, original ID) 602 497 T17_575  0.57 not Removed
 ** Low Diagonal of genotype (#genotype, renumber ID, original ID) 603 526 T17_605  0.56 not Removed
 ** Low Diagonal of genotype (#genotype, renumber ID, original ID) 604 519 T17_597  0.57 not Removed
 ** Low Diagonal of genotype (#genotype, renumber ID, original ID) 605 511 T17_589  0.54 not Removed
 ** Low Diagonal of genotype (#genotype, renumber ID, original ID) 606 783 T16_390  0.44 not Removed
 ** Low Diagonal of genotype (#genotype, renumber ID, original ID) 607 314 T16_357  0.49 not Removed
 ** Low Diagonal of genotype (#genotype, renumber ID, original ID) 608 319 T16_367  0.20 not Removed
 ** Low Diagonal of genotype (#genotype, renumber ID, original ID) 609 313 T16_356  0.54 not Removed
 ** Low Diagonal of genotype (#genotype, renumber ID, original ID) 610 784 T16_369  0.50 not Removed
 ** Low Diagonal of genotype (#genotype, renumber ID, original ID) 611 426 T17_504  0.52 not Removed
 ** Low Diagonal of genotype (#genotype, renumber ID, original ID) 612 437 T17_515  0.55 not Removed
 ** Low Diagonal of genotype (#genotype, renumber ID, original ID) 613 490 T17_568  0.55 not Removed
 ** Low Diagonal of genotype (#genotype, renumber ID, original ID) 614 498 T17_576  0.55 not Removed
 ** Low Diagonal of genotype (#genotype, renumber ID, original ID) 615 525 T17_604  0.54 not Removed
 ** Low Diagonal of genotype (#genotype, renumber ID, original ID) 616 518 T17_596  0.52 not Removed
 ** Low Diagonal of genotype (#genotype, renumber ID, original ID) 617 510 T17_588  0.57 not Removed
 ** Low Diagonal of genotype (#genotype, renumber ID, original ID) 618 317 T16_364  0.56 not Removed
 ** Low Diagonal of genotype (#genotype, renumber ID, original ID) 619 785 T16_333  0.51 not Removed
 ** Low Diagonal of genotype (#genotype, renumber ID, original ID) 620 786 T16_421  0.53 not Removed
 ** Low Diagonal of genotype (#genotype, renumber ID, original ID) 621 318 T16_365  0.12 not Removed
 ** Low Diagonal of genotype (#genotype, renumber ID, original ID) 622 787 T16_379  0.52 not Removed
 ** Low Diagonal of genotype (#genotype, renumber ID, original ID) 623 427 T17_505  0.58 not Removed
 ** Low Diagonal of genotype (#genotype, renumber ID, original ID) 624 438 T17_516  0.53 not Removed
 ** Low Diagonal of genotype (#genotype, renumber ID, original ID) 625 491 T17_569  0.54 not Removed
 ** Low Diagonal of genotype (#genotype, renumber ID, original ID) 626 499 T17_577  0.54 not Removed
 ** Low Diagonal of genotype (#genotype, renumber ID, original ID) 627 524 T17_603  0.56 not Removed
 ** Low Diagonal of genotype (#genotype, renumber ID, original ID) 628 517 T17_595  0.52 not Removed
 ** Low Diagonal of genotype (#genotype, renumber ID, original ID) 629 509 T17_587  0.55 not Removed
 ** Low Diagonal of genotype (#genotype, renumber ID, original ID) 630 788 T16_374  0.38 not Removed
 ** Low Diagonal of genotype (#genotype, renumber ID, original ID) 631 323 T16_377  0.57 not Removed
 ** Low Diagonal of genotype (#genotype, renumber ID, original ID) 632 789 T16_387  0.53 not Removed
 ** Low Diagonal of genotype (#genotype, renumber ID, original ID) 633 790 T16_388  0.56 not Removed
 ** Low Diagonal of genotype (#genotype, renumber ID, original ID) 634 330 T16_389  0.53 not Removed
 ** Low Diagonal of genotype (#genotype, renumber ID, original ID) 635 428 T17_506  0.52 not Removed
 ** Low Diagonal of genotype (#genotype, renumber ID, original ID) 636 470 T17_548  0.56 not Removed
 ** Low Diagonal of genotype (#genotype, renumber ID, original ID) 637 492 T17_570  0.56 not Removed
 ** Low Diagonal of genotype (#genotype, renumber ID, original ID) 638 500 T17_578  0.58 not Removed
 ** Low Diagonal of genotype (#genotype, renumber ID, original ID) 639 523 T17_602  0.52 not Removed
 ** Low Diagonal of genotype (#genotype, renumber ID, original ID) 640 516 T17_594  0.53 not Removed
 ** Low Diagonal of genotype (#genotype, renumber ID, original ID) 641 508 T17_586  0.55 not Removed
 ** Low Diagonal of genotype (#genotype, renumber ID, original ID) 642 327 T16_384  0.56 not Removed
 ** Low Diagonal of genotype (#genotype, renumber ID, original ID) 643 329 T16_386  0.54 not Removed
 ** Low Diagonal of genotype (#genotype, renumber ID, original ID) 644 336 T16_397  0.54 not Removed
 ** Low Diagonal of genotype (#genotype, renumber ID, original ID) 645 337 T16_398  0.48 not Removed
 ** Low Diagonal of genotype (#genotype, renumber ID, original ID) 646 280 T16_291  0.40 not Removed
 ** Low Diagonal of genotype (#genotype, renumber ID, original ID) 647 429 T17_507  0.58 not Removed
 ** Low Diagonal of genotype (#genotype, renumber ID, original ID) 648 471 T17_549  0.54 not Removed
 ** Low Diagonal of genotype (#genotype, renumber ID, original ID) 649 493 T17_571  0.58 not Removed
 ** Low Diagonal of genotype (#genotype, renumber ID, original ID) 650 530 T17_609  0.57 not Removed
 ** Low Diagonal of genotype (#genotype, renumber ID, original ID) 651 522 T17_601  0.53 not Removed
 ** Low Diagonal of genotype (#genotype, renumber ID, original ID) 652 515 T17_593  0.59 not Removed
 ** Low Diagonal of genotype (#genotype, renumber ID, original ID) 653 507 T17_585  0.51 not Removed
 ** Low Diagonal of genotype (#genotype, renumber ID, original ID) 654 791 T16_411  0.51 not Removed
 ** Low Diagonal of genotype (#genotype, renumber ID, original ID) 655 335 T16_396  0.50 not Removed
 ** Low Diagonal of genotype (#genotype, renumber ID, original ID) 656 306 T16_346  0.51 not Removed
 ** Low Diagonal of genotype (#genotype, renumber ID, original ID) 657 792 T16_409  0.53 not Removed
 ** Low Diagonal of genotype (#genotype, renumber ID, original ID) 658 793 T16_410  0.50 not Removed
 ** Low Diagonal of genotype (#genotype, renumber ID, original ID) 659 430 T17_508  0.53 not Removed
 ** Low Diagonal of genotype (#genotype, renumber ID, original ID) 660 472 T17_550  0.52 not Removed
 ** Low Diagonal of genotype (#genotype, renumber ID, original ID) 661 494 T17_572  0.55 not Removed
 ** Low Diagonal of genotype (#genotype, renumber ID, original ID) 662 529 T17_608  0.56 not Removed
 ** Low Diagonal of genotype (#genotype, renumber ID, original ID) 663 521 T17_600  0.55 not Removed
 ** Low Diagonal of genotype (#genotype, renumber ID, original ID) 664 514 T17_592  0.55 not Removed
 ** Low Diagonal of genotype (#genotype, renumber ID, original ID) 665 506 T17_584  0.53 not Removed
 ** Low Diagonal of genotype (#genotype, renumber ID, original ID) 666 339 T16_404  0.46 not Removed
 ** Low Diagonal of genotype (#genotype, renumber ID, original ID) 667 341 T16_407  0.42 not Removed
 ** Low Diagonal of genotype (#genotype, renumber ID, original ID) 668 344 T16_418  0.58 not Removed
 ** Low Diagonal of genotype (#genotype, renumber ID, original ID) 669 345 T16_419  0.51 not Removed
 ** Low Diagonal of genotype (#genotype, renumber ID, original ID) 670 346 T16_420  0.51 not Removed
 ** Low Diagonal of genotype (#genotype, renumber ID, original ID) 671 432 T17_510  0.53 not Removed
 ** Low Diagonal of genotype (#genotype, renumber ID, original ID) 672 473 T17_551  0.55 not Removed
 ** Low Diagonal of genotype (#genotype, renumber ID, original ID) 673 495 T17_573  0.57 not Removed
 ** Low Diagonal of genotype (#genotype, renumber ID, original ID) 674 528 T17_607  0.53 not Removed
 ** Low Diagonal of genotype (#genotype, renumber ID, original ID) 675 513 T17_591  0.56 not Removed
 ** Low Diagonal of genotype (#genotype, renumber ID, original ID) 676 505 T17_583  0.52 not Removed
 ** Low Diagonal of genotype (#genotype, renumber ID, original ID) 677 343 T16_415  0.58 not Removed
 ** Low Diagonal of genotype (#genotype, renumber ID, original ID) 678 794 T16_417  0.54 not Removed
 ** Low Diagonal of genotype (#genotype, renumber ID, original ID) 679 698 T6166_06  0.36 not Removed
 ** Low Diagonal of genotype (#genotype, renumber ID, original ID) 680 709 T6363_02  0.33 not Removed
 ** Low Diagonal of genotype (#genotype, renumber ID, original ID) 681 712 T6374_23  0.33 not Removed
 ** Low Diagonal of genotype (#genotype, renumber ID, original ID) 682 310 T16_352  0.48 not Removed
 ** Low Diagonal of genotype (#genotype, renumber ID, original ID) 683 795 T16_353  0.59 not Removed
 ** Low Diagonal of genotype (#genotype, renumber ID, original ID) 684 311 T16_354  0.57 not Removed
 ** Low Diagonal of genotype (#genotype, renumber ID, original ID) 685 307 T16_347  0.42 not Removed
 ** Low Diagonal of genotype (#genotype, renumber ID, original ID) 686 708 T6335_18  0.49 not Removed
 ** Low Diagonal of genotype (#genotype, renumber ID, original ID) 687 718 T6413_02  0.57 not Removed
 ** Low Diagonal of genotype (#genotype, renumber ID, original ID) 688 722 T6492_03  0.44 not Removed
 ** Low Diagonal of genotype (#genotype, renumber ID, original ID) 689 648 T5051_13  0.58 not Removed
 ** Low Diagonal of genotype (#genotype, renumber ID, original ID) 690 689 T6055_04  0.36 not Removed
 ** Low Diagonal of genotype (#genotype, renumber ID, original ID) 691 693 T6091_07  0.55 not Removed
 ** Low Diagonal of genotype (#genotype, renumber ID, original ID) 692 690 T6059_01  0.56 not Removed
 ** Low Diagonal of genotype (#genotype, renumber ID, original ID) 693 796 T16_362  0.57 not Removed
 ** Low Diagonal of genotype (#genotype, renumber ID, original ID) 694 321 T16_375  0.43 not Removed
 ** Low Diagonal of genotype (#genotype, renumber ID, original ID) 695 797 T16_363  0.48 not Removed
 ** Low Diagonal of genotype (#genotype, renumber ID, original ID) 696 798 T16_405  0.47 not Removed
 ** Low Diagonal of genotype (#genotype, renumber ID, original ID) 697 717 T6408_01  0.55 not Removed
 ** Low Diagonal of genotype (#genotype, renumber ID, original ID) 698 685 T5993_30  0.45 not Removed
 ** Low Diagonal of genotype (#genotype, renumber ID, original ID) 699 6 ET6001_02  0.32 not Removed
 ** Low Diagonal of genotype (#genotype, renumber ID, original ID) 700 651 T5233_07  0.51 not Removed
 ** Low Diagonal of genotype (#genotype, renumber ID, original ID) 701 720 T6462_03  0.47 not Removed
 ** Low Diagonal of genotype (#genotype, renumber ID, original ID) 702 654 T5343_05  0.37 not Removed
 ** Low Diagonal of genotype (#genotype, renumber ID, original ID) 703 663 T5653_11  0.32 not Removed
 ** Low Diagonal of genotype (#genotype, renumber ID, original ID) 704 684 T5940_12  0.51 not Removed
 ** Low Diagonal of genotype (#genotype, renumber ID, original ID) 705 320 T16_371  0.35 not Removed
 ** Low Diagonal of genotype (#genotype, renumber ID, original ID) 706 799 T16_372  0.53 not Removed
 ** Low Diagonal of genotype (#genotype, renumber ID, original ID) 707 800 T16_373  0.56 not Removed
 ** Low Diagonal of genotype (#genotype, renumber ID, original ID) 708 691 T6064_14  0.38 not Removed
 ** Low Diagonal of genotype (#genotype, renumber ID, original ID) 709 701 T6218_01  0.56 not Removed
 ** Low Diagonal of genotype (#genotype, renumber ID, original ID) 710 5 ET5999_11  0.64 not Removed
 ** Low Diagonal of genotype (#genotype, renumber ID, original ID) 711 13 GRAVITY  0.55 not Removed
 ** Low Diagonal of genotype (#genotype, renumber ID, original ID) 712 683 T5939_01  0.52 not Removed
 ** Low Diagonal of genotype (#genotype, renumber ID, original ID) 713 650 T5211_97  0.51 not Removed
 ** Low Diagonal of genotype (#genotype, renumber ID, original ID) 714 657 T5477_30  0.35 not Removed
 ** Low Diagonal of genotype (#genotype, renumber ID, original ID) 715 8 ET6123_89  0.57 not Removed
 ** Low Diagonal of genotype (#genotype, renumber ID, original ID) 716 723 T6492_04  0.29 not Removed
 ** Low Diagonal of genotype (#genotype, renumber ID, original ID) 717 324 T16_381  0.54 not Removed
 ** Low Diagonal of genotype (#genotype, renumber ID, original ID) 718 325 T16_382  0.48 not Removed
 ** Low Diagonal of genotype (#genotype, renumber ID, original ID) 719 326 T16_383  0.47 not Removed
 ** Low Diagonal of genotype (#genotype, renumber ID, original ID) 720 322 T16_376  0.49 not Removed
 ** Low Diagonal of genotype (#genotype, renumber ID, original ID) 721 23 SPUNTA  0.53 not Removed
 ** Low Diagonal of genotype (#genotype, renumber ID, original ID) 722 687 T6040_01  0.50 not Removed
 ** Low Diagonal of genotype (#genotype, renumber ID, original ID) 723 707 T6335_03  0.49 not Removed
 ** Low Diagonal of genotype (#genotype, renumber ID, original ID) 724 11 ET6198_173  0.53 not Removed
 ** Low Diagonal of genotype (#genotype, renumber ID, original ID) 725 673 T5807_04  0.42 not Removed
 ** Low Diagonal of genotype (#genotype, renumber ID, original ID) 726 716 T6390_40  0.40 not Removed
 ** Low Diagonal of genotype (#genotype, renumber ID, original ID) 727 1 ANTARCTICA  0.55 not Removed
 ** Low Diagonal of genotype (#genotype, renumber ID, original ID) 728 719 T6423_14  0.30 not Removed
 ** Low Diagonal of genotype (#genotype, renumber ID, original ID) 729 289 T16_310  0.43 not Removed
 ** Low Diagonal of genotype (#genotype, renumber ID, original ID) 730 331 T16_392  0.51 not Removed
 ** Low Diagonal of genotype (#genotype, renumber ID, original ID) 731 332 T16_393  0.52 not Removed
 ** Low Diagonal of genotype (#genotype, renumber ID, original ID) 732 328 T16_385  0.48 not Removed
 ** Low Diagonal of genotype (#genotype, renumber ID, original ID) 733 679 T5822_10  0.52 not Removed
 ** Low Diagonal of genotype (#genotype, renumber ID, original ID) 734 680 T5845_01  0.55 not Removed
 ** Low Diagonal of genotype (#genotype, renumber ID, original ID) 735 653 T5339_12  0.54 not Removed
 ** Low Diagonal of genotype (#genotype, renumber ID, original ID) 736 694 T6091_09  0.52 not Removed
 ** Low Diagonal of genotype (#genotype, renumber ID, original ID) 737 726 T8080_01  0.49 not Removed
 ** Low Diagonal of genotype (#genotype, renumber ID, original ID) 738 703 T6224_08  0.50 not Removed
 ** Low Diagonal of genotype (#genotype, renumber ID, original ID) 739 711 T6374_12  0.56 not Removed
 ** Low Diagonal of genotype (#genotype, renumber ID, original ID) 740 721 T6492_02  0.40 not Removed
 ** Low Diagonal of genotype (#genotype, renumber ID, original ID) 741 801 T16_401  0.47 not Removed
 ** Low Diagonal of genotype (#genotype, renumber ID, original ID) 742 338 T16_402  0.48 not Removed
 ** Low Diagonal of genotype (#genotype, renumber ID, original ID) 743 802 T16_403  0.52 not Removed
 ** Low Diagonal of genotype (#genotype, renumber ID, original ID) 744 334 T16_395  0.55 not Removed
 ** Low Diagonal of genotype (#genotype, renumber ID, original ID) 745 10 ET6198_14  0.54 not Removed
 ** Low Diagonal of genotype (#genotype, renumber ID, original ID) 746 658 T5572_26  0.55 not Removed
 ** Low Diagonal of genotype (#genotype, renumber ID, original ID) 747 656 T5472_06  0.54 not Removed
 ** Low Diagonal of genotype (#genotype, renumber ID, original ID) 748 647 T5049A_09  0.55 not Removed
 ** Low Diagonal of genotype (#genotype, renumber ID, original ID) 749 668 T5699_27  0.37 not Removed
 ** Low Diagonal of genotype (#genotype, renumber ID, original ID) 750 649 T5080_06  0.56 not Removed
 ** Low Diagonal of genotype (#genotype, renumber ID, original ID) 751 714 T6377_06  0.47 not Removed
 ** Low Diagonal of genotype (#genotype, renumber ID, original ID) 752 14 IMAGINE  0.52 not Removed
 ** Low Diagonal of genotype (#genotype, renumber ID, original ID) 753 803 T16_378  0.41 not Removed
 ** Low Diagonal of genotype (#genotype, renumber ID, original ID) 754 312 T16_355  0.54 not Removed
 ** Low Diagonal of genotype (#genotype, renumber ID, original ID) 755 342 T16_414  0.57 not Removed
 ** Low Diagonal of genotype (#genotype, renumber ID, original ID) 756 340 T16_406  0.55 not Removed
 ** Low Diagonal of genotype (#genotype, renumber ID, original ID) 757 699 T6191_09  0.51 not Removed
 ** Low Diagonal of genotype (#genotype, renumber ID, original ID) 758 688 T6049_08  0.52 not Removed
 ** Low Diagonal of genotype (#genotype, renumber ID, original ID) 759 686 T6007_10  0.54 not Removed
 ** Low Diagonal of genotype (#genotype, renumber ID, original ID) 760 659 T5600_35  0.55 not Removed
 ** Low Diagonal of genotype (#genotype, renumber ID, original ID) 761 661 T5626_10  0.41 not Removed
 ** Low Diagonal of genotype (#genotype, renumber ID, original ID) 762 725 T7316_04  0.42 not Removed
 ** Low Diagonal of genotype (#genotype, renumber ID, original ID) 763 681 T5865_01  0.12 not Removed
 ** Low Diagonal of genotype (#genotype, renumber ID, original ID) 764 646 T4164_05  0.52 not Removed
 ** Low Diagonal of genotype (#genotype, renumber ID, original ID) 765 347 T16_422  0.54 not Removed
 ** Low Diagonal of genotype (#genotype, renumber ID, original ID) 766 804 T16_423  0.56 not Removed
 ** Low Diagonal of genotype (#genotype, renumber ID, original ID) 767 333 T16_394  0.55 not Removed
 ** Low Diagonal of genotype (#genotype, renumber ID, original ID) 768 805 T16_416  0.58 not Removed
 ** Low Diagonal of genotype (#genotype, renumber ID, original ID) 769 696 T6126_10  0.58 not Removed
 ** Low Diagonal of genotype (#genotype, renumber ID, original ID) 770 692 T6072_01  0.53 not Removed
 ** Low Diagonal of genotype (#genotype, renumber ID, original ID) 771 806 T4906_02  0.52 not Removed
 ** Low Diagonal of genotype (#genotype, renumber ID, original ID) 772 713 T6374_29  0.49 not Removed
 ** Low Diagonal of genotype (#genotype, renumber ID, original ID) 773 671 T5763_06  0.36 not Removed
 ** Low Diagonal of genotype (#genotype, renumber ID, original ID) 774 697 T6166_05  0.37 not Removed
 ** Low Diagonal of genotype (#genotype, renumber ID, original ID) 775 677 T5821_11  0.32 not Removed
 ** Low Diagonal of genotype (#genotype, renumber ID, original ID) 776 12 FANDANGO  0.51 not Removed
 ** Low Diagonal of genotype (#genotype, renumber ID, original ID) 777 669 T5704_14  0.56 not Removed
 ** Low Diagonal of genotype (#genotype, renumber ID, original ID) 778 724 T7315_3_01  0.60 not Removed
 ** Low Diagonal of genotype (#genotype, renumber ID, original ID) 779 705 T6276_10  0.62 not Removed
 ** Low Diagonal of genotype (#genotype, renumber ID, original ID) 780 715 T6379_01  0.47 not Removed
 ** Low Diagonal of genotype (#genotype, renumber ID, original ID) 781 22 SETANTA  0.55 not Removed
 ** Low Diagonal of genotype (#genotype, renumber ID, original ID) 782 644 T2472_35  0.50 not Removed
 ** Low Diagonal of genotype (#genotype, renumber ID, original ID) 783 695 T6091_17  0.32 not Removed
 ** Low Diagonal of genotype (#genotype, renumber ID, original ID) 784 9 ET6198_122  0.46 not Removed
 ** Low Diagonal of genotype (#genotype, renumber ID, original ID) 785 652 T5269_33  0.44 not Removed
 ** Low Diagonal of genotype (#genotype, renumber ID, original ID) 786 645 T2707_01  0.55 not Removed
 ** Low Diagonal of genotype (#genotype, renumber ID, original ID) 787 666 T5677_09  0.55 not Removed
 ** Low Diagonal of genotype (#genotype, renumber ID, original ID) 788 727 TORNADO  0.54 not Removed
 ** Low Diagonal of genotype (#genotype, renumber ID, original ID) 789 674 T5820_12  0.52 not Removed
 ** Low Diagonal of genotype (#genotype, renumber ID, original ID) 790 664 T5661_38  0.58 not Removed
 ** Low Diagonal of genotype (#genotype, renumber ID, original ID) 791 7 ET6123_82  0.19 not Removed
 ** Low Diagonal of genotype (#genotype, renumber ID, original ID) 792 4 DESIREE  0.24 not Removed
 ** Low Diagonal of genotype (#genotype, renumber ID, original ID) 793 675 T5820_13  0.46 not Removed
 ** Low Diagonal of genotype (#genotype, renumber ID, original ID) 794 702 T6223_04  0.55 not Removed
 ** Low Diagonal of genotype (#genotype, renumber ID, original ID) 795 667 T5690A_31  0.12 not Removed
 ** Low Diagonal of genotype (#genotype, renumber ID, original ID) 796 700 T6198_01  0.59 not Removed
 ** Low Diagonal of genotype (#genotype, renumber ID, original ID) 797 672 T5773_08  0.50 not Removed
 ** Low Diagonal of genotype (#genotype, renumber ID, original ID) 798 704 T6225_02  0.61 not Removed
 ** Low Diagonal of genotype (#genotype, renumber ID, original ID) 799 676 T5821_05  0.44 not Removed
 ** Low Diagonal of genotype (#genotype, renumber ID, original ID) 800 682 T5937_08  0.34 not Removed
 ** Low Diagonal of genotype (#genotype, renumber ID, original ID) 801 678 T5822_09  0.54 not Removed
 ** Low Diagonal of genotype (#genotype, renumber ID, original ID) 802 706 T6294_02  0.58 not Removed
 ** Low Diagonal of genotype (#genotype, renumber ID, original ID) 803 662 T5653_08  0.51 not Removed
 ** Low Diagonal of genotype (#genotype, renumber ID, original ID) 804 660 T5608_30  0.52 not Removed
 ** Low Diagonal of genotype (#genotype, renumber ID, original ID) 805 655 T5384_02  0.54 not Removed
 ** Low Diagonal of genotype (#genotype, renumber ID, original ID) 806 710 T6364_02  0.59 not Removed

 Check for diagonal of genomic relationship matrix, genotypes not removed: 805

 ------------------------------
  Final Pedigree-Based Matrix 
 ------------------------------
 
 Statistic of Rel. Matrix A22
                                N      Mean       Min       Max       Var
     Diagonal                 806     1.000     1.000     1.000     0.000
     Off-diagonal          648830     0.000     0.000     0.000     0.000
 

 ----------------------
  Final Genomic Matrix 
 ----------------------
 
 Statistic of Genomic Matrix
                                N      Mean       Min       Max       Var
     Diagonal                 806     0.515     0.010     8.192     0.082
     Off-diagonal          648830    -0.000    -0.936     1.698     0.001
 

 Correlation of Genomic Inbreeding and Pedigree Inbreeding
     Correlation:     0.0000
 
 Diagonal elements
    Estimating Regression Coefficients G = b0 11' + b1 A + e
    Regression coefficients b0 b1 =   Infinity -Infinity

    Correlation diagonal elements G & A -Infinity
 
 All elements - Diagonal / Off-Diagonal
    Estimating Regression Coefficients G = b0 11' + b1 A + e
    Regression coefficients b0 b1 =     -0.000     0.515

    Correlation all elements G & A     0.516
 
 Off-Diagonal
    Using 0 elements from A22 >= .02000

    NO ELEMENTS to estimate statistics !!!

    Estimating Regression Coefficients G = b0 11' + b1 A + e
    Regression coefficients b0 b1 =      0.000     0.000

    Correlation Off-Diagonal elements G & A     0.000
 
 Saving G with OriginalID in file: "G_Orig.txt"
       elapsed time=    47.9

 Creating A22-inverse 
    Inverse LAPACK MKL dpotrf/i  #threads=    1    8 Elapsed omp_get_time:     0.1570
 
 Adjusting A22-inverse : Omega * A22-inverse      0.000

 ----------------------
  Final A22 Inv Matrix 
 ----------------------
 
 Statistic of Inv. Rel. Matrix A22
                                N      Mean       Min       Max       Var
     Diagonal                 806     0.000     0.000     0.000     0.000
     Off-diagonal          648830     0.000     0.000     0.000     0.000
 
 Saving A22-inverse with OriginalID in file: "A22i_Orig.txt"
       elapsed time=    34.5
 
 Creating G-inverse 
    Inverse LAPACK MKL dpotrf/i  #threads=    1    8 Elapsed omp_get_time:     0.9422

 --------------------------
  Final Genomic Inv Matrix 
 --------------------------
 
 Statistic of Inv. Genomic Matrix
                                N      Mean       Min       Max       Var
     Diagonal                 806     4.685     0.628   100.000    87.061
     Off-diagonal          648830     0.110    -9.870    10.693     0.010
 
 Saving G-inverse with OriginalID in file: "Gi_Orig.txt"
       elapsed time=    39.2

 Check for diagonal of Inverse Genomic - Inverse of pedigree relationship matrix


 ------------------------------
  Final G Inv - A22 Inv Matrix 
 ------------------------------
 
 Statistic of Inv. Genomic - A22 Matrix
                                N      Mean       Min       Max       Var
     Diagonal                 806     4.685     0.628   100.000    87.061
     Off-diagonal          648830     0.110    -9.870    10.693     0.010
 

*--------------------------------------------------*
* Setup Genomic Done !!!, elapsed time:    181.692 *
*--------------------------------------------------*

  read          806  additive pedigrees
  Save A-Inverse with Original ID in "AinvOrig.txt"
 wGimA22i   1.00000000000000     
hash matrix increased from            8192 to           16384 % filled:     0.8000
hash matrix increased from           16384 to           32768 % filled:     0.8000
hash matrix increased from           32768 to           65536 % filled:     0.8000
hash matrix increased from           65536 to          131072 % filled:     0.8000
hash matrix increased from          131072 to          262144 % filled:     0.8000
hash matrix increased from          262144 to          524288 % filled:     0.8000
