
pre_step1.par
     preGSf90 ver. 1.24

 Parameter file:             pre_step1.par
 Data file:                  ../renum_gbs/renf90.dat
 Number of Traits             1
 Number of Effects            2
 Position of Observations      1
 Position of Weights           0
 Value of Missing Trait/Observation           0

EFFECTS
 #  type                position (2)        levels   [positions for nested]
    1  cross-classified       2         3
    2  cross-classified       3       810

 Residual (co)variance Matrix
  100.00    

 Random Effect(s)    2
 Type of Random Effect:      additive animal with unknown parent groups and inbreeding
 Pedigree File:              ../renum_gbs/renadd02.ped                                                                                                                                                                                                                                 
 trait   effect    (CO)VARIANCES
  1       2     100.0    

 REMARKS
  (1) Weight position 0 means no weights utilized
  (2) Effect positions of 0 for some effects and traits means that such
      effects are missing for specified traits
 
 

 Options read from parameter file for genomic
 * SNP format: BLUPF90 standard (text)
 * SNP file: ../../../output/gbs
 * SNP Xref file: ../../../output/gbs_XrefID
 * Use only SNP with allele freq > minfreq (default minfreq = 0.05):   0.01
 * Use only SNP with call rate > callrate (default call rate = 0.9):   0.50
 * Use Animals with  call rate > call rate (default call rate = 0.9):   0.50
 * Save Clean SNP data to (SNP_file)_clean file (default .false.)
 * Create a tuned G (default = 2): 0
 * AlphaBeta defaults alpha=0.95, beta=0.05) :  1.00  0.00
 
 *--------------------------------------------------------------*
 *                 Genomic Library: Dist Version 1.308          *
 *                                                              *
 *             Optimized OpenMP Version -  8 threads            *
 *                                                              *
 *  Modified relationship matrix (H) created for effect:   2    *
 *--------------------------------------------------------------*
 
 Read 806 animals from pedigree file: "C:\Users\lzhang\OneDrive - AbacusBio Ltd\Project_internal\Potato mash\blupf90\vce\renum_gbs\renadd02.ped"
 Number of Genotyped Animals: 806

 Creating A22 
    Extracting subset of: 806 pedigrees from: 806 ...elapsed time:     0.0000
    Calculating A22 Matrix by Colleau OpenMP...elapsed time: .0189
    Numbers of threads=1 8

 Reading SNP file
    Column position in file for the first marker: 12
    Format to read SNP file: (11x,400000i1)                                    
    Number of SNPs: 46405
    Format: integer genotypes (0 to 5) to double-precision array
    Number of Genotyped animals: 806
    Reading SNP file elapsed time: 6.52
 
 Statistics of alleles frequencies in the current population
    N:          46405
    Mean:       0.265
    Min:        0.022
    Max:        0.978
    Var:        0.042
 
 Quality Control - SNPs with Call Rate < callrate ( 0.50) will removed: 0
 
 Quality Control - SNPs with MAF < minfreq ( 0.01) will removed: 0
 
 Quality Control - Monomorphic SNPs will be removed: 0

 Quality Control - Removed Animals with Call rate < callrate ( 0.50): 142

 Quality Control - Check Parent-Progeny Mendelian conflicts

    Total animals: 806 - Genotyped animals: 806 - Effective: 664

    Number of pairs Individual - Sire: 0
    Number of pairs Individual - Dam: 0
    Number of trios Individual - Sire - Dam: 0

    No sex Chromosome information is available !!
    QC for parent-progeny conflicts, HWE or heritability of gene content, could eliminate SNPs in sex Chr
    Provide map information and sex Chr to perform QC using autosomes

 Checking SNPs for Mendelian conflicts
    SNPs not masked, low # parent-progeny evaluations: 0

 Checking Animals for Mendelian conflicts

    Total number of effective SNP for checks on Animals: 46405

    Number of Parent-Progeny Mendelian Conflicts: 0

 Number of effective SNPs (after QC): 46405

 Number of effective Individuals (after QC): 664
 
 Statistics of alleles frequencies in the current population after
 Quality Control (MAF, monomorphic, call rate, HWE, Mendelian conflicts)
    N:          46405
    Mean:       0.263
    Min:        0.020
    Max:        0.979
    Var:        0.043

 Number of Animals to be excluded from analysis: 142

    For calulations in the current analysis number
    of genotyped animals are the same but:

       Diagonals of G and A22 are set to 1
       Off-Diagonals of G and A22 are set to 0

 List of Animals removed in: "../../../output/gbs_Animals_removed"

 List of SNPs removed in: "../../../output/gbs_SNPs_removed"

 Clean genotype file was created: "../../../output/gbs_clean"

 Cross reference ID file was created: "../../../output/gbs_clean_XrefID"

 Genotypes missings (%): 25.854

 Calculating G Matrix 
    Dgemm MKL #threads=     1    8 Elapsed omp_get_time:    46.7276
 
 Scale by Sum(2pq). Average:   10458.8410101413     

 Detecting samples with similar genotypes
    elapsed time=     0.0

 *****************************************
 *  Possible genotype duplicates samples *
 *****************************************

    i-j number of sample , i-j renumber Id, G(i,j), G(i,i), G(j,j), r(i,j) 
         104      10     611      21  0.5600  0.6052  0.6007  0.9288
         527      14     638     728  0.5356  0.5927  0.5832  0.9109
         217     213      58      57  0.5437  0.5847  0.5786  0.9348
    elapsed time=     0.0
 No tuning before blending

 Frequency - Diagonal of G
    N:         664
    Mean:        0.542
    Min:         0.385
    Max:         0.662
    Range:       0.014
    Class:     20
 
  #Class       Class   Count
       1  0.3853           4
       2  0.3992           2
       3  0.4130           5
       4  0.4269          10
       5  0.4407           7
       6  0.4546          11
       7  0.4684          18
       8  0.4823          26
       9  0.4961          51
      10  0.5100          53
      11  0.5238          86
      12  0.5377          94
      13  0.5515         107
      14  0.5653          83
      15  0.5792          54
      16  0.5930          25
      17  0.6069          12
      18  0.6207          10
      19  0.6346           3
      20  0.6484           3
      21  0.6623           0
 

 Check for diagonal of genomic relationship matrix

 ** Low Diagonal of genotype 1  0.56 Not Removed
 ** Low Diagonal of genotype 2  0.48 Not Removed
 ** Low Diagonal of genotype 3  0.55 Not Removed
 ** Low Diagonal of genotype 5  0.58 Not Removed
 ** Low Diagonal of genotype 6  0.52 Not Removed
 ** Low Diagonal of genotype 7  0.60 Not Removed
 ** Low Diagonal of genotype 8  0.56 Not Removed
 ** Low Diagonal of genotype 9  0.52 Not Removed
 ** Low Diagonal of genotype 10  0.60 Not Removed
 ** Low Diagonal of genotype 11  0.54 Not Removed
 ** Low Diagonal of genotype 14  0.58 Not Removed
 ** Low Diagonal of genotype 16  0.61 Not Removed
 ** Low Diagonal of genotype 17  0.58 Not Removed
 ** Low Diagonal of genotype 18  0.59 Not Removed
 ** Low Diagonal of genotype 19  0.53 Not Removed
 ** Low Diagonal of genotype 20  0.55 Not Removed
 ** Low Diagonal of genotype 21  0.48 Not Removed
 ** Low Diagonal of genotype 22  0.52 Not Removed
 ** Low Diagonal of genotype 23  0.44 Not Removed
 ** Low Diagonal of genotype 25  0.50 Not Removed
 ** Low Diagonal of genotype 26  0.53 Not Removed
 ** Low Diagonal of genotype 27  0.56 Not Removed
 ** Low Diagonal of genotype 28  0.63 Not Removed
 ** Low Diagonal of genotype 29  0.50 Not Removed
 ** Low Diagonal of genotype 31  0.57 Not Removed
 ** Low Diagonal of genotype 33  0.56 Not Removed
 ** Low Diagonal of genotype 34  0.44 Not Removed
 ** Low Diagonal of genotype 35  0.59 Not Removed
 ** Low Diagonal of genotype 36  0.55 Not Removed
 ** Low Diagonal of genotype 37  0.45 Not Removed
 ** Low Diagonal of genotype 38  0.55 Not Removed
 ** Low Diagonal of genotype 40  0.49 Not Removed
 ** Low Diagonal of genotype 41  0.55 Not Removed
 ** Low Diagonal of genotype 42  0.56 Not Removed
 ** Low Diagonal of genotype 44  0.58 Not Removed
 ** Low Diagonal of genotype 45  0.46 Not Removed
 ** Low Diagonal of genotype 48  0.55 Not Removed
 ** Low Diagonal of genotype 50  0.49 Not Removed
 ** Low Diagonal of genotype 51  0.48 Not Removed
 ** Low Diagonal of genotype 52  0.54 Not Removed
 ** Low Diagonal of genotype 54  0.58 Not Removed
 ** Low Diagonal of genotype 55  0.42 Not Removed
 ** Low Diagonal of genotype 57  0.57 Not Removed
 ** Low Diagonal of genotype 59  0.58 Not Removed
 ** Low Diagonal of genotype 60  0.52 Not Removed
 ** Low Diagonal of genotype 61  0.52 Not Removed
 ** Low Diagonal of genotype 62  0.47 Not Removed
 ** Low Diagonal of genotype 64  0.55 Not Removed
 ** Low Diagonal of genotype 67  0.43 Not Removed
 ** Low Diagonal of genotype 68  0.55 Not Removed
 ** Low Diagonal of genotype 69  0.55 Not Removed
 ** Low Diagonal of genotype 71  0.58 Not Removed
 ** Low Diagonal of genotype 72  0.55 Not Removed
 ** Low Diagonal of genotype 73  0.62 Not Removed
 ** Low Diagonal of genotype 74  0.51 Not Removed
 ** Low Diagonal of genotype 75  0.43 Not Removed
 ** Low Diagonal of genotype 76  0.54 Not Removed
 ** Low Diagonal of genotype 77  0.55 Not Removed
 ** Low Diagonal of genotype 79  0.58 Not Removed
 ** Low Diagonal of genotype 80  0.58 Not Removed
 ** Low Diagonal of genotype 81  0.50 Not Removed
 ** Low Diagonal of genotype 83  0.56 Not Removed
 ** Low Diagonal of genotype 84  0.49 Not Removed
 ** Low Diagonal of genotype 85  0.50 Not Removed
 ** Low Diagonal of genotype 86  0.43 Not Removed
 ** Low Diagonal of genotype 87  0.46 Not Removed
 ** Low Diagonal of genotype 88  0.45 Not Removed
 ** Low Diagonal of genotype 89  0.55 Not Removed
 ** Low Diagonal of genotype 90  0.51 Not Removed
 ** Low Diagonal of genotype 91  0.40 Not Removed
 ** Low Diagonal of genotype 92  0.53 Not Removed
 ** Low Diagonal of genotype 93  0.51 Not Removed
 ** Low Diagonal of genotype 94  0.49 Not Removed
 ** Low Diagonal of genotype 95  0.52 Not Removed
 ** Low Diagonal of genotype 96  0.51 Not Removed
 ** Low Diagonal of genotype 97  0.53 Not Removed
 ** Low Diagonal of genotype 98  0.53 Not Removed
 ** Low Diagonal of genotype 99  0.55 Not Removed
 ** Low Diagonal of genotype 100  0.51 Not Removed
 ** Low Diagonal of genotype 101  0.48 Not Removed
 ** Low Diagonal of genotype 102  0.55 Not Removed
 ** Low Diagonal of genotype 103  0.47 Not Removed
 ** Low Diagonal of genotype 104  0.61 Not Removed
 ** Low Diagonal of genotype 105  0.53 Not Removed
 ** Low Diagonal of genotype 106  0.52 Not Removed
 ** Low Diagonal of genotype 107  0.56 Not Removed
 ** Low Diagonal of genotype 108  0.55 Not Removed
 ** Low Diagonal of genotype 109  0.53 Not Removed
 ** Low Diagonal of genotype 111  0.52 Not Removed
 ** Low Diagonal of genotype 112  0.54 Not Removed
 ** Low Diagonal of genotype 114  0.54 Not Removed
 ** Low Diagonal of genotype 115  0.58 Not Removed
 ** Low Diagonal of genotype 116  0.54 Not Removed
 ** Low Diagonal of genotype 117  0.57 Not Removed
 ** Low Diagonal of genotype 119  0.58 Not Removed
 ** Low Diagonal of genotype 120  0.58 Not Removed
 ** Low Diagonal of genotype 121  0.54 Not Removed
 ** Low Diagonal of genotype 122  0.53 Not Removed
 ** Low Diagonal of genotype 123  0.54 Not Removed
 ** Low Diagonal of genotype 124  0.56 Not Removed
 ** Low Diagonal of genotype 125  0.53 Not Removed
 ** Low Diagonal of genotype 126  0.60 Not Removed
 ** Low Diagonal of genotype 128  0.52 Not Removed
 ** Low Diagonal of genotype 131  0.54 Not Removed
 ** Low Diagonal of genotype 132  0.55 Not Removed
 ** Low Diagonal of genotype 133  0.54 Not Removed
 ** Low Diagonal of genotype 136  0.55 Not Removed
 ** Low Diagonal of genotype 137  0.42 Not Removed
 ** Low Diagonal of genotype 138  0.48 Not Removed
 ** Low Diagonal of genotype 139  0.59 Not Removed
 ** Low Diagonal of genotype 140  0.53 Not Removed
 ** Low Diagonal of genotype 141  0.63 Not Removed
 ** Low Diagonal of genotype 142  0.60 Not Removed
 ** Low Diagonal of genotype 145  0.59 Not Removed
 ** Low Diagonal of genotype 146  0.49 Not Removed
 ** Low Diagonal of genotype 148  0.56 Not Removed
 ** Low Diagonal of genotype 150  0.58 Not Removed
 ** Low Diagonal of genotype 151  0.45 Not Removed
 ** Low Diagonal of genotype 152  0.52 Not Removed
 ** Low Diagonal of genotype 154  0.54 Not Removed
 ** Low Diagonal of genotype 155  0.55 Not Removed
 ** Low Diagonal of genotype 156  0.53 Not Removed
 ** Low Diagonal of genotype 157  0.52 Not Removed
 ** Low Diagonal of genotype 158  0.58 Not Removed
 ** Low Diagonal of genotype 159  0.52 Not Removed
 ** Low Diagonal of genotype 160  0.58 Not Removed
 ** Low Diagonal of genotype 161  0.57 Not Removed
 ** Low Diagonal of genotype 162  0.56 Not Removed
 ** Low Diagonal of genotype 164  0.52 Not Removed
 ** Low Diagonal of genotype 165  0.57 Not Removed
 ** Low Diagonal of genotype 166  0.50 Not Removed
 ** Low Diagonal of genotype 169  0.46 Not Removed
 ** Low Diagonal of genotype 170  0.60 Not Removed
 ** Low Diagonal of genotype 171  0.64 Not Removed
 ** Low Diagonal of genotype 172  0.56 Not Removed
 ** Low Diagonal of genotype 173  0.56 Not Removed
 ** Low Diagonal of genotype 174  0.43 Not Removed
 ** Low Diagonal of genotype 175  0.54 Not Removed
 ** Low Diagonal of genotype 176  0.60 Not Removed
 ** Low Diagonal of genotype 177  0.51 Not Removed
 ** Low Diagonal of genotype 178  0.58 Not Removed
 ** Low Diagonal of genotype 179  0.46 Not Removed
 ** Low Diagonal of genotype 180  0.44 Not Removed
 ** Low Diagonal of genotype 181  0.39 Not Removed
 ** Low Diagonal of genotype 182  0.51 Not Removed
 ** Low Diagonal of genotype 183  0.55 Not Removed
 ** Low Diagonal of genotype 184  0.58 Not Removed
 ** Low Diagonal of genotype 185  0.59 Not Removed
 ** Low Diagonal of genotype 186  0.50 Not Removed
 ** Low Diagonal of genotype 187  0.48 Not Removed
 ** Low Diagonal of genotype 188  0.59 Not Removed
 ** Low Diagonal of genotype 189  0.58 Not Removed
 ** Low Diagonal of genotype 190  0.51 Not Removed
 ** Low Diagonal of genotype 191  0.56 Not Removed
 ** Low Diagonal of genotype 192  0.56 Not Removed
 ** Low Diagonal of genotype 193  0.50 Not Removed
 ** Low Diagonal of genotype 194  0.53 Not Removed
 ** Low Diagonal of genotype 195  0.57 Not Removed
 ** Low Diagonal of genotype 196  0.60 Not Removed
 ** Low Diagonal of genotype 197  0.52 Not Removed
 ** Low Diagonal of genotype 198  0.53 Not Removed
 ** Low Diagonal of genotype 199  0.55 Not Removed
 ** Low Diagonal of genotype 200  0.43 Not Removed
 ** Low Diagonal of genotype 201  0.54 Not Removed
 ** Low Diagonal of genotype 202  0.59 Not Removed
 ** Low Diagonal of genotype 203  0.56 Not Removed
 ** Low Diagonal of genotype 204  0.57 Not Removed
 ** Low Diagonal of genotype 206  0.60 Not Removed
 ** Low Diagonal of genotype 207  0.58 Not Removed
 ** Low Diagonal of genotype 209  0.50 Not Removed
 ** Low Diagonal of genotype 210  0.54 Not Removed
 ** Low Diagonal of genotype 211  0.55 Not Removed
 ** Low Diagonal of genotype 212  0.54 Not Removed
 ** Low Diagonal of genotype 213  0.58 Not Removed
 ** Low Diagonal of genotype 214  0.57 Not Removed
 ** Low Diagonal of genotype 215  0.57 Not Removed
 ** Low Diagonal of genotype 217  0.58 Not Removed
 ** Low Diagonal of genotype 218  0.53 Not Removed
 ** Low Diagonal of genotype 219  0.54 Not Removed
 ** Low Diagonal of genotype 220  0.53 Not Removed
 ** Low Diagonal of genotype 221  0.53 Not Removed
 ** Low Diagonal of genotype 223  0.52 Not Removed
 ** Low Diagonal of genotype 225  0.55 Not Removed
 ** Low Diagonal of genotype 226  0.51 Not Removed
 ** Low Diagonal of genotype 228  0.55 Not Removed
 ** Low Diagonal of genotype 231  0.56 Not Removed
 ** Low Diagonal of genotype 232  0.46 Not Removed
 ** Low Diagonal of genotype 234  0.57 Not Removed
 ** Low Diagonal of genotype 237  0.51 Not Removed
 ** Low Diagonal of genotype 238  0.62 Not Removed
 ** Low Diagonal of genotype 239  0.45 Not Removed
 ** Low Diagonal of genotype 240  0.55 Not Removed
 ** Low Diagonal of genotype 241  0.46 Not Removed
 ** Low Diagonal of genotype 243  0.57 Not Removed
 ** Low Diagonal of genotype 245  0.53 Not Removed
 ** Low Diagonal of genotype 246  0.50 Not Removed
 ** Low Diagonal of genotype 247  0.52 Not Removed
 ** Low Diagonal of genotype 248  0.54 Not Removed
 ** Low Diagonal of genotype 249  0.57 Not Removed
 ** Low Diagonal of genotype 250  0.60 Not Removed
 ** Low Diagonal of genotype 251  0.54 Not Removed
 ** Low Diagonal of genotype 252  0.60 Not Removed
 ** Low Diagonal of genotype 253  0.54 Not Removed
 ** Low Diagonal of genotype 254  0.57 Not Removed
 ** Low Diagonal of genotype 255  0.58 Not Removed
 ** Low Diagonal of genotype 256  0.59 Not Removed
 ** Low Diagonal of genotype 257  0.39 Not Removed
 ** Low Diagonal of genotype 260  0.58 Not Removed
 ** Low Diagonal of genotype 262  0.49 Not Removed
 ** Low Diagonal of genotype 263  0.57 Not Removed
 ** Low Diagonal of genotype 264  0.50 Not Removed
 ** Low Diagonal of genotype 265  0.55 Not Removed
 ** Low Diagonal of genotype 266  0.56 Not Removed
 ** Low Diagonal of genotype 267  0.53 Not Removed
 ** Low Diagonal of genotype 268  0.59 Not Removed
 ** Low Diagonal of genotype 269  0.47 Not Removed
 ** Low Diagonal of genotype 270  0.55 Not Removed
 ** Low Diagonal of genotype 271  0.65 Not Removed
 ** Low Diagonal of genotype 272  0.50 Not Removed
 ** Low Diagonal of genotype 273  0.45 Not Removed
 ** Low Diagonal of genotype 274  0.43 Not Removed
 ** Low Diagonal of genotype 275  0.59 Not Removed
 ** Low Diagonal of genotype 276  0.42 Not Removed
 ** Low Diagonal of genotype 277  0.58 Not Removed
 ** Low Diagonal of genotype 278  0.54 Not Removed
 ** Low Diagonal of genotype 279  0.54 Not Removed
 ** Low Diagonal of genotype 280  0.58 Not Removed
 ** Low Diagonal of genotype 281  0.44 Not Removed
 ** Low Diagonal of genotype 282  0.47 Not Removed
 ** Low Diagonal of genotype 283  0.57 Not Removed
 ** Low Diagonal of genotype 284  0.56 Not Removed
 ** Low Diagonal of genotype 285  0.61 Not Removed
 ** Low Diagonal of genotype 286  0.47 Not Removed
 ** Low Diagonal of genotype 287  0.57 Not Removed
 ** Low Diagonal of genotype 288  0.54 Not Removed
 ** Low Diagonal of genotype 289  0.52 Not Removed
 ** Low Diagonal of genotype 290  0.52 Not Removed
 ** Low Diagonal of genotype 291  0.55 Not Removed
 ** Low Diagonal of genotype 293  0.47 Not Removed
 ** Low Diagonal of genotype 294  0.55 Not Removed
 ** Low Diagonal of genotype 295  0.51 Not Removed
 ** Low Diagonal of genotype 296  0.54 Not Removed
 ** Low Diagonal of genotype 297  0.53 Not Removed
 ** Low Diagonal of genotype 298  0.55 Not Removed
 ** Low Diagonal of genotype 299  0.58 Not Removed
 ** Low Diagonal of genotype 300  0.55 Not Removed
 ** Low Diagonal of genotype 301  0.52 Not Removed
 ** Low Diagonal of genotype 302  0.50 Not Removed
 ** Low Diagonal of genotype 303  0.57 Not Removed
 ** Low Diagonal of genotype 304  0.57 Not Removed
 ** Low Diagonal of genotype 305  0.55 Not Removed
 ** Low Diagonal of genotype 306  0.55 Not Removed
 ** Low Diagonal of genotype 309  0.58 Not Removed
 ** Low Diagonal of genotype 311  0.52 Not Removed
 ** Low Diagonal of genotype 312  0.57 Not Removed
 ** Low Diagonal of genotype 313  0.52 Not Removed
 ** Low Diagonal of genotype 314  0.55 Not Removed
 ** Low Diagonal of genotype 315  0.47 Not Removed
 ** Low Diagonal of genotype 317  0.53 Not Removed
 ** Low Diagonal of genotype 320  0.55 Not Removed
 ** Low Diagonal of genotype 322  0.53 Not Removed
 ** Low Diagonal of genotype 323  0.50 Not Removed
 ** Low Diagonal of genotype 325  0.55 Not Removed
 ** Low Diagonal of genotype 326  0.40 Not Removed
 ** Low Diagonal of genotype 327  0.50 Not Removed
 ** Low Diagonal of genotype 328  0.52 Not Removed
 ** Low Diagonal of genotype 329  0.62 Not Removed
 ** Low Diagonal of genotype 330  0.53 Not Removed
 ** Low Diagonal of genotype 331  0.58 Not Removed
 ** Low Diagonal of genotype 332  0.58 Not Removed
 ** Low Diagonal of genotype 333  0.56 Not Removed
 ** Low Diagonal of genotype 334  0.52 Not Removed
 ** Low Diagonal of genotype 335  0.50 Not Removed
 ** Low Diagonal of genotype 338  0.49 Not Removed
 ** Low Diagonal of genotype 339  0.58 Not Removed
 ** Low Diagonal of genotype 340  0.45 Not Removed
 ** Low Diagonal of genotype 341  0.48 Not Removed
 ** Low Diagonal of genotype 342  0.52 Not Removed
 ** Low Diagonal of genotype 343  0.56 Not Removed
 ** Low Diagonal of genotype 344  0.57 Not Removed
 ** Low Diagonal of genotype 345  0.54 Not Removed
 ** Low Diagonal of genotype 347  0.47 Not Removed
 ** Low Diagonal of genotype 348  0.47 Not Removed
 ** Low Diagonal of genotype 350  0.55 Not Removed
 ** Low Diagonal of genotype 351  0.39 Not Removed
 ** Low Diagonal of genotype 353  0.56 Not Removed
 ** Low Diagonal of genotype 354  0.59 Not Removed
 ** Low Diagonal of genotype 355  0.54 Not Removed
 ** Low Diagonal of genotype 357  0.56 Not Removed
 ** Low Diagonal of genotype 358  0.54 Not Removed
 ** Low Diagonal of genotype 359  0.51 Not Removed
 ** Low Diagonal of genotype 360  0.56 Not Removed
 ** Low Diagonal of genotype 361  0.58 Not Removed
 ** Low Diagonal of genotype 362  0.54 Not Removed
 ** Low Diagonal of genotype 363  0.49 Not Removed
 ** Low Diagonal of genotype 364  0.54 Not Removed
 ** Low Diagonal of genotype 365  0.43 Not Removed
 ** Low Diagonal of genotype 366  0.56 Not Removed
 ** Low Diagonal of genotype 367  0.55 Not Removed
 ** Low Diagonal of genotype 369  0.52 Not Removed
 ** Low Diagonal of genotype 370  0.50 Not Removed
 ** Low Diagonal of genotype 371  0.49 Not Removed
 ** Low Diagonal of genotype 372  0.58 Not Removed
 ** Low Diagonal of genotype 373  0.55 Not Removed
 ** Low Diagonal of genotype 374  0.58 Not Removed
 ** Low Diagonal of genotype 375  0.41 Not Removed
 ** Low Diagonal of genotype 376  0.59 Not Removed
 ** Low Diagonal of genotype 377  0.53 Not Removed
 ** Low Diagonal of genotype 378  0.54 Not Removed
 ** Low Diagonal of genotype 380  0.57 Not Removed
 ** Low Diagonal of genotype 381  0.54 Not Removed
 ** Low Diagonal of genotype 382  0.52 Not Removed
 ** Low Diagonal of genotype 383  0.56 Not Removed
 ** Low Diagonal of genotype 384  0.56 Not Removed
 ** Low Diagonal of genotype 385  0.54 Not Removed
 ** Low Diagonal of genotype 386  0.59 Not Removed
 ** Low Diagonal of genotype 387  0.58 Not Removed
 ** Low Diagonal of genotype 388  0.48 Not Removed
 ** Low Diagonal of genotype 391  0.57 Not Removed
 ** Low Diagonal of genotype 392  0.56 Not Removed
 ** Low Diagonal of genotype 393  0.56 Not Removed
 ** Low Diagonal of genotype 394  0.55 Not Removed
 ** Low Diagonal of genotype 395  0.52 Not Removed
 ** Low Diagonal of genotype 396  0.55 Not Removed
 ** Low Diagonal of genotype 397  0.55 Not Removed
 ** Low Diagonal of genotype 398  0.61 Not Removed
 ** Low Diagonal of genotype 400  0.58 Not Removed
 ** Low Diagonal of genotype 401  0.50 Not Removed
 ** Low Diagonal of genotype 402  0.52 Not Removed
 ** Low Diagonal of genotype 403  0.58 Not Removed
 ** Low Diagonal of genotype 404  0.51 Not Removed
 ** Low Diagonal of genotype 405  0.55 Not Removed
 ** Low Diagonal of genotype 409  0.53 Not Removed
 ** Low Diagonal of genotype 410  0.57 Not Removed
 ** Low Diagonal of genotype 412  0.54 Not Removed
 ** Low Diagonal of genotype 413  0.54 Not Removed
 ** Low Diagonal of genotype 414  0.56 Not Removed
 ** Low Diagonal of genotype 415  0.57 Not Removed
 ** Low Diagonal of genotype 416  0.59 Not Removed
 ** Low Diagonal of genotype 417  0.56 Not Removed
 ** Low Diagonal of genotype 419  0.57 Not Removed
 ** Low Diagonal of genotype 420  0.55 Not Removed
 ** Low Diagonal of genotype 421  0.50 Not Removed
 ** Low Diagonal of genotype 424  0.58 Not Removed
 ** Low Diagonal of genotype 425  0.59 Not Removed
 ** Low Diagonal of genotype 426  0.55 Not Removed
 ** Low Diagonal of genotype 427  0.55 Not Removed
 ** Low Diagonal of genotype 428  0.55 Not Removed
 ** Low Diagonal of genotype 429  0.55 Not Removed
 ** Low Diagonal of genotype 431  0.54 Not Removed
 ** Low Diagonal of genotype 432  0.56 Not Removed
 ** Low Diagonal of genotype 433  0.51 Not Removed
 ** Low Diagonal of genotype 434  0.55 Not Removed
 ** Low Diagonal of genotype 435  0.55 Not Removed
 ** Low Diagonal of genotype 436  0.54 Not Removed
 ** Low Diagonal of genotype 437  0.56 Not Removed
 ** Low Diagonal of genotype 438  0.57 Not Removed
 ** Low Diagonal of genotype 439  0.54 Not Removed
 ** Low Diagonal of genotype 440  0.60 Not Removed
 ** Low Diagonal of genotype 441  0.53 Not Removed
 ** Low Diagonal of genotype 442  0.53 Not Removed
 ** Low Diagonal of genotype 443  0.52 Not Removed
 ** Low Diagonal of genotype 444  0.58 Not Removed
 ** Low Diagonal of genotype 445  0.50 Not Removed
 ** Low Diagonal of genotype 446  0.57 Not Removed
 ** Low Diagonal of genotype 447  0.56 Not Removed
 ** Low Diagonal of genotype 448  0.56 Not Removed
 ** Low Diagonal of genotype 449  0.55 Not Removed
 ** Low Diagonal of genotype 450  0.58 Not Removed
 ** Low Diagonal of genotype 451  0.64 Not Removed
 ** Low Diagonal of genotype 452  0.55 Not Removed
 ** Low Diagonal of genotype 453  0.55 Not Removed
 ** Low Diagonal of genotype 454  0.52 Not Removed
 ** Low Diagonal of genotype 455  0.56 Not Removed
 ** Low Diagonal of genotype 456  0.57 Not Removed
 ** Low Diagonal of genotype 457  0.58 Not Removed
 ** Low Diagonal of genotype 458  0.55 Not Removed
 ** Low Diagonal of genotype 459  0.54 Not Removed
 ** Low Diagonal of genotype 460  0.60 Not Removed
 ** Low Diagonal of genotype 461  0.52 Not Removed
 ** Low Diagonal of genotype 462  0.61 Not Removed
 ** Low Diagonal of genotype 463  0.56 Not Removed
 ** Low Diagonal of genotype 464  0.53 Not Removed
 ** Low Diagonal of genotype 465  0.53 Not Removed
 ** Low Diagonal of genotype 466  0.50 Not Removed
 ** Low Diagonal of genotype 468  0.57 Not Removed
 ** Low Diagonal of genotype 469  0.56 Not Removed
 ** Low Diagonal of genotype 470  0.57 Not Removed
 ** Low Diagonal of genotype 471  0.49 Not Removed
 ** Low Diagonal of genotype 472  0.61 Not Removed
 ** Low Diagonal of genotype 473  0.56 Not Removed
 ** Low Diagonal of genotype 474  0.59 Not Removed
 ** Low Diagonal of genotype 475  0.55 Not Removed
 ** Low Diagonal of genotype 476  0.55 Not Removed
 ** Low Diagonal of genotype 477  0.54 Not Removed
 ** Low Diagonal of genotype 478  0.53 Not Removed
 ** Low Diagonal of genotype 479  0.58 Not Removed
 ** Low Diagonal of genotype 480  0.55 Not Removed
 ** Low Diagonal of genotype 481  0.61 Not Removed
 ** Low Diagonal of genotype 482  0.50 Not Removed
 ** Low Diagonal of genotype 483  0.50 Not Removed
 ** Low Diagonal of genotype 484  0.47 Not Removed
 ** Low Diagonal of genotype 485  0.54 Not Removed
 ** Low Diagonal of genotype 486  0.57 Not Removed
 ** Low Diagonal of genotype 487  0.55 Not Removed
 ** Low Diagonal of genotype 489  0.51 Not Removed
 ** Low Diagonal of genotype 490  0.54 Not Removed
 ** Low Diagonal of genotype 491  0.56 Not Removed
 ** Low Diagonal of genotype 492  0.56 Not Removed
 ** Low Diagonal of genotype 493  0.59 Not Removed
 ** Low Diagonal of genotype 494  0.53 Not Removed
 ** Low Diagonal of genotype 495  0.53 Not Removed
 ** Low Diagonal of genotype 496  0.57 Not Removed
 ** Low Diagonal of genotype 497  0.57 Not Removed
 ** Low Diagonal of genotype 498  0.52 Not Removed
 ** Low Diagonal of genotype 501  0.54 Not Removed
 ** Low Diagonal of genotype 502  0.59 Not Removed
 ** Low Diagonal of genotype 503  0.53 Not Removed
 ** Low Diagonal of genotype 505  0.58 Not Removed
 ** Low Diagonal of genotype 506  0.51 Not Removed
 ** Low Diagonal of genotype 507  0.63 Not Removed
 ** Low Diagonal of genotype 508  0.53 Not Removed
 ** Low Diagonal of genotype 509  0.55 Not Removed
 ** Low Diagonal of genotype 510  0.60 Not Removed
 ** Low Diagonal of genotype 512  0.49 Not Removed
 ** Low Diagonal of genotype 513  0.51 Not Removed
 ** Low Diagonal of genotype 514  0.57 Not Removed
 ** Low Diagonal of genotype 515  0.53 Not Removed
 ** Low Diagonal of genotype 517  0.62 Not Removed
 ** Low Diagonal of genotype 518  0.50 Not Removed
 ** Low Diagonal of genotype 519  0.57 Not Removed
 ** Low Diagonal of genotype 520  0.55 Not Removed
 ** Low Diagonal of genotype 521  0.55 Not Removed
 ** Low Diagonal of genotype 522  0.52 Not Removed
 ** Low Diagonal of genotype 523  0.50 Not Removed
 ** Low Diagonal of genotype 525  0.55 Not Removed
 ** Low Diagonal of genotype 526  0.58 Not Removed
 ** Low Diagonal of genotype 527  0.59 Not Removed
 ** Low Diagonal of genotype 528  0.65 Not Removed
 ** Low Diagonal of genotype 529  0.56 Not Removed
 ** Low Diagonal of genotype 530  0.53 Not Removed
 ** Low Diagonal of genotype 531  0.62 Not Removed
 ** Low Diagonal of genotype 532  0.56 Not Removed
 ** Low Diagonal of genotype 533  0.55 Not Removed
 ** Low Diagonal of genotype 534  0.50 Not Removed
 ** Low Diagonal of genotype 535  0.49 Not Removed
 ** Low Diagonal of genotype 536  0.49 Not Removed
 ** Low Diagonal of genotype 537  0.56 Not Removed
 ** Low Diagonal of genotype 538  0.54 Not Removed
 ** Low Diagonal of genotype 539  0.53 Not Removed
 ** Low Diagonal of genotype 540  0.54 Not Removed
 ** Low Diagonal of genotype 541  0.52 Not Removed
 ** Low Diagonal of genotype 542  0.59 Not Removed
 ** Low Diagonal of genotype 543  0.56 Not Removed
 ** Low Diagonal of genotype 544  0.56 Not Removed
 ** Low Diagonal of genotype 545  0.58 Not Removed
 ** Low Diagonal of genotype 546  0.63 Not Removed
 ** Low Diagonal of genotype 547  0.50 Not Removed
 ** Low Diagonal of genotype 549  0.56 Not Removed
 ** Low Diagonal of genotype 550  0.55 Not Removed
 ** Low Diagonal of genotype 551  0.53 Not Removed
 ** Low Diagonal of genotype 552  0.62 Not Removed
 ** Low Diagonal of genotype 553  0.57 Not Removed
 ** Low Diagonal of genotype 554  0.56 Not Removed
 ** Low Diagonal of genotype 556  0.54 Not Removed
 ** Low Diagonal of genotype 557  0.57 Not Removed
 ** Low Diagonal of genotype 558  0.61 Not Removed
 ** Low Diagonal of genotype 559  0.49 Not Removed
 ** Low Diagonal of genotype 560  0.54 Not Removed
 ** Low Diagonal of genotype 561  0.53 Not Removed
 ** Low Diagonal of genotype 562  0.57 Not Removed
 ** Low Diagonal of genotype 563  0.55 Not Removed
 ** Low Diagonal of genotype 564  0.56 Not Removed
 ** Low Diagonal of genotype 565  0.52 Not Removed
 ** Low Diagonal of genotype 566  0.55 Not Removed
 ** Low Diagonal of genotype 567  0.57 Not Removed
 ** Low Diagonal of genotype 568  0.55 Not Removed
 ** Low Diagonal of genotype 569  0.53 Not Removed
 ** Low Diagonal of genotype 570  0.59 Not Removed
 ** Low Diagonal of genotype 571  0.47 Not Removed
 ** Low Diagonal of genotype 572  0.52 Not Removed
 ** Low Diagonal of genotype 573  0.51 Not Removed
 ** Low Diagonal of genotype 574  0.50 Not Removed
 ** Low Diagonal of genotype 575  0.54 Not Removed
 ** Low Diagonal of genotype 576  0.53 Not Removed
 ** Low Diagonal of genotype 577  0.55 Not Removed
 ** Low Diagonal of genotype 578  0.50 Not Removed
 ** Low Diagonal of genotype 579  0.55 Not Removed
 ** Low Diagonal of genotype 580  0.52 Not Removed
 ** Low Diagonal of genotype 581  0.52 Not Removed
 ** Low Diagonal of genotype 582  0.55 Not Removed
 ** Low Diagonal of genotype 585  0.57 Not Removed
 ** Low Diagonal of genotype 586  0.52 Not Removed
 ** Low Diagonal of genotype 587  0.51 Not Removed
 ** Low Diagonal of genotype 588  0.51 Not Removed
 ** Low Diagonal of genotype 589  0.58 Not Removed
 ** Low Diagonal of genotype 590  0.57 Not Removed
 ** Low Diagonal of genotype 591  0.52 Not Removed
 ** Low Diagonal of genotype 592  0.58 Not Removed
 ** Low Diagonal of genotype 593  0.56 Not Removed
 ** Low Diagonal of genotype 594  0.58 Not Removed
 ** Low Diagonal of genotype 595  0.53 Not Removed
 ** Low Diagonal of genotype 596  0.63 Not Removed
 ** Low Diagonal of genotype 597  0.55 Not Removed
 ** Low Diagonal of genotype 598  0.49 Not Removed
 ** Low Diagonal of genotype 599  0.55 Not Removed
 ** Low Diagonal of genotype 600  0.49 Not Removed
 ** Low Diagonal of genotype 601  0.53 Not Removed
 ** Low Diagonal of genotype 602  0.58 Not Removed
 ** Low Diagonal of genotype 603  0.57 Not Removed
 ** Low Diagonal of genotype 604  0.59 Not Removed
 ** Low Diagonal of genotype 605  0.55 Not Removed
 ** Low Diagonal of genotype 607  0.49 Not Removed
 ** Low Diagonal of genotype 609  0.54 Not Removed
 ** Low Diagonal of genotype 610  0.50 Not Removed
 ** Low Diagonal of genotype 611  0.52 Not Removed
 ** Low Diagonal of genotype 612  0.55 Not Removed
 ** Low Diagonal of genotype 613  0.55 Not Removed
 ** Low Diagonal of genotype 614  0.57 Not Removed
 ** Low Diagonal of genotype 615  0.55 Not Removed
 ** Low Diagonal of genotype 616  0.55 Not Removed
 ** Low Diagonal of genotype 617  0.61 Not Removed
 ** Low Diagonal of genotype 618  0.57 Not Removed
 ** Low Diagonal of genotype 619  0.50 Not Removed
 ** Low Diagonal of genotype 620  0.54 Not Removed
 ** Low Diagonal of genotype 622  0.52 Not Removed
 ** Low Diagonal of genotype 623  0.60 Not Removed
 ** Low Diagonal of genotype 624  0.55 Not Removed
 ** Low Diagonal of genotype 625  0.54 Not Removed
 ** Low Diagonal of genotype 626  0.56 Not Removed
 ** Low Diagonal of genotype 627  0.57 Not Removed
 ** Low Diagonal of genotype 628  0.54 Not Removed
 ** Low Diagonal of genotype 629  0.56 Not Removed
 ** Low Diagonal of genotype 631  0.59 Not Removed
 ** Low Diagonal of genotype 632  0.55 Not Removed
 ** Low Diagonal of genotype 633  0.58 Not Removed
 ** Low Diagonal of genotype 634  0.54 Not Removed
 ** Low Diagonal of genotype 635  0.51 Not Removed
 ** Low Diagonal of genotype 636  0.56 Not Removed
 ** Low Diagonal of genotype 637  0.55 Not Removed
 ** Low Diagonal of genotype 638  0.62 Not Removed
 ** Low Diagonal of genotype 639  0.52 Not Removed
 ** Low Diagonal of genotype 640  0.54 Not Removed
 ** Low Diagonal of genotype 641  0.54 Not Removed
 ** Low Diagonal of genotype 642  0.57 Not Removed
 ** Low Diagonal of genotype 643  0.55 Not Removed
 ** Low Diagonal of genotype 644  0.54 Not Removed
 ** Low Diagonal of genotype 647  0.57 Not Removed
 ** Low Diagonal of genotype 648  0.53 Not Removed
 ** Low Diagonal of genotype 649  0.57 Not Removed
 ** Low Diagonal of genotype 650  0.57 Not Removed
 ** Low Diagonal of genotype 651  0.56 Not Removed
 ** Low Diagonal of genotype 652  0.61 Not Removed
 ** Low Diagonal of genotype 653  0.51 Not Removed
 ** Low Diagonal of genotype 654  0.50 Not Removed
 ** Low Diagonal of genotype 655  0.50 Not Removed
 ** Low Diagonal of genotype 656  0.53 Not Removed
 ** Low Diagonal of genotype 657  0.54 Not Removed
 ** Low Diagonal of genotype 658  0.52 Not Removed
 ** Low Diagonal of genotype 659  0.53 Not Removed
 ** Low Diagonal of genotype 660  0.52 Not Removed
 ** Low Diagonal of genotype 661  0.56 Not Removed
 ** Low Diagonal of genotype 662  0.57 Not Removed
 ** Low Diagonal of genotype 663  0.57 Not Removed
 ** Low Diagonal of genotype 664  0.56 Not Removed
 ** Low Diagonal of genotype 665  0.54 Not Removed
 ** Low Diagonal of genotype 666  0.46 Not Removed
 ** Low Diagonal of genotype 667  0.44 Not Removed
 ** Low Diagonal of genotype 668  0.58 Not Removed
 ** Low Diagonal of genotype 669  0.53 Not Removed
 ** Low Diagonal of genotype 670  0.50 Not Removed
 ** Low Diagonal of genotype 671  0.52 Not Removed
 ** Low Diagonal of genotype 672  0.55 Not Removed
 ** Low Diagonal of genotype 673  0.56 Not Removed
 ** Low Diagonal of genotype 674  0.53 Not Removed
 ** Low Diagonal of genotype 675  0.57 Not Removed
 ** Low Diagonal of genotype 676  0.53 Not Removed
 ** Low Diagonal of genotype 677  0.60 Not Removed
 ** Low Diagonal of genotype 678  0.55 Not Removed
 ** Low Diagonal of genotype 682  0.48 Not Removed
 ** Low Diagonal of genotype 683  0.61 Not Removed
 ** Low Diagonal of genotype 684  0.58 Not Removed
 ** Low Diagonal of genotype 686  0.50 Not Removed
 ** Low Diagonal of genotype 687  0.57 Not Removed
 ** Low Diagonal of genotype 689  0.58 Not Removed
 ** Low Diagonal of genotype 691  0.56 Not Removed
 ** Low Diagonal of genotype 692  0.56 Not Removed
 ** Low Diagonal of genotype 693  0.57 Not Removed
 ** Low Diagonal of genotype 695  0.48 Not Removed
 ** Low Diagonal of genotype 697  0.58 Not Removed
 ** Low Diagonal of genotype 700  0.52 Not Removed
 ** Low Diagonal of genotype 704  0.51 Not Removed
 ** Low Diagonal of genotype 706  0.53 Not Removed
 ** Low Diagonal of genotype 707  0.56 Not Removed
 ** Low Diagonal of genotype 709  0.57 Not Removed
 ** Low Diagonal of genotype 710  0.66 Not Removed
 ** Low Diagonal of genotype 711  0.58 Not Removed
 ** Low Diagonal of genotype 712  0.52 Not Removed
 ** Low Diagonal of genotype 713  0.52 Not Removed
 ** Low Diagonal of genotype 715  0.57 Not Removed
 ** Low Diagonal of genotype 717  0.56 Not Removed
 ** Low Diagonal of genotype 718  0.50 Not Removed
 ** Low Diagonal of genotype 719  0.48 Not Removed
 ** Low Diagonal of genotype 721  0.53 Not Removed
 ** Low Diagonal of genotype 722  0.49 Not Removed
 ** Low Diagonal of genotype 724  0.56 Not Removed
 ** Low Diagonal of genotype 727  0.56 Not Removed
 ** Low Diagonal of genotype 729  0.46 Not Removed
 ** Low Diagonal of genotype 730  0.53 Not Removed
 ** Low Diagonal of genotype 731  0.52 Not Removed
 ** Low Diagonal of genotype 733  0.53 Not Removed
 ** Low Diagonal of genotype 734  0.55 Not Removed
 ** Low Diagonal of genotype 735  0.54 Not Removed
 ** Low Diagonal of genotype 736  0.53 Not Removed
 ** Low Diagonal of genotype 737  0.48 Not Removed
 ** Low Diagonal of genotype 738  0.51 Not Removed
 ** Low Diagonal of genotype 739  0.57 Not Removed
 ** Low Diagonal of genotype 741  0.48 Not Removed
 ** Low Diagonal of genotype 743  0.56 Not Removed
 ** Low Diagonal of genotype 744  0.56 Not Removed
 ** Low Diagonal of genotype 745  0.55 Not Removed
 ** Low Diagonal of genotype 746  0.55 Not Removed
 ** Low Diagonal of genotype 747  0.56 Not Removed
 ** Low Diagonal of genotype 748  0.57 Not Removed
 ** Low Diagonal of genotype 750  0.56 Not Removed
 ** Low Diagonal of genotype 752  0.53 Not Removed
 ** Low Diagonal of genotype 753  0.44 Not Removed
 ** Low Diagonal of genotype 754  0.54 Not Removed
 ** Low Diagonal of genotype 755  0.59 Not Removed
 ** Low Diagonal of genotype 756  0.55 Not Removed
 ** Low Diagonal of genotype 757  0.51 Not Removed
 ** Low Diagonal of genotype 758  0.51 Not Removed
 ** Low Diagonal of genotype 759  0.55 Not Removed
 ** Low Diagonal of genotype 760  0.56 Not Removed
 ** Low Diagonal of genotype 764  0.54 Not Removed
 ** Low Diagonal of genotype 765  0.54 Not Removed
 ** Low Diagonal of genotype 766  0.55 Not Removed
 ** Low Diagonal of genotype 767  0.54 Not Removed
 ** Low Diagonal of genotype 768  0.62 Not Removed
 ** Low Diagonal of genotype 769  0.58 Not Removed
 ** Low Diagonal of genotype 770  0.55 Not Removed
 ** Low Diagonal of genotype 771  0.51 Not Removed
 ** Low Diagonal of genotype 776  0.50 Not Removed
 ** Low Diagonal of genotype 777  0.57 Not Removed
 ** Low Diagonal of genotype 778  0.59 Not Removed
 ** Low Diagonal of genotype 779  0.63 Not Removed
 ** Low Diagonal of genotype 781  0.57 Not Removed
 ** Low Diagonal of genotype 782  0.49 Not Removed
 ** Low Diagonal of genotype 784  0.50 Not Removed
 ** Low Diagonal of genotype 786  0.55 Not Removed
 ** Low Diagonal of genotype 787  0.55 Not Removed
 ** Low Diagonal of genotype 788  0.54 Not Removed
 ** Low Diagonal of genotype 789  0.52 Not Removed
 ** Low Diagonal of genotype 790  0.61 Not Removed
 ** Low Diagonal of genotype 794  0.55 Not Removed
 ** Low Diagonal of genotype 796  0.63 Not Removed
 ** Low Diagonal of genotype 797  0.50 Not Removed
 ** Low Diagonal of genotype 798  0.64 Not Removed
 ** Low Diagonal of genotype 801  0.57 Not Removed
 ** Low Diagonal of genotype 802  0.58 Not Removed
 ** Low Diagonal of genotype 803  0.52 Not Removed
 ** Low Diagonal of genotype 804  0.52 Not Removed
 ** Low Diagonal of genotype 805  0.55 Not Removed
 ** Low Diagonal of genotype 806  0.61 Not Removed

 Check for diagonal of genomic relationship matrix, genotypes not removed: 664

 ------------------------------
  Final Pedigree-Based Matrix 
 ------------------------------
 
 Statistic of Rel. Matrix A22
                                N      Mean       Min       Max       Var
     Diagonal                 806     1.000     1.000     1.000     0.000
     Off-diagonal          648830     0.000     0.000     0.000     0.000
 

 ----------------------
  Final Genomic Matrix 
 ----------------------
 
 Statistic of Genomic Matrix
                                N      Mean       Min       Max       Var
     Diagonal                 806     0.622     0.385     1.000     0.032
     Off-diagonal          648830    -0.001    -0.094     0.560     0.001
 

 Correlation of Genomic Inbreeding and Pedigree Inbreeding
     Correlation:     0.0000
 
 Diagonal elements
    Estimating Regression Coefficients G = b0 11' + b1 A + e
    Regression coefficients b0 b1 =  -Infinity  Infinity

    Correlation diagonal elements G & A  Infinity
 
 All elements - Diagonal / Off-Diagonal
    Estimating Regression Coefficients G = b0 11' + b1 A + e
    Regression coefficients b0 b1 =     -0.001     0.623

    Correlation all elements G & A     0.615
 
 Off-Diagonal
    Using 0 elements from A22 >= .02000

    NO ELEMENTS to estimate statistics !!!

    Estimating Regression Coefficients G = b0 11' + b1 A + e
    Regression coefficients b0 b1 =      0.000     0.000

    Correlation Off-Diagonal elements G & A     0.000
 

 Creating A22-inverse 
    Inverse LAPACK MKL dpotrf/i  #threads=    1    8 Elapsed omp_get_time:     0.1693

 ----------------------
  Final A22 Inv Matrix 
 ----------------------
 
 Statistic of Inv. Rel. Matrix A22
                                N      Mean       Min       Max       Var
     Diagonal                 806     1.000     1.000     1.000     0.000
     Off-diagonal          648830     0.000     0.000     0.000     0.000
 
 
 Creating G-inverse 
    Inverse LAPACK MKL dpotrf/i  #threads=    1    8 Elapsed omp_get_time:     0.3173

 --------------------------
  Final Genomic Inv Matrix 
 --------------------------
 
 Statistic of Inv. Genomic Matrix
                                N      Mean       Min       Max       Var
     Diagonal                 806     3.211     1.000    14.346     2.594
     Off-diagonal          648830     0.037   -12.689     0.428     0.006
 

 Check for diagonal of Inverse Genomic - Inverse of pedigree relationship matrix

 Saving GimA22i in file: "GimA22i"
       elapsed time=     0.0

 ------------------------------
  Final G Inv - A22 Inv Matrix 
 ------------------------------
 
 Statistic of Inv. Genomic - A22 Matrix
                                N      Mean       Min       Max       Var
     Diagonal                 806     2.211     0.000    13.346     2.594
     Off-diagonal          648830     0.037   -12.689     0.428     0.006
 

*--------------------------------------------------*
* Setup Genomic Done !!!, elapsed time:     72.298 *
*--------------------------------------------------*

