
ssgblup.par
     BLUPF90+ ver. 2.48

 Parameter file:             ssgblup.par
 Data file:                  ../renum_gbs/renf90.dat
 Number of Traits             1
 Number of Effects            2
 Position of Observations      1
 Position of Weights           0
 Value of Missing Trait/Observation           0

EFFECTS
 #  type                position (2)        levels   [positions for nested]
    1  cross-classified       2         3
    2  cross-classified       3       806

 Residual (co)variance Matrix
  100.00    

 Random Effect(s)    2
 Type of Random Effect:      additive animal with unknown parent groups and inbreeding
 Pedigree File:              ../renum_gbs/renadd02.ped                                                                                                                                                                                                                                 
 trait   effect    (CO)VARIANCES
  1       2     100.0    

 REMARKS
  (1) Weight position 0 means no weights utilized
  (2) Effect positions of 0 for some effects and traits means that such
      effects are missing for specified traits
 

 * The limited number of OpenMP threads = 4

 * BLUPF90+ sparse operations version
 
 * START JOB (BLUPF90): 11-18-2023  21h 46m 30s 424
 
 *** Statistical method from OPTION VCE                 
 * store solutions and s.e. *** se                  
* SE for function of (co)variances P G_2_2_1_1+R_1_1
* SE for function of (co)variances h2 G_2_2_1_1/(G_2_2_1_1+R_1_1)
 * store accuracy in file: "acc_bf90"            2
 

 Options read from parameter file for genomic
 * SNP format: BLUPF90 standard (text)
 * SNP file: ../../../output/gbs_clean
 * SNP Xref file: ../../../output/gbs_clean_XrefID
 * ReadGInverse (default=.false.)
 * G Inverse file (default "Gi"): ../pregs_gbs/Gi
 * Skip Save GmA22 Inverse matrix (default=.true.)
 * No Quality Control Checks !!!!! (default .false.):  T
 * Create a tuned G (default = 2): 0
 * AlphaBeta defaults alpha=0.95, beta=0.05) :  0.99  0.01
 * TauOmega (defaults tau=1.0, omega=1.0) :  1.00  1.00
 * Matrix in Ascii format(default=binary)
 IJA4 version
 Data record length =            3
 # free parameters=           2
 # parameters=           2
 # random effects=           1
 # elements for random effects=           1
 # maximum (ntrait*random)**2=           1
 # (co)variance matrices=           1

Read 728 records in 6.03 s,  1351 nonzeroes


Read 806 additive pedigrees
 
 *--------------------------------------------------------------*
 *                 Genomic Library: Dist Version 1.308          *
 *                                                              *
 *             Optimized OpenMP Version -  4 threads            *
 *                                                              *
 *  Modified relationship matrix (H) created for effect:   2    *
 *--------------------------------------------------------------*
 
 Read 806 animals from pedigree file: "C:\Users\lzhang\OneDrive - AbacusBio Ltd\Project_internal\Potato mash\blupf90\vce\renum_gbs\renadd02.ped"
 Number of Genotyped Animals: 806

 Creating A22 
    Extracting subset of: 806 pedigrees from: 806 ...elapsed time:     0.0000
    Calculating A22 Matrix by Colleau OpenMP...elapsed time: .0116
    Numbers of threads=1 4

 ------------------------------
  Final Pedigree-Based Matrix 
 ------------------------------
 
 Statistic of Rel. Matrix A22
                                N      Mean       Min       Max       Var
     Diagonal                 806     1.000     1.000     1.000     0.000
     Off-diagonal          648830     0.000     0.000     0.000     0.000
 

 Creating A22-inverse 
    Inverse LAPACK MKL dpotrf/i  #threads=    1    4 Elapsed omp_get_time:     0.1045

 ----------------------
  Final A22 Inv Matrix 
 ----------------------
 
 Statistic of Inv. Rel. Matrix A22
                                N      Mean       Min       Max       Var
     Diagonal                 806     1.000     1.000     1.000     0.000
     Off-diagonal          648830     0.000     0.000     0.000     0.000
 
 Reading G-inverse from file: "../pregs_gbs/Gi"
                325221 elements read from: ../pregs_gbs/Gi

 --------------------------
  Final Genomic Inv Matrix 
 --------------------------
 
 Statistic of Inv. Genomic Matrix
                                N      Mean       Min       Max       Var
     Diagonal                 806     4.685     0.628   100.000    87.061
     Off-diagonal          648830     0.110    -9.870    10.693     0.010
 

 Check for diagonal of Inverse Genomic - Inverse of pedigree relationship matrix

 Number of genotypes with G^ii < A22^ii: 1
 Genotype number, renumber id and Gi-A22i print in file: "Check_Diagonal_GimA22i"

 ------------------------------
  Final G Inv - A22 Inv Matrix 
 ------------------------------
 
 Statistic of Inv. Genomic - A22 Matrix
                                N      Mean       Min       Max       Var
     Diagonal                 806     3.685    -0.372    99.000    87.061
     Off-diagonal          648830     0.110    -9.870    10.693     0.010
 

*--------------------------------------------------*
* Setup Genomic Done !!!, elapsed time:      5.095 *
*--------------------------------------------------*

 wGimA22i   1.00000000000000     
hash matrix increased from            8192 to           16384 % filled:     0.8000
hash matrix increased from           16384 to           32768 % filled:     0.8000
hash matrix increased from           32768 to           65536 % filled:     0.8000
hash matrix increased from           65536 to          131072 % filled:     0.8000
hash matrix increased from          131072 to          262144 % filled:     0.8000
hash matrix increased from          262144 to          524288 % filled:     0.8000
hash matrix increased from            8192 to           16384 % filled:     0.8000
hash matrix increased from           16384 to           32768 % filled:     0.8000
hash matrix increased from           32768 to           65536 % filled:     0.8000
hash matrix increased from           65536 to          131072 % filled:     0.8000
hash matrix increased from          131072 to          262144 % filled:     0.8000
hash matrix increased from          262144 to          524288 % filled:     0.8000

finished peds (VCE) in 12.27 s,  325844 nonzeroes

 
 *** Advise: running BLUPF90+ --dense might speed up computations
 
 rank=         809
               **************
               **** FSPAK ***
               **************
               MPE / IM / MAE
                   Jun 1994

              SPARSE STATISTICS
      DIMENSION OF MATRIX     =                      809
      RANK                    =                      809
      STORAGE AVAILABLE       =                  1636313
      MAXIMUM NEEDED          =                  1636313
      NZE IN UPPER TRIANGULAR =                   326653
      NZE IN FACTOR           =                   325035
      NO. OF CALLS NUM FACT   =                        1
      NO. OF CALLS SOLVE      =                        1
      NO. OF CALLS SPARS SOLV =                        0
      NO. OF CALLS DET / LDET =                        1
      NO. OF CALLS SPARS INV  =                        1
      TOTAL CPU TIME IN FSPAK =                 2.296875
      TIME FOR FINDING ORDER  =                 0.062500
      TIME FOR SYMBOLIC FAC   =                 0.656250
      TIME FOR NUMERICAL FAC  =                 0.218750
      TIME FOR SOLVE          =                 0.000000
      TIME FOR SPARSE SOLVE   =                 0.000000
      TIME FOR SPARSE INVERSE =                 1.328125
quadr_ija: OpenMP threads=  1  4    325221 OMP= F
 -2logL =    6721.23668292644       : AIC =    6725.23668292644     
  In round            1  convergence=  0.182104023520758     
  delta convergence=   63.7344998160502     
 new R
   153.03    
 new G
   174.44    
 * START ITERATION: 11-18-2023  21h 46m 43s 823
quadr_ija: OpenMP threads=  1  4    325221 OMP= F
 -2logL =    6396.20337585896       : AIC =    6400.20337585896     
  In round            2  convergence=  0.118778198843253     
  delta convergence=   66.7261815073750     
 new R
   194.75    
 new G
   266.17    
quadr_ija: OpenMP threads=  1  4    325221 OMP= F
 -2logL =    6323.09964968111       : AIC =    6327.09964968111     
  In round            3  convergence=  3.722814324345654E-002
  delta convergence=   38.1420300763137     
 new R
   207.39    
 new G
   329.81    
quadr_ija: OpenMP threads=  1  4    325221 OMP= F
 -2logL =    6316.18397603506       : AIC =    6320.18397603506     
  In round            4  convergence=  1.351738933014783E-003
  delta convergence=   6.63574089815917     
 new R
   208.08    
 new G
   342.40    
quadr_ija: OpenMP threads=  1  4    325221 OMP= F
 -2logL =    6316.07683972220       : AIC =    6320.07683972220     
  In round            5  convergence=  6.797864651153110E-007
  delta convergence=  0.239710269001612     
 new R
   208.28    
 new G
   342.12    
quadr_ija: OpenMP threads=  1  4    325221 OMP= F
 -2logL =    6316.07677921900       : AIC =    6320.07677921900     
  In round            6  convergence=  1.017996706824105E-008
  delta convergence=  2.342638619062443E-002
 new R
   208.26    
 new G
   342.15    
quadr_ija: OpenMP threads=  1  4    325221 OMP= F
 -2logL =    6316.07677897528       : AIC =    6320.07677897528     
  In round            7  convergence=  8.327655155249424E-011
  delta convergence=  2.121518113603047E-003
 new R
   208.26    
 new G
   342.15    
quadr_ija: OpenMP threads=  1  4    325221 OMP= F
 -2logL =    6316.07677897316       : AIC =    6320.07677897316     
  In round            8  convergence=  6.842210872468387E-013
  delta convergence=  1.922901577660203E-004
 new R
   208.26    
 new G
   342.15    
 * END ITERATION: 11-18-2023  21h 46m 58s 974
 solutions and s.e. stored in file: "solutions"

Final Estimates
 Genetic variance(s) for effect  2       
   342.15    
 Residual variance(s)
   208.26    
 inverse of AI matrix (Sampling Variance)
   4755.2      -1394.0    
  -1394.0       690.45    
 Correlations from inverse of AI matrix
   1.0000     -0.76933    
 -0.76933       1.0000    
 SE for G
   68.958    
 SE for R
   26.276    
 Sparse inverse of nrm_inverse, elapsed time:    1.91
  
 Sampling variances of covariances function of random effects (n=10000)
  
P  - Function: g_2_2_1_1+r_1_1
  Mean:    550.41    
  Sample Mean:    549.99    
  Sample SD:    52.044    
  
h2  - Function: g_2_2_1_1/(g_2_2_1_1+r_1_1)
  Mean:   0.62162    
  Sample Mean:   0.61506    
  Sample SD:   0.75699E-01
 elapsed time  0.1093750    
 *** Statistical Method: VCE                 
 * FINISHED (BLUPF90): 11-18-2023  21h 47m 02s 029
