
ssgblup.par
     BLUPF90+ ver. 2.51

 Parameter file:             ssgblup.par
 Data file:                  ../renum_gbs/renf90.dat
 Number of Traits             1
 Number of Effects            2
 Position of Observations      1
 Position of Weights           0
 Value of Missing Trait/Observation           0

EFFECTS
 #  type                position (2)        levels   [positions for nested]
    1  cross-classified       2         3
    2  cross-classified       3       806

 Residual (co)variance Matrix
  100.00    

 Random Effect(s)    2
 Type of Random Effect:      additive animal with unknown parent groups and inbreeding
 Pedigree File:              ../renum_gbs/renadd02.ped                                                                                                                                                                                                                                 
 trait   effect    (CO)VARIANCES
  1       2     100.0    

 REMARKS
  (1) Weight position 0 means no weights utilized
  (2) Effect positions of 0 for some effects and traits means that such
      effects are missing for specified traits
 

 * The limited number of OpenMP threads = 4

 * BLUPF90+ sparse operations version
 
 * START JOB (BLUPF90): 11-21-2023  11h 36m 47s 193
 
 *** Statistical method from OPTION VCE                 
 * store solutions and s.e. *** se                  
* SE for function of (co)variances P G_2_2_1_1+R_1_1
* SE for function of (co)variances h2 G_2_2_1_1/(G_2_2_1_1+R_1_1)
 * store accuracy in file: "acc_bf90"            2
 * omit A-inverse (default=.false.): .true.
 

 Options read from parameter file for genomic
 * SNP format: BLUPF90 standard (text)
 * SNP file: ../../../output/gbs_a22_clean
 * SNP Xref file: ../../../output/gbs_a22_clean_XrefID
 * Skip Save GmA22 Inverse matrix (default=.true.)
 * No Quality Control Checks !!!!! (default .false.):  T
 * Create a tuned G (default = 2): 0
 * AlphaBeta defaults alpha=0.95, beta=0.05) :  0.99  0.01
 * TauOmega (defaults tau=1.0, omega=1.0) :  1.00  0.00
 * Matrix in Ascii format(default=binary)
 IJA4 version
 Data record length =            3
 # free parameters=           2
 # parameters=           2
 # random effects=           1
 # elements for random effects=           1
 # maximum (ntrait*random)**2=           1
 # (co)variance matrices=           1

Read 728 records in 12.27 s,  1351 nonzeroes


Read 806 additive pedigrees
 
 *--------------------------------------------------------------*
 *                 Genomic Library: Dist Version 1.313          *
 *                                                              *
 *             Optimized OpenMP Version -   4 threads            *
 *                                                              *
 *  Modified relationship matrix (H) created for effect:   2    *
 *--------------------------------------------------------------*
 
 Read 806 animals from pedigree file: "C:\Users\lzhang\OneDrive - AbacusBio Ltd\Project_internal\Potato mash\blupf90\vce\renum_gbs\renadd02.ped"
 Number of Genotyped Animals: 702

 Creating A22 
    Extracting subset of: 702 pedigrees from: 806 ...elapsed time:     0.0000
    Calculating A22 Matrix by Colleau OpenMP...elapsed time: .0137
    Numbers of threads=1 4

 Reading SNP file
    Column position in file for the first marker: 12
    Format to read SNP file: (11x,400000i1)                                    
    Number of SNPs: 34797
    Format: integer genotypes (0 to 5) to double-precision array
    Number of Genotyped animals: 702
    Reading SNP file elapsed time: 6.75
 
 Statistics of alleles frequencies in the current population
    N:          34797
    Mean:       0.303
    Min:        0.050
    Max:        0.950
    Var:        0.037
 
 Quality Control - SNPs with Call Rate < callrate ( 0.90) Exist - NOT REMOVED: 34797
 

 Quality Control - Animals that should be REMOVED for Call rate < callrate ( 0.90): 334
 All missing SNP for genotyped animal (#gen, renumber Id) 14 40
 All missing SNP for genotyped animal (#gen, renumber Id) 31 37
 All missing SNP for genotyped animal (#gen, renumber Id) 104 120
 All missing SNP for genotyped animal (#gen, renumber Id) 233 146
 All missing SNP for genotyped animal (#gen, renumber Id) 517 318
 All missing SNP for genotyped animal (#gen, renumber Id) 659 681
 All missing SNP for genotyped animal (#gen, renumber Id) 691 667

 Genotypes missings (%): 24.604

 Calculating G Matrix 
    Dgemm MKL #threads=     1    4 Elapsed omp_get_time:    26.7325
 
 Scale by Sum(2pq). Average:   9114.11778412979     

 Detecting samples with similar genotypes
    elapsed time=     0.0

 *****************************************
 *  Possible genotype duplicates samples *
 *****************************************

    i-j number of sample , i-j renumber Id, G(i,j), G(i,i), G(j,j), r(i,j) 
         113     109      58      57  0.5164  0.5565  0.5519  0.9318
         569     425     495     485  0.5075  0.5654  0.5623  0.9001
    elapsed time=     0.0
 No tuning before blending
 
 Blend G as alpha*G + beta*A22: (alpha,beta)     0.990     0.010

 Frequency - Diagonal of G
    N:         702
    Mean:        0.509
    Min:         0.010
    Max:         1.925
    Range:       0.096
    Class:     20
 
  #Class       Class   Count
       1  0.1000E-01      10
       2  0.1057           2
       3  0.2015           7
       4  0.2972          42
       5  0.3929         109
       6  0.4887         495
       7  0.5844          36
       8  0.6801           0
       9  0.7758           0
      10  0.8716           0
      11  0.9673           0
      12   1.063           0
      13   1.159           0
      14   1.254           0
      15   1.350           0
      16   1.446           0
      17   1.542           0
      18   1.637           0
      19   1.733           0
      20   1.829           1
      21   1.925           0
 

 Check for diagonal of genomic relationship matrix

 ** Low Diagonal of genotype 1  0.54 Not Removed
 ** Low Diagonal of genotype 2  0.51 Not Removed
 ** Low Diagonal of genotype 3  0.55 Not Removed
 ** Low Diagonal of genotype 4  0.55 Not Removed
 ** Low Diagonal of genotype 5  0.53 Not Removed
 ** Low Diagonal of genotype 6  0.26 Not Removed
 ** Low Diagonal of genotype 7  0.53 Not Removed
 ** Low Diagonal of genotype 8  0.53 Not Removed
 ** Low Diagonal of genotype 9  0.01 Not Removed
 ** Low Diagonal of genotype 10  0.50 Not Removed
 ** Low Diagonal of genotype 11  0.57 Not Removed
 ** Low Diagonal of genotype 12  0.52 Not Removed
 ** Low Diagonal of genotype 13  0.56 Not Removed
 ** Low Diagonal of genotype 14  0.01 Not Removed
 ** Low Diagonal of genotype 15  0.57 Not Removed
 ** Low Diagonal of genotype 16  0.55 Not Removed
 ** Low Diagonal of genotype 17  0.55 Not Removed
 ** Low Diagonal of genotype 18  0.53 Not Removed
 ** Low Diagonal of genotype 19  0.52 Not Removed
 ** Low Diagonal of genotype 20  0.55 Not Removed
 ** Low Diagonal of genotype 21  0.55 Not Removed
 ** Low Diagonal of genotype 22  0.58 Not Removed
 ** High Diagonal of genotype 23  1.92 Not Removed
 ** Low Diagonal of genotype 24  0.49 Not Removed
 ** Low Diagonal of genotype 25  0.17 Not Removed
 ** Low Diagonal of genotype 26  0.38 Not Removed
 ** Low Diagonal of genotype 27  0.54 Not Removed
 ** Low Diagonal of genotype 28  0.54 Not Removed
 ** Low Diagonal of genotype 29  0.53 Not Removed
 ** Low Diagonal of genotype 30  0.36 Not Removed
 ** Low Diagonal of genotype 31  0.01 Not Removed
 ** Low Diagonal of genotype 32  0.53 Not Removed
 ** Low Diagonal of genotype 33  0.43 Not Removed
 ** Low Diagonal of genotype 34  0.48 Not Removed
 ** Low Diagonal of genotype 35  0.57 Not Removed
 ** Low Diagonal of genotype 36  0.52 Not Removed
 ** Low Diagonal of genotype 37  0.60 Not Removed
 ** Low Diagonal of genotype 38  0.58 Not Removed
 ** Low Diagonal of genotype 39  0.31 Not Removed
 ** Low Diagonal of genotype 40  0.35 Not Removed
 ** Low Diagonal of genotype 41  0.59 Not Removed
 ** Low Diagonal of genotype 42  0.46 Not Removed
 ** Low Diagonal of genotype 43  0.31 Not Removed
 ** Low Diagonal of genotype 44  0.55 Not Removed
 ** Low Diagonal of genotype 45  0.34 Not Removed
 ** Low Diagonal of genotype 46  0.55 Not Removed
 ** Low Diagonal of genotype 47  0.44 Not Removed
 ** Low Diagonal of genotype 48  0.50 Not Removed
 ** Low Diagonal of genotype 49  0.33 Not Removed
 ** Low Diagonal of genotype 50  0.54 Not Removed
 ** Low Diagonal of genotype 51  0.55 Not Removed
 ** Low Diagonal of genotype 52  0.53 Not Removed
 ** Low Diagonal of genotype 53  0.53 Not Removed
 ** Low Diagonal of genotype 54  0.56 Not Removed
 ** Low Diagonal of genotype 55  0.51 Not Removed
 ** Low Diagonal of genotype 56  0.59 Not Removed
 ** Low Diagonal of genotype 57  0.57 Not Removed
 ** Low Diagonal of genotype 58  0.54 Not Removed
 ** Low Diagonal of genotype 59  0.34 Not Removed
 ** Low Diagonal of genotype 60  0.53 Not Removed
 ** Low Diagonal of genotype 61  0.56 Not Removed
 ** Low Diagonal of genotype 62  0.50 Not Removed
 ** Low Diagonal of genotype 63  0.40 Not Removed
 ** Low Diagonal of genotype 64  0.26 Not Removed
 ** Low Diagonal of genotype 65  0.46 Not Removed
 ** Low Diagonal of genotype 66  0.58 Not Removed
 ** Low Diagonal of genotype 67  0.60 Not Removed
 ** Low Diagonal of genotype 68  0.55 Not Removed
 ** Low Diagonal of genotype 69  0.55 Not Removed
 ** Low Diagonal of genotype 70  0.43 Not Removed
 ** Low Diagonal of genotype 71  0.54 Not Removed
 ** Low Diagonal of genotype 72  0.56 Not Removed
 ** Low Diagonal of genotype 73  0.50 Not Removed
 ** Low Diagonal of genotype 74  0.55 Not Removed
 ** Low Diagonal of genotype 75  0.45 Not Removed
 ** Low Diagonal of genotype 76  0.45 Not Removed
 ** Low Diagonal of genotype 77  0.38 Not Removed
 ** Low Diagonal of genotype 78  0.51 Not Removed
 ** Low Diagonal of genotype 79  0.55 Not Removed
 ** Low Diagonal of genotype 80  0.55 Not Removed
 ** Low Diagonal of genotype 81  0.55 Not Removed
 ** Low Diagonal of genotype 82  0.48 Not Removed
 ** Low Diagonal of genotype 83  0.49 Not Removed
 ** Low Diagonal of genotype 84  0.57 Not Removed
 ** Low Diagonal of genotype 85  0.56 Not Removed
 ** Low Diagonal of genotype 86  0.52 Not Removed
 ** Low Diagonal of genotype 87  0.54 Not Removed
 ** Low Diagonal of genotype 88  0.54 Not Removed
 ** Low Diagonal of genotype 89  0.47 Not Removed
 ** Low Diagonal of genotype 90  0.53 Not Removed
 ** Low Diagonal of genotype 91  0.54 Not Removed
 ** Low Diagonal of genotype 92  0.58 Not Removed
 ** Low Diagonal of genotype 93  0.53 Not Removed
 ** Low Diagonal of genotype 94  0.53 Not Removed
 ** Low Diagonal of genotype 95  0.55 Not Removed
 ** Low Diagonal of genotype 96  0.44 Not Removed
 ** Low Diagonal of genotype 97  0.54 Not Removed
 ** Low Diagonal of genotype 98  0.58 Not Removed
 ** Low Diagonal of genotype 99  0.54 Not Removed
 ** Low Diagonal of genotype 100  0.54 Not Removed
 ** Low Diagonal of genotype 101  0.31 Not Removed
 ** Low Diagonal of genotype 102  0.60 Not Removed
 ** Low Diagonal of genotype 103  0.55 Not Removed
 ** Low Diagonal of genotype 104  0.01 Not Removed
 ** Low Diagonal of genotype 105  0.50 Not Removed
 ** Low Diagonal of genotype 106  0.55 Not Removed
 ** Low Diagonal of genotype 107  0.56 Not Removed
 ** Low Diagonal of genotype 108  0.53 Not Removed
 ** Low Diagonal of genotype 109  0.56 Not Removed
 ** Low Diagonal of genotype 110  0.57 Not Removed
 ** Low Diagonal of genotype 111  0.56 Not Removed
 ** Low Diagonal of genotype 112  0.23 Not Removed
 ** Low Diagonal of genotype 113  0.56 Not Removed
 ** Low Diagonal of genotype 114  0.54 Not Removed
 ** Low Diagonal of genotype 115  0.55 Not Removed
 ** Low Diagonal of genotype 116  0.55 Not Removed
 ** Low Diagonal of genotype 117  0.54 Not Removed
 ** Low Diagonal of genotype 118  0.31 Not Removed
 ** Low Diagonal of genotype 119  0.51 Not Removed
 ** Low Diagonal of genotype 120  0.08 Not Removed
 ** Low Diagonal of genotype 121  0.53 Not Removed
 ** Low Diagonal of genotype 122  0.49 Not Removed
 ** Low Diagonal of genotype 123  0.38 Not Removed
 ** Low Diagonal of genotype 124  0.52 Not Removed
 ** Low Diagonal of genotype 125  0.38 Not Removed
 ** Low Diagonal of genotype 126  0.24 Not Removed
 ** Low Diagonal of genotype 127  0.54 Not Removed
 ** Low Diagonal of genotype 128  0.43 Not Removed
 ** Low Diagonal of genotype 129  0.43 Not Removed
 ** Low Diagonal of genotype 130  0.56 Not Removed
 ** Low Diagonal of genotype 131  0.35 Not Removed
 ** Low Diagonal of genotype 132  0.35 Not Removed
 ** Low Diagonal of genotype 133  0.49 Not Removed
 ** Low Diagonal of genotype 134  0.58 Not Removed
 ** Low Diagonal of genotype 135  0.44 Not Removed
 ** Low Diagonal of genotype 136  0.55 Not Removed
 ** Low Diagonal of genotype 137  0.44 Not Removed
 ** Low Diagonal of genotype 138  0.34 Not Removed
 ** Low Diagonal of genotype 139  0.56 Not Removed
 ** Low Diagonal of genotype 140  0.36 Not Removed
 ** Low Diagonal of genotype 141  0.52 Not Removed
 ** Low Diagonal of genotype 142  0.49 Not Removed
 ** Low Diagonal of genotype 143  0.52 Not Removed
 ** Low Diagonal of genotype 144  0.54 Not Removed
 ** Low Diagonal of genotype 145  0.55 Not Removed
 ** Low Diagonal of genotype 146  0.57 Not Removed
 ** Low Diagonal of genotype 147  0.52 Not Removed
 ** Low Diagonal of genotype 148  0.58 Not Removed
 ** Low Diagonal of genotype 149  0.53 Not Removed
 ** Low Diagonal of genotype 150  0.55 Not Removed
 ** Low Diagonal of genotype 151  0.57 Not Removed
 ** Low Diagonal of genotype 152  0.57 Not Removed
 ** Low Diagonal of genotype 153  0.39 Not Removed
 ** Low Diagonal of genotype 154  0.41 Not Removed
 ** Low Diagonal of genotype 155  0.35 Not Removed
 ** Low Diagonal of genotype 156  0.58 Not Removed
 ** Low Diagonal of genotype 157  0.43 Not Removed
 ** Low Diagonal of genotype 158  0.49 Not Removed
 ** Low Diagonal of genotype 159  0.55 Not Removed
 ** Low Diagonal of genotype 160  0.48 Not Removed
 ** Low Diagonal of genotype 161  0.53 Not Removed
 ** Low Diagonal of genotype 162  0.54 Not Removed
 ** Low Diagonal of genotype 163  0.53 Not Removed
 ** Low Diagonal of genotype 164  0.55 Not Removed
 ** Low Diagonal of genotype 165  0.46 Not Removed
 ** Low Diagonal of genotype 166  0.54 Not Removed
 ** Low Diagonal of genotype 167  0.61 Not Removed
 ** Low Diagonal of genotype 168  0.50 Not Removed
 ** Low Diagonal of genotype 169  0.44 Not Removed
 ** Low Diagonal of genotype 170  0.41 Not Removed
 ** Low Diagonal of genotype 171  0.56 Not Removed
 ** Low Diagonal of genotype 172  0.42 Not Removed
 ** Low Diagonal of genotype 173  0.55 Not Removed
 ** Low Diagonal of genotype 174  0.54 Not Removed
 ** Low Diagonal of genotype 175  0.51 Not Removed
 ** Low Diagonal of genotype 176  0.57 Not Removed
 ** Low Diagonal of genotype 177  0.42 Not Removed
 ** Low Diagonal of genotype 178  0.48 Not Removed
 ** Low Diagonal of genotype 179  0.57 Not Removed
 ** Low Diagonal of genotype 180  0.54 Not Removed
 ** Low Diagonal of genotype 181  0.60 Not Removed
 ** Low Diagonal of genotype 182  0.47 Not Removed
 ** Low Diagonal of genotype 183  0.55 Not Removed
 ** Low Diagonal of genotype 184  0.49 Not Removed
 ** Low Diagonal of genotype 185  0.53 Not Removed
 ** Low Diagonal of genotype 186  0.53 Not Removed
 ** Low Diagonal of genotype 187  0.53 Not Removed
 ** Low Diagonal of genotype 188  0.10 Not Removed
 ** Low Diagonal of genotype 189  0.48 Not Removed
 ** Low Diagonal of genotype 190  0.54 Not Removed
 ** Low Diagonal of genotype 191  0.51 Not Removed
 ** Low Diagonal of genotype 192  0.54 Not Removed
 ** Low Diagonal of genotype 193  0.53 Not Removed
 ** Low Diagonal of genotype 194  0.54 Not Removed
 ** Low Diagonal of genotype 195  0.57 Not Removed
 ** Low Diagonal of genotype 196  0.53 Not Removed
 ** Low Diagonal of genotype 197  0.53 Not Removed
 ** Low Diagonal of genotype 198  0.50 Not Removed
 ** Low Diagonal of genotype 199  0.56 Not Removed
 ** Low Diagonal of genotype 200  0.56 Not Removed
 ** Low Diagonal of genotype 201  0.53 Not Removed
 ** Low Diagonal of genotype 202  0.54 Not Removed
 ** Low Diagonal of genotype 203  0.47 Not Removed
 ** Low Diagonal of genotype 204  0.45 Not Removed
 ** Low Diagonal of genotype 205  0.56 Not Removed
 ** Low Diagonal of genotype 206  0.44 Not Removed
 ** Low Diagonal of genotype 207  0.51 Not Removed
 ** Low Diagonal of genotype 208  0.54 Not Removed
 ** Low Diagonal of genotype 209  0.52 Not Removed
 ** Low Diagonal of genotype 210  0.53 Not Removed
 ** Low Diagonal of genotype 211  0.47 Not Removed
 ** Low Diagonal of genotype 212  0.42 Not Removed
 ** Low Diagonal of genotype 213  0.49 Not Removed
 ** Low Diagonal of genotype 214  0.45 Not Removed
 ** Low Diagonal of genotype 215  0.48 Not Removed
 ** Low Diagonal of genotype 216  0.53 Not Removed
 ** Low Diagonal of genotype 217  0.45 Not Removed
 ** Low Diagonal of genotype 218  0.51 Not Removed
 ** Low Diagonal of genotype 219  0.50 Not Removed
 ** Low Diagonal of genotype 220  0.47 Not Removed
 ** Low Diagonal of genotype 221  0.55 Not Removed
 ** Low Diagonal of genotype 222  0.40 Not Removed
 ** Low Diagonal of genotype 223  0.49 Not Removed
 ** Low Diagonal of genotype 224  0.53 Not Removed
 ** Low Diagonal of genotype 225  0.58 Not Removed
 ** Low Diagonal of genotype 226  0.52 Not Removed
 ** Low Diagonal of genotype 227  0.57 Not Removed
 ** Low Diagonal of genotype 228  0.55 Not Removed
 ** Low Diagonal of genotype 229  0.56 Not Removed
 ** Low Diagonal of genotype 230  0.51 Not Removed
 ** Low Diagonal of genotype 231  0.51 Not Removed
 ** Low Diagonal of genotype 232  0.34 Not Removed
 ** Low Diagonal of genotype 233  0.01 Not Removed
 ** Low Diagonal of genotype 234  0.48 Not Removed
 ** Low Diagonal of genotype 235  0.56 Not Removed
 ** Low Diagonal of genotype 236  0.43 Not Removed
 ** Low Diagonal of genotype 237  0.47 Not Removed
 ** Low Diagonal of genotype 238  0.51 Not Removed
 ** Low Diagonal of genotype 239  0.54 Not Removed
 ** Low Diagonal of genotype 240  0.53 Not Removed
 ** Low Diagonal of genotype 241  0.53 Not Removed
 ** Low Diagonal of genotype 242  0.40 Not Removed
 ** Low Diagonal of genotype 243  0.48 Not Removed
 ** Low Diagonal of genotype 244  0.47 Not Removed
 ** Low Diagonal of genotype 245  0.46 Not Removed
 ** Low Diagonal of genotype 246  0.52 Not Removed
 ** Low Diagonal of genotype 247  0.39 Not Removed
 ** Low Diagonal of genotype 248  0.46 Not Removed
 ** Low Diagonal of genotype 249  0.54 Not Removed
 ** Low Diagonal of genotype 250  0.59 Not Removed
 ** Low Diagonal of genotype 251  0.53 Not Removed
 ** Low Diagonal of genotype 252  0.50 Not Removed
 ** Low Diagonal of genotype 253  0.55 Not Removed
 ** Low Diagonal of genotype 254  0.53 Not Removed
 ** Low Diagonal of genotype 255  0.52 Not Removed
 ** Low Diagonal of genotype 256  0.53 Not Removed
 ** Low Diagonal of genotype 257  0.57 Not Removed
 ** Low Diagonal of genotype 258  0.52 Not Removed
 ** Low Diagonal of genotype 259  0.47 Not Removed
 ** Low Diagonal of genotype 260  0.54 Not Removed
 ** Low Diagonal of genotype 261  0.43 Not Removed
 ** Low Diagonal of genotype 262  0.57 Not Removed
 ** Low Diagonal of genotype 263  0.54 Not Removed
 ** Low Diagonal of genotype 264  0.46 Not Removed
 ** Low Diagonal of genotype 265  0.52 Not Removed
 ** Low Diagonal of genotype 266  0.49 Not Removed
 ** Low Diagonal of genotype 267  0.50 Not Removed
 ** Low Diagonal of genotype 268  0.56 Not Removed
 ** Low Diagonal of genotype 269  0.54 Not Removed
 ** Low Diagonal of genotype 270  0.57 Not Removed
 ** Low Diagonal of genotype 271  0.41 Not Removed
 ** Low Diagonal of genotype 272  0.57 Not Removed
 ** Low Diagonal of genotype 273  0.53 Not Removed
 ** Low Diagonal of genotype 274  0.54 Not Removed
 ** Low Diagonal of genotype 275  0.50 Not Removed
 ** Low Diagonal of genotype 276  0.56 Not Removed
 ** Low Diagonal of genotype 277  0.52 Not Removed
 ** Low Diagonal of genotype 278  0.52 Not Removed
 ** Low Diagonal of genotype 279  0.53 Not Removed
 ** Low Diagonal of genotype 280  0.55 Not Removed
 ** Low Diagonal of genotype 281  0.53 Not Removed
 ** Low Diagonal of genotype 282  0.58 Not Removed
 ** Low Diagonal of genotype 283  0.55 Not Removed
 ** Low Diagonal of genotype 284  0.47 Not Removed
 ** Low Diagonal of genotype 285  0.48 Not Removed
 ** Low Diagonal of genotype 286  0.44 Not Removed
 ** Low Diagonal of genotype 287  0.55 Not Removed
 ** Low Diagonal of genotype 288  0.56 Not Removed
 ** Low Diagonal of genotype 289  0.55 Not Removed
 ** Low Diagonal of genotype 290  0.55 Not Removed
 ** Low Diagonal of genotype 291  0.52 Not Removed
 ** Low Diagonal of genotype 292  0.54 Not Removed
 ** Low Diagonal of genotype 293  0.53 Not Removed
 ** Low Diagonal of genotype 294  0.60 Not Removed
 ** Low Diagonal of genotype 295  0.48 Not Removed
 ** Low Diagonal of genotype 296  0.56 Not Removed
 ** Low Diagonal of genotype 297  0.51 Not Removed
 ** Low Diagonal of genotype 298  0.52 Not Removed
 ** Low Diagonal of genotype 299  0.57 Not Removed
 ** Low Diagonal of genotype 300  0.51 Not Removed
 ** Low Diagonal of genotype 301  0.54 Not Removed
 ** Low Diagonal of genotype 302  0.41 Not Removed
 ** Low Diagonal of genotype 303  0.37 Not Removed
 ** Low Diagonal of genotype 304  0.45 Not Removed
 ** Low Diagonal of genotype 305  0.54 Not Removed
 ** Low Diagonal of genotype 306  0.56 Not Removed
 ** Low Diagonal of genotype 307  0.44 Not Removed
 ** Low Diagonal of genotype 308  0.55 Not Removed
 ** Low Diagonal of genotype 309  0.54 Not Removed
 ** Low Diagonal of genotype 310  0.53 Not Removed
 ** Low Diagonal of genotype 311  0.56 Not Removed
 ** Low Diagonal of genotype 312  0.56 Not Removed
 ** Low Diagonal of genotype 313  0.55 Not Removed
 ** Low Diagonal of genotype 314  0.42 Not Removed
 ** Low Diagonal of genotype 315  0.55 Not Removed
 ** Low Diagonal of genotype 316  0.53 Not Removed
 ** Low Diagonal of genotype 317  0.51 Not Removed
 ** Low Diagonal of genotype 318  0.47 Not Removed
 ** Low Diagonal of genotype 319  0.45 Not Removed
 ** Low Diagonal of genotype 320  0.58 Not Removed
 ** Low Diagonal of genotype 321  0.58 Not Removed
 ** Low Diagonal of genotype 322  0.54 Not Removed
 ** Low Diagonal of genotype 323  0.54 Not Removed
 ** Low Diagonal of genotype 324  0.53 Not Removed
 ** Low Diagonal of genotype 325  0.54 Not Removed
 ** Low Diagonal of genotype 326  0.45 Not Removed
 ** Low Diagonal of genotype 327  0.53 Not Removed
 ** Low Diagonal of genotype 328  0.56 Not Removed
 ** Low Diagonal of genotype 329  0.52 Not Removed
 ** Low Diagonal of genotype 330  0.55 Not Removed
 ** Low Diagonal of genotype 331  0.55 Not Removed
 ** Low Diagonal of genotype 332  0.53 Not Removed
 ** Low Diagonal of genotype 333  0.56 Not Removed
 ** Low Diagonal of genotype 334  0.55 Not Removed
 ** Low Diagonal of genotype 335  0.55 Not Removed
 ** Low Diagonal of genotype 336  0.57 Not Removed
 ** Low Diagonal of genotype 337  0.52 Not Removed
 ** Low Diagonal of genotype 338  0.54 Not Removed
 ** Low Diagonal of genotype 339  0.51 Not Removed
 ** Low Diagonal of genotype 340  0.57 Not Removed
 ** Low Diagonal of genotype 341  0.51 Not Removed
 ** Low Diagonal of genotype 342  0.57 Not Removed
 ** Low Diagonal of genotype 343  0.55 Not Removed
 ** Low Diagonal of genotype 344  0.55 Not Removed
 ** Low Diagonal of genotype 345  0.55 Not Removed
 ** Low Diagonal of genotype 346  0.55 Not Removed
 ** Low Diagonal of genotype 347  0.59 Not Removed
 ** Low Diagonal of genotype 348  0.54 Not Removed
 ** Low Diagonal of genotype 349  0.54 Not Removed
 ** Low Diagonal of genotype 350  0.54 Not Removed
 ** Low Diagonal of genotype 351  0.56 Not Removed
 ** Low Diagonal of genotype 352  0.56 Not Removed
 ** Low Diagonal of genotype 353  0.56 Not Removed
 ** Low Diagonal of genotype 354  0.54 Not Removed
 ** Low Diagonal of genotype 355  0.53 Not Removed
 ** Low Diagonal of genotype 356  0.60 Not Removed
 ** Low Diagonal of genotype 357  0.52 Not Removed
 ** Low Diagonal of genotype 358  0.57 Not Removed
 ** Low Diagonal of genotype 359  0.55 Not Removed
 ** Low Diagonal of genotype 360  0.53 Not Removed
 ** Low Diagonal of genotype 361  0.54 Not Removed
 ** Low Diagonal of genotype 362  0.51 Not Removed
 ** Low Diagonal of genotype 363  0.45 Not Removed
 ** Low Diagonal of genotype 364  0.55 Not Removed
 ** Low Diagonal of genotype 365  0.55 Not Removed
 ** Low Diagonal of genotype 366  0.58 Not Removed
 ** Low Diagonal of genotype 367  0.49 Not Removed
 ** Low Diagonal of genotype 368  0.58 Not Removed
 ** Low Diagonal of genotype 369  0.56 Not Removed
 ** Low Diagonal of genotype 370  0.58 Not Removed
 ** Low Diagonal of genotype 371  0.55 Not Removed
 ** Low Diagonal of genotype 372  0.55 Not Removed
 ** Low Diagonal of genotype 373  0.54 Not Removed
 ** Low Diagonal of genotype 374  0.50 Not Removed
 ** Low Diagonal of genotype 375  0.54 Not Removed
 ** Low Diagonal of genotype 376  0.54 Not Removed
 ** Low Diagonal of genotype 377  0.60 Not Removed
 ** Low Diagonal of genotype 378  0.50 Not Removed
 ** Low Diagonal of genotype 379  0.51 Not Removed
 ** Low Diagonal of genotype 380  0.48 Not Removed
 ** Low Diagonal of genotype 381  0.54 Not Removed
 ** Low Diagonal of genotype 382  0.54 Not Removed
 ** Low Diagonal of genotype 383  0.55 Not Removed
 ** Low Diagonal of genotype 384  0.41 Not Removed
 ** Low Diagonal of genotype 385  0.52 Not Removed
 ** Low Diagonal of genotype 386  0.54 Not Removed
 ** Low Diagonal of genotype 387  0.57 Not Removed
 ** Low Diagonal of genotype 388  0.56 Not Removed
 ** Low Diagonal of genotype 389  0.58 Not Removed
 ** Low Diagonal of genotype 390  0.53 Not Removed
 ** Low Diagonal of genotype 391  0.53 Not Removed
 ** Low Diagonal of genotype 392  0.56 Not Removed
 ** Low Diagonal of genotype 393  0.56 Not Removed
 ** Low Diagonal of genotype 394  0.53 Not Removed
 ** Low Diagonal of genotype 395  0.47 Not Removed
 ** Low Diagonal of genotype 396  0.41 Not Removed
 ** Low Diagonal of genotype 397  0.54 Not Removed
 ** Low Diagonal of genotype 398  0.58 Not Removed
 ** Low Diagonal of genotype 399  0.53 Not Removed
 ** Low Diagonal of genotype 400  0.42 Not Removed
 ** Low Diagonal of genotype 401  0.57 Not Removed
 ** Low Diagonal of genotype 402  0.51 Not Removed
 ** Low Diagonal of genotype 403  0.59 Not Removed
 ** Low Diagonal of genotype 404  0.54 Not Removed
 ** Low Diagonal of genotype 405  0.56 Not Removed
 ** Low Diagonal of genotype 406  0.61 Not Removed
 ** Low Diagonal of genotype 407  0.48 Not Removed
 ** Low Diagonal of genotype 408  0.50 Not Removed
 ** Low Diagonal of genotype 409  0.52 Not Removed
 ** Low Diagonal of genotype 410  0.57 Not Removed
 ** Low Diagonal of genotype 411  0.54 Not Removed
 ** Low Diagonal of genotype 412  0.45 Not Removed
 ** Low Diagonal of genotype 413  0.60 Not Removed
 ** Low Diagonal of genotype 414  0.51 Not Removed
 ** Low Diagonal of genotype 415  0.56 Not Removed
 ** Low Diagonal of genotype 416  0.56 Not Removed
 ** Low Diagonal of genotype 417  0.56 Not Removed
 ** Low Diagonal of genotype 418  0.52 Not Removed
 ** Low Diagonal of genotype 419  0.51 Not Removed
 ** Low Diagonal of genotype 420  0.49 Not Removed
 ** Low Diagonal of genotype 421  0.53 Not Removed
 ** Low Diagonal of genotype 422  0.58 Not Removed
 ** Low Diagonal of genotype 423  0.56 Not Removed
 ** Low Diagonal of genotype 424  0.62 Not Removed
 ** Low Diagonal of genotype 425  0.57 Not Removed
 ** Low Diagonal of genotype 426  0.53 Not Removed
 ** Low Diagonal of genotype 427  0.61 Not Removed
 ** Low Diagonal of genotype 428  0.56 Not Removed
 ** Low Diagonal of genotype 429  0.54 Not Removed
 ** Low Diagonal of genotype 430  0.51 Not Removed
 ** Low Diagonal of genotype 431  0.50 Not Removed
 ** Low Diagonal of genotype 432  0.49 Not Removed
 ** Low Diagonal of genotype 433  0.55 Not Removed
 ** Low Diagonal of genotype 434  0.54 Not Removed
 ** Low Diagonal of genotype 435  0.54 Not Removed
 ** Low Diagonal of genotype 436  0.55 Not Removed
 ** Low Diagonal of genotype 437  0.53 Not Removed
 ** Low Diagonal of genotype 438  0.60 Not Removed
 ** Low Diagonal of genotype 439  0.56 Not Removed
 ** Low Diagonal of genotype 440  0.57 Not Removed
 ** Low Diagonal of genotype 441  0.56 Not Removed
 ** Low Diagonal of genotype 442  0.61 Not Removed
 ** Low Diagonal of genotype 443  0.51 Not Removed
 ** Low Diagonal of genotype 444  0.45 Not Removed
 ** Low Diagonal of genotype 445  0.56 Not Removed
 ** Low Diagonal of genotype 446  0.55 Not Removed
 ** Low Diagonal of genotype 447  0.53 Not Removed
 ** Low Diagonal of genotype 448  0.62 Not Removed
 ** Low Diagonal of genotype 449  0.57 Not Removed
 ** Low Diagonal of genotype 450  0.55 Not Removed
 ** Low Diagonal of genotype 451  0.34 Not Removed
 ** Low Diagonal of genotype 452  0.55 Not Removed
 ** Low Diagonal of genotype 453  0.56 Not Removed
 ** Low Diagonal of genotype 454  0.59 Not Removed
 ** Low Diagonal of genotype 455  0.50 Not Removed
 ** Low Diagonal of genotype 456  0.54 Not Removed
 ** Low Diagonal of genotype 457  0.53 Not Removed
 ** Low Diagonal of genotype 458  0.56 Not Removed
 ** Low Diagonal of genotype 459  0.56 Not Removed
 ** Low Diagonal of genotype 460  0.55 Not Removed
 ** Low Diagonal of genotype 461  0.53 Not Removed
 ** Low Diagonal of genotype 462  0.53 Not Removed
 ** Low Diagonal of genotype 463  0.56 Not Removed
 ** Low Diagonal of genotype 464  0.55 Not Removed
 ** Low Diagonal of genotype 465  0.54 Not Removed
 ** Low Diagonal of genotype 466  0.57 Not Removed
 ** Low Diagonal of genotype 467  0.48 Not Removed
 ** Low Diagonal of genotype 468  0.52 Not Removed
 ** Low Diagonal of genotype 469  0.51 Not Removed
 ** Low Diagonal of genotype 470  0.52 Not Removed
 ** Low Diagonal of genotype 471  0.54 Not Removed
 ** Low Diagonal of genotype 472  0.52 Not Removed
 ** Low Diagonal of genotype 473  0.54 Not Removed
 ** Low Diagonal of genotype 474  0.51 Not Removed
 ** Low Diagonal of genotype 475  0.56 Not Removed
 ** Low Diagonal of genotype 476  0.53 Not Removed
 ** Low Diagonal of genotype 477  0.53 Not Removed
 ** Low Diagonal of genotype 478  0.55 Not Removed
 ** Low Diagonal of genotype 479  0.46 Not Removed
 ** Low Diagonal of genotype 480  0.32 Not Removed
 ** Low Diagonal of genotype 481  0.57 Not Removed
 ** Low Diagonal of genotype 482  0.53 Not Removed
 ** Low Diagonal of genotype 483  0.51 Not Removed
 ** Low Diagonal of genotype 484  0.52 Not Removed
 ** Low Diagonal of genotype 485  0.55 Not Removed
 ** Low Diagonal of genotype 486  0.57 Not Removed
 ** Low Diagonal of genotype 487  0.53 Not Removed
 ** Low Diagonal of genotype 488  0.57 Not Removed
 ** Low Diagonal of genotype 489  0.56 Not Removed
 ** Low Diagonal of genotype 490  0.57 Not Removed
 ** Low Diagonal of genotype 491  0.53 Not Removed
 ** Low Diagonal of genotype 492  0.60 Not Removed
 ** Low Diagonal of genotype 493  0.55 Not Removed
 ** Low Diagonal of genotype 494  0.47 Not Removed
 ** Low Diagonal of genotype 495  0.55 Not Removed
 ** Low Diagonal of genotype 496  0.50 Not Removed
 ** Low Diagonal of genotype 497  0.53 Not Removed
 ** Low Diagonal of genotype 498  0.58 Not Removed
 ** Low Diagonal of genotype 499  0.56 Not Removed
 ** Low Diagonal of genotype 500  0.57 Not Removed
 ** Low Diagonal of genotype 501  0.55 Not Removed
 ** Low Diagonal of genotype 502  0.44 Not Removed
 ** Low Diagonal of genotype 503  0.50 Not Removed
 ** Low Diagonal of genotype 504  0.21 Not Removed
 ** Low Diagonal of genotype 505  0.54 Not Removed
 ** Low Diagonal of genotype 506  0.51 Not Removed
 ** Low Diagonal of genotype 507  0.53 Not Removed
 ** Low Diagonal of genotype 508  0.55 Not Removed
 ** Low Diagonal of genotype 509  0.56 Not Removed
 ** Low Diagonal of genotype 510  0.56 Not Removed
 ** Low Diagonal of genotype 511  0.54 Not Removed
 ** Low Diagonal of genotype 512  0.53 Not Removed
 ** Low Diagonal of genotype 513  0.58 Not Removed
 ** Low Diagonal of genotype 514  0.56 Not Removed
 ** Low Diagonal of genotype 515  0.51 Not Removed
 ** Low Diagonal of genotype 516  0.54 Not Removed
 ** Low Diagonal of genotype 517  0.01 Not Removed
 ** Low Diagonal of genotype 518  0.52 Not Removed
 ** Low Diagonal of genotype 519  0.58 Not Removed
 ** Low Diagonal of genotype 520  0.53 Not Removed
 ** Low Diagonal of genotype 521  0.55 Not Removed
 ** Low Diagonal of genotype 522  0.54 Not Removed
 ** Low Diagonal of genotype 523  0.57 Not Removed
 ** Low Diagonal of genotype 524  0.52 Not Removed
 ** Low Diagonal of genotype 525  0.56 Not Removed
 ** Low Diagonal of genotype 526  0.38 Not Removed
 ** Low Diagonal of genotype 527  0.57 Not Removed
 ** Low Diagonal of genotype 528  0.54 Not Removed
 ** Low Diagonal of genotype 529  0.57 Not Removed
 ** Low Diagonal of genotype 530  0.54 Not Removed
 ** Low Diagonal of genotype 531  0.52 Not Removed
 ** Low Diagonal of genotype 532  0.57 Not Removed
 ** Low Diagonal of genotype 533  0.56 Not Removed
 ** Low Diagonal of genotype 534  0.59 Not Removed
 ** Low Diagonal of genotype 535  0.53 Not Removed
 ** Low Diagonal of genotype 536  0.53 Not Removed
 ** Low Diagonal of genotype 537  0.55 Not Removed
 ** Low Diagonal of genotype 538  0.56 Not Removed
 ** Low Diagonal of genotype 539  0.54 Not Removed
 ** Low Diagonal of genotype 540  0.54 Not Removed
 ** Low Diagonal of genotype 541  0.48 Not Removed
 ** Low Diagonal of genotype 542  0.41 Not Removed
 ** Low Diagonal of genotype 543  0.58 Not Removed
 ** Low Diagonal of genotype 544  0.54 Not Removed
 ** Low Diagonal of genotype 545  0.58 Not Removed
 ** Low Diagonal of genotype 546  0.58 Not Removed
 ** Low Diagonal of genotype 547  0.54 Not Removed
 ** Low Diagonal of genotype 548  0.59 Not Removed
 ** Low Diagonal of genotype 549  0.52 Not Removed
 ** Low Diagonal of genotype 550  0.51 Not Removed
 ** Low Diagonal of genotype 551  0.51 Not Removed
 ** Low Diagonal of genotype 552  0.51 Not Removed
 ** Low Diagonal of genotype 553  0.54 Not Removed
 ** Low Diagonal of genotype 554  0.50 Not Removed
 ** Low Diagonal of genotype 555  0.54 Not Removed
 ** Low Diagonal of genotype 556  0.53 Not Removed
 ** Low Diagonal of genotype 557  0.56 Not Removed
 ** Low Diagonal of genotype 558  0.56 Not Removed
 ** Low Diagonal of genotype 559  0.55 Not Removed
 ** Low Diagonal of genotype 560  0.56 Not Removed
 ** Low Diagonal of genotype 561  0.53 Not Removed
 ** Low Diagonal of genotype 562  0.46 Not Removed
 ** Low Diagonal of genotype 563  0.43 Not Removed
 ** Low Diagonal of genotype 564  0.58 Not Removed
 ** Low Diagonal of genotype 565  0.50 Not Removed
 ** Low Diagonal of genotype 566  0.51 Not Removed
 ** Low Diagonal of genotype 567  0.53 Not Removed
 ** Low Diagonal of genotype 568  0.55 Not Removed
 ** Low Diagonal of genotype 569  0.57 Not Removed
 ** Low Diagonal of genotype 570  0.54 Not Removed
 ** Low Diagonal of genotype 571  0.57 Not Removed
 ** Low Diagonal of genotype 572  0.53 Not Removed
 ** Low Diagonal of genotype 573  0.58 Not Removed
 ** Low Diagonal of genotype 574  0.54 Not Removed
 ** Low Diagonal of genotype 575  0.36 Not Removed
 ** Low Diagonal of genotype 576  0.34 Not Removed
 ** Low Diagonal of genotype 577  0.34 Not Removed
 ** Low Diagonal of genotype 578  0.48 Not Removed
 ** Low Diagonal of genotype 579  0.59 Not Removed
 ** Low Diagonal of genotype 580  0.57 Not Removed
 ** Low Diagonal of genotype 581  0.42 Not Removed
 ** Low Diagonal of genotype 582  0.49 Not Removed
 ** Low Diagonal of genotype 583  0.57 Not Removed
 ** Low Diagonal of genotype 584  0.45 Not Removed
 ** Low Diagonal of genotype 585  0.58 Not Removed
 ** Low Diagonal of genotype 586  0.37 Not Removed
 ** Low Diagonal of genotype 587  0.55 Not Removed
 ** Low Diagonal of genotype 588  0.57 Not Removed
 ** Low Diagonal of genotype 589  0.57 Not Removed
 ** Low Diagonal of genotype 590  0.43 Not Removed
 ** Low Diagonal of genotype 591  0.48 Not Removed
 ** Low Diagonal of genotype 592  0.47 Not Removed
 ** Low Diagonal of genotype 593  0.55 Not Removed
 ** Low Diagonal of genotype 594  0.45 Not Removed
 ** Low Diagonal of genotype 595  0.32 Not Removed
 ** Low Diagonal of genotype 596  0.52 Not Removed
 ** Low Diagonal of genotype 597  0.48 Not Removed
 ** Low Diagonal of genotype 598  0.38 Not Removed
 ** Low Diagonal of genotype 599  0.32 Not Removed
 ** Low Diagonal of genotype 600  0.51 Not Removed
 ** Low Diagonal of genotype 601  0.37 Not Removed
 ** Low Diagonal of genotype 602  0.53 Not Removed
 ** Low Diagonal of genotype 603  0.56 Not Removed
 ** Low Diagonal of genotype 604  0.39 Not Removed
 ** Low Diagonal of genotype 605  0.57 Not Removed
 ** Low Diagonal of genotype 606  0.64 Not Removed
 ** Low Diagonal of genotype 607  0.56 Not Removed
 ** Low Diagonal of genotype 608  0.52 Not Removed
 ** Low Diagonal of genotype 609  0.51 Not Removed
 ** Low Diagonal of genotype 610  0.35 Not Removed
 ** Low Diagonal of genotype 611  0.57 Not Removed
 ** Low Diagonal of genotype 612  0.28 Not Removed
 ** Low Diagonal of genotype 613  0.55 Not Removed
 ** Low Diagonal of genotype 614  0.48 Not Removed
 ** Low Diagonal of genotype 615  0.48 Not Removed
 ** Low Diagonal of genotype 616  0.49 Not Removed
 ** Low Diagonal of genotype 617  0.54 Not Removed
 ** Low Diagonal of genotype 618  0.50 Not Removed
 ** Low Diagonal of genotype 619  0.49 Not Removed
 ** Low Diagonal of genotype 620  0.54 Not Removed
 ** Low Diagonal of genotype 621  0.43 Not Removed
 ** Low Diagonal of genotype 622  0.40 Not Removed
 ** Low Diagonal of genotype 623  0.55 Not Removed
 ** Low Diagonal of genotype 624  0.31 Not Removed
 ** Low Diagonal of genotype 625  0.44 Not Removed
 ** Low Diagonal of genotype 626  0.51 Not Removed
 ** Low Diagonal of genotype 627  0.53 Not Removed
 ** Low Diagonal of genotype 628  0.49 Not Removed
 ** Low Diagonal of genotype 629  0.52 Not Removed
 ** Low Diagonal of genotype 630  0.55 Not Removed
 ** Low Diagonal of genotype 631  0.54 Not Removed
 ** Low Diagonal of genotype 632  0.52 Not Removed
 ** Low Diagonal of genotype 633  0.49 Not Removed
 ** Low Diagonal of genotype 634  0.51 Not Removed
 ** Low Diagonal of genotype 635  0.56 Not Removed
 ** Low Diagonal of genotype 636  0.41 Not Removed
 ** Low Diagonal of genotype 637  0.48 Not Removed
 ** Low Diagonal of genotype 638  0.49 Not Removed
 ** Low Diagonal of genotype 639  0.52 Not Removed
 ** Low Diagonal of genotype 640  0.55 Not Removed
 ** Low Diagonal of genotype 641  0.54 Not Removed
 ** Low Diagonal of genotype 642  0.55 Not Removed
 ** Low Diagonal of genotype 643  0.54 Not Removed
 ** Low Diagonal of genotype 644  0.55 Not Removed
 ** Low Diagonal of genotype 645  0.38 Not Removed
 ** Low Diagonal of genotype 646  0.56 Not Removed
 ** Low Diagonal of genotype 647  0.48 Not Removed
 ** Low Diagonal of genotype 648  0.52 Not Removed
 ** Low Diagonal of genotype 649  0.43 Not Removed
 ** Low Diagonal of genotype 650  0.54 Not Removed
 ** Low Diagonal of genotype 651  0.57 Not Removed
 ** Low Diagonal of genotype 652  0.55 Not Removed
 ** Low Diagonal of genotype 653  0.51 Not Removed
 ** Low Diagonal of genotype 654  0.52 Not Removed
 ** Low Diagonal of genotype 655  0.55 Not Removed
 ** Low Diagonal of genotype 656  0.55 Not Removed
 ** Low Diagonal of genotype 657  0.42 Not Removed
 ** Low Diagonal of genotype 658  0.42 Not Removed
 ** Low Diagonal of genotype 659  0.01 Not Removed
 ** Low Diagonal of genotype 660  0.53 Not Removed
 ** Low Diagonal of genotype 661  0.54 Not Removed
 ** Low Diagonal of genotype 662  0.56 Not Removed
 ** Low Diagonal of genotype 663  0.55 Not Removed
 ** Low Diagonal of genotype 664  0.58 Not Removed
 ** Low Diagonal of genotype 665  0.59 Not Removed
 ** Low Diagonal of genotype 666  0.54 Not Removed
 ** Low Diagonal of genotype 667  0.52 Not Removed
 ** Low Diagonal of genotype 668  0.49 Not Removed
 ** Low Diagonal of genotype 669  0.37 Not Removed
 ** Low Diagonal of genotype 670  0.38 Not Removed
 ** Low Diagonal of genotype 671  0.32 Not Removed
 ** Low Diagonal of genotype 672  0.51 Not Removed
 ** Low Diagonal of genotype 673  0.56 Not Removed
 ** Low Diagonal of genotype 674  0.60 Not Removed
 ** Low Diagonal of genotype 675  0.62 Not Removed
 ** Low Diagonal of genotype 676  0.47 Not Removed
 ** Low Diagonal of genotype 677  0.55 Not Removed
 ** Low Diagonal of genotype 678  0.50 Not Removed
 ** Low Diagonal of genotype 679  0.33 Not Removed
 ** Low Diagonal of genotype 680  0.47 Not Removed
 ** Low Diagonal of genotype 681  0.44 Not Removed
 ** Low Diagonal of genotype 682  0.55 Not Removed
 ** Low Diagonal of genotype 683  0.56 Not Removed
 ** Low Diagonal of genotype 684  0.55 Not Removed
 ** Low Diagonal of genotype 685  0.52 Not Removed
 ** Low Diagonal of genotype 686  0.59 Not Removed
 ** Low Diagonal of genotype 687  0.20 Not Removed
 ** Low Diagonal of genotype 688  0.24 Not Removed
 ** Low Diagonal of genotype 689  0.46 Not Removed
 ** Low Diagonal of genotype 690  0.55 Not Removed
 ** Low Diagonal of genotype 691  0.01 Not Removed
 ** Low Diagonal of genotype 692  0.60 Not Removed
 ** Low Diagonal of genotype 693  0.50 Not Removed
 ** Low Diagonal of genotype 694  0.61 Not Removed
 ** Low Diagonal of genotype 695  0.44 Not Removed
 ** Low Diagonal of genotype 696  0.34 Not Removed
 ** Low Diagonal of genotype 697  0.54 Not Removed
 ** Low Diagonal of genotype 698  0.58 Not Removed
 ** Low Diagonal of genotype 699  0.51 Not Removed
 ** Low Diagonal of genotype 700  0.53 Not Removed
 ** Low Diagonal of genotype 701  0.54 Not Removed
 ** Low Diagonal of genotype 702  0.59 Not Removed

 Check for diagonal of genomic relationship matrix, genotypes not removed: 702

 ------------------------------
  Final Pedigree-Based Matrix 
 ------------------------------
 
 Statistic of Rel. Matrix A22
                                N      Mean       Min       Max       Var
     Diagonal                 702     1.000     1.000     1.000     0.000
     Off-diagonal          492102     0.000     0.000     0.000     0.000
 

 ----------------------
  Final Genomic Matrix 
 ----------------------
 
 Statistic of Genomic Matrix
                                N      Mean       Min       Max       Var
     Diagonal                 702     0.509     0.010     1.925     0.011
     Off-diagonal          492102    -0.001    -0.096     0.511     0.001
 

 Correlation of Genomic Inbreeding and Pedigree Inbreeding
     Correlation:     0.0000
 
 Diagonal elements
    Estimating Regression Coefficients G = b0 11' + b1 A + e
    Regression coefficients b0 b1 =        NaN       NaN

    Correlation diagonal elements G & A       NaN
 
 All elements - Diagonal / Off-Diagonal
    Estimating Regression Coefficients G = b0 11' + b1 A + e
    Regression coefficients b0 b1 =     -0.001     0.510

    Correlation all elements G & A     0.557
 
 Off-Diagonal
    Using 0 elements from A22 >= .02000

    NO ELEMENTS to estimate statistics !!!

    Estimating Regression Coefficients G = b0 11' + b1 A + e
    Regression coefficients b0 b1 =      0.000     0.000

    Correlation Off-Diagonal elements G & A     0.000
 

 Creating A22-inverse 
    Inverse LAPACK MKL dpotrf/i  #threads=    1    4 Elapsed omp_get_time:     0.0543
 
 Adjusting A22-inverse : Omega * A22-inverse      0.000

 ----------------------
  Final A22 Inv Matrix 
 ----------------------
 
 Statistic of Inv. Rel. Matrix A22
                                N      Mean       Min       Max       Var
     Diagonal                 702     0.000     0.000     0.000     0.000
     Off-diagonal          492102     0.000     0.000     0.000     0.000
 
 
 Creating G-inverse 
    Inverse LAPACK MKL dpotrf/i  #threads=    1    4 Elapsed omp_get_time:     0.2178

 --------------------------
  Final Genomic Inv Matrix 
 --------------------------
 
 Statistic of Inv. Genomic Matrix
                                N      Mean       Min       Max       Var
     Diagonal                 702     4.612     0.530   100.000    99.800
     Off-diagonal          492102     0.126    -9.858     0.545     0.008
 

 Check for diagonal of Inverse Genomic - Inverse of pedigree relationship matrix


 ------------------------------
  Final G Inv - A22 Inv Matrix 
 ------------------------------
 
 Statistic of Inv. Genomic - A22 Matrix
                                N      Mean       Min       Max       Var
     Diagonal                 702     4.612     0.530   100.000    99.800
     Off-diagonal          492102     0.126    -9.858     0.545     0.008
 

*--------------------------------------------------*
* Setup Genomic Done !!!, elapsed time:     44.564 *
*--------------------------------------------------*

 wGimA22i   1.00000000000000     
hash matrix increased from            8192 to           16384 % filled:     0.8000
hash matrix increased from           16384 to           32768 % filled:     0.8000
hash matrix increased from           32768 to           65536 % filled:     0.8000
hash matrix increased from           65536 to          131072 % filled:     0.8000
hash matrix increased from          131072 to          262144 % filled:     0.8000
hash matrix increased from          262144 to          524288 % filled:     0.8000
hash matrix increased from            8192 to           16384 % filled:     0.8000
hash matrix increased from           16384 to           32768 % filled:     0.8000
hash matrix increased from           32768 to           65536 % filled:     0.8000
hash matrix increased from           65536 to          131072 % filled:     0.8000
hash matrix increased from          131072 to          262144 % filled:     0.8000
hash matrix increased from          262144 to          524288 % filled:     0.8000

finished peds (VCE) in 59.42 s,  247431 nonzeroes

 rank=         760
               **************
               **** FSPAK ***
               **************
               MPE / IM / MAE
                   Jun 1994

              SPARSE STATISTICS
      DIMENSION OF MATRIX     =                      809
      RANK                    =                      760
      STORAGE AVAILABLE       =                  1244349
      MAXIMUM NEEDED          =                  1244349
      NZE IN UPPER TRIANGULAR =                   248289
      NZE IN FACTOR           =                   246671
      NO. OF CALLS NUM FACT   =                        1
      NO. OF CALLS SOLVE      =                        1
      NO. OF CALLS SPARS SOLV =                        0
      NO. OF CALLS DET / LDET =                        1
      NO. OF CALLS SPARS INV  =                        1
      TOTAL CPU TIME IN FSPAK =                 2.640625
      TIME FOR FINDING ORDER  =                 0.000000
      TIME FOR SYMBOLIC FAC   =                 0.718750
      TIME FOR NUMERICAL FAC  =                 0.281250
      TIME FOR SOLVE          =                 0.000000
      TIME FOR SPARSE SOLVE   =                 0.000000
      TIME FOR SPARSE INVERSE =                 1.578125
quadr_ija: OpenMP threads=  1  4    246857 OMP= F
 -2logL =    6726.15662877668       : AIC =    6730.15662877668     
  In round            1  convergence=   2.64019346666836     
  delta convergence=   79.4438871795535     
 new R
   196.98    
 new G
   38.097    
 * START ITERATION: 11-21-2023  11h 37m 47s 175
quadr_ija: OpenMP threads=  1  4    246857 OMP= F
 -2logL =    6417.78656462776       : AIC =    6421.78656462776     
  In round            2  convergence=  0.367218892020458     
  delta convergence=   51.4232123631232     
 new R
   285.46    
 new G
   23.722    
quadr_ija: OpenMP threads=  1  4    246857 OMP= F
 -2logL =    6304.77162445423       : AIC =    6308.77162445423     
  In round            3  convergence=   1.17865144901957     
  delta convergence=   32.7203505741104     
 new R
   338.55    
 new G
   11.374    
quadr_ija: OpenMP threads=  1  4    246857 OMP= F
 -2logL =    6230.35758137431       : AIC =    6234.35758137431     
  In round            4  convergence=  0.287164563337570     
  delta convergence=   11.4846453636681     
 new R
   357.55    
 new G
   7.4055    
quadr_ija: OpenMP threads=  1  4    246857 OMP= F
 -2logL =    6189.16312184317       : AIC =    6193.16312184317     
  In round            5  convergence=  0.574016014657012     
  delta convergence=   5.23873509043586     
 new R
   364.83    
 new G
   4.2133    
quadr_ija: OpenMP threads=  1  4    246857 OMP= F
 -2logL =    6134.16249710037       : AIC =    6138.16249710037     
  In round            6  convergence=   1.48052403125559     
  delta convergence=   3.73883339311979     
 new R
   370.00    
 new G
   1.9006    
quadr_ija: OpenMP threads=  1  4    246857 OMP= F
 -2logL =    6054.21354804910       : AIC =    6058.21354804910     
  In round            7  convergence=   10.4393371913462     
  delta convergence=   2.58963489040663     
 new R
   373.73    
 new G
  0.44922    
quadr_ija: OpenMP threads=  1  4    246857 OMP= F
 -2logL =    5906.06534469843       : AIC =    5910.06534469843     
  In round            8  convergence=  2.166006540716112E-002
  delta convergence=  0.686059396551677     
 new R
   375.04    
 new G
  0.39159    
quadr_ija: OpenMP threads=  1  4    246857 OMP= F
 -2logL =    5891.85704202283       : AIC =    5895.85704202283     
  In round            9  convergence=  2.169863527956685E-002
  delta convergence=  0.131508562707351     
 new R
   375.26    
 new G
  0.34131    
quadr_ija: OpenMP threads=  1  4    246857 OMP= F
 -2logL =    5877.63195542516       : AIC =    5881.63195542516     
  In round           10  convergence=  2.173044193060951E-002
  delta convergence=  7.627589048670486E-002
 new R
   375.36    
 new G
  0.29746    
quadr_ija: OpenMP threads=  1  4    246857 OMP= F
 -2logL =    5863.38877347552       : AIC =    5867.38877347552     
  In round           11  convergence=  2.175812511161040E-002
  delta convergence=  6.342139434441700E-002
 new R
   375.45    
 new G
  0.25922    
quadr_ija: OpenMP threads=  1  4    246857 OMP= F
 -2logL =    5849.12974193563       : AIC =    5853.12974193563     
  In round           12  convergence=  2.178231774812280E-002
  delta convergence=  5.509010369106470E-002
 new R
   375.53    
 new G
  0.22589    
quadr_ija: OpenMP threads=  1  4    246857 OMP= F
 -2logL =    5834.85685588048       : AIC =    5838.85685588048     
  In round           13  convergence=  2.180345778203106E-002
  delta convergence=  4.804470429155511E-002
 new R
   375.60    
 new G
  0.19682    
quadr_ija: OpenMP threads=  1  4    246857 OMP= F
 -2logL =    5820.57186500966       : AIC =    5824.57186500966     
  In round           14  convergence=  2.182192316274063E-002
  delta convergence=  4.190766038907034E-002
 new R
   375.65    
 new G
  0.17149    
quadr_ija: OpenMP threads=  1  4    246857 OMP= F
 -2logL =    5806.27630230204       : AIC =    5810.27630230204     
  In round           15  convergence=  2.183804638331168E-002
  delta convergence=  3.654876606353991E-002
 new R
   375.71    
 new G
  0.14941    
quadr_ija: OpenMP threads=  1  4    246857 OMP= F
 -2logL =    5791.97150983336       : AIC =    5795.97150983336     
  In round           16  convergence=  2.185211999608643E-002
  delta convergence=  3.186981387264989E-002
 new R
   375.75    
 new G
  0.13017    
quadr_ija: OpenMP threads=  1  4    246857 OMP= F
 -2logL =    5777.65866177168       : AIC =    5781.65866177168     
  In round           17  convergence=  2.186440109937647E-002
  delta convergence=  2.778573312998559E-002
 new R
   375.79    
 new G
  0.11340    
quadr_ija: OpenMP threads=  1  4    246857 OMP= F
 -2logL =    5763.33878479060       : AIC =    5767.33878479060     
  In round           18  convergence=  2.187511537233372E-002
  delta convergence=  2.422187737714874E-002
 new R
   375.82    
 new G
  0.98790E-01
quadr_ija: OpenMP threads=  1  4    246857 OMP= F
 -2logL =    5749.01277614529       : AIC =    5753.01277614529     
  In round           19  convergence=  2.188446071342172E-002
  delta convergence=  2.111273612251859E-002
 new R
   375.85    
 new G
  0.86059E-01
quadr_ija: OpenMP threads=  1  4    246857 OMP= F
 -2logL =    5734.68141964170       : AIC =    5738.68141964170     
  In round           20  convergence=  2.189261050704492E-002
  delta convergence=  1.840086722458963E-002
 new R
   375.88    
 new G
  0.74966E-01
quadr_ija: OpenMP threads=  1  4    246857 OMP= F
 -2logL =    5720.34539971969       : AIC =    5724.34539971969     
  In round           21  convergence=  2.189971654361919E-002
  delta convergence=  1.603594663318115E-002
 new R
   375.90    
 new G
  0.65303E-01
quadr_ija: OpenMP threads=  1  4    246857 OMP= F
 -2logL =    5706.00531385083       : AIC =    5710.00531385083     
  In round           22  convergence=  2.190591162031563E-002
  delta convergence=  1.397391968790465E-002
 new R
   375.92    
 new G
  0.56883E-01
quadr_ija: OpenMP threads=  1  4    246857 OMP= F
 -2logL =    5691.66168343687       : AIC =    5695.66168343687     
  In round           23  convergence=  2.191131185032395E-002
  delta convergence=  1.217624550065828E-002
 new R
   375.94    
 new G
  0.49549E-01
quadr_ija: OpenMP threads=  1  4    246857 OMP= F
 -2logL =    5677.31496338047       : AIC =    5681.31496338047     
  In round           24  convergence=  2.191601870770384E-002
  delta convergence=  1.060922629461684E-002
 new R
   375.95    
 new G
  0.43160E-01
quadr_ija: OpenMP threads=  1  4    246857 OMP= F
 -2logL =    5662.96555047817       : AIC =    5666.96555047817     
  In round           25  convergence=  2.192012083412533E-002
  delta convergence=  9.243413462155538E-003
 new R
   375.96    
 new G
  0.37594E-01
quadr_ija: OpenMP threads=  1  4    246857 OMP= F
 -2logL =    5648.61379077663       : AIC =    5652.61379077663     
  In round           26  convergence=  2.192369563211007E-002
  delta convergence=  8.053083009503205E-003
 new R
   375.98    
 new G
  0.32745E-01
quadr_ija: OpenMP threads=  1  4    246857 OMP= F
 -2logL =    5634.25998601251       : AIC =    5638.25998601251     
  In round           27  convergence=  2.192681066759496E-002
  delta convergence=  7.015772939484818E-003
 new R
   375.99    
 new G
  0.28522E-01
quadr_ija: OpenMP threads=  1  4    246857 OMP= F
 -2logL =    5619.90439924764       : AIC =    5623.90439924764     
  In round           28  convergence=  2.192952490298901E-002
  delta convergence=  6.111876093897394E-003
 new R
   375.99    
 new G
  0.24843E-01
quadr_ija: OpenMP threads=  1  4    246857 OMP= F
 -2logL =    5605.54725979763       : AIC =    5609.54725979763     
  In round           29  convergence=  2.193188977971676E-002
  delta convergence=  5.324282228112235E-003
 new R
   376.00    
 new G
  0.21638E-01
quadr_ija: OpenMP threads=  1  4    246857 OMP= F
 -2logL =    5591.18876753828       : AIC =    5595.18876753828     
  In round           30  convergence=  2.193395016774951E-002
  delta convergence=  4.638063737707818E-003
 new R
   376.01    
 new G
  0.18847E-01
quadr_ija: OpenMP threads=  1  4    246857 OMP= F
 -2logL =    5576.82909666819       : AIC =    5580.82909666819     
  In round           31  convergence=  2.193574519764924E-002
  delta convergence=  4.040200094975804E-003
 new R
   376.01    
 new G
  0.16416E-01
quadr_ija: OpenMP threads=  1  4    246857 OMP= F
 -2logL =    5562.46839899533       : AIC =    5566.46839899533     
  In round           32  convergence=  2.193730898899514E-002
  delta convergence=  3.519336350719050E-003
 new R
   376.02    
 new G
  0.14298E-01
quadr_ija: OpenMP threads=  1  4    246857 OMP= F
 -2logL =    5548.10680680448       : AIC =    5552.10680680448     
  In round           33  convergence=  2.193867128780073E-002
  delta convergence=  3.065571701195182E-003
 new R
   376.02    
 new G
  0.12454E-01
quadr_ija: OpenMP threads=  1  4    246857 OMP= F
 -2logL =    5533.74443536110       : AIC =    5537.74443536110     
  In round           34  convergence=  2.193985802389622E-002
  delta convergence=  2.670274514153497E-003
 new R
   376.03    
 new G
  0.10847E-01
quadr_ija: OpenMP threads=  1  4    246857 OMP= F
 -2logL =    5519.38138509572       : AIC =    5523.38138509572     
  In round           35  convergence=  2.194089179798691E-002
  delta convergence=  2.325920582589758E-003
 new R
   376.03    
 new G
  0.94475E-02
quadr_ija: OpenMP threads=  1  4    246857 OMP= F
 -2logL =    5505.01774350816       : AIC =    5509.01774350816     
  In round           36  convergence=  2.194179230725405E-002
  delta convergence=  2.025951735378372E-003
 new R
   376.03    
 new G
  0.82286E-02
quadr_ija: OpenMP threads=  1  4    246857 OMP= F
 -2logL =    5490.65358682991       : AIC =    5494.65358682991     
  In round           37  convergence=  2.194257671689788E-002
  delta convergence=  1.764652359307283E-003
 new R
   376.04    
 new G
  0.71669E-02
quadr_ija: OpenMP threads=  1  4    246857 OMP= F
 -2logL =    5476.28898147257       : AIC =    5480.28898147257     
  In round           38  convergence=  2.194325998458100E-002
  delta convergence=  1.537041578122889E-003
 new R
   376.04    
 new G
  0.62423E-02
quadr_ija: OpenMP threads=  1  4    246857 OMP= F
 -2logL =    5461.92398529090       : AIC =    5465.92398529090     
  In round           39  convergence=  2.194385514343702E-002
  delta convergence=  1.338779115225406E-003
 new R
   376.04    
 new G
  0.54369E-02
quadr_ija: OpenMP threads=  1  4    246857 OMP= F
 -2logL =    5447.55864868414       : AIC =    5451.55864868414     
  In round           40  convergence=  2.194437354915175E-002
  delta convergence=  1.166083095086661E-003
 new R
   376.04    
 new G
  0.47354E-02
quadr_ija: OpenMP threads=  1  4    246857 OMP= F
 -2logL =    5433.19301555547       : AIC =    5437.19301555547     
  In round           41  convergence=  2.194482509532000E-002
  delta convergence=  1.015658440334450E-003
 new R
   376.04    
 new G
  0.41244E-02
quadr_ija: OpenMP threads=  1  4    246857 OMP= F
 -2logL =    5418.82712414863       : AIC =    5422.82712414863     
  In round           42  convergence=  2.194521840138363E-002
  delta convergence=  8.846343296527842E-004
 new R
   376.04    
 new G
  0.35923E-02
quadr_ija: OpenMP threads=  1  4    246857 OMP= F
 -2logL =    5404.46100777688       : AIC =    5408.46100777688     
  In round           43  convergence=  2.194556097640958E-002
  delta convergence=  7.705096548374994E-004
 new R
   376.04    
 new G
  0.31288E-02
quadr_ija: OpenMP threads=  1  4    246857 OMP= F
 -2logL =    5390.09469545802       : AIC =    5394.09469545802     
  In round           44  convergence=  2.194585936197762E-002
  delta convergence=  6.711055053440607E-004
 new R
   376.05    
 new G
  0.27251E-02
quadr_ija: OpenMP threads=  1  4    246857 OMP= F
 -2logL =    5375.72821246811       : AIC =    5379.72821246811     
  In round           45  convergence=  2.194611925661364E-002
  delta convergence=  5.845237294007186E-004
 new R
   376.05    
 new G
  0.23735E-02
quadr_ija: OpenMP threads=  1  4    246857 OMP= F
 -2logL =    5361.36158082357       : AIC =    5365.36158082357     
  In round           46  convergence=  2.194634562438339E-002
  delta convergence=  5.091107849347998E-004
 new R
   376.05    
 new G
  0.20672E-02
quadr_ija: OpenMP threads=  1  4    246857 OMP= F
 -2logL =    5346.99481970115       : AIC =    5350.99481970115     
  In round           47  convergence=  2.194654278941474E-002
  delta convergence=  4.434262525616191E-004
 new R
   376.05    
 new G
  0.18005E-02
quadr_ija: OpenMP threads=  1  4    246857 OMP= F
 -2logL =    5332.62794580461       : AIC =    5336.62794580461     
  In round           48  convergence=  2.194671451836036E-002
  delta convergence=  3.862154125193746E-004
 new R
   376.05    
 new G
  0.15682E-02
quadr_ija: OpenMP threads=  1  4    246857 OMP= F
 -2logL =    5318.26097368298       : AIC =    5322.26097368298     
  In round           49  convergence=  2.194686409218271E-002
  delta convergence=  3.363852965612439E-004
 new R
   376.05    
 new G
  0.13658E-02
quadr_ija: OpenMP threads=  1  4    246857 OMP= F
 -2logL =    5303.89391600839       : AIC =    5307.89391600839     
  In round           50  convergence=  2.194699436878310E-002
  delta convergence=  2.929838739593002E-004
 new R
   376.05    
 new G
  0.11896E-02
quadr_ija: OpenMP threads=  1  4    246857 OMP= F
 -2logL =    5289.52678381866       : AIC =    5293.52678381866     
  In round           51  convergence=  2.194710783749378E-002
  delta convergence=  2.551818933776317E-004
 new R
   376.05    
 new G
  0.10361E-02
quadr_ija: OpenMP threads=  1  4    246857 OMP= F
 -2logL =    5275.15958672749       : AIC =    5279.15958672749     
  In round           52  convergence=  2.194720666658588E-002
  delta convergence=  2.222569914239065E-004
 new R
   376.05    
 new G
  0.90241E-03
quadr_ija: OpenMP threads=  1  4    246857 OMP= F
 -2logL =    5260.79233310843       : AIC =    5264.79233310843     
  In round           53  convergence=  2.194729274468189E-002
  delta convergence=  1.935800454199636E-004
 new R
   376.05    
 new G
  0.78597E-03
quadr_ija: OpenMP threads=  1  4    246857 OMP= F
 -2logL =    5246.42503025490       : AIC =    5250.42503025490     
  In round           54  convergence=  2.194736771679630E-002
  delta convergence=  1.686030099396224E-004
 new R
   376.05    
 new G
  0.68456E-03
quadr_ija: OpenMP threads=  1  4    246857 OMP= F
 -2logL =    5232.05768451916       : AIC =    5236.05768451916     
  In round           55  convergence=  2.194743301574490E-002
  delta convergence=  1.468485751436958E-004
 new R
   376.05    
 new G
  0.59623E-03
quadr_ija: OpenMP threads=  1  4    246857 OMP= F
 -2logL =    5217.69030143409       : AIC =    5221.69030143409     
  In round           56  convergence=  2.194748988953227E-002
  delta convergence=  1.279009696953280E-004
 new R
   376.05    
 new G
  0.51930E-03
quadr_ija: OpenMP threads=  1  4    246857 OMP= F
 -2logL =    5203.32288581859       : AIC =    5207.32288581859     
  In round           57  convergence=  2.194753942513489E-002
  delta convergence=  1.113980649675916E-004
 new R
   376.05    
 new G
  0.45229E-03
quadr_ija: OpenMP threads=  1  4    246857 OMP= F
 -2logL =    5188.95544187007       : AIC =    5192.95544187007     
  In round           58  convergence=  2.194758256934148E-002
  delta convergence=  9.702446787969842E-005
 new R
   376.05    
 new G
  0.39393E-03
quadr_ija: OpenMP threads=  1  4    246857 OMP= F
 -2logL =    5174.58797324407       : AIC =    5178.58797324407     
  In round           59  convergence=  2.194762014677112E-002
  delta convergence=  8.450544293916678E-005
 new R
   376.05    
 new G
  0.34310E-03
quadr_ija: OpenMP threads=  1  4    246857 OMP= F
 -2logL =    5160.22048312486       : AIC =    5164.22048312486     
  In round           60  convergence=  2.194765287565788E-002
  delta convergence=  7.360171399489109E-005
 new R
   376.05    
 new G
  0.29883E-03
quadr_ija: OpenMP threads=  1  4    246857 OMP= F
 -2logL =    5145.85297428556       : AIC =    5149.85297428556     
  In round           61  convergence=  2.194768138159563E-002
  delta convergence=  6.410487303451588E-005
 new R
   376.05    
 new G
  0.26027E-03
quadr_ija: OpenMP threads=  1  4    246857 OMP= F
 -2logL =    5131.48544914160       : AIC =    5135.48544914160     
  In round           62  convergence=  2.194770620944438E-002
  delta convergence=  5.583338736065643E-005
 new R
   376.05    
 new G
  0.22669E-03
quadr_ija: OpenMP threads=  1  4    246857 OMP= F
 -2logL =    5117.11790979671       : AIC =    5121.11790979671     
  In round           63  convergence=  2.194772783377005E-002
  delta convergence=  4.862916291225973E-005
 new R
   376.05    
 new G
  0.19744E-03
quadr_ija: OpenMP threads=  1  4    246857 OMP= F
 -2logL =    5102.75035808338       : AIC =    5106.75035808338     
  In round           64  convergence=  2.194774666791303E-002
  delta convergence=  4.235449924642470E-005
 new R
   376.05    
 new G
  0.17196E-03
quadr_ija: OpenMP threads=  1  4    246857 OMP= F
 -2logL =    5088.38279559731       : AIC =    5092.38279559731     
  In round           65  convergence=  2.194776307188888E-002
  delta convergence=  3.688944931183858E-005
 new R
   376.05    
 new G
  0.14977E-03
quadr_ija: OpenMP threads=  1  4    246857 OMP= F
 -2logL =    5074.01522372866       : AIC =    5078.01522372866     
  In round           66  convergence=  2.194777735924982E-002
  delta convergence=  3.212956202619209E-005
 new R
   376.05    
 new G
  0.13045E-03
quadr_ija: OpenMP threads=  1  4    246857 OMP= F
 -2logL =    5059.64764368804       : AIC =    5063.64764368804     
  In round           67  convergence=  2.194778980310672E-002
  delta convergence=  2.798383814086299E-005
 new R
   376.05    
 new G
  0.11362E-03
quadr_ija: OpenMP threads=  1  4    246857 OMP= F
 -2logL =    5045.28005652984       : AIC =    5049.28005652984     
  In round           68  convergence=  2.194780064132989E-002
  delta convergence=  2.437304736617420E-005
 new R
   376.05    
 new G
  0.98956E-04
quadr_ija: OpenMP threads=  1  4    246857 OMP= F
 -2logL =    5030.91246317248       : AIC =    5034.91246317248     
  In round           69  convergence=  2.194781008107520E-002
  delta convergence=  2.122814787352995E-005
 new R
   376.05    
 new G
  0.86188E-04
quadr_ija: OpenMP threads=  1  4    246857 OMP= F
 -2logL =    5016.54486441582       : AIC =    5020.54486441582     
  In round           70  convergence=  2.194781830280190E-002
  delta convergence=  1.848904604056840E-005
 new R
   376.05    
 new G
  0.75067E-04
quadr_ija: OpenMP threads=  1  4    246857 OMP= F
 -2logL =    5002.17726095653       : AIC =    5006.17726095653     
  In round           71  convergence=  2.194782546367404E-002
  delta convergence=  1.610337718529406E-005
 new R
   376.05    
 new G
  0.65381E-04
quadr_ija: OpenMP threads=  1  4    246857 OMP= F
 -2logL =    4987.80965340145       : AIC =    4991.80965340145     
  In round           72  convergence=  2.194783170056662E-002
  delta convergence=  1.402552178449070E-005
 new R
   376.05    
 new G
  0.56944E-04
quadr_ija: OpenMP threads=  1  4    246857 OMP= F
 -2logL =    4973.44204227907       : AIC =    4977.44204227907     
  In round           73  convergence=  2.194783713270263E-002
  delta convergence=  1.221579073865024E-005
 new R
   376.05    
 new G
  0.49597E-04
quadr_ija: OpenMP threads=  1  4    246857 OMP= F
 -2logL =    4959.07442804961       : AIC =    4963.07442804961     
  In round           74  convergence=  2.194784186391660E-002
  delta convergence=  1.063955523795313E-005
 new R
   376.05    
 new G
  0.43197E-04
quadr_ija: OpenMP threads=  1  4    246857 OMP= F
 -2logL =    4944.70681111398       : AIC =    4948.70681111398     
  In round           75  convergence=  2.194784598465894E-002
  delta convergence=  9.266719508202037E-006
 new R
   376.05    
 new G
  0.37623E-04
quadr_ija: OpenMP threads=  1  4    246857 OMP= F
 -2logL =    4930.33919182150       : AIC =    4934.33919182150     
  In round           76  convergence=  2.194784957369304E-002
  delta convergence=  8.071012307671869E-006
 new R
   376.05    
 new G
  0.32769E-04
quadr_ija: OpenMP threads=  1  4    246857 OMP= F
 -2logL =    4915.97157047607       : AIC =    4919.97157047607     
  In round           77  convergence=  2.194785269963036E-002
  delta convergence=  7.029595021305914E-006
 new R
   376.05    
 new G
  0.28541E-04
quadr_ija: OpenMP threads=  1  4    246857 OMP= F
 -2logL =    4901.60394734273       : AIC =    4905.60394734273     
  In round           78  convergence=  2.194785542221910E-002
  delta convergence=  6.122548111290758E-006
 new R
   376.05    
 new G
  0.24858E-04
quadr_ija: OpenMP threads=  1  4    246857 OMP= F
 -2logL =    4887.23632265222       : AIC =    4891.23632265222     
  In round           79  convergence=  2.194785779350841E-002
  delta convergence=  5.332548711417150E-006
 new R
   376.05    
 new G
  0.21650E-04
quadr_ija: OpenMP threads=  1  4    246857 OMP= F
 -2logL =    4872.86869660532       : AIC =    4876.86869660532     
  In round           80  convergence=  2.194785985882443E-002
  delta convergence=  4.644473487403744E-006
 new R
   376.05    
 new G
  0.18857E-04
quadr_ija: OpenMP threads=  1  4    246857 OMP= F
 -2logL =    4858.50106937715       : AIC =    4862.50106937715     
  In round           81  convergence=  2.194786165764402E-002
  delta convergence=  4.045188440873802E-006
 new R
   376.05    
 new G
  0.16424E-04
quadr_ija: OpenMP threads=  1  4    246857 OMP= F
 -2logL =    4844.13344112011       : AIC =    4848.13344112011     
  In round           82  convergence=  2.194786322436498E-002
  delta convergence=  3.523235268638299E-006
 new R
   376.05    
 new G
  0.14304E-04
quadr_ija: OpenMP threads=  1  4    246857 OMP= F
 -2logL =    4829.76581196692       : AIC =    4833.76581196692     
  In round           83  convergence=  2.194786458892697E-002
  delta convergence=  3.068615339180833E-006
 new R
   376.05    
 new G
  0.12459E-04
quadr_ija: OpenMP threads=  1  4    246857 OMP= F
 -2logL =    4815.39818203326       : AIC =    4819.39818203326     
  In round           84  convergence=  2.194786577741688E-002
  delta convergence=  2.672671752879185E-006
 new R
   376.05    
 new G
  0.10851E-04
quadr_ija: OpenMP threads=  1  4    246857 OMP= F
 -2logL =    4801.03055141977       : AIC =    4805.03055141977     
  In round           85  convergence=  2.194786681255297E-002
  delta convergence=  2.327808300483564E-006
 new R
   376.05    
 new G
  0.94510E-05
quadr_ija: OpenMP threads=  1  4    246857 OMP= F
 -2logL =    4786.66292021429       : AIC =    4790.66292021429     
  In round           86  convergence=  2.194786771412604E-002
  delta convergence=  2.027448042163805E-006
 new R
   376.05    
 new G
  0.82315E-05
quadr_ija: OpenMP threads=  1  4    246857 OMP= F
 -2logL =    4772.29528849301       : AIC =    4776.29528849301     
  In round           87  convergence=  2.194786849935782E-002
  delta convergence=  1.765839485018813E-006
 new R
   376.05    
 new G
  0.71694E-05
quadr_ija: OpenMP threads=  1  4    246857 OMP= F
 -2logL =    4757.92765632269       : AIC =    4761.92765632269     
  In round           88  convergence=  2.194786918327807E-002
  delta convergence=  1.537991009624118E-006
 new R
   376.05    
 new G
  0.62443E-05
quadr_ija: OpenMP threads=  1  4    246857 OMP= F
 -2logL =    4743.56002376116       : AIC =    4747.56002376116     
  In round           89  convergence=  2.194786977894954E-002
  delta convergence=  1.339541190611982E-006
 new R
   376.05    
 new G
  0.54386E-05
quadr_ija: OpenMP threads=  1  4    246857 OMP= F
 -2logL =    4729.19239085895       : AIC =    4733.19239085895     
  In round           90  convergence=  2.194787029776192E-002
  delta convergence=  1.166694225934941E-006
 new R
   376.05    
 new G
  0.47368E-05
quadr_ija: OpenMP threads=  1  4    246857 OMP= F
 -2logL =    4714.82475765994       : AIC =    4718.82475765994     
  In round           91  convergence=  2.194787074962636E-002
  delta convergence=  1.016153636789469E-006
 new R
   376.05    
 new G
  0.41256E-05
quadr_ija: OpenMP threads=  1  4    246857 OMP= F
 -2logL =    4700.45712420249       : AIC =    4704.45712420249     
  In round           92  convergence=  2.194787114318538E-002
  delta convergence=  8.850359644534601E-007
 new R
   376.05    
 new G
  0.35933E-05
 * END ITERATION: 11-21-2023  11h 42m 10s 457
 solutions and s.e. stored in file: "solutions"

Final Estimates
 Genetic variance(s) for effect  2       
  0.35933E-05
 Residual variance(s)
   376.05    
 inverse of AI matrix (Sampling Variance)
  0.42235E-13   0.0000    
   0.0000       388.50    
 Correlations from inverse of AI matrix
   1.0000       0.0000    
   0.0000       1.0000    
 SE for G
  0.20551E-06
 SE for R
   19.710    
 Sparse inverse of nrm_inverse, elapsed time:    1.82
  
 Sampling variances of covariances function of random effects (n=10000)
  
P  - Function: g_2_2_1_1+r_1_1
  Mean:    376.05    
  Sample Mean:    376.05    
  Sample SD:    19.683    
  
h2  - Function: g_2_2_1_1/(g_2_2_1_1+r_1_1)
  Mean:   0.95553E-08
  Sample Mean:   0.95817E-08
  Sample SD:   0.50664E-09
 elapsed time  0.1093750    
 *** Statistical Method: VCE                 
 * FINISHED (BLUPF90): 11-21-2023  11h 42m 13s 288
