
pre_step2.par
     preGSf90 ver. 1.24

 Parameter file:             pre_step2.par
 Data file:                  ../renum_gbs/renf90.dat
 Number of Traits             1
 Number of Effects            2
 Position of Observations      1
 Position of Weights           0
 Value of Missing Trait/Observation           0

EFFECTS
 #  type                position (2)        levels   [positions for nested]
    1  cross-classified       2         3
    2  cross-classified       3       806

 Residual (co)variance Matrix
  100.00    

 Random Effect(s)    2
 Type of Random Effect:      additive animal with unknown parent groups and inbreeding
 Pedigree File:              ../renum_gbs/renadd02.ped                                                                                                                                                                                                                                 
 trait   effect    (CO)VARIANCES
  1       2     100.0    

 REMARKS
  (1) Weight position 0 means no weights utilized
  (2) Effect positions of 0 for some effects and traits means that such
      effects are missing for specified traits
 
 

 Options read from parameter file for genomic
 * SNP format: BLUPF90 standard (text)
 * SNP file: ../../../output/gbs_a22_clean
 * SNP Xref file: ../../../output/gbs_a22_clean_XrefID
 * Save G Inverse matrix (default=.false.)
 * Skip Save GmA22 Inverse matrix (default=.true.)
 * No Quality Control Checks !!!!! (default .false.):  T
 * Create a tuned G (default = 2): 0
 * AlphaBeta defaults alpha=0.95, beta=0.05) :  0.95  0.05
 * Matrix in Ascii format(default=binary)
 
 *--------------------------------------------------------------*
 *                 Genomic Library: Dist Version 1.308          *
 *                                                              *
 *             Optimized OpenMP Version -  8 threads            *
 *                                                              *
 *  Modified relationship matrix (H) created for effect:   2    *
 *--------------------------------------------------------------*
 
 Read 806 animals from pedigree file: "C:\Users\lzhang\OneDrive - AbacusBio Ltd\Project_internal\Potato mash\blupf90\vce\renum_gbs\renadd02.ped"
 Number of Genotyped Animals: 702

 Creating A22 
    Extracting subset of: 702 pedigrees from: 806 ...elapsed time:     0.0000
    Calculating A22 Matrix by Colleau OpenMP...elapsed time: .0106
    Numbers of threads=1 8

 Reading SNP file
    Column position in file for the first marker: 12
    Format to read SNP file: (11x,400000i1)                                    
    Number of SNPs: 34797
    Format: integer genotypes (0 to 5) to double-precision array
    Number of Genotyped animals: 702
    Reading SNP file elapsed time: 2.77
 
 Statistics of alleles frequencies in the current population
    N:          34797
    Mean:       0.303
    Min:        0.050
    Max:        0.950
    Var:        0.037
 
 Quality Control - SNPs with Call Rate < callrate ( 0.90) Exist - NOT REMOVED: 34797
 

 Quality Control - Animals that should be REMOVED for Call rate < callrate ( 0.90): 334
 All missing SNP for genotyped animal (#gen, renumber Id) 14 40
 All missing SNP for genotyped animal (#gen, renumber Id) 31 37
 All missing SNP for genotyped animal (#gen, renumber Id) 104 120
 All missing SNP for genotyped animal (#gen, renumber Id) 233 146
 All missing SNP for genotyped animal (#gen, renumber Id) 517 318
 All missing SNP for genotyped animal (#gen, renumber Id) 659 681
 All missing SNP for genotyped animal (#gen, renumber Id) 691 667

 Genotypes missings (%): 24.604

 Calculating G Matrix 
    Dgemm MKL #threads=     1    8 Elapsed omp_get_time:    27.2651
 
 Scale by Sum(2pq). Average:   9114.11778412979     

 Detecting samples with similar genotypes
    elapsed time=     0.0

 *****************************************
 *  Possible genotype duplicates samples *
 *****************************************

    i-j number of sample , i-j renumber Id, G(i,j), G(i,i), G(j,j), r(i,j) 
         113     109      58      57  0.5164  0.5565  0.5519  0.9318
         569     425     495     485  0.5075  0.5654  0.5623  0.9001
    elapsed time=     0.0
 No tuning before blending
 
 Blend G as alpha*G + beta*A22: (alpha,beta)     0.950     0.050

 Frequency - Diagonal of G
    N:         702
    Mean:        0.529
    Min:         0.050
    Max:         1.887
    Range:       0.092
    Class:     20
 
  #Class       Class   Count
       1  0.5000E-01      10
       2  0.1419           2
       3  0.2337           7
       4  0.3256          42
       5  0.4175         109
       6  0.5093         495
       7  0.6012          36
       8  0.6930           0
       9  0.7849           0
      10  0.8768           0
      11  0.9686           0
      12   1.060           0
      13   1.152           0
      14   1.244           0
      15   1.336           0
      16   1.428           0
      17   1.520           0
      18   1.612           0
      19   1.704           0
      20   1.795           1
      21   1.887           0
 

 Check for diagonal of genomic relationship matrix

 ** Low Diagonal of genotype 1  0.56 Not Removed
 ** Low Diagonal of genotype 2  0.53 Not Removed
 ** Low Diagonal of genotype 3  0.56 Not Removed
 ** Low Diagonal of genotype 4  0.57 Not Removed
 ** Low Diagonal of genotype 5  0.55 Not Removed
 ** Low Diagonal of genotype 6  0.29 Not Removed
 ** Low Diagonal of genotype 7  0.55 Not Removed
 ** Low Diagonal of genotype 8  0.55 Not Removed
 ** Low Diagonal of genotype 9  0.05 Not Removed
 ** Low Diagonal of genotype 10  0.52 Not Removed
 ** Low Diagonal of genotype 11  0.59 Not Removed
 ** Low Diagonal of genotype 12  0.54 Not Removed
 ** Low Diagonal of genotype 13  0.57 Not Removed
 ** Low Diagonal of genotype 14  0.05 Not Removed
 ** Low Diagonal of genotype 15  0.58 Not Removed
 ** Low Diagonal of genotype 16  0.57 Not Removed
 ** Low Diagonal of genotype 17  0.57 Not Removed
 ** Low Diagonal of genotype 18  0.55 Not Removed
 ** Low Diagonal of genotype 19  0.54 Not Removed
 ** Low Diagonal of genotype 20  0.57 Not Removed
 ** Low Diagonal of genotype 21  0.56 Not Removed
 ** Low Diagonal of genotype 22  0.60 Not Removed
 ** High Diagonal of genotype 23  1.89 Not Removed
 ** Low Diagonal of genotype 24  0.52 Not Removed
 ** Low Diagonal of genotype 25  0.20 Not Removed
 ** Low Diagonal of genotype 26  0.41 Not Removed
 ** Low Diagonal of genotype 27  0.56 Not Removed
 ** Low Diagonal of genotype 28  0.56 Not Removed
 ** Low Diagonal of genotype 29  0.55 Not Removed
 ** Low Diagonal of genotype 30  0.38 Not Removed
 ** Low Diagonal of genotype 31  0.05 Not Removed
 ** Low Diagonal of genotype 32  0.55 Not Removed
 ** Low Diagonal of genotype 33  0.46 Not Removed
 ** Low Diagonal of genotype 34  0.50 Not Removed
 ** Low Diagonal of genotype 35  0.59 Not Removed
 ** Low Diagonal of genotype 36  0.54 Not Removed
 ** Low Diagonal of genotype 37  0.62 Not Removed
 ** Low Diagonal of genotype 38  0.59 Not Removed
 ** Low Diagonal of genotype 39  0.34 Not Removed
 ** Low Diagonal of genotype 40  0.38 Not Removed
 ** Low Diagonal of genotype 41  0.61 Not Removed
 ** Low Diagonal of genotype 42  0.48 Not Removed
 ** Low Diagonal of genotype 43  0.33 Not Removed
 ** Low Diagonal of genotype 44  0.57 Not Removed
 ** Low Diagonal of genotype 45  0.37 Not Removed
 ** Low Diagonal of genotype 46  0.57 Not Removed
 ** Low Diagonal of genotype 47  0.47 Not Removed
 ** Low Diagonal of genotype 48  0.52 Not Removed
 ** Low Diagonal of genotype 49  0.36 Not Removed
 ** Low Diagonal of genotype 50  0.56 Not Removed
 ** Low Diagonal of genotype 51  0.57 Not Removed
 ** Low Diagonal of genotype 52  0.55 Not Removed
 ** Low Diagonal of genotype 53  0.55 Not Removed
 ** Low Diagonal of genotype 54  0.58 Not Removed
 ** Low Diagonal of genotype 55  0.53 Not Removed
 ** Low Diagonal of genotype 56  0.60 Not Removed
 ** Low Diagonal of genotype 57  0.58 Not Removed
 ** Low Diagonal of genotype 58  0.56 Not Removed
 ** Low Diagonal of genotype 59  0.37 Not Removed
 ** Low Diagonal of genotype 60  0.55 Not Removed
 ** Low Diagonal of genotype 61  0.58 Not Removed
 ** Low Diagonal of genotype 62  0.52 Not Removed
 ** Low Diagonal of genotype 63  0.43 Not Removed
 ** Low Diagonal of genotype 64  0.29 Not Removed
 ** Low Diagonal of genotype 65  0.48 Not Removed
 ** Low Diagonal of genotype 66  0.60 Not Removed
 ** Low Diagonal of genotype 67  0.62 Not Removed
 ** Low Diagonal of genotype 68  0.57 Not Removed
 ** Low Diagonal of genotype 69  0.57 Not Removed
 ** Low Diagonal of genotype 70  0.45 Not Removed
 ** Low Diagonal of genotype 71  0.55 Not Removed
 ** Low Diagonal of genotype 72  0.57 Not Removed
 ** Low Diagonal of genotype 73  0.52 Not Removed
 ** Low Diagonal of genotype 74  0.57 Not Removed
 ** Low Diagonal of genotype 75  0.47 Not Removed
 ** Low Diagonal of genotype 76  0.47 Not Removed
 ** Low Diagonal of genotype 77  0.41 Not Removed
 ** Low Diagonal of genotype 78  0.53 Not Removed
 ** Low Diagonal of genotype 79  0.57 Not Removed
 ** Low Diagonal of genotype 80  0.57 Not Removed
 ** Low Diagonal of genotype 81  0.57 Not Removed
 ** Low Diagonal of genotype 82  0.50 Not Removed
 ** Low Diagonal of genotype 83  0.51 Not Removed
 ** Low Diagonal of genotype 84  0.59 Not Removed
 ** Low Diagonal of genotype 85  0.58 Not Removed
 ** Low Diagonal of genotype 86  0.53 Not Removed
 ** Low Diagonal of genotype 87  0.56 Not Removed
 ** Low Diagonal of genotype 88  0.56 Not Removed
 ** Low Diagonal of genotype 89  0.49 Not Removed
 ** Low Diagonal of genotype 90  0.55 Not Removed
 ** Low Diagonal of genotype 91  0.56 Not Removed
 ** Low Diagonal of genotype 92  0.59 Not Removed
 ** Low Diagonal of genotype 93  0.55 Not Removed
 ** Low Diagonal of genotype 94  0.55 Not Removed
 ** Low Diagonal of genotype 95  0.56 Not Removed
 ** Low Diagonal of genotype 96  0.47 Not Removed
 ** Low Diagonal of genotype 97  0.56 Not Removed
 ** Low Diagonal of genotype 98  0.60 Not Removed
 ** Low Diagonal of genotype 99  0.56 Not Removed
 ** Low Diagonal of genotype 100  0.56 Not Removed
 ** Low Diagonal of genotype 101  0.34 Not Removed
 ** Low Diagonal of genotype 102  0.62 Not Removed
 ** Low Diagonal of genotype 103  0.57 Not Removed
 ** Low Diagonal of genotype 104  0.05 Not Removed
 ** Low Diagonal of genotype 105  0.52 Not Removed
 ** Low Diagonal of genotype 106  0.57 Not Removed
 ** Low Diagonal of genotype 107  0.57 Not Removed
 ** Low Diagonal of genotype 108  0.55 Not Removed
 ** Low Diagonal of genotype 109  0.57 Not Removed
 ** Low Diagonal of genotype 110  0.58 Not Removed
 ** Low Diagonal of genotype 111  0.58 Not Removed
 ** Low Diagonal of genotype 112  0.26 Not Removed
 ** Low Diagonal of genotype 113  0.58 Not Removed
 ** Low Diagonal of genotype 114  0.56 Not Removed
 ** Low Diagonal of genotype 115  0.56 Not Removed
 ** Low Diagonal of genotype 116  0.56 Not Removed
 ** Low Diagonal of genotype 117  0.56 Not Removed
 ** Low Diagonal of genotype 118  0.34 Not Removed
 ** Low Diagonal of genotype 119  0.53 Not Removed
 ** Low Diagonal of genotype 120  0.12 Not Removed
 ** Low Diagonal of genotype 121  0.55 Not Removed
 ** Low Diagonal of genotype 122  0.51 Not Removed
 ** Low Diagonal of genotype 123  0.41 Not Removed
 ** Low Diagonal of genotype 124  0.54 Not Removed
 ** Low Diagonal of genotype 125  0.40 Not Removed
 ** Low Diagonal of genotype 126  0.27 Not Removed
 ** Low Diagonal of genotype 127  0.56 Not Removed
 ** Low Diagonal of genotype 128  0.45 Not Removed
 ** Low Diagonal of genotype 129  0.45 Not Removed
 ** Low Diagonal of genotype 130  0.58 Not Removed
 ** Low Diagonal of genotype 131  0.38 Not Removed
 ** Low Diagonal of genotype 132  0.38 Not Removed
 ** Low Diagonal of genotype 133  0.51 Not Removed
 ** Low Diagonal of genotype 134  0.60 Not Removed
 ** Low Diagonal of genotype 135  0.46 Not Removed
 ** Low Diagonal of genotype 136  0.57 Not Removed
 ** Low Diagonal of genotype 137  0.46 Not Removed
 ** Low Diagonal of genotype 138  0.37 Not Removed
 ** Low Diagonal of genotype 139  0.58 Not Removed
 ** Low Diagonal of genotype 140  0.39 Not Removed
 ** Low Diagonal of genotype 141  0.54 Not Removed
 ** Low Diagonal of genotype 142  0.51 Not Removed
 ** Low Diagonal of genotype 143  0.54 Not Removed
 ** Low Diagonal of genotype 144  0.56 Not Removed
 ** Low Diagonal of genotype 145  0.57 Not Removed
 ** Low Diagonal of genotype 146  0.59 Not Removed
 ** Low Diagonal of genotype 147  0.54 Not Removed
 ** Low Diagonal of genotype 148  0.59 Not Removed
 ** Low Diagonal of genotype 149  0.55 Not Removed
 ** Low Diagonal of genotype 150  0.56 Not Removed
 ** Low Diagonal of genotype 151  0.59 Not Removed
 ** Low Diagonal of genotype 152  0.58 Not Removed
 ** Low Diagonal of genotype 153  0.42 Not Removed
 ** Low Diagonal of genotype 154  0.43 Not Removed
 ** Low Diagonal of genotype 155  0.38 Not Removed
 ** Low Diagonal of genotype 156  0.60 Not Removed
 ** Low Diagonal of genotype 157  0.45 Not Removed
 ** Low Diagonal of genotype 158  0.51 Not Removed
 ** Low Diagonal of genotype 159  0.57 Not Removed
 ** Low Diagonal of genotype 160  0.50 Not Removed
 ** Low Diagonal of genotype 161  0.55 Not Removed
 ** Low Diagonal of genotype 162  0.56 Not Removed
 ** Low Diagonal of genotype 163  0.55 Not Removed
 ** Low Diagonal of genotype 164  0.57 Not Removed
 ** Low Diagonal of genotype 165  0.48 Not Removed
 ** Low Diagonal of genotype 166  0.56 Not Removed
 ** Low Diagonal of genotype 167  0.62 Not Removed
 ** Low Diagonal of genotype 168  0.52 Not Removed
 ** Low Diagonal of genotype 169  0.46 Not Removed
 ** Low Diagonal of genotype 170  0.43 Not Removed
 ** Low Diagonal of genotype 171  0.58 Not Removed
 ** Low Diagonal of genotype 172  0.44 Not Removed
 ** Low Diagonal of genotype 173  0.57 Not Removed
 ** Low Diagonal of genotype 174  0.56 Not Removed
 ** Low Diagonal of genotype 175  0.53 Not Removed
 ** Low Diagonal of genotype 176  0.58 Not Removed
 ** Low Diagonal of genotype 177  0.45 Not Removed
 ** Low Diagonal of genotype 178  0.50 Not Removed
 ** Low Diagonal of genotype 179  0.59 Not Removed
 ** Low Diagonal of genotype 180  0.56 Not Removed
 ** Low Diagonal of genotype 181  0.61 Not Removed
 ** Low Diagonal of genotype 182  0.49 Not Removed
 ** Low Diagonal of genotype 183  0.57 Not Removed
 ** Low Diagonal of genotype 184  0.51 Not Removed
 ** Low Diagonal of genotype 185  0.55 Not Removed
 ** Low Diagonal of genotype 186  0.55 Not Removed
 ** Low Diagonal of genotype 187  0.55 Not Removed
 ** Low Diagonal of genotype 188  0.14 Not Removed
 ** Low Diagonal of genotype 189  0.50 Not Removed
 ** Low Diagonal of genotype 190  0.56 Not Removed
 ** Low Diagonal of genotype 191  0.53 Not Removed
 ** Low Diagonal of genotype 192  0.56 Not Removed
 ** Low Diagonal of genotype 193  0.55 Not Removed
 ** Low Diagonal of genotype 194  0.56 Not Removed
 ** Low Diagonal of genotype 195  0.58 Not Removed
 ** Low Diagonal of genotype 196  0.55 Not Removed
 ** Low Diagonal of genotype 197  0.55 Not Removed
 ** Low Diagonal of genotype 198  0.52 Not Removed
 ** Low Diagonal of genotype 199  0.58 Not Removed
 ** Low Diagonal of genotype 200  0.58 Not Removed
 ** Low Diagonal of genotype 201  0.55 Not Removed
 ** Low Diagonal of genotype 202  0.56 Not Removed
 ** Low Diagonal of genotype 203  0.49 Not Removed
 ** Low Diagonal of genotype 204  0.47 Not Removed
 ** Low Diagonal of genotype 205  0.58 Not Removed
 ** Low Diagonal of genotype 206  0.46 Not Removed
 ** Low Diagonal of genotype 207  0.53 Not Removed
 ** Low Diagonal of genotype 208  0.56 Not Removed
 ** Low Diagonal of genotype 209  0.53 Not Removed
 ** Low Diagonal of genotype 210  0.55 Not Removed
 ** Low Diagonal of genotype 211  0.49 Not Removed
 ** Low Diagonal of genotype 212  0.44 Not Removed
 ** Low Diagonal of genotype 213  0.51 Not Removed
 ** Low Diagonal of genotype 214  0.47 Not Removed
 ** Low Diagonal of genotype 215  0.50 Not Removed
 ** Low Diagonal of genotype 216  0.55 Not Removed
 ** Low Diagonal of genotype 217  0.47 Not Removed
 ** Low Diagonal of genotype 218  0.53 Not Removed
 ** Low Diagonal of genotype 219  0.52 Not Removed
 ** Low Diagonal of genotype 220  0.49 Not Removed
 ** Low Diagonal of genotype 221  0.57 Not Removed
 ** Low Diagonal of genotype 222  0.42 Not Removed
 ** Low Diagonal of genotype 223  0.51 Not Removed
 ** Low Diagonal of genotype 224  0.55 Not Removed
 ** Low Diagonal of genotype 225  0.60 Not Removed
 ** Low Diagonal of genotype 226  0.54 Not Removed
 ** Low Diagonal of genotype 227  0.59 Not Removed
 ** Low Diagonal of genotype 228  0.56 Not Removed
 ** Low Diagonal of genotype 229  0.57 Not Removed
 ** Low Diagonal of genotype 230  0.53 Not Removed
 ** Low Diagonal of genotype 231  0.53 Not Removed
 ** Low Diagonal of genotype 232  0.37 Not Removed
 ** Low Diagonal of genotype 233  0.05 Not Removed
 ** Low Diagonal of genotype 234  0.50 Not Removed
 ** Low Diagonal of genotype 235  0.57 Not Removed
 ** Low Diagonal of genotype 236  0.45 Not Removed
 ** Low Diagonal of genotype 237  0.50 Not Removed
 ** Low Diagonal of genotype 238  0.53 Not Removed
 ** Low Diagonal of genotype 239  0.56 Not Removed
 ** Low Diagonal of genotype 240  0.55 Not Removed
 ** Low Diagonal of genotype 241  0.55 Not Removed
 ** Low Diagonal of genotype 242  0.42 Not Removed
 ** Low Diagonal of genotype 243  0.50 Not Removed
 ** Low Diagonal of genotype 244  0.49 Not Removed
 ** Low Diagonal of genotype 245  0.48 Not Removed
 ** Low Diagonal of genotype 246  0.54 Not Removed
 ** Low Diagonal of genotype 247  0.41 Not Removed
 ** Low Diagonal of genotype 248  0.48 Not Removed
 ** Low Diagonal of genotype 249  0.56 Not Removed
 ** Low Diagonal of genotype 250  0.61 Not Removed
 ** Low Diagonal of genotype 251  0.55 Not Removed
 ** Low Diagonal of genotype 252  0.52 Not Removed
 ** Low Diagonal of genotype 253  0.57 Not Removed
 ** Low Diagonal of genotype 254  0.55 Not Removed
 ** Low Diagonal of genotype 255  0.54 Not Removed
 ** Low Diagonal of genotype 256  0.55 Not Removed
 ** Low Diagonal of genotype 257  0.58 Not Removed
 ** Low Diagonal of genotype 258  0.54 Not Removed
 ** Low Diagonal of genotype 259  0.49 Not Removed
 ** Low Diagonal of genotype 260  0.56 Not Removed
 ** Low Diagonal of genotype 261  0.45 Not Removed
 ** Low Diagonal of genotype 262  0.58 Not Removed
 ** Low Diagonal of genotype 263  0.56 Not Removed
 ** Low Diagonal of genotype 264  0.49 Not Removed
 ** Low Diagonal of genotype 265  0.54 Not Removed
 ** Low Diagonal of genotype 266  0.52 Not Removed
 ** Low Diagonal of genotype 267  0.52 Not Removed
 ** Low Diagonal of genotype 268  0.57 Not Removed
 ** Low Diagonal of genotype 269  0.56 Not Removed
 ** Low Diagonal of genotype 270  0.58 Not Removed
 ** Low Diagonal of genotype 271  0.43 Not Removed
 ** Low Diagonal of genotype 272  0.59 Not Removed
 ** Low Diagonal of genotype 273  0.55 Not Removed
 ** Low Diagonal of genotype 274  0.56 Not Removed
 ** Low Diagonal of genotype 275  0.52 Not Removed
 ** Low Diagonal of genotype 276  0.58 Not Removed
 ** Low Diagonal of genotype 277  0.54 Not Removed
 ** Low Diagonal of genotype 278  0.53 Not Removed
 ** Low Diagonal of genotype 279  0.55 Not Removed
 ** Low Diagonal of genotype 280  0.57 Not Removed
 ** Low Diagonal of genotype 281  0.55 Not Removed
 ** Low Diagonal of genotype 282  0.59 Not Removed
 ** Low Diagonal of genotype 283  0.56 Not Removed
 ** Low Diagonal of genotype 284  0.49 Not Removed
 ** Low Diagonal of genotype 285  0.50 Not Removed
 ** Low Diagonal of genotype 286  0.46 Not Removed
 ** Low Diagonal of genotype 287  0.57 Not Removed
 ** Low Diagonal of genotype 288  0.58 Not Removed
 ** Low Diagonal of genotype 289  0.56 Not Removed
 ** Low Diagonal of genotype 290  0.57 Not Removed
 ** Low Diagonal of genotype 291  0.54 Not Removed
 ** Low Diagonal of genotype 292  0.56 Not Removed
 ** Low Diagonal of genotype 293  0.55 Not Removed
 ** Low Diagonal of genotype 294  0.62 Not Removed
 ** Low Diagonal of genotype 295  0.50 Not Removed
 ** Low Diagonal of genotype 296  0.58 Not Removed
 ** Low Diagonal of genotype 297  0.53 Not Removed
 ** Low Diagonal of genotype 298  0.54 Not Removed
 ** Low Diagonal of genotype 299  0.59 Not Removed
 ** Low Diagonal of genotype 300  0.53 Not Removed
 ** Low Diagonal of genotype 301  0.56 Not Removed
 ** Low Diagonal of genotype 302  0.44 Not Removed
 ** Low Diagonal of genotype 303  0.40 Not Removed
 ** Low Diagonal of genotype 304  0.47 Not Removed
 ** Low Diagonal of genotype 305  0.56 Not Removed
 ** Low Diagonal of genotype 306  0.58 Not Removed
 ** Low Diagonal of genotype 307  0.46 Not Removed
 ** Low Diagonal of genotype 308  0.57 Not Removed
 ** Low Diagonal of genotype 309  0.56 Not Removed
 ** Low Diagonal of genotype 310  0.55 Not Removed
 ** Low Diagonal of genotype 311  0.58 Not Removed
 ** Low Diagonal of genotype 312  0.58 Not Removed
 ** Low Diagonal of genotype 313  0.57 Not Removed
 ** Low Diagonal of genotype 314  0.44 Not Removed
 ** Low Diagonal of genotype 315  0.57 Not Removed
 ** Low Diagonal of genotype 316  0.55 Not Removed
 ** Low Diagonal of genotype 317  0.53 Not Removed
 ** Low Diagonal of genotype 318  0.49 Not Removed
 ** Low Diagonal of genotype 319  0.47 Not Removed
 ** Low Diagonal of genotype 320  0.60 Not Removed
 ** Low Diagonal of genotype 321  0.60 Not Removed
 ** Low Diagonal of genotype 322  0.55 Not Removed
 ** Low Diagonal of genotype 323  0.56 Not Removed
 ** Low Diagonal of genotype 324  0.55 Not Removed
 ** Low Diagonal of genotype 325  0.55 Not Removed
 ** Low Diagonal of genotype 326  0.47 Not Removed
 ** Low Diagonal of genotype 327  0.55 Not Removed
 ** Low Diagonal of genotype 328  0.58 Not Removed
 ** Low Diagonal of genotype 329  0.54 Not Removed
 ** Low Diagonal of genotype 330  0.57 Not Removed
 ** Low Diagonal of genotype 331  0.57 Not Removed
 ** Low Diagonal of genotype 332  0.55 Not Removed
 ** Low Diagonal of genotype 333  0.58 Not Removed
 ** Low Diagonal of genotype 334  0.57 Not Removed
 ** Low Diagonal of genotype 335  0.57 Not Removed
 ** Low Diagonal of genotype 336  0.59 Not Removed
 ** Low Diagonal of genotype 337  0.54 Not Removed
 ** Low Diagonal of genotype 338  0.56 Not Removed
 ** Low Diagonal of genotype 339  0.53 Not Removed
 ** Low Diagonal of genotype 340  0.59 Not Removed
 ** Low Diagonal of genotype 341  0.53 Not Removed
 ** Low Diagonal of genotype 342  0.59 Not Removed
 ** Low Diagonal of genotype 343  0.57 Not Removed
 ** Low Diagonal of genotype 344  0.56 Not Removed
 ** Low Diagonal of genotype 345  0.57 Not Removed
 ** Low Diagonal of genotype 346  0.57 Not Removed
 ** Low Diagonal of genotype 347  0.61 Not Removed
 ** Low Diagonal of genotype 348  0.56 Not Removed
 ** Low Diagonal of genotype 349  0.56 Not Removed
 ** Low Diagonal of genotype 350  0.56 Not Removed
 ** Low Diagonal of genotype 351  0.58 Not Removed
 ** Low Diagonal of genotype 352  0.58 Not Removed
 ** Low Diagonal of genotype 353  0.57 Not Removed
 ** Low Diagonal of genotype 354  0.56 Not Removed
 ** Low Diagonal of genotype 355  0.55 Not Removed
 ** Low Diagonal of genotype 356  0.61 Not Removed
 ** Low Diagonal of genotype 357  0.54 Not Removed
 ** Low Diagonal of genotype 358  0.59 Not Removed
 ** Low Diagonal of genotype 359  0.57 Not Removed
 ** Low Diagonal of genotype 360  0.55 Not Removed
 ** Low Diagonal of genotype 361  0.55 Not Removed
 ** Low Diagonal of genotype 362  0.53 Not Removed
 ** Low Diagonal of genotype 363  0.48 Not Removed
 ** Low Diagonal of genotype 364  0.57 Not Removed
 ** Low Diagonal of genotype 365  0.57 Not Removed
 ** Low Diagonal of genotype 366  0.59 Not Removed
 ** Low Diagonal of genotype 367  0.51 Not Removed
 ** Low Diagonal of genotype 368  0.59 Not Removed
 ** Low Diagonal of genotype 369  0.57 Not Removed
 ** Low Diagonal of genotype 370  0.59 Not Removed
 ** Low Diagonal of genotype 371  0.57 Not Removed
 ** Low Diagonal of genotype 372  0.56 Not Removed
 ** Low Diagonal of genotype 373  0.56 Not Removed
 ** Low Diagonal of genotype 374  0.52 Not Removed
 ** Low Diagonal of genotype 375  0.56 Not Removed
 ** Low Diagonal of genotype 376  0.56 Not Removed
 ** Low Diagonal of genotype 377  0.62 Not Removed
 ** Low Diagonal of genotype 378  0.52 Not Removed
 ** Low Diagonal of genotype 379  0.53 Not Removed
 ** Low Diagonal of genotype 380  0.50 Not Removed
 ** Low Diagonal of genotype 381  0.56 Not Removed
 ** Low Diagonal of genotype 382  0.56 Not Removed
 ** Low Diagonal of genotype 383  0.57 Not Removed
 ** Low Diagonal of genotype 384  0.43 Not Removed
 ** Low Diagonal of genotype 385  0.54 Not Removed
 ** Low Diagonal of genotype 386  0.56 Not Removed
 ** Low Diagonal of genotype 387  0.58 Not Removed
 ** Low Diagonal of genotype 388  0.58 Not Removed
 ** Low Diagonal of genotype 389  0.60 Not Removed
 ** Low Diagonal of genotype 390  0.55 Not Removed
 ** Low Diagonal of genotype 391  0.55 Not Removed
 ** Low Diagonal of genotype 392  0.58 Not Removed
 ** Low Diagonal of genotype 393  0.58 Not Removed
 ** Low Diagonal of genotype 394  0.55 Not Removed
 ** Low Diagonal of genotype 395  0.49 Not Removed
 ** Low Diagonal of genotype 396  0.44 Not Removed
 ** Low Diagonal of genotype 397  0.56 Not Removed
 ** Low Diagonal of genotype 398  0.59 Not Removed
 ** Low Diagonal of genotype 399  0.55 Not Removed
 ** Low Diagonal of genotype 400  0.44 Not Removed
 ** Low Diagonal of genotype 401  0.59 Not Removed
 ** Low Diagonal of genotype 402  0.53 Not Removed
 ** Low Diagonal of genotype 403  0.61 Not Removed
 ** Low Diagonal of genotype 404  0.56 Not Removed
 ** Low Diagonal of genotype 405  0.57 Not Removed
 ** Low Diagonal of genotype 406  0.62 Not Removed
 ** Low Diagonal of genotype 407  0.51 Not Removed
 ** Low Diagonal of genotype 408  0.52 Not Removed
 ** Low Diagonal of genotype 409  0.54 Not Removed
 ** Low Diagonal of genotype 410  0.59 Not Removed
 ** Low Diagonal of genotype 411  0.55 Not Removed
 ** Low Diagonal of genotype 412  0.47 Not Removed
 ** Low Diagonal of genotype 413  0.62 Not Removed
 ** Low Diagonal of genotype 414  0.53 Not Removed
 ** Low Diagonal of genotype 415  0.58 Not Removed
 ** Low Diagonal of genotype 416  0.58 Not Removed
 ** Low Diagonal of genotype 417  0.58 Not Removed
 ** Low Diagonal of genotype 418  0.54 Not Removed
 ** Low Diagonal of genotype 419  0.53 Not Removed
 ** Low Diagonal of genotype 420  0.51 Not Removed
 ** Low Diagonal of genotype 421  0.55 Not Removed
 ** Low Diagonal of genotype 422  0.59 Not Removed
 ** Low Diagonal of genotype 423  0.58 Not Removed
 ** Low Diagonal of genotype 424  0.64 Not Removed
 ** Low Diagonal of genotype 425  0.58 Not Removed
 ** Low Diagonal of genotype 426  0.55 Not Removed
 ** Low Diagonal of genotype 427  0.62 Not Removed
 ** Low Diagonal of genotype 428  0.58 Not Removed
 ** Low Diagonal of genotype 429  0.56 Not Removed
 ** Low Diagonal of genotype 430  0.53 Not Removed
 ** Low Diagonal of genotype 431  0.52 Not Removed
 ** Low Diagonal of genotype 432  0.51 Not Removed
 ** Low Diagonal of genotype 433  0.57 Not Removed
 ** Low Diagonal of genotype 434  0.56 Not Removed
 ** Low Diagonal of genotype 435  0.56 Not Removed
 ** Low Diagonal of genotype 436  0.56 Not Removed
 ** Low Diagonal of genotype 437  0.55 Not Removed
 ** Low Diagonal of genotype 438  0.62 Not Removed
 ** Low Diagonal of genotype 439  0.58 Not Removed
 ** Low Diagonal of genotype 440  0.58 Not Removed
 ** Low Diagonal of genotype 441  0.58 Not Removed
 ** Low Diagonal of genotype 442  0.63 Not Removed
 ** Low Diagonal of genotype 443  0.53 Not Removed
 ** Low Diagonal of genotype 444  0.47 Not Removed
 ** Low Diagonal of genotype 445  0.58 Not Removed
 ** Low Diagonal of genotype 446  0.56 Not Removed
 ** Low Diagonal of genotype 447  0.55 Not Removed
 ** Low Diagonal of genotype 448  0.64 Not Removed
 ** Low Diagonal of genotype 449  0.59 Not Removed
 ** Low Diagonal of genotype 450  0.57 Not Removed
 ** Low Diagonal of genotype 451  0.37 Not Removed
 ** Low Diagonal of genotype 452  0.57 Not Removed
 ** Low Diagonal of genotype 453  0.58 Not Removed
 ** Low Diagonal of genotype 454  0.61 Not Removed
 ** Low Diagonal of genotype 455  0.52 Not Removed
 ** Low Diagonal of genotype 456  0.56 Not Removed
 ** Low Diagonal of genotype 457  0.55 Not Removed
 ** Low Diagonal of genotype 458  0.58 Not Removed
 ** Low Diagonal of genotype 459  0.58 Not Removed
 ** Low Diagonal of genotype 460  0.57 Not Removed
 ** Low Diagonal of genotype 461  0.55 Not Removed
 ** Low Diagonal of genotype 462  0.55 Not Removed
 ** Low Diagonal of genotype 463  0.58 Not Removed
 ** Low Diagonal of genotype 464  0.57 Not Removed
 ** Low Diagonal of genotype 465  0.56 Not Removed
 ** Low Diagonal of genotype 466  0.59 Not Removed
 ** Low Diagonal of genotype 467  0.50 Not Removed
 ** Low Diagonal of genotype 468  0.54 Not Removed
 ** Low Diagonal of genotype 469  0.53 Not Removed
 ** Low Diagonal of genotype 470  0.53 Not Removed
 ** Low Diagonal of genotype 471  0.56 Not Removed
 ** Low Diagonal of genotype 472  0.54 Not Removed
 ** Low Diagonal of genotype 473  0.56 Not Removed
 ** Low Diagonal of genotype 474  0.53 Not Removed
 ** Low Diagonal of genotype 475  0.57 Not Removed
 ** Low Diagonal of genotype 476  0.55 Not Removed
 ** Low Diagonal of genotype 477  0.55 Not Removed
 ** Low Diagonal of genotype 478  0.57 Not Removed
 ** Low Diagonal of genotype 479  0.48 Not Removed
 ** Low Diagonal of genotype 480  0.34 Not Removed
 ** Low Diagonal of genotype 481  0.59 Not Removed
 ** Low Diagonal of genotype 482  0.55 Not Removed
 ** Low Diagonal of genotype 483  0.53 Not Removed
 ** Low Diagonal of genotype 484  0.54 Not Removed
 ** Low Diagonal of genotype 485  0.57 Not Removed
 ** Low Diagonal of genotype 486  0.58 Not Removed
 ** Low Diagonal of genotype 487  0.55 Not Removed
 ** Low Diagonal of genotype 488  0.59 Not Removed
 ** Low Diagonal of genotype 489  0.58 Not Removed
 ** Low Diagonal of genotype 490  0.59 Not Removed
 ** Low Diagonal of genotype 491  0.55 Not Removed
 ** Low Diagonal of genotype 492  0.61 Not Removed
 ** Low Diagonal of genotype 493  0.57 Not Removed
 ** Low Diagonal of genotype 494  0.49 Not Removed
 ** Low Diagonal of genotype 495  0.57 Not Removed
 ** Low Diagonal of genotype 496  0.52 Not Removed
 ** Low Diagonal of genotype 497  0.55 Not Removed
 ** Low Diagonal of genotype 498  0.60 Not Removed
 ** Low Diagonal of genotype 499  0.58 Not Removed
 ** Low Diagonal of genotype 500  0.59 Not Removed
 ** Low Diagonal of genotype 501  0.57 Not Removed
 ** Low Diagonal of genotype 502  0.47 Not Removed
 ** Low Diagonal of genotype 503  0.52 Not Removed
 ** Low Diagonal of genotype 504  0.24 Not Removed
 ** Low Diagonal of genotype 505  0.56 Not Removed
 ** Low Diagonal of genotype 506  0.53 Not Removed
 ** Low Diagonal of genotype 507  0.55 Not Removed
 ** Low Diagonal of genotype 508  0.57 Not Removed
 ** Low Diagonal of genotype 509  0.57 Not Removed
 ** Low Diagonal of genotype 510  0.57 Not Removed
 ** Low Diagonal of genotype 511  0.56 Not Removed
 ** Low Diagonal of genotype 512  0.55 Not Removed
 ** Low Diagonal of genotype 513  0.59 Not Removed
 ** Low Diagonal of genotype 514  0.58 Not Removed
 ** Low Diagonal of genotype 515  0.53 Not Removed
 ** Low Diagonal of genotype 516  0.56 Not Removed
 ** Low Diagonal of genotype 517  0.05 Not Removed
 ** Low Diagonal of genotype 518  0.54 Not Removed
 ** Low Diagonal of genotype 519  0.60 Not Removed
 ** Low Diagonal of genotype 520  0.55 Not Removed
 ** Low Diagonal of genotype 521  0.57 Not Removed
 ** Low Diagonal of genotype 522  0.56 Not Removed
 ** Low Diagonal of genotype 523  0.59 Not Removed
 ** Low Diagonal of genotype 524  0.54 Not Removed
 ** Low Diagonal of genotype 525  0.58 Not Removed
 ** Low Diagonal of genotype 526  0.41 Not Removed
 ** Low Diagonal of genotype 527  0.59 Not Removed
 ** Low Diagonal of genotype 528  0.56 Not Removed
 ** Low Diagonal of genotype 529  0.58 Not Removed
 ** Low Diagonal of genotype 530  0.56 Not Removed
 ** Low Diagonal of genotype 531  0.54 Not Removed
 ** Low Diagonal of genotype 532  0.58 Not Removed
 ** Low Diagonal of genotype 533  0.58 Not Removed
 ** Low Diagonal of genotype 534  0.60 Not Removed
 ** Low Diagonal of genotype 535  0.55 Not Removed
 ** Low Diagonal of genotype 536  0.55 Not Removed
 ** Low Diagonal of genotype 537  0.57 Not Removed
 ** Low Diagonal of genotype 538  0.58 Not Removed
 ** Low Diagonal of genotype 539  0.56 Not Removed
 ** Low Diagonal of genotype 540  0.56 Not Removed
 ** Low Diagonal of genotype 541  0.50 Not Removed
 ** Low Diagonal of genotype 542  0.43 Not Removed
 ** Low Diagonal of genotype 543  0.60 Not Removed
 ** Low Diagonal of genotype 544  0.56 Not Removed
 ** Low Diagonal of genotype 545  0.60 Not Removed
 ** Low Diagonal of genotype 546  0.59 Not Removed
 ** Low Diagonal of genotype 547  0.55 Not Removed
 ** Low Diagonal of genotype 548  0.61 Not Removed
 ** Low Diagonal of genotype 549  0.54 Not Removed
 ** Low Diagonal of genotype 550  0.53 Not Removed
 ** Low Diagonal of genotype 551  0.53 Not Removed
 ** Low Diagonal of genotype 552  0.53 Not Removed
 ** Low Diagonal of genotype 553  0.56 Not Removed
 ** Low Diagonal of genotype 554  0.52 Not Removed
 ** Low Diagonal of genotype 555  0.55 Not Removed
 ** Low Diagonal of genotype 556  0.54 Not Removed
 ** Low Diagonal of genotype 557  0.57 Not Removed
 ** Low Diagonal of genotype 558  0.58 Not Removed
 ** Low Diagonal of genotype 559  0.57 Not Removed
 ** Low Diagonal of genotype 560  0.57 Not Removed
 ** Low Diagonal of genotype 561  0.55 Not Removed
 ** Low Diagonal of genotype 562  0.49 Not Removed
 ** Low Diagonal of genotype 563  0.45 Not Removed
 ** Low Diagonal of genotype 564  0.60 Not Removed
 ** Low Diagonal of genotype 565  0.52 Not Removed
 ** Low Diagonal of genotype 566  0.53 Not Removed
 ** Low Diagonal of genotype 567  0.55 Not Removed
 ** Low Diagonal of genotype 568  0.57 Not Removed
 ** Low Diagonal of genotype 569  0.59 Not Removed
 ** Low Diagonal of genotype 570  0.55 Not Removed
 ** Low Diagonal of genotype 571  0.59 Not Removed
 ** Low Diagonal of genotype 572  0.54 Not Removed
 ** Low Diagonal of genotype 573  0.60 Not Removed
 ** Low Diagonal of genotype 574  0.56 Not Removed
 ** Low Diagonal of genotype 575  0.39 Not Removed
 ** Low Diagonal of genotype 576  0.37 Not Removed
 ** Low Diagonal of genotype 577  0.37 Not Removed
 ** Low Diagonal of genotype 578  0.50 Not Removed
 ** Low Diagonal of genotype 579  0.61 Not Removed
 ** Low Diagonal of genotype 580  0.59 Not Removed
 ** Low Diagonal of genotype 581  0.45 Not Removed
 ** Low Diagonal of genotype 582  0.51 Not Removed
 ** Low Diagonal of genotype 583  0.59 Not Removed
 ** Low Diagonal of genotype 584  0.47 Not Removed
 ** Low Diagonal of genotype 585  0.60 Not Removed
 ** Low Diagonal of genotype 586  0.39 Not Removed
 ** Low Diagonal of genotype 587  0.57 Not Removed
 ** Low Diagonal of genotype 588  0.59 Not Removed
 ** Low Diagonal of genotype 589  0.59 Not Removed
 ** Low Diagonal of genotype 590  0.45 Not Removed
 ** Low Diagonal of genotype 591  0.50 Not Removed
 ** Low Diagonal of genotype 592  0.49 Not Removed
 ** Low Diagonal of genotype 593  0.57 Not Removed
 ** Low Diagonal of genotype 594  0.47 Not Removed
 ** Low Diagonal of genotype 595  0.34 Not Removed
 ** Low Diagonal of genotype 596  0.54 Not Removed
 ** Low Diagonal of genotype 597  0.50 Not Removed
 ** Low Diagonal of genotype 598  0.40 Not Removed
 ** Low Diagonal of genotype 599  0.35 Not Removed
 ** Low Diagonal of genotype 600  0.53 Not Removed
 ** Low Diagonal of genotype 601  0.39 Not Removed
 ** Low Diagonal of genotype 602  0.55 Not Removed
 ** Low Diagonal of genotype 603  0.58 Not Removed
 ** Low Diagonal of genotype 604  0.42 Not Removed
 ** Low Diagonal of genotype 605  0.58 Not Removed
 ** Low Diagonal of genotype 606  0.66 Not Removed
 ** Low Diagonal of genotype 607  0.58 Not Removed
 ** Low Diagonal of genotype 608  0.54 Not Removed
 ** Low Diagonal of genotype 609  0.53 Not Removed
 ** Low Diagonal of genotype 610  0.38 Not Removed
 ** Low Diagonal of genotype 611  0.59 Not Removed
 ** Low Diagonal of genotype 612  0.31 Not Removed
 ** Low Diagonal of genotype 613  0.57 Not Removed
 ** Low Diagonal of genotype 614  0.51 Not Removed
 ** Low Diagonal of genotype 615  0.50 Not Removed
 ** Low Diagonal of genotype 616  0.51 Not Removed
 ** Low Diagonal of genotype 617  0.56 Not Removed
 ** Low Diagonal of genotype 618  0.52 Not Removed
 ** Low Diagonal of genotype 619  0.51 Not Removed
 ** Low Diagonal of genotype 620  0.56 Not Removed
 ** Low Diagonal of genotype 621  0.45 Not Removed
 ** Low Diagonal of genotype 622  0.43 Not Removed
 ** Low Diagonal of genotype 623  0.57 Not Removed
 ** Low Diagonal of genotype 624  0.34 Not Removed
 ** Low Diagonal of genotype 625  0.46 Not Removed
 ** Low Diagonal of genotype 626  0.53 Not Removed
 ** Low Diagonal of genotype 627  0.55 Not Removed
 ** Low Diagonal of genotype 628  0.51 Not Removed
 ** Low Diagonal of genotype 629  0.54 Not Removed
 ** Low Diagonal of genotype 630  0.57 Not Removed
 ** Low Diagonal of genotype 631  0.56 Not Removed
 ** Low Diagonal of genotype 632  0.54 Not Removed
 ** Low Diagonal of genotype 633  0.51 Not Removed
 ** Low Diagonal of genotype 634  0.53 Not Removed
 ** Low Diagonal of genotype 635  0.57 Not Removed
 ** Low Diagonal of genotype 636  0.43 Not Removed
 ** Low Diagonal of genotype 637  0.50 Not Removed
 ** Low Diagonal of genotype 638  0.51 Not Removed
 ** Low Diagonal of genotype 639  0.54 Not Removed
 ** Low Diagonal of genotype 640  0.57 Not Removed
 ** Low Diagonal of genotype 641  0.56 Not Removed
 ** Low Diagonal of genotype 642  0.57 Not Removed
 ** Low Diagonal of genotype 643  0.56 Not Removed
 ** Low Diagonal of genotype 644  0.57 Not Removed
 ** Low Diagonal of genotype 645  0.40 Not Removed
 ** Low Diagonal of genotype 646  0.58 Not Removed
 ** Low Diagonal of genotype 647  0.50 Not Removed
 ** Low Diagonal of genotype 648  0.54 Not Removed
 ** Low Diagonal of genotype 649  0.45 Not Removed
 ** Low Diagonal of genotype 650  0.56 Not Removed
 ** Low Diagonal of genotype 651  0.59 Not Removed
 ** Low Diagonal of genotype 652  0.57 Not Removed
 ** Low Diagonal of genotype 653  0.53 Not Removed
 ** Low Diagonal of genotype 654  0.54 Not Removed
 ** Low Diagonal of genotype 655  0.57 Not Removed
 ** Low Diagonal of genotype 656  0.57 Not Removed
 ** Low Diagonal of genotype 657  0.44 Not Removed
 ** Low Diagonal of genotype 658  0.45 Not Removed
 ** Low Diagonal of genotype 659  0.05 Not Removed
 ** Low Diagonal of genotype 660  0.55 Not Removed
 ** Low Diagonal of genotype 661  0.56 Not Removed
 ** Low Diagonal of genotype 662  0.58 Not Removed
 ** Low Diagonal of genotype 663  0.57 Not Removed
 ** Low Diagonal of genotype 664  0.60 Not Removed
 ** Low Diagonal of genotype 665  0.60 Not Removed
 ** Low Diagonal of genotype 666  0.56 Not Removed
 ** Low Diagonal of genotype 667  0.54 Not Removed
 ** Low Diagonal of genotype 668  0.51 Not Removed
 ** Low Diagonal of genotype 669  0.40 Not Removed
 ** Low Diagonal of genotype 670  0.40 Not Removed
 ** Low Diagonal of genotype 671  0.35 Not Removed
 ** Low Diagonal of genotype 672  0.53 Not Removed
 ** Low Diagonal of genotype 673  0.58 Not Removed
 ** Low Diagonal of genotype 674  0.62 Not Removed
 ** Low Diagonal of genotype 675  0.63 Not Removed
 ** Low Diagonal of genotype 676  0.50 Not Removed
 ** Low Diagonal of genotype 677  0.57 Not Removed
 ** Low Diagonal of genotype 678  0.52 Not Removed
 ** Low Diagonal of genotype 679  0.36 Not Removed
 ** Low Diagonal of genotype 680  0.49 Not Removed
 ** Low Diagonal of genotype 681  0.46 Not Removed
 ** Low Diagonal of genotype 682  0.57 Not Removed
 ** Low Diagonal of genotype 683  0.58 Not Removed
 ** Low Diagonal of genotype 684  0.56 Not Removed
 ** Low Diagonal of genotype 685  0.54 Not Removed
 ** Low Diagonal of genotype 686  0.60 Not Removed
 ** Low Diagonal of genotype 687  0.23 Not Removed
 ** Low Diagonal of genotype 688  0.28 Not Removed
 ** Low Diagonal of genotype 689  0.49 Not Removed
 ** Low Diagonal of genotype 690  0.57 Not Removed
 ** Low Diagonal of genotype 691  0.05 Not Removed
 ** Low Diagonal of genotype 692  0.61 Not Removed
 ** Low Diagonal of genotype 693  0.52 Not Removed
 ** Low Diagonal of genotype 694  0.63 Not Removed
 ** Low Diagonal of genotype 695  0.46 Not Removed
 ** Low Diagonal of genotype 696  0.37 Not Removed
 ** Low Diagonal of genotype 697  0.56 Not Removed
 ** Low Diagonal of genotype 698  0.60 Not Removed
 ** Low Diagonal of genotype 699  0.53 Not Removed
 ** Low Diagonal of genotype 700  0.55 Not Removed
 ** Low Diagonal of genotype 701  0.56 Not Removed
 ** Low Diagonal of genotype 702  0.61 Not Removed

 Check for diagonal of genomic relationship matrix, genotypes not removed: 702

 ------------------------------
  Final Pedigree-Based Matrix 
 ------------------------------
 
 Statistic of Rel. Matrix A22
                                N      Mean       Min       Max       Var
     Diagonal                 702     1.000     1.000     1.000     0.000
     Off-diagonal          492102     0.000     0.000     0.000     0.000
 

 ----------------------
  Final Genomic Matrix 
 ----------------------
 
 Statistic of Genomic Matrix
                                N      Mean       Min       Max       Var
     Diagonal                 702     0.529     0.050     1.887     0.010
     Off-diagonal          492102    -0.001    -0.092     0.491     0.001
 

 Correlation of Genomic Inbreeding and Pedigree Inbreeding
     Correlation:     0.0000
 
 Diagonal elements
    Estimating Regression Coefficients G = b0 11' + b1 A + e
    Regression coefficients b0 b1 =   Infinity -Infinity

    Correlation diagonal elements G & A -Infinity
 
 All elements - Diagonal / Off-Diagonal
    Estimating Regression Coefficients G = b0 11' + b1 A + e
    Regression coefficients b0 b1 =     -0.001     0.530

    Correlation all elements G & A     0.588
 
 Off-Diagonal
    Using 0 elements from A22 >= .02000

    NO ELEMENTS to estimate statistics !!!

    Estimating Regression Coefficients G = b0 11' + b1 A + e
    Regression coefficients b0 b1 =      0.000     0.000

    Correlation Off-Diagonal elements G & A     0.000
 

 Creating A22-inverse 
    Inverse LAPACK MKL dpotrf/i  #threads=    1    8 Elapsed omp_get_time:     0.1037

 ----------------------
  Final A22 Inv Matrix 
 ----------------------
 
 Statistic of Inv. Rel. Matrix A22
                                N      Mean       Min       Max       Var
     Diagonal                 702     1.000     1.000     1.000     0.000
     Off-diagonal          492102     0.000     0.000     0.000     0.000
 
 
 Creating G-inverse 
    Inverse LAPACK MKL dpotrf/i  #threads=    1    8 Elapsed omp_get_time:     0.4078

 --------------------------
  Final Genomic Inv Matrix 
 --------------------------
 
 Statistic of Inv. Genomic Matrix
                                N      Mean       Min       Max       Var
     Diagonal                 702     3.209     0.539    20.000     3.536
     Off-diagonal          492102     0.022    -5.126     0.302     0.003
 
 
 Saving G-inverse in file: "Gi"
       elapsed time=    15.0

 Check for diagonal of Inverse Genomic - Inverse of pedigree relationship matrix

 Number of genotypes with G^ii < A22^ii: 1
 Genotype number, renumber id and Gi-A22i print in file: "Check_Diagonal_GimA22i"

 ------------------------------
  Final G Inv - A22 Inv Matrix 
 ------------------------------
 
 Statistic of Inv. Genomic - A22 Matrix
                                N      Mean       Min       Max       Var
     Diagonal                 702     2.209    -0.461    19.000     3.536
     Off-diagonal          492102     0.022    -5.126     0.302     0.003
 

*--------------------------------------------------*
* Setup Genomic Done !!!, elapsed time:     52.703 *
*--------------------------------------------------*

