
ssgblup.par
     BLUPF90+ ver. 2.48

 Parameter file:             ssgblup.par
 Data file:                  ../renum_gbs/renf90.dat
 Number of Traits             1
 Number of Effects            2
 Position of Observations      1
 Position of Weights           0
 Value of Missing Trait/Observation           0

EFFECTS
 #  type                position (2)        levels   [positions for nested]
    1  cross-classified       2         3
    2  cross-classified       3       806

 Residual (co)variance Matrix
  100.00    

 Random Effect(s)    2
 Type of Random Effect:      additive animal with unknown parent groups and inbreeding
 Pedigree File:              ../renum_gbs/renadd02.ped                                                                                                                                                                                                                                 
 trait   effect    (CO)VARIANCES
  1       2     100.0    

 REMARKS
  (1) Weight position 0 means no weights utilized
  (2) Effect positions of 0 for some effects and traits means that such
      effects are missing for specified traits
 

 * The limited number of OpenMP threads = 4

 * BLUPF90+ sparse operations version
 
 * START JOB (BLUPF90): 11-18-2023  15h 07m 38s 862
 
 *** Statistical method from OPTION VCE                 
 * store solutions and s.e. *** se                  
* SE for function of (co)variances P G_2_2_1_1+R_1_1
* SE for function of (co)variances h2 G_2_2_1_1/(G_2_2_1_1+R_1_1)
 * store accuracy in file: "acc_bf90"            2
 * omit A-inverse (default=.false.): .true.
 

 Options read from parameter file for genomic
 * SNP format: BLUPF90 standard (text)
 * SNP file: ../../../output/haplotype_clean
 * SNP Xref file: ../../../output/haplotype_clean_XrefID
 * Save A22 Inverse  matrix (default=.false.)
 * Save G Inverse matrix (default=.false.)
 * No Quality Control Checks !!!!! (default .false.):  T
 * Create a tuned G (default = 2): 0
 * AlphaBeta defaults alpha=0.95, beta=0.05) :  0.99  0.01
 * TauOmega (defaults tau=1.0, omega=1.0) :  1.00  1.00
 * Matrix in Ascii format(default=binary)
 IJA4 version
 Data record length =            3
 # free parameters=           2
 # parameters=           2
 # random effects=           1
 # elements for random effects=           1
 # maximum (ntrait*random)**2=           1
 # (co)variance matrices=           1

Read 728 records in 6.22 s,  1351 nonzeroes


Read 806 additive pedigrees
 
 *--------------------------------------------------------------*
 *                 Genomic Library: Dist Version 1.308          *
 *                                                              *
 *             Optimized OpenMP Version -  4 threads            *
 *                                                              *
 *  Modified relationship matrix (H) created for effect:   2    *
 *--------------------------------------------------------------*
 
 Read 806 animals from pedigree file: "C:\Users\lzhang\OneDrive - AbacusBio Ltd\Project_internal\Potato mash\blupf90\vce\renum_gbs\renadd02.ped"
 Number of Genotyped Animals: 702

 Creating A22 
    Extracting subset of: 702 pedigrees from: 806 ...elapsed time:     0.0000
    Calculating A22 Matrix by Colleau OpenMP...elapsed time: .0091
    Numbers of threads=1 4

 Reading SNP file
    Column position in file for the first marker: 12
    Format to read SNP file: (11x,400000i1)                                    
    Number of SNPs: 1293
    Format: integer genotypes (0 to 5) to double-precision array
    Number of Genotyped animals: 702
    Reading SNP file elapsed time: .08
 
 Statistics of alleles frequencies in the current population
    N:           1293
    Mean:       0.267
    Min:        0.050
    Max:        0.826
    Var:        0.026
 
 Quality Control - SNPs with Call Rate < callrate ( 0.90) Exist - NOT REMOVED: 521
 

 Quality Control - Animals that should be REMOVED for Call rate < callrate ( 0.90): 86

 Genotypes missings (%): 10.290

 Calculating G Matrix 
    Dgemm MKL #threads=     1    4 Elapsed omp_get_time:     0.7908
 
 Scale by Sum(2pq). Average:   394.075263052752     

 Detecting samples with similar genotypes
    elapsed time=     0.0

 *****************************************
 *  Possible genotype duplicates samples *
 *****************************************

    i-j number of sample , i-j renumber Id, G(i,j), G(i,i), G(j,j), r(i,j) 
         113     109      58      57  0.5324  0.5588  0.5609  0.9510
         261     126     209     208  0.5345  0.5544  0.5559  0.9628
         701     285     655     531  0.5796  0.6100  0.6077  0.9520
         432     408     376     370  0.5376  0.5697  0.5717  0.9420
         569     425     495     485  0.5222  0.5708  0.5653  0.9193
         611     583       8     718  0.6160  0.6238  0.6206  0.9900
         699     660     662     646  0.5512  0.5671  0.5604  0.9779
         676     675     715     705  0.5687  0.5898  0.5978  0.9578
    elapsed time=     0.0
 No tuning before blending
 
 Blend G as alpha*G + beta*A22: (alpha,beta)     0.990     0.010

 Frequency - Diagonal of G
    N:         702
    Mean:        0.566
    Min:         0.345
    Max:         0.690
    Range:       0.017
    Class:     20
 
  #Class       Class   Count
       1  0.3451           2
       2  0.3623           5
       3  0.3796           8
       4  0.3968          10
       5  0.4141           1
       6  0.4313           5
       7  0.4485           3
       8  0.4658           3
       9  0.4830           1
      10  0.5003           7
      11  0.5175          38
      12  0.5348          97
      13  0.5520         153
      14  0.5693         167
      15  0.5865          92
      16  0.6038          70
      17  0.6210          32
      18  0.6382           5
      19  0.6555           2
      20  0.6727           1
      21  0.6900           0
 

 Check for diagonal of genomic relationship matrix

 ** Low Diagonal of genotype 1  0.56 Not Removed
 ** Low Diagonal of genotype 2  0.55 Not Removed
 ** Low Diagonal of genotype 3  0.57 Not Removed
 ** Low Diagonal of genotype 4  0.58 Not Removed
 ** Low Diagonal of genotype 5  0.53 Not Removed
 ** Low Diagonal of genotype 6  0.57 Not Removed
 ** Low Diagonal of genotype 7  0.52 Not Removed
 ** Low Diagonal of genotype 8  0.52 Not Removed
 ** Low Diagonal of genotype 9  0.52 Not Removed
 ** Low Diagonal of genotype 10  0.57 Not Removed
 ** Low Diagonal of genotype 11  0.58 Not Removed
 ** Low Diagonal of genotype 12  0.58 Not Removed
 ** Low Diagonal of genotype 13  0.56 Not Removed
 ** Low Diagonal of genotype 14  0.58 Not Removed
 ** Low Diagonal of genotype 15  0.60 Not Removed
 ** Low Diagonal of genotype 16  0.59 Not Removed
 ** Low Diagonal of genotype 17  0.55 Not Removed
 ** Low Diagonal of genotype 18  0.60 Not Removed
 ** Low Diagonal of genotype 19  0.56 Not Removed
 ** Low Diagonal of genotype 20  0.60 Not Removed
 ** Low Diagonal of genotype 21  0.56 Not Removed
 ** Low Diagonal of genotype 22  0.61 Not Removed
 ** Low Diagonal of genotype 23  0.62 Not Removed
 ** Low Diagonal of genotype 24  0.59 Not Removed
 ** Low Diagonal of genotype 25  0.57 Not Removed
 ** Low Diagonal of genotype 26  0.59 Not Removed
 ** Low Diagonal of genotype 27  0.53 Not Removed
 ** Low Diagonal of genotype 28  0.57 Not Removed
 ** Low Diagonal of genotype 29  0.58 Not Removed
 ** Low Diagonal of genotype 30  0.61 Not Removed
 ** Low Diagonal of genotype 31  0.56 Not Removed
 ** Low Diagonal of genotype 32  0.56 Not Removed
 ** Low Diagonal of genotype 33  0.61 Not Removed
 ** Low Diagonal of genotype 34  0.56 Not Removed
 ** Low Diagonal of genotype 35  0.62 Not Removed
 ** Low Diagonal of genotype 36  0.61 Not Removed
 ** Low Diagonal of genotype 37  0.62 Not Removed
 ** Low Diagonal of genotype 38  0.62 Not Removed
 ** Low Diagonal of genotype 39  0.58 Not Removed
 ** Low Diagonal of genotype 40  0.57 Not Removed
 ** Low Diagonal of genotype 41  0.63 Not Removed
 ** Low Diagonal of genotype 42  0.59 Not Removed
 ** Low Diagonal of genotype 43  0.57 Not Removed
 ** Low Diagonal of genotype 44  0.54 Not Removed
 ** Low Diagonal of genotype 45  0.61 Not Removed
 ** Low Diagonal of genotype 46  0.59 Not Removed
 ** Low Diagonal of genotype 47  0.55 Not Removed
 ** Low Diagonal of genotype 48  0.57 Not Removed
 ** Low Diagonal of genotype 49  0.54 Not Removed
 ** Low Diagonal of genotype 50  0.53 Not Removed
 ** Low Diagonal of genotype 51  0.56 Not Removed
 ** Low Diagonal of genotype 52  0.58 Not Removed
 ** Low Diagonal of genotype 53  0.60 Not Removed
 ** Low Diagonal of genotype 54  0.54 Not Removed
 ** Low Diagonal of genotype 55  0.54 Not Removed
 ** Low Diagonal of genotype 56  0.59 Not Removed
 ** Low Diagonal of genotype 57  0.63 Not Removed
 ** Low Diagonal of genotype 58  0.61 Not Removed
 ** Low Diagonal of genotype 59  0.61 Not Removed
 ** Low Diagonal of genotype 60  0.57 Not Removed
 ** Low Diagonal of genotype 61  0.55 Not Removed
 ** Low Diagonal of genotype 62  0.52 Not Removed
 ** Low Diagonal of genotype 63  0.58 Not Removed
 ** Low Diagonal of genotype 64  0.53 Not Removed
 ** Low Diagonal of genotype 65  0.56 Not Removed
 ** Low Diagonal of genotype 66  0.60 Not Removed
 ** Low Diagonal of genotype 67  0.64 Not Removed
 ** Low Diagonal of genotype 68  0.55 Not Removed
 ** Low Diagonal of genotype 69  0.56 Not Removed
 ** Low Diagonal of genotype 70  0.61 Not Removed
 ** Low Diagonal of genotype 71  0.56 Not Removed
 ** Low Diagonal of genotype 72  0.62 Not Removed
 ** Low Diagonal of genotype 73  0.54 Not Removed
 ** Low Diagonal of genotype 74  0.58 Not Removed
 ** Low Diagonal of genotype 75  0.56 Not Removed
 ** Low Diagonal of genotype 76  0.57 Not Removed
 ** Low Diagonal of genotype 77  0.56 Not Removed
 ** Low Diagonal of genotype 78  0.56 Not Removed
 ** Low Diagonal of genotype 79  0.62 Not Removed
 ** Low Diagonal of genotype 80  0.56 Not Removed
 ** Low Diagonal of genotype 81  0.60 Not Removed
 ** Low Diagonal of genotype 82  0.66 Not Removed
 ** Low Diagonal of genotype 83  0.52 Not Removed
 ** Low Diagonal of genotype 84  0.57 Not Removed
 ** Low Diagonal of genotype 85  0.58 Not Removed
 ** Low Diagonal of genotype 86  0.54 Not Removed
 ** Low Diagonal of genotype 87  0.59 Not Removed
 ** Low Diagonal of genotype 88  0.54 Not Removed
 ** Low Diagonal of genotype 89  0.52 Not Removed
 ** Low Diagonal of genotype 90  0.53 Not Removed
 ** Low Diagonal of genotype 91  0.55 Not Removed
 ** Low Diagonal of genotype 92  0.56 Not Removed
 ** Low Diagonal of genotype 93  0.57 Not Removed
 ** Low Diagonal of genotype 94  0.56 Not Removed
 ** Low Diagonal of genotype 95  0.57 Not Removed
 ** Low Diagonal of genotype 96  0.56 Not Removed
 ** Low Diagonal of genotype 97  0.59 Not Removed
 ** Low Diagonal of genotype 98  0.63 Not Removed
 ** Low Diagonal of genotype 99  0.59 Not Removed
 ** Low Diagonal of genotype 100  0.57 Not Removed
 ** Low Diagonal of genotype 101  0.57 Not Removed
 ** Low Diagonal of genotype 102  0.62 Not Removed
 ** Low Diagonal of genotype 103  0.58 Not Removed
 ** Low Diagonal of genotype 104  0.63 Not Removed
 ** Low Diagonal of genotype 105  0.58 Not Removed
 ** Low Diagonal of genotype 106  0.55 Not Removed
 ** Low Diagonal of genotype 107  0.59 Not Removed
 ** Low Diagonal of genotype 108  0.60 Not Removed
 ** Low Diagonal of genotype 109  0.57 Not Removed
 ** Low Diagonal of genotype 110  0.58 Not Removed
 ** Low Diagonal of genotype 111  0.58 Not Removed
 ** Low Diagonal of genotype 112  0.57 Not Removed
 ** Low Diagonal of genotype 113  0.56 Not Removed
 ** Low Diagonal of genotype 114  0.55 Not Removed
 ** Low Diagonal of genotype 115  0.58 Not Removed
 ** Low Diagonal of genotype 116  0.55 Not Removed
 ** Low Diagonal of genotype 117  0.55 Not Removed
 ** Low Diagonal of genotype 118  0.53 Not Removed
 ** Low Diagonal of genotype 119  0.54 Not Removed
 ** Low Diagonal of genotype 120  0.56 Not Removed
 ** Low Diagonal of genotype 121  0.55 Not Removed
 ** Low Diagonal of genotype 122  0.59 Not Removed
 ** Low Diagonal of genotype 123  0.54 Not Removed
 ** Low Diagonal of genotype 124  0.60 Not Removed
 ** Low Diagonal of genotype 125  0.54 Not Removed
 ** Low Diagonal of genotype 126  0.56 Not Removed
 ** Low Diagonal of genotype 127  0.56 Not Removed
 ** Low Diagonal of genotype 128  0.59 Not Removed
 ** Low Diagonal of genotype 129  0.54 Not Removed
 ** Low Diagonal of genotype 130  0.60 Not Removed
 ** Low Diagonal of genotype 131  0.53 Not Removed
 ** Low Diagonal of genotype 132  0.56 Not Removed
 ** Low Diagonal of genotype 133  0.57 Not Removed
 ** Low Diagonal of genotype 134  0.63 Not Removed
 ** Low Diagonal of genotype 135  0.62 Not Removed
 ** Low Diagonal of genotype 136  0.56 Not Removed
 ** Low Diagonal of genotype 137  0.57 Not Removed
 ** Low Diagonal of genotype 138  0.52 Not Removed
 ** Low Diagonal of genotype 139  0.57 Not Removed
 ** Low Diagonal of genotype 140  0.60 Not Removed
 ** Low Diagonal of genotype 141  0.54 Not Removed
 ** Low Diagonal of genotype 142  0.62 Not Removed
 ** Low Diagonal of genotype 143  0.55 Not Removed
 ** Low Diagonal of genotype 144  0.57 Not Removed
 ** Low Diagonal of genotype 145  0.60 Not Removed
 ** Low Diagonal of genotype 146  0.57 Not Removed
 ** Low Diagonal of genotype 147  0.58 Not Removed
 ** Low Diagonal of genotype 148  0.61 Not Removed
 ** Low Diagonal of genotype 149  0.54 Not Removed
 ** Low Diagonal of genotype 150  0.59 Not Removed
 ** Low Diagonal of genotype 151  0.58 Not Removed
 ** Low Diagonal of genotype 152  0.62 Not Removed
 ** Low Diagonal of genotype 153  0.57 Not Removed
 ** Low Diagonal of genotype 154  0.57 Not Removed
 ** Low Diagonal of genotype 155  0.61 Not Removed
 ** Low Diagonal of genotype 156  0.64 Not Removed
 ** Low Diagonal of genotype 157  0.59 Not Removed
 ** Low Diagonal of genotype 158  0.59 Not Removed
 ** Low Diagonal of genotype 159  0.63 Not Removed
 ** Low Diagonal of genotype 160  0.59 Not Removed
 ** Low Diagonal of genotype 161  0.58 Not Removed
 ** Low Diagonal of genotype 162  0.57 Not Removed
 ** Low Diagonal of genotype 163  0.54 Not Removed
 ** Low Diagonal of genotype 164  0.57 Not Removed
 ** Low Diagonal of genotype 165  0.58 Not Removed
 ** Low Diagonal of genotype 166  0.56 Not Removed
 ** Low Diagonal of genotype 167  0.61 Not Removed
 ** Low Diagonal of genotype 168  0.58 Not Removed
 ** Low Diagonal of genotype 169  0.56 Not Removed
 ** Low Diagonal of genotype 170  0.58 Not Removed
 ** Low Diagonal of genotype 171  0.57 Not Removed
 ** Low Diagonal of genotype 172  0.58 Not Removed
 ** Low Diagonal of genotype 173  0.58 Not Removed
 ** Low Diagonal of genotype 174  0.57 Not Removed
 ** Low Diagonal of genotype 175  0.56 Not Removed
 ** Low Diagonal of genotype 176  0.58 Not Removed
 ** Low Diagonal of genotype 177  0.58 Not Removed
 ** Low Diagonal of genotype 178  0.50 Not Removed
 ** Low Diagonal of genotype 179  0.61 Not Removed
 ** Low Diagonal of genotype 180  0.58 Not Removed
 ** Low Diagonal of genotype 181  0.63 Not Removed
 ** Low Diagonal of genotype 182  0.56 Not Removed
 ** Low Diagonal of genotype 183  0.58 Not Removed
 ** Low Diagonal of genotype 184  0.63 Not Removed
 ** Low Diagonal of genotype 185  0.54 Not Removed
 ** Low Diagonal of genotype 186  0.59 Not Removed
 ** Low Diagonal of genotype 187  0.57 Not Removed
 ** Low Diagonal of genotype 188  0.54 Not Removed
 ** Low Diagonal of genotype 189  0.52 Not Removed
 ** Low Diagonal of genotype 190  0.51 Not Removed
 ** Low Diagonal of genotype 191  0.58 Not Removed
 ** Low Diagonal of genotype 192  0.58 Not Removed
 ** Low Diagonal of genotype 193  0.55 Not Removed
 ** Low Diagonal of genotype 194  0.59 Not Removed
 ** Low Diagonal of genotype 195  0.58 Not Removed
 ** Low Diagonal of genotype 196  0.57 Not Removed
 ** Low Diagonal of genotype 197  0.55 Not Removed
 ** Low Diagonal of genotype 198  0.51 Not Removed
 ** Low Diagonal of genotype 199  0.55 Not Removed
 ** Low Diagonal of genotype 200  0.58 Not Removed
 ** Low Diagonal of genotype 201  0.58 Not Removed
 ** Low Diagonal of genotype 202  0.59 Not Removed
 ** Low Diagonal of genotype 203  0.56 Not Removed
 ** Low Diagonal of genotype 204  0.55 Not Removed
 ** Low Diagonal of genotype 205  0.57 Not Removed
 ** Low Diagonal of genotype 206  0.55 Not Removed
 ** Low Diagonal of genotype 207  0.57 Not Removed
 ** Low Diagonal of genotype 208  0.54 Not Removed
 ** Low Diagonal of genotype 209  0.56 Not Removed
 ** Low Diagonal of genotype 210  0.56 Not Removed
 ** Low Diagonal of genotype 211  0.52 Not Removed
 ** Low Diagonal of genotype 212  0.62 Not Removed
 ** Low Diagonal of genotype 213  0.61 Not Removed
 ** Low Diagonal of genotype 214  0.63 Not Removed
 ** Low Diagonal of genotype 215  0.54 Not Removed
 ** Low Diagonal of genotype 216  0.55 Not Removed
 ** Low Diagonal of genotype 217  0.54 Not Removed
 ** Low Diagonal of genotype 218  0.58 Not Removed
 ** Low Diagonal of genotype 219  0.54 Not Removed
 ** Low Diagonal of genotype 220  0.57 Not Removed
 ** Low Diagonal of genotype 221  0.59 Not Removed
 ** Low Diagonal of genotype 222  0.55 Not Removed
 ** Low Diagonal of genotype 223  0.57 Not Removed
 ** Low Diagonal of genotype 224  0.54 Not Removed
 ** Low Diagonal of genotype 225  0.62 Not Removed
 ** Low Diagonal of genotype 226  0.56 Not Removed
 ** Low Diagonal of genotype 227  0.60 Not Removed
 ** Low Diagonal of genotype 228  0.62 Not Removed
 ** Low Diagonal of genotype 229  0.60 Not Removed
 ** Low Diagonal of genotype 230  0.54 Not Removed
 ** Low Diagonal of genotype 231  0.52 Not Removed
 ** Low Diagonal of genotype 232  0.60 Not Removed
 ** Low Diagonal of genotype 233  0.53 Not Removed
 ** Low Diagonal of genotype 234  0.64 Not Removed
 ** Low Diagonal of genotype 235  0.57 Not Removed
 ** Low Diagonal of genotype 236  0.58 Not Removed
 ** Low Diagonal of genotype 237  0.55 Not Removed
 ** Low Diagonal of genotype 238  0.60 Not Removed
 ** Low Diagonal of genotype 239  0.62 Not Removed
 ** Low Diagonal of genotype 240  0.60 Not Removed
 ** Low Diagonal of genotype 241  0.60 Not Removed
 ** Low Diagonal of genotype 242  0.56 Not Removed
 ** Low Diagonal of genotype 243  0.53 Not Removed
 ** Low Diagonal of genotype 244  0.57 Not Removed
 ** Low Diagonal of genotype 245  0.57 Not Removed
 ** Low Diagonal of genotype 246  0.60 Not Removed
 ** Low Diagonal of genotype 247  0.55 Not Removed
 ** Low Diagonal of genotype 248  0.58 Not Removed
 ** Low Diagonal of genotype 249  0.58 Not Removed
 ** Low Diagonal of genotype 250  0.64 Not Removed
 ** Low Diagonal of genotype 251  0.57 Not Removed
 ** Low Diagonal of genotype 252  0.58 Not Removed
 ** Low Diagonal of genotype 253  0.58 Not Removed
 ** Low Diagonal of genotype 254  0.57 Not Removed
 ** Low Diagonal of genotype 255  0.55 Not Removed
 ** Low Diagonal of genotype 256  0.58 Not Removed
 ** Low Diagonal of genotype 257  0.61 Not Removed
 ** Low Diagonal of genotype 258  0.56 Not Removed
 ** Low Diagonal of genotype 259  0.58 Not Removed
 ** Low Diagonal of genotype 260  0.56 Not Removed
 ** Low Diagonal of genotype 261  0.56 Not Removed
 ** Low Diagonal of genotype 262  0.62 Not Removed
 ** Low Diagonal of genotype 263  0.58 Not Removed
 ** Low Diagonal of genotype 264  0.58 Not Removed
 ** Low Diagonal of genotype 265  0.57 Not Removed
 ** Low Diagonal of genotype 266  0.56 Not Removed
 ** Low Diagonal of genotype 267  0.52 Not Removed
 ** Low Diagonal of genotype 268  0.57 Not Removed
 ** Low Diagonal of genotype 269  0.57 Not Removed
 ** Low Diagonal of genotype 270  0.58 Not Removed
 ** Low Diagonal of genotype 271  0.61 Not Removed
 ** Low Diagonal of genotype 272  0.61 Not Removed
 ** Low Diagonal of genotype 273  0.55 Not Removed
 ** Low Diagonal of genotype 274  0.58 Not Removed
 ** Low Diagonal of genotype 275  0.58 Not Removed
 ** Low Diagonal of genotype 276  0.61 Not Removed
 ** Low Diagonal of genotype 277  0.55 Not Removed
 ** Low Diagonal of genotype 278  0.53 Not Removed
 ** Low Diagonal of genotype 279  0.54 Not Removed
 ** Low Diagonal of genotype 280  0.58 Not Removed
 ** Low Diagonal of genotype 281  0.58 Not Removed
 ** Low Diagonal of genotype 282  0.61 Not Removed
 ** Low Diagonal of genotype 283  0.59 Not Removed
 ** Low Diagonal of genotype 284  0.58 Not Removed
 ** Low Diagonal of genotype 285  0.61 Not Removed
 ** Low Diagonal of genotype 286  0.59 Not Removed
 ** Low Diagonal of genotype 287  0.58 Not Removed
 ** Low Diagonal of genotype 288  0.57 Not Removed
 ** Low Diagonal of genotype 289  0.55 Not Removed
 ** Low Diagonal of genotype 290  0.57 Not Removed
 ** Low Diagonal of genotype 291  0.56 Not Removed
 ** Low Diagonal of genotype 292  0.58 Not Removed
 ** Low Diagonal of genotype 293  0.56 Not Removed
 ** Low Diagonal of genotype 294  0.59 Not Removed
 ** Low Diagonal of genotype 295  0.61 Not Removed
 ** Low Diagonal of genotype 296  0.59 Not Removed
 ** Low Diagonal of genotype 297  0.55 Not Removed
 ** Low Diagonal of genotype 298  0.56 Not Removed
 ** Low Diagonal of genotype 299  0.60 Not Removed
 ** Low Diagonal of genotype 300  0.54 Not Removed
 ** Low Diagonal of genotype 301  0.54 Not Removed
 ** Low Diagonal of genotype 302  0.62 Not Removed
 ** Low Diagonal of genotype 303  0.54 Not Removed
 ** Low Diagonal of genotype 304  0.55 Not Removed
 ** Low Diagonal of genotype 305  0.59 Not Removed
 ** Low Diagonal of genotype 306  0.58 Not Removed
 ** Low Diagonal of genotype 307  0.57 Not Removed
 ** Low Diagonal of genotype 308  0.59 Not Removed
 ** Low Diagonal of genotype 309  0.56 Not Removed
 ** Low Diagonal of genotype 310  0.62 Not Removed
 ** Low Diagonal of genotype 311  0.60 Not Removed
 ** Low Diagonal of genotype 312  0.59 Not Removed
 ** Low Diagonal of genotype 313  0.56 Not Removed
 ** Low Diagonal of genotype 314  0.55 Not Removed
 ** Low Diagonal of genotype 315  0.60 Not Removed
 ** Low Diagonal of genotype 316  0.55 Not Removed
 ** Low Diagonal of genotype 317  0.53 Not Removed
 ** Low Diagonal of genotype 318  0.60 Not Removed
 ** Low Diagonal of genotype 319  0.58 Not Removed
 ** Low Diagonal of genotype 320  0.61 Not Removed
 ** Low Diagonal of genotype 321  0.62 Not Removed
 ** Low Diagonal of genotype 322  0.57 Not Removed
 ** Low Diagonal of genotype 323  0.63 Not Removed
 ** Low Diagonal of genotype 324  0.54 Not Removed
 ** Low Diagonal of genotype 325  0.55 Not Removed
 ** Low Diagonal of genotype 326  0.54 Not Removed
 ** Low Diagonal of genotype 327  0.58 Not Removed
 ** Low Diagonal of genotype 328  0.59 Not Removed
 ** Low Diagonal of genotype 329  0.54 Not Removed
 ** Low Diagonal of genotype 330  0.62 Not Removed
 ** Low Diagonal of genotype 331  0.60 Not Removed
 ** Low Diagonal of genotype 332  0.56 Not Removed
 ** Low Diagonal of genotype 333  0.61 Not Removed
 ** Low Diagonal of genotype 334  0.59 Not Removed
 ** Low Diagonal of genotype 335  0.57 Not Removed
 ** Low Diagonal of genotype 336  0.55 Not Removed
 ** Low Diagonal of genotype 337  0.56 Not Removed
 ** Low Diagonal of genotype 338  0.55 Not Removed
 ** Low Diagonal of genotype 339  0.54 Not Removed
 ** Low Diagonal of genotype 340  0.56 Not Removed
 ** Low Diagonal of genotype 341  0.55 Not Removed
 ** Low Diagonal of genotype 342  0.55 Not Removed
 ** Low Diagonal of genotype 343  0.61 Not Removed
 ** Low Diagonal of genotype 344  0.56 Not Removed
 ** Low Diagonal of genotype 345  0.56 Not Removed
 ** Low Diagonal of genotype 346  0.56 Not Removed
 ** Low Diagonal of genotype 347  0.60 Not Removed
 ** Low Diagonal of genotype 348  0.56 Not Removed
 ** Low Diagonal of genotype 349  0.54 Not Removed
 ** Low Diagonal of genotype 350  0.52 Not Removed
 ** Low Diagonal of genotype 351  0.57 Not Removed
 ** Low Diagonal of genotype 352  0.63 Not Removed
 ** Low Diagonal of genotype 353  0.56 Not Removed
 ** Low Diagonal of genotype 354  0.60 Not Removed
 ** Low Diagonal of genotype 355  0.57 Not Removed
 ** Low Diagonal of genotype 356  0.66 Not Removed
 ** Low Diagonal of genotype 357  0.54 Not Removed
 ** Low Diagonal of genotype 358  0.63 Not Removed
 ** Low Diagonal of genotype 359  0.58 Not Removed
 ** Low Diagonal of genotype 360  0.57 Not Removed
 ** Low Diagonal of genotype 361  0.57 Not Removed
 ** Low Diagonal of genotype 362  0.52 Not Removed
 ** Low Diagonal of genotype 363  0.58 Not Removed
 ** Low Diagonal of genotype 364  0.59 Not Removed
 ** Low Diagonal of genotype 365  0.61 Not Removed
 ** Low Diagonal of genotype 366  0.57 Not Removed
 ** Low Diagonal of genotype 367  0.54 Not Removed
 ** Low Diagonal of genotype 368  0.58 Not Removed
 ** Low Diagonal of genotype 369  0.60 Not Removed
 ** Low Diagonal of genotype 370  0.58 Not Removed
 ** Low Diagonal of genotype 371  0.51 Not Removed
 ** Low Diagonal of genotype 372  0.55 Not Removed
 ** Low Diagonal of genotype 373  0.57 Not Removed
 ** Low Diagonal of genotype 374  0.53 Not Removed
 ** Low Diagonal of genotype 375  0.59 Not Removed
 ** Low Diagonal of genotype 376  0.60 Not Removed
 ** Low Diagonal of genotype 377  0.61 Not Removed
 ** Low Diagonal of genotype 378  0.56 Not Removed
 ** Low Diagonal of genotype 379  0.54 Not Removed
 ** Low Diagonal of genotype 380  0.54 Not Removed
 ** Low Diagonal of genotype 381  0.59 Not Removed
 ** Low Diagonal of genotype 382  0.60 Not Removed
 ** Low Diagonal of genotype 383  0.56 Not Removed
 ** Low Diagonal of genotype 384  0.58 Not Removed
 ** Low Diagonal of genotype 385  0.58 Not Removed
 ** Low Diagonal of genotype 386  0.58 Not Removed
 ** Low Diagonal of genotype 387  0.59 Not Removed
 ** Low Diagonal of genotype 388  0.59 Not Removed
 ** Low Diagonal of genotype 389  0.56 Not Removed
 ** Low Diagonal of genotype 390  0.55 Not Removed
 ** Low Diagonal of genotype 391  0.54 Not Removed
 ** Low Diagonal of genotype 392  0.56 Not Removed
 ** Low Diagonal of genotype 393  0.58 Not Removed
 ** Low Diagonal of genotype 394  0.58 Not Removed
 ** Low Diagonal of genotype 395  0.63 Not Removed
 ** Low Diagonal of genotype 396  0.58 Not Removed
 ** Low Diagonal of genotype 397  0.57 Not Removed
 ** Low Diagonal of genotype 398  0.58 Not Removed
 ** Low Diagonal of genotype 399  0.56 Not Removed
 ** Low Diagonal of genotype 400  0.57 Not Removed
 ** Low Diagonal of genotype 401  0.60 Not Removed
 ** Low Diagonal of genotype 402  0.54 Not Removed
 ** Low Diagonal of genotype 403  0.61 Not Removed
 ** Low Diagonal of genotype 404  0.56 Not Removed
 ** Low Diagonal of genotype 405  0.57 Not Removed
 ** Low Diagonal of genotype 406  0.62 Not Removed
 ** Low Diagonal of genotype 407  0.61 Not Removed
 ** Low Diagonal of genotype 408  0.58 Not Removed
 ** Low Diagonal of genotype 409  0.57 Not Removed
 ** Low Diagonal of genotype 410  0.62 Not Removed
 ** Low Diagonal of genotype 411  0.55 Not Removed
 ** Low Diagonal of genotype 412  0.56 Not Removed
 ** Low Diagonal of genotype 413  0.69 Not Removed
 ** Low Diagonal of genotype 414  0.54 Not Removed
 ** Low Diagonal of genotype 415  0.61 Not Removed
 ** Low Diagonal of genotype 416  0.55 Not Removed
 ** Low Diagonal of genotype 417  0.54 Not Removed
 ** Low Diagonal of genotype 418  0.59 Not Removed
 ** Low Diagonal of genotype 419  0.57 Not Removed
 ** Low Diagonal of genotype 420  0.57 Not Removed
 ** Low Diagonal of genotype 421  0.55 Not Removed
 ** Low Diagonal of genotype 422  0.61 Not Removed
 ** Low Diagonal of genotype 423  0.61 Not Removed
 ** Low Diagonal of genotype 424  0.60 Not Removed
 ** Low Diagonal of genotype 425  0.57 Not Removed
 ** Low Diagonal of genotype 426  0.56 Not Removed
 ** Low Diagonal of genotype 427  0.62 Not Removed
 ** Low Diagonal of genotype 428  0.59 Not Removed
 ** Low Diagonal of genotype 429  0.56 Not Removed
 ** Low Diagonal of genotype 430  0.56 Not Removed
 ** Low Diagonal of genotype 431  0.56 Not Removed
 ** Low Diagonal of genotype 432  0.57 Not Removed
 ** Low Diagonal of genotype 433  0.55 Not Removed
 ** Low Diagonal of genotype 434  0.59 Not Removed
 ** Low Diagonal of genotype 435  0.58 Not Removed
 ** Low Diagonal of genotype 436  0.57 Not Removed
 ** Low Diagonal of genotype 437  0.55 Not Removed
 ** Low Diagonal of genotype 438  0.62 Not Removed
 ** Low Diagonal of genotype 439  0.57 Not Removed
 ** Low Diagonal of genotype 440  0.58 Not Removed
 ** Low Diagonal of genotype 441  0.63 Not Removed
 ** Low Diagonal of genotype 442  0.64 Not Removed
 ** Low Diagonal of genotype 443  0.58 Not Removed
 ** Low Diagonal of genotype 444  0.55 Not Removed
 ** Low Diagonal of genotype 445  0.57 Not Removed
 ** Low Diagonal of genotype 446  0.56 Not Removed
 ** Low Diagonal of genotype 447  0.60 Not Removed
 ** Low Diagonal of genotype 448  0.59 Not Removed
 ** Low Diagonal of genotype 449  0.58 Not Removed
 ** Low Diagonal of genotype 450  0.60 Not Removed
 ** Low Diagonal of genotype 451  0.57 Not Removed
 ** Low Diagonal of genotype 452  0.52 Not Removed
 ** Low Diagonal of genotype 453  0.62 Not Removed
 ** Low Diagonal of genotype 454  0.62 Not Removed
 ** Low Diagonal of genotype 455  0.55 Not Removed
 ** Low Diagonal of genotype 456  0.60 Not Removed
 ** Low Diagonal of genotype 457  0.58 Not Removed
 ** Low Diagonal of genotype 458  0.59 Not Removed
 ** Low Diagonal of genotype 459  0.57 Not Removed
 ** Low Diagonal of genotype 460  0.57 Not Removed
 ** Low Diagonal of genotype 461  0.60 Not Removed
 ** Low Diagonal of genotype 462  0.57 Not Removed
 ** Low Diagonal of genotype 463  0.59 Not Removed
 ** Low Diagonal of genotype 464  0.56 Not Removed
 ** Low Diagonal of genotype 465  0.58 Not Removed
 ** Low Diagonal of genotype 466  0.62 Not Removed
 ** Low Diagonal of genotype 467  0.50 Not Removed
 ** Low Diagonal of genotype 468  0.57 Not Removed
 ** Low Diagonal of genotype 469  0.56 Not Removed
 ** Low Diagonal of genotype 470  0.54 Not Removed
 ** Low Diagonal of genotype 471  0.58 Not Removed
 ** Low Diagonal of genotype 472  0.55 Not Removed
 ** Low Diagonal of genotype 473  0.59 Not Removed
 ** Low Diagonal of genotype 474  0.53 Not Removed
 ** Low Diagonal of genotype 475  0.57 Not Removed
 ** Low Diagonal of genotype 476  0.55 Not Removed
 ** Low Diagonal of genotype 477  0.55 Not Removed
 ** Low Diagonal of genotype 478  0.58 Not Removed
 ** Low Diagonal of genotype 479  0.54 Not Removed
 ** Low Diagonal of genotype 480  0.61 Not Removed
 ** Low Diagonal of genotype 481  0.60 Not Removed
 ** Low Diagonal of genotype 482  0.58 Not Removed
 ** Low Diagonal of genotype 483  0.55 Not Removed
 ** Low Diagonal of genotype 484  0.55 Not Removed
 ** Low Diagonal of genotype 485  0.56 Not Removed
 ** Low Diagonal of genotype 486  0.59 Not Removed
 ** Low Diagonal of genotype 487  0.58 Not Removed
 ** Low Diagonal of genotype 488  0.63 Not Removed
 ** Low Diagonal of genotype 489  0.57 Not Removed
 ** Low Diagonal of genotype 490  0.57 Not Removed
 ** Low Diagonal of genotype 491  0.57 Not Removed
 ** Low Diagonal of genotype 492  0.61 Not Removed
 ** Low Diagonal of genotype 493  0.54 Not Removed
 ** Low Diagonal of genotype 494  0.56 Not Removed
 ** Low Diagonal of genotype 495  0.58 Not Removed
 ** Low Diagonal of genotype 496  0.54 Not Removed
 ** Low Diagonal of genotype 497  0.55 Not Removed
 ** Low Diagonal of genotype 498  0.55 Not Removed
 ** Low Diagonal of genotype 499  0.58 Not Removed
 ** Low Diagonal of genotype 500  0.62 Not Removed
 ** Low Diagonal of genotype 501  0.55 Not Removed
 ** Low Diagonal of genotype 502  0.54 Not Removed
 ** Low Diagonal of genotype 503  0.53 Not Removed
 ** Low Diagonal of genotype 504  0.53 Not Removed
 ** Low Diagonal of genotype 505  0.55 Not Removed
 ** Low Diagonal of genotype 506  0.58 Not Removed
 ** Low Diagonal of genotype 507  0.56 Not Removed
 ** Low Diagonal of genotype 508  0.59 Not Removed
 ** Low Diagonal of genotype 509  0.59 Not Removed
 ** Low Diagonal of genotype 510  0.58 Not Removed
 ** Low Diagonal of genotype 511  0.57 Not Removed
 ** Low Diagonal of genotype 512  0.56 Not Removed
 ** Low Diagonal of genotype 513  0.62 Not Removed
 ** Low Diagonal of genotype 514  0.58 Not Removed
 ** Low Diagonal of genotype 515  0.55 Not Removed
 ** Low Diagonal of genotype 516  0.58 Not Removed
 ** Low Diagonal of genotype 517  0.57 Not Removed
 ** Low Diagonal of genotype 518  0.57 Not Removed
 ** Low Diagonal of genotype 519  0.60 Not Removed
 ** Low Diagonal of genotype 520  0.56 Not Removed
 ** Low Diagonal of genotype 521  0.58 Not Removed
 ** Low Diagonal of genotype 522  0.59 Not Removed
 ** Low Diagonal of genotype 523  0.60 Not Removed
 ** Low Diagonal of genotype 524  0.56 Not Removed
 ** Low Diagonal of genotype 525  0.58 Not Removed
 ** Low Diagonal of genotype 526  0.60 Not Removed
 ** Low Diagonal of genotype 527  0.58 Not Removed
 ** Low Diagonal of genotype 528  0.54 Not Removed
 ** Low Diagonal of genotype 529  0.58 Not Removed
 ** Low Diagonal of genotype 530  0.57 Not Removed
 ** Low Diagonal of genotype 531  0.57 Not Removed
 ** Low Diagonal of genotype 532  0.56 Not Removed
 ** Low Diagonal of genotype 533  0.57 Not Removed
 ** Low Diagonal of genotype 534  0.59 Not Removed
 ** Low Diagonal of genotype 535  0.55 Not Removed
 ** Low Diagonal of genotype 536  0.57 Not Removed
 ** Low Diagonal of genotype 537  0.58 Not Removed
 ** Low Diagonal of genotype 538  0.58 Not Removed
 ** Low Diagonal of genotype 539  0.45 Not Removed
 ** Low Diagonal of genotype 540  0.55 Not Removed
 ** Low Diagonal of genotype 541  0.55 Not Removed
 ** Low Diagonal of genotype 542  0.38 Not Removed
 ** Low Diagonal of genotype 543  0.58 Not Removed
 ** Low Diagonal of genotype 544  0.55 Not Removed
 ** Low Diagonal of genotype 545  0.61 Not Removed
 ** Low Diagonal of genotype 546  0.59 Not Removed
 ** Low Diagonal of genotype 547  0.56 Not Removed
 ** Low Diagonal of genotype 548  0.62 Not Removed
 ** Low Diagonal of genotype 549  0.55 Not Removed
 ** Low Diagonal of genotype 550  0.57 Not Removed
 ** Low Diagonal of genotype 551  0.54 Not Removed
 ** Low Diagonal of genotype 552  0.38 Not Removed
 ** Low Diagonal of genotype 553  0.37 Not Removed
 ** Low Diagonal of genotype 554  0.53 Not Removed
 ** Low Diagonal of genotype 555  0.56 Not Removed
 ** Low Diagonal of genotype 556  0.55 Not Removed
 ** Low Diagonal of genotype 557  0.57 Not Removed
 ** Low Diagonal of genotype 558  0.58 Not Removed
 ** Low Diagonal of genotype 559  0.56 Not Removed
 ** Low Diagonal of genotype 560  0.57 Not Removed
 ** Low Diagonal of genotype 561  0.59 Not Removed
 ** Low Diagonal of genotype 562  0.59 Not Removed
 ** Low Diagonal of genotype 563  0.56 Not Removed
 ** Low Diagonal of genotype 564  0.62 Not Removed
 ** Low Diagonal of genotype 565  0.54 Not Removed
 ** Low Diagonal of genotype 566  0.57 Not Removed
 ** Low Diagonal of genotype 567  0.55 Not Removed
 ** Low Diagonal of genotype 568  0.57 Not Removed
 ** Low Diagonal of genotype 569  0.58 Not Removed
 ** Low Diagonal of genotype 570  0.52 Not Removed
 ** Low Diagonal of genotype 571  0.58 Not Removed
 ** Low Diagonal of genotype 572  0.56 Not Removed
 ** Low Diagonal of genotype 573  0.60 Not Removed
 ** Low Diagonal of genotype 574  0.58 Not Removed
 ** Low Diagonal of genotype 575  0.40 Not Removed
 ** Low Diagonal of genotype 576  0.38 Not Removed
 ** Low Diagonal of genotype 577  0.38 Not Removed
 ** Low Diagonal of genotype 578  0.60 Not Removed
 ** Low Diagonal of genotype 579  0.61 Not Removed
 ** Low Diagonal of genotype 580  0.62 Not Removed
 ** Low Diagonal of genotype 581  0.52 Not Removed
 ** Low Diagonal of genotype 582  0.59 Not Removed
 ** Low Diagonal of genotype 583  0.62 Not Removed
 ** Low Diagonal of genotype 584  0.60 Not Removed
 ** Low Diagonal of genotype 585  0.47 Not Removed
 ** Low Diagonal of genotype 586  0.39 Not Removed
 ** Low Diagonal of genotype 587  0.57 Not Removed
 ** Low Diagonal of genotype 588  0.55 Not Removed
 ** Low Diagonal of genotype 589  0.62 Not Removed
 ** Low Diagonal of genotype 590  0.59 Not Removed
 ** Low Diagonal of genotype 591  0.38 Not Removed
 ** Low Diagonal of genotype 592  0.58 Not Removed
 ** Low Diagonal of genotype 593  0.57 Not Removed
 ** Low Diagonal of genotype 594  0.41 Not Removed
 ** Low Diagonal of genotype 595  0.38 Not Removed
 ** Low Diagonal of genotype 596  0.37 Not Removed
 ** Low Diagonal of genotype 597  0.40 Not Removed
 ** Low Diagonal of genotype 598  0.55 Not Removed
 ** Low Diagonal of genotype 599  0.41 Not Removed
 ** Low Diagonal of genotype 600  0.41 Not Removed
 ** Low Diagonal of genotype 601  0.59 Not Removed
 ** Low Diagonal of genotype 602  0.37 Not Removed
 ** Low Diagonal of genotype 603  0.59 Not Removed
 ** Low Diagonal of genotype 604  0.40 Not Removed
 ** Low Diagonal of genotype 605  0.57 Not Removed
 ** Low Diagonal of genotype 606  0.65 Not Removed
 ** Low Diagonal of genotype 607  0.54 Not Removed
 ** Low Diagonal of genotype 608  0.52 Not Removed
 ** Low Diagonal of genotype 609  0.51 Not Removed
 ** Low Diagonal of genotype 610  0.35 Not Removed
 ** Low Diagonal of genotype 611  0.63 Not Removed
 ** Low Diagonal of genotype 612  0.37 Not Removed
 ** Low Diagonal of genotype 613  0.58 Not Removed
 ** Low Diagonal of genotype 614  0.56 Not Removed
 ** Low Diagonal of genotype 615  0.62 Not Removed
 ** Low Diagonal of genotype 616  0.57 Not Removed
 ** Low Diagonal of genotype 617  0.56 Not Removed
 ** Low Diagonal of genotype 618  0.55 Not Removed
 ** Low Diagonal of genotype 619  0.60 Not Removed
 ** Low Diagonal of genotype 620  0.57 Not Removed
 ** Low Diagonal of genotype 621  0.45 Not Removed
 ** Low Diagonal of genotype 622  0.43 Not Removed
 ** Low Diagonal of genotype 623  0.57 Not Removed
 ** Low Diagonal of genotype 624  0.46 Not Removed
 ** Low Diagonal of genotype 625  0.58 Not Removed
 ** Low Diagonal of genotype 626  0.58 Not Removed
 ** Low Diagonal of genotype 627  0.57 Not Removed
 ** Low Diagonal of genotype 628  0.57 Not Removed
 ** Low Diagonal of genotype 629  0.61 Not Removed
 ** Low Diagonal of genotype 630  0.61 Not Removed
 ** Low Diagonal of genotype 631  0.54 Not Removed
 ** Low Diagonal of genotype 632  0.55 Not Removed
 ** Low Diagonal of genotype 633  0.46 Not Removed
 ** Low Diagonal of genotype 634  0.54 Not Removed
 ** Low Diagonal of genotype 635  0.61 Not Removed
 ** Low Diagonal of genotype 636  0.55 Not Removed
 ** Low Diagonal of genotype 637  0.58 Not Removed
 ** Low Diagonal of genotype 638  0.40 Not Removed
 ** Low Diagonal of genotype 639  0.63 Not Removed
 ** Low Diagonal of genotype 640  0.57 Not Removed
 ** Low Diagonal of genotype 641  0.55 Not Removed
 ** Low Diagonal of genotype 642  0.56 Not Removed
 ** Low Diagonal of genotype 643  0.58 Not Removed
 ** Low Diagonal of genotype 644  0.56 Not Removed
 ** Low Diagonal of genotype 645  0.40 Not Removed
 ** Low Diagonal of genotype 646  0.55 Not Removed
 ** Low Diagonal of genotype 647  0.60 Not Removed
 ** Low Diagonal of genotype 648  0.53 Not Removed
 ** Low Diagonal of genotype 649  0.60 Not Removed
 ** Low Diagonal of genotype 650  0.57 Not Removed
 ** Low Diagonal of genotype 651  0.59 Not Removed
 ** Low Diagonal of genotype 652  0.62 Not Removed
 ** Low Diagonal of genotype 653  0.53 Not Removed
 ** Low Diagonal of genotype 654  0.56 Not Removed
 ** Low Diagonal of genotype 655  0.52 Not Removed
 ** Low Diagonal of genotype 656  0.54 Not Removed
 ** Low Diagonal of genotype 657  0.36 Not Removed
 ** Low Diagonal of genotype 658  0.55 Not Removed
 ** Low Diagonal of genotype 659  0.38 Not Removed
 ** Low Diagonal of genotype 660  0.56 Not Removed
 ** Low Diagonal of genotype 661  0.57 Not Removed
 ** Low Diagonal of genotype 662  0.57 Not Removed
 ** Low Diagonal of genotype 663  0.61 Not Removed
 ** Low Diagonal of genotype 664  0.63 Not Removed
 ** Low Diagonal of genotype 665  0.56 Not Removed
 ** Low Diagonal of genotype 666  0.58 Not Removed
 ** Low Diagonal of genotype 667  0.56 Not Removed
 ** Low Diagonal of genotype 668  0.47 Not Removed
 ** Low Diagonal of genotype 669  0.43 Not Removed
 ** Low Diagonal of genotype 670  0.47 Not Removed
 ** Low Diagonal of genotype 671  0.44 Not Removed
 ** Low Diagonal of genotype 672  0.53 Not Removed
 ** Low Diagonal of genotype 673  0.60 Not Removed
 ** Low Diagonal of genotype 674  0.65 Not Removed
 ** Low Diagonal of genotype 675  0.60 Not Removed
 ** Low Diagonal of genotype 676  0.59 Not Removed
 ** Low Diagonal of genotype 677  0.53 Not Removed
 ** Low Diagonal of genotype 678  0.49 Not Removed
 ** Low Diagonal of genotype 679  0.40 Not Removed
 ** Low Diagonal of genotype 680  0.40 Not Removed
 ** Low Diagonal of genotype 681  0.55 Not Removed
 ** Low Diagonal of genotype 682  0.59 Not Removed
 ** Low Diagonal of genotype 683  0.57 Not Removed
 ** Low Diagonal of genotype 684  0.54 Not Removed
 ** Low Diagonal of genotype 685  0.58 Not Removed
 ** Low Diagonal of genotype 686  0.63 Not Removed
 ** Low Diagonal of genotype 687  0.44 Not Removed
 ** Low Diagonal of genotype 688  0.53 Not Removed
 ** Low Diagonal of genotype 689  0.54 Not Removed
 ** Low Diagonal of genotype 690  0.56 Not Removed
 ** Low Diagonal of genotype 691  0.44 Not Removed
 ** Low Diagonal of genotype 692  0.57 Not Removed
 ** Low Diagonal of genotype 693  0.56 Not Removed
 ** Low Diagonal of genotype 694  0.61 Not Removed
 ** Low Diagonal of genotype 695  0.55 Not Removed
 ** Low Diagonal of genotype 696  0.40 Not Removed
 ** Low Diagonal of genotype 697  0.61 Not Removed
 ** Low Diagonal of genotype 698  0.62 Not Removed
 ** Low Diagonal of genotype 699  0.57 Not Removed
 ** Low Diagonal of genotype 700  0.57 Not Removed
 ** Low Diagonal of genotype 701  0.61 Not Removed
 ** Low Diagonal of genotype 702  0.62 Not Removed

 Check for diagonal of genomic relationship matrix, genotypes not removed: 702

 ------------------------------
  Final Pedigree-Based Matrix 
 ------------------------------
 
 Statistic of Rel. Matrix A22
                                N      Mean       Min       Max       Var
     Diagonal                 702     1.000     1.000     1.000     0.000
     Off-diagonal          492102     0.000     0.000     0.000     0.000
 

 ----------------------
  Final Genomic Matrix 
 ----------------------
 
 Statistic of Genomic Matrix
                                N      Mean       Min       Max       Var
     Diagonal                 702     0.566     0.345     0.690     0.002
     Off-diagonal          492102    -0.001    -0.124     0.610     0.001
 

 Correlation of Genomic Inbreeding and Pedigree Inbreeding
     Correlation:     0.0000
 
 Diagonal elements
    Estimating Regression Coefficients G = b0 11' + b1 A + e
    Regression coefficients b0 b1 =   Infinity -Infinity

    Correlation diagonal elements G & A -Infinity
 
 All elements - Diagonal / Off-Diagonal
    Estimating Regression Coefficients G = b0 11' + b1 A + e
    Regression coefficients b0 b1 =     -0.001     0.566

    Correlation all elements G & A     0.485
 
 Off-Diagonal
    Using 0 elements from A22 >= .02000

    NO ELEMENTS to estimate statistics !!!

    Estimating Regression Coefficients G = b0 11' + b1 A + e
    Regression coefficients b0 b1 =      0.000     0.000

    Correlation Off-Diagonal elements G & A     0.000
 

 Creating A22-inverse 
    Inverse LAPACK MKL dpotrf/i  #threads=    1    4 Elapsed omp_get_time:     0.0895

 ----------------------
  Final A22 Inv Matrix 
 ----------------------
 
 Statistic of Inv. Rel. Matrix A22
                                N      Mean       Min       Max       Var
     Diagonal                 702     1.000     1.000     1.000     0.000
     Off-diagonal          492102     0.000     0.000     0.000     0.000
 
 Saving A22-inverse in file: "A22i"
       elapsed time=    12.1
 
 Creating G-inverse 
    Inverse LAPACK MKL dpotrf/i  #threads=    1    4 Elapsed omp_get_time:     0.3481

 --------------------------
  Final Genomic Inv Matrix 
 --------------------------
 
 Statistic of Inv. Genomic Matrix
                                N      Mean       Min       Max       Var
     Diagonal                 702     7.294     4.653    41.938    11.591
     Off-diagonal          492102     0.130   -37.990     2.365     0.100
 
 
 Saving G-inverse in file: "Gi"
       elapsed time=     7.9

 Check for diagonal of Inverse Genomic - Inverse of pedigree relationship matrix


 ------------------------------
  Final G Inv - A22 Inv Matrix 
 ------------------------------
 
 Statistic of Inv. Genomic - A22 Matrix
                                N      Mean       Min       Max       Var
     Diagonal                 702     6.294     3.653    40.938    11.591
     Off-diagonal          492102     0.130   -37.990     2.365     0.100
 

*--------------------------------------------------*
* Setup Genomic Done !!!, elapsed time:     22.116 *
*--------------------------------------------------*

 wGimA22i   1.00000000000000     
hash matrix increased from            8192 to           16384 % filled:     0.8000
hash matrix increased from           16384 to           32768 % filled:     0.8000
hash matrix increased from           32768 to           65536 % filled:     0.8000
hash matrix increased from           65536 to          131072 % filled:     0.8000
hash matrix increased from          131072 to          262144 % filled:     0.8000
hash matrix increased from          262144 to          524288 % filled:     0.8000
hash matrix increased from            8192 to           16384 % filled:     0.8000
hash matrix increased from           16384 to           32768 % filled:     0.8000
hash matrix increased from           32768 to           65536 % filled:     0.8000
hash matrix increased from           65536 to          131072 % filled:     0.8000
hash matrix increased from          131072 to          262144 % filled:     0.8000
hash matrix increased from          262144 to          524288 % filled:     0.8000

finished peds (VCE) in 29.39 s,  247431 nonzeroes

 rank=         638
               **************
               **** FSPAK ***
               **************
               MPE / IM / MAE
                   Jun 1994

              SPARSE STATISTICS
      DIMENSION OF MATRIX     =                      809
      RANK                    =                      638
      STORAGE AVAILABLE       =                  1244349
      MAXIMUM NEEDED          =                  1244349
      NZE IN UPPER TRIANGULAR =                   248289
      NZE IN FACTOR           =                   246671
      NO. OF CALLS NUM FACT   =                        1
      NO. OF CALLS SOLVE      =                        1
      NO. OF CALLS SPARS SOLV =                        0
      NO. OF CALLS DET / LDET =                        1
      NO. OF CALLS SPARS INV  =                        1
      TOTAL CPU TIME IN FSPAK =                 1.875000
      TIME FOR FINDING ORDER  =                 0.046875
      TIME FOR SYMBOLIC FAC   =                 0.390625
      TIME FOR NUMERICAL FAC  =                 0.203125
      TIME FOR SOLVE          =                 0.031250
      TIME FOR SPARSE SOLVE   =                 0.000000
      TIME FOR SPARSE INVERSE =                 1.156250
quadr_ija: OpenMP threads=  1  4    246857 OMP= F
 -2logL =    6414.78547942667       : AIC =    6418.78547942667     
 *** Warning *** corrected Covariance Matrix            5  times
  In round            1  convergence=   1.00015080906883     
  delta convergence=   1397350.45234438     
 new R
  0.14685E+07
 new G
  0.10000E-17
 * START ITERATION: 11-18-2023  15h 08m 09s 421
quadr_ija: OpenMP threads=  1  4    246857 OMP= F
 -2logL =   -14159.4192252472       : AIC =   -14155.4192252472     
 *** Warning *** corrected Covariance Matrix            5  times
  In round            2  convergence=   1.00000000000000     
  delta convergence=   894553812259.870     
 new R
  0.11734E+06
 new G
  0.10000E-17
quadr_ija: OpenMP threads=  1  4    246857 OMP= F
 -2logL =   -15850.4693818676       : AIC =   -15846.4693818676     
 *** Warning *** corrected Covariance Matrix            5  times
  In round            3  convergence=   1.00000000000000     
  delta convergence=   5711749371.23089     
 new R
   9694.6    
 new G
  0.10000E-17
quadr_ija: OpenMP threads=  1  4    246857 OMP= F
 -2logL =   -17497.2761706331       : AIC =   -17493.2761706331     
 *** Warning *** corrected Covariance Matrix            5  times
  In round            4  convergence=   1.00000000000000     
  delta convergence=   38992518.1034399     
 new R
   1118.5    
 new G
  0.10000E-17
quadr_ija: OpenMP threads=  1  4    246857 OMP= F
 -2logL =   -18744.9365393228       : AIC =   -18740.9365393228     
 *** Warning *** corrected Covariance Matrix            5  times
  In round            5  convergence=   1.00000000000000     
  delta convergence=   519282.928286671     
 new R
   435.20    
 new G
  0.10000E-17
quadr_ija: OpenMP threads=  1  4    246857 OMP= F
 -2logL =   -19023.6809315262       : AIC =   -19019.6809315262     
 *** Warning *** corrected Covariance Matrix            5  times
  In round            6  convergence=   1.00000000000000     
  delta convergence=   78596.6612682501     
 new R
   380.76    
 new G
  0.10000E-17
quadr_ija: OpenMP threads=  1  4    246857 OMP= F
 -2logL =   -19030.4419890625       : AIC =   -19026.4419890625     
  In round            7  convergence=  0.000000000000000E+000
  delta convergence=   2.38569821353858     
 new R
   375.99    
 new G
  0.10000E-17
 * END ITERATION: 11-18-2023  15h 08m 18s 631
 solutions and s.e. stored in file: "solutions"

Final Estimates
 Genetic variance(s) for effect  2       
  0.10000E-17
 Residual variance(s)
   375.99    
 inverse of AI matrix (Sampling Variance)
   0.0000       0.0000    
   0.0000       438.20    
 Correlations from inverse of AI matrix
   0.0000       0.0000    
   0.0000       1.0000    
 SE for G
   0.0000    
 SE for R
   20.933    
 Sparse inverse of nrm_inverse, elapsed time:    1.09
* Warning * may need to increase # samples     1     2
  
 Sampling variances of covariances function of random effects (n=10000)
  
P  - Function: g_2_2_1_1+r_1_1
  Mean:    375.99    
  Sample Mean:    375.99    
  Sample SD:    20.904    
  
h2  - Function: g_2_2_1_1/(g_2_2_1_1+r_1_1)
  Mean:   0.26596E-20
  Sample Mean:   0.26679E-20
  Sample SD:   0.15002E-21
 elapsed time  9.3750000E-02
 *** Statistical Method: VCE                 
 * FINISHED (BLUPF90): 11-18-2023  15h 08m 20s 470
