
ssgblup.par
     BLUPF90+ ver. 2.48

 Parameter file:             ssgblup.par
 Data file:                  ../renum_gbs/renf90.dat
 Number of Traits             1
 Number of Effects            2
 Position of Observations      1
 Position of Weights           0
 Value of Missing Trait/Observation           0

EFFECTS
 #  type                position (2)        levels   [positions for nested]
    1  cross-classified       2         3
    2  cross-classified       3       810

 Residual (co)variance Matrix
  266.33    

 Random Effect(s)    2
 Type of Random Effect:      user defined from file
 User File:                  ../pregs_gbs/Gi                                                                                                                                                                                                                                           
 trait   effect    (CO)VARIANCES
  1       2     161.0    

 REMARKS
  (1) Weight position 0 means no weights utilized
  (2) Effect positions of 0 for some effects and traits means that such
      effects are missing for specified traits
 

 * The limited number of OpenMP threads = 4

 * BLUPF90+ sparse operations version
 
 * START JOB (BLUPF90): 11-17-2023  19h 19m 35s 386
 
 * store solutions and s.e. *** se                  
* SE for function of (co)variances P G_2_2_1_1+R_1_1
* SE for function of (co)variances h2 G_2_2_1_1/(G_2_2_1_1+R_1_1)
 * store accuracy in file: "acc_bf90"            2
 

 Options read from parameter file for genomic
 * SNP format: BLUPF90 standard (text)
 * SNP file: ../../../output/gbs_clean
 * SNP Xref file: ../../../output/gbs_clean_XrefID
 * No Quality Control Checks !!!!! (default .false.):  T
 * Create a tuned G (default = 2): 0
 * AlphaBeta defaults alpha=0.95, beta=0.05) :  1.00  0.00
 * TauOmega (defaults tau=1.0, omega=1.0) :  1.00  1.00
 IJA4 version
 Data record length =            3

Read 732 records in 10.61 s,  1358 nonzeroes

hash matrix increased from            8192 to           16384 % filled:     0.8000
hash matrix increased from           16384 to           32768 % filled:     0.8000
hash matrix increased from           32768 to           65536 % filled:     0.8000
hash matrix increased from           65536 to          131072 % filled:     0.8000
hash matrix increased from          131072 to          262144 % filled:     0.8000
hash matrix increased from          262144 to          524288 % filled:     0.8000
 g_usr_inv: read       328455  elements
 largest row, column, diagonal:         810         810         810
hash matrix increased from          131072 to          262144 % filled:     0.8000
hash matrix increased from          262144 to          524288 % filled:     0.8000

finished peds (BLUP) in 16.39 s,  329081 nonzeroes

 
 *** Advise: running BLUPF90+ --dense might speed up computations
 
 solutions and s.e. stored in file: "solutions"
 Sparse inverse of nrm_inverse, elapsed time:    2.40
 *** Statistical Method: BLUP                
 * FINISHED (BLUPF90): 11-17-2023  19h 19m 56s 337
