 BLUPF90+ ver. 2.51
 In round          2 convergence =   0.00000000000    
 delta convergence =   0.00000000000    
-2logL =        3210.4358     : AIC =        3214.4358    
Genetic variance(s) for effect  2       
   100.00    
Residual variance(s)
   0.0000    
inverse of AI matrix (Sampling Variance)
   0.0000       0.0000    
   0.0000       0.0000    
Correlations from inverse of AI matrix
   0.0000       0.0000    
   0.0000       0.0000    
SE for G
   0.0000    
SE for R
   0.0000    
* Warning * may need to increase # samples     0     2
  
Sampling variances of covariances function of random effects (n=10000)
  
P  - Fucntion: g_2_2_1_1+r_1_1
  Mean:    100.00    
  Sample Mean:    100.00    
  Sample SD:    0.0000    
  
h2  - Fucntion: g_2_2_1_1/(g_2_2_1_1+r_1_1)
  Mean:    1.0000    
  Sample Mean:    1.0000    
  Sample SD:    0.0000    
