
ssgblup.par
     BLUPF90+ ver. 2.48

 Parameter file:             ssgblup.par
 Data file:                  ../renum_gbs/renf90.dat
 Number of Traits             1
 Number of Effects            2
 Position of Observations      1
 Position of Weights           0
 Value of Missing Trait/Observation           0

EFFECTS
 #  type                position (2)        levels   [positions for nested]
    1  cross-classified       2         3
    2  cross-classified       3       806

 Residual (co)variance Matrix
  366.00    

 Random Effect(s)    2
 Type of Random Effect:      user defined from file
 User File:                  ../Hinv_manual                                                                                                                                                                                                                                            
 trait   effect    (CO)VARIANCES
  1       2     47.00    

 REMARKS
  (1) Weight position 0 means no weights utilized
  (2) Effect positions of 0 for some effects and traits means that such
      effects are missing for specified traits
 

 * The limited number of OpenMP threads = 4

 * BLUPF90+ sparse operations version
 
 * START JOB (BLUPF90): 11-18-2023  18h 22m 47s 954
 
 *** Statistical method from OPTION VCE                 
 * store solutions and s.e. *** se                  
 # EM-REML iterations (default=0):         100
* SE for function of (co)variances P G_2_2_1_1+R_1_1
* SE for function of (co)variances h2 G_2_2_1_1/(G_2_2_1_1+R_1_1)
 * store accuracy in file: "acc_bf90"            2
 
 IJA4 version
 Data record length =            3
 # free parameters=           2
 # parameters=           2
 # random effects=           1
 # elements for random effects=           1
 # maximum (ntrait*random)**2=           1
 # (co)variance matrices=           1

Read 728 records in 3.56 s,  1351 nonzeroes

hash matrix increased from            8192 to           16384 % filled:     0.8000
hash matrix increased from           16384 to           32768 % filled:     0.8000
hash matrix increased from           32768 to           65536 % filled:     0.8000
hash matrix increased from           65536 to          131072 % filled:     0.8000
hash matrix increased from          131072 to          262144 % filled:     0.8000
hash matrix increased from          262144 to          524288 % filled:     0.8000
 g_usr_inv: read       325221  elements
 largest row, column, diagonal:         806         806         806
hash matrix increased from            8192 to           16384 % filled:     0.8000
hash matrix increased from           16384 to           32768 % filled:     0.8000
hash matrix increased from           32768 to           65536 % filled:     0.8000
hash matrix increased from           65536 to          131072 % filled:     0.8000
hash matrix increased from          131072 to          262144 % filled:     0.8000
hash matrix increased from          262144 to          524288 % filled:     0.8000

finished peds (VCE) in 9.42 s,  325844 nonzeroes

 
 *** Advise: running BLUPF90+ --dense might speed up computations
 
 rank=         472
               **************
               **** FSPAK ***
               **************
               MPE / IM / MAE
                   Jun 1994

              SPARSE STATISTICS
      DIMENSION OF MATRIX     =                      809
      RANK                    =                      472
      STORAGE AVAILABLE       =                  1636313
      MAXIMUM NEEDED          =                  1636313
      NZE IN UPPER TRIANGULAR =                   326653
      NZE IN FACTOR           =                   325035
      NO. OF CALLS NUM FACT   =                        1
      NO. OF CALLS SOLVE      =                        1
      NO. OF CALLS SPARS SOLV =                        0
      NO. OF CALLS DET / LDET =                        1
      NO. OF CALLS SPARS INV  =                        1
      TOTAL CPU TIME IN FSPAK =                 2.625000
      TIME FOR FINDING ORDER  =                 0.109375
      TIME FOR SYMBOLIC FAC   =                 0.703125
      TIME FOR NUMERICAL FAC  =                 0.296875
      TIME FOR SOLVE          =                 0.000000
      TIME FOR SPARSE SOLVE   =                 0.000000
      TIME FOR SPARSE INVERSE =                 1.468750
quadr_ija: OpenMP threads=  1  4    325221 OMP= F
 -2logL =   -9075111.38617375       : AIC =   -9075107.38617375     
  In round            1  convergence=   1.00000000033641     
 round            1
 new r
  0.24090E+13
 new G
 -0.27942E+12
 * START ITERATION: 11-18-2023  18h 23m 00s 262
 G not positive definite: fixed (setup_g)
quadr_ija: OpenMP threads=  1  4    325221 OMP= F
 -2logL =    927.345255448026       : AIC =    931.345255448026     
  In round            2  convergence=                     NaN
 round            2
 new r
   0.0000    
 new G
   0.0000    
quadr_ija: OpenMP threads=  1  4    325221 OMP= F
 -2logL =    927.345254697409       : AIC =    931.345254697409     
  In round            3  convergence=                     NaN
 round            3
 new r
   0.0000    
 new G
   0.0000    
quadr_ija: OpenMP threads=  1  4    325221 OMP= F
 -2logL =    927.345254697409       : AIC =    931.345254697409     
  In round            4  convergence=                     NaN
 round            4
 new r
   0.0000    
 new G
   0.0000    
quadr_ija: OpenMP threads=  1  4    325221 OMP= F
 -2logL =    927.345254697409       : AIC =    931.345254697409     
  In round            5  convergence=                     NaN
 round            5
 new r
   0.0000    
 new G
   0.0000    
quadr_ija: OpenMP threads=  1  4    325221 OMP= F
 -2logL =    927.345254697409       : AIC =    931.345254697409     
  In round            6  convergence=                     NaN
 round            6
 new r
   0.0000    
 new G
   0.0000    
quadr_ija: OpenMP threads=  1  4    325221 OMP= F
 -2logL =    927.345254697409       : AIC =    931.345254697409     
  In round            7  convergence=                     NaN
 round            7
 new r
   0.0000    
 new G
   0.0000    
quadr_ija: OpenMP threads=  1  4    325221 OMP= F
 -2logL =    927.345254697409       : AIC =    931.345254697409     
  In round            8  convergence=                     NaN
 round            8
 new r
   0.0000    
 new G
   0.0000    
quadr_ija: OpenMP threads=  1  4    325221 OMP= F
 -2logL =    927.345254697409       : AIC =    931.345254697409     
  In round            9  convergence=                     NaN
 min,max changes:    10000000000.0000       -10000000000.0000     
 round            9
 new r
   0.0000    
 new G
   0.0000    
quadr_ija: OpenMP threads=  1  4    325221 OMP= F
 -2logL =    927.345254697409       : AIC =    931.345254697409     
  In round           10  convergence=                     NaN
 round           10
 new r
   0.0000    
 new G
   0.0000    
quadr_ija: OpenMP threads=  1  4    325221 OMP= F
 -2logL =    927.345254697409       : AIC =    931.345254697409     
  In round           11  convergence=                     NaN
 min,max changes:    10000000000.0000       -10000000000.0000     
 round           11
 new r
   0.0000    
 new G
   0.0000    
quadr_ija: OpenMP threads=  1  4    325221 OMP= F
 -2logL =    927.345254697409       : AIC =    931.345254697409     
  In round           12  convergence=                     NaN
 round           12
 new r
   0.0000    
 new G
   0.0000    
quadr_ija: OpenMP threads=  1  4    325221 OMP= F
 -2logL =    927.345254697409       : AIC =    931.345254697409     
  In round           13  convergence=                     NaN
 min,max changes:    10000000000.0000       -10000000000.0000     
 round           13
 new r
   0.0000    
 new G
   0.0000    
quadr_ija: OpenMP threads=  1  4    325221 OMP= F
 -2logL =    927.345254697409       : AIC =    931.345254697409     
  In round           14  convergence=                     NaN
 round           14
 new r
   0.0000    
 new G
   0.0000    
quadr_ija: OpenMP threads=  1  4    325221 OMP= F
 -2logL =    927.345254697409       : AIC =    931.345254697409     
  In round           15  convergence=                     NaN
 min,max changes:    10000000000.0000       -10000000000.0000     
 round           15
 new r
   0.0000    
 new G
   0.0000    
quadr_ija: OpenMP threads=  1  4    325221 OMP= F
 -2logL =    927.345254697409       : AIC =    931.345254697409     
  In round           16  convergence=                     NaN
 round           16
 new r
   0.0000    
 new G
   0.0000    
quadr_ija: OpenMP threads=  1  4    325221 OMP= F
 -2logL =    927.345254697409       : AIC =    931.345254697409     
  In round           17  convergence=                     NaN
 min,max changes:    10000000000.0000       -10000000000.0000     
 round           17
 new r
   0.0000    
 new G
   0.0000    
quadr_ija: OpenMP threads=  1  4    325221 OMP= F
 -2logL =    927.345254697409       : AIC =    931.345254697409     
  In round           18  convergence=                     NaN
 round           18
 new r
   0.0000    
 new G
   0.0000    
quadr_ija: OpenMP threads=  1  4    325221 OMP= F
 -2logL =    927.345254697409       : AIC =    931.345254697409     
  In round           19  convergence=                     NaN
 min,max changes:    10000000000.0000       -10000000000.0000     
 round           19
 new r
   0.0000    
 new G
   0.0000    
quadr_ija: OpenMP threads=  1  4    325221 OMP= F
 -2logL =    927.345254697409       : AIC =    931.345254697409     
  In round           20  convergence=                     NaN
 round           20
 new r
   0.0000    
 new G
   0.0000    
quadr_ija: OpenMP threads=  1  4    325221 OMP= F
 -2logL =    927.345254697409       : AIC =    931.345254697409     
  In round           21  convergence=                     NaN
 min,max changes:    10000000000.0000       -10000000000.0000     
 round           21
 new r
   0.0000    
 new G
   0.0000    
quadr_ija: OpenMP threads=  1  4    325221 OMP= F
 -2logL =    927.345254697409       : AIC =    931.345254697409     
  In round           22  convergence=                     NaN
 round           22
 new r
   0.0000    
 new G
   0.0000    
quadr_ija: OpenMP threads=  1  4    325221 OMP= F
 -2logL =    927.345254697409       : AIC =    931.345254697409     
  In round           23  convergence=                     NaN
 min,max changes:    10000000000.0000       -10000000000.0000     
 round           23
 new r
   0.0000    
 new G
   0.0000    
quadr_ija: OpenMP threads=  1  4    325221 OMP= F
 -2logL =    927.345254697409       : AIC =    931.345254697409     
  In round           24  convergence=                     NaN
 round           24
 new r
   0.0000    
 new G
   0.0000    
quadr_ija: OpenMP threads=  1  4    325221 OMP= F
 -2logL =    927.345254697409       : AIC =    931.345254697409     
  In round           25  convergence=                     NaN
 min,max changes:    10000000000.0000       -10000000000.0000     
 round           25
 new r
   0.0000    
 new G
   0.0000    
quadr_ija: OpenMP threads=  1  4    325221 OMP= F
 -2logL =    927.345254697409       : AIC =    931.345254697409     
  In round           26  convergence=                     NaN
 round           26
 new r
   0.0000    
 new G
   0.0000    
quadr_ija: OpenMP threads=  1  4    325221 OMP= F
 -2logL =    927.345254697409       : AIC =    931.345254697409     
  In round           27  convergence=                     NaN
 min,max changes:    10000000000.0000       -10000000000.0000     
 round           27
 new r
   0.0000    
 new G
   0.0000    
quadr_ija: OpenMP threads=  1  4    325221 OMP= F
 -2logL =    927.345254697409       : AIC =    931.345254697409     
  In round           28  convergence=                     NaN
 round           28
 new r
   0.0000    
 new G
   0.0000    
quadr_ija: OpenMP threads=  1  4    325221 OMP= F
 -2logL =    927.345254697409       : AIC =    931.345254697409     
  In round           29  convergence=                     NaN
 min,max changes:    10000000000.0000       -10000000000.0000     
 round           29
 new r
   0.0000    
 new G
   0.0000    
quadr_ija: OpenMP threads=  1  4    325221 OMP= F
 -2logL =    927.345254697409       : AIC =    931.345254697409     
  In round           30  convergence=                     NaN
 round           30
 new r
   0.0000    
 new G
   0.0000    
quadr_ija: OpenMP threads=  1  4    325221 OMP= F
 -2logL =    927.345254697409       : AIC =    931.345254697409     
  In round           31  convergence=                     NaN
 min,max changes:    10000000000.0000       -10000000000.0000     
 round           31
 new r
   0.0000    
 new G
   0.0000    
quadr_ija: OpenMP threads=  1  4    325221 OMP= F
 -2logL =    927.345254697409       : AIC =    931.345254697409     
  In round           32  convergence=                     NaN
 round           32
 new r
   0.0000    
 new G
   0.0000    
quadr_ija: OpenMP threads=  1  4    325221 OMP= F
 -2logL =    927.345254697409       : AIC =    931.345254697409     
  In round           33  convergence=                     NaN
 min,max changes:    10000000000.0000       -10000000000.0000     
 round           33
 new r
   0.0000    
 new G
   0.0000    
quadr_ija: OpenMP threads=  1  4    325221 OMP= F
 -2logL =    927.345254697409       : AIC =    931.345254697409     
  In round           34  convergence=                     NaN
 round           34
 new r
   0.0000    
 new G
   0.0000    
quadr_ija: OpenMP threads=  1  4    325221 OMP= F
 -2logL =    927.345254697409       : AIC =    931.345254697409     
  In round           35  convergence=                     NaN
 min,max changes:    10000000000.0000       -10000000000.0000     
 round           35
 new r
   0.0000    
 new G
   0.0000    
quadr_ija: OpenMP threads=  1  4    325221 OMP= F
 -2logL =    927.345254697409       : AIC =    931.345254697409     
  In round           36  convergence=                     NaN
 round           36
 new r
   0.0000    
 new G
   0.0000    
quadr_ija: OpenMP threads=  1  4    325221 OMP= F
 -2logL =    927.345254697409       : AIC =    931.345254697409     
  In round           37  convergence=                     NaN
 min,max changes:    10000000000.0000       -10000000000.0000     
 round           37
 new r
   0.0000    
 new G
   0.0000    
quadr_ija: OpenMP threads=  1  4    325221 OMP= F
 -2logL =    927.345254697409       : AIC =    931.345254697409     
  In round           38  convergence=                     NaN
 round           38
 new r
   0.0000    
 new G
   0.0000    
quadr_ija: OpenMP threads=  1  4    325221 OMP= F
 -2logL =    927.345254697409       : AIC =    931.345254697409     
  In round           39  convergence=                     NaN
 min,max changes:    10000000000.0000       -10000000000.0000     
 round           39
 new r
   0.0000    
 new G
   0.0000    
quadr_ija: OpenMP threads=  1  4    325221 OMP= F
 -2logL =    927.345254697409       : AIC =    931.345254697409     
  In round           40  convergence=                     NaN
 round           40
 new r
   0.0000    
 new G
   0.0000    
quadr_ija: OpenMP threads=  1  4    325221 OMP= F
 -2logL =    927.345254697409       : AIC =    931.345254697409     
  In round           41  convergence=                     NaN
 min,max changes:    10000000000.0000       -10000000000.0000     
 round           41
 new r
   0.0000    
 new G
   0.0000    
quadr_ija: OpenMP threads=  1  4    325221 OMP= F
 -2logL =    927.345254697409       : AIC =    931.345254697409     
  In round           42  convergence=                     NaN
 round           42
 new r
   0.0000    
 new G
   0.0000    
quadr_ija: OpenMP threads=  1  4    325221 OMP= F
 -2logL =    927.345254697409       : AIC =    931.345254697409     
  In round           43  convergence=                     NaN
 min,max changes:    10000000000.0000       -10000000000.0000     
 round           43
 new r
   0.0000    
 new G
   0.0000    
quadr_ija: OpenMP threads=  1  4    325221 OMP= F
 -2logL =    927.345254697409       : AIC =    931.345254697409     
  In round           44  convergence=                     NaN
 round           44
 new r
   0.0000    
 new G
   0.0000    
quadr_ija: OpenMP threads=  1  4    325221 OMP= F
 -2logL =    927.345254697409       : AIC =    931.345254697409     
  In round           45  convergence=                     NaN
 min,max changes:    10000000000.0000       -10000000000.0000     
 round           45
 new r
   0.0000    
 new G
   0.0000    
quadr_ija: OpenMP threads=  1  4    325221 OMP= F
 -2logL =    927.345254697409       : AIC =    931.345254697409     
  In round           46  convergence=                     NaN
 round           46
 new r
   0.0000    
 new G
   0.0000    
quadr_ija: OpenMP threads=  1  4    325221 OMP= F
 -2logL =    927.345254697409       : AIC =    931.345254697409     
  In round           47  convergence=                     NaN
 min,max changes:    10000000000.0000       -10000000000.0000     
 round           47
 new r
   0.0000    
 new G
   0.0000    
quadr_ija: OpenMP threads=  1  4    325221 OMP= F
 -2logL =    927.345254697409       : AIC =    931.345254697409     
  In round           48  convergence=                     NaN
 round           48
 new r
   0.0000    
 new G
   0.0000    
quadr_ija: OpenMP threads=  1  4    325221 OMP= F
 -2logL =    927.345254697409       : AIC =    931.345254697409     
  In round           49  convergence=                     NaN
 min,max changes:    10000000000.0000       -10000000000.0000     
 round           49
 new r
   0.0000    
 new G
   0.0000    
quadr_ija: OpenMP threads=  1  4    325221 OMP= F
 -2logL =    927.345254697409       : AIC =    931.345254697409     
  In round           50  convergence=                     NaN
 round           50
 new r
   0.0000    
 new G
   0.0000    
quadr_ija: OpenMP threads=  1  4    325221 OMP= F
 -2logL =    927.345254697409       : AIC =    931.345254697409     
  In round           51  convergence=                     NaN
 min,max changes:    10000000000.0000       -10000000000.0000     
 round           51
 new r
   0.0000    
 new G
   0.0000    
quadr_ija: OpenMP threads=  1  4    325221 OMP= F
 -2logL =    927.345254697409       : AIC =    931.345254697409     
  In round           52  convergence=                     NaN
 round           52
 new r
   0.0000    
 new G
   0.0000    
quadr_ija: OpenMP threads=  1  4    325221 OMP= F
 -2logL =    927.345254697409       : AIC =    931.345254697409     
  In round           53  convergence=                     NaN
 min,max changes:    10000000000.0000       -10000000000.0000     
 round           53
 new r
   0.0000    
 new G
   0.0000    
quadr_ija: OpenMP threads=  1  4    325221 OMP= F
 -2logL =    927.345254697409       : AIC =    931.345254697409     
  In round           54  convergence=                     NaN
 round           54
 new r
   0.0000    
 new G
   0.0000    
quadr_ija: OpenMP threads=  1  4    325221 OMP= F
 -2logL =    927.345254697409       : AIC =    931.345254697409     
  In round           55  convergence=                     NaN
 min,max changes:    10000000000.0000       -10000000000.0000     
 round           55
 new r
   0.0000    
 new G
   0.0000    
quadr_ija: OpenMP threads=  1  4    325221 OMP= F
 -2logL =    927.345254697409       : AIC =    931.345254697409     
  In round           56  convergence=                     NaN
 round           56
 new r
   0.0000    
 new G
   0.0000    
quadr_ija: OpenMP threads=  1  4    325221 OMP= F
 -2logL =    927.345254697409       : AIC =    931.345254697409     
  In round           57  convergence=                     NaN
 min,max changes:    10000000000.0000       -10000000000.0000     
 round           57
 new r
   0.0000    
 new G
   0.0000    
quadr_ija: OpenMP threads=  1  4    325221 OMP= F
 -2logL =    927.345254697409       : AIC =    931.345254697409     
  In round           58  convergence=                     NaN
 round           58
 new r
   0.0000    
 new G
   0.0000    
quadr_ija: OpenMP threads=  1  4    325221 OMP= F
 -2logL =    927.345254697409       : AIC =    931.345254697409     
  In round           59  convergence=                     NaN
 min,max changes:    10000000000.0000       -10000000000.0000     
 round           59
 new r
   0.0000    
 new G
   0.0000    
quadr_ija: OpenMP threads=  1  4    325221 OMP= F
 -2logL =    927.345254697409       : AIC =    931.345254697409     
  In round           60  convergence=                     NaN
 round           60
 new r
   0.0000    
 new G
   0.0000    
quadr_ija: OpenMP threads=  1  4    325221 OMP= F
 -2logL =    927.345254697409       : AIC =    931.345254697409     
  In round           61  convergence=                     NaN
 min,max changes:    10000000000.0000       -10000000000.0000     
 round           61
 new r
   0.0000    
 new G
   0.0000    
quadr_ija: OpenMP threads=  1  4    325221 OMP= F
 -2logL =    927.345254697409       : AIC =    931.345254697409     
  In round           62  convergence=                     NaN
 round           62
 new r
   0.0000    
 new G
   0.0000    
quadr_ija: OpenMP threads=  1  4    325221 OMP= F
 -2logL =    927.345254697409       : AIC =    931.345254697409     
  In round           63  convergence=                     NaN
 min,max changes:    10000000000.0000       -10000000000.0000     
 round           63
 new r
   0.0000    
 new G
   0.0000    
quadr_ija: OpenMP threads=  1  4    325221 OMP= F
 -2logL =    927.345254697409       : AIC =    931.345254697409     
  In round           64  convergence=                     NaN
 round           64
 new r
   0.0000    
 new G
   0.0000    
quadr_ija: OpenMP threads=  1  4    325221 OMP= F
 -2logL =    927.345254697409       : AIC =    931.345254697409     
  In round           65  convergence=                     NaN
 min,max changes:    10000000000.0000       -10000000000.0000     
 round           65
 new r
   0.0000    
 new G
   0.0000    
quadr_ija: OpenMP threads=  1  4    325221 OMP= F
 -2logL =    927.345254697409       : AIC =    931.345254697409     
  In round           66  convergence=                     NaN
 round           66
 new r
   0.0000    
 new G
   0.0000    
quadr_ija: OpenMP threads=  1  4    325221 OMP= F
 -2logL =    927.345254697409       : AIC =    931.345254697409     
  In round           67  convergence=                     NaN
 min,max changes:    10000000000.0000       -10000000000.0000     
 round           67
 new r
   0.0000    
 new G
   0.0000    
quadr_ija: OpenMP threads=  1  4    325221 OMP= F
 -2logL =    927.345254697409       : AIC =    931.345254697409     
  In round           68  convergence=                     NaN
 round           68
 new r
   0.0000    
 new G
   0.0000    
quadr_ija: OpenMP threads=  1  4    325221 OMP= F
 -2logL =    927.345254697409       : AIC =    931.345254697409     
  In round           69  convergence=                     NaN
 min,max changes:    10000000000.0000       -10000000000.0000     
 round           69
 new r
   0.0000    
 new G
   0.0000    
quadr_ija: OpenMP threads=  1  4    325221 OMP= F
 -2logL =    927.345254697409       : AIC =    931.345254697409     
  In round           70  convergence=                     NaN
 round           70
 new r
   0.0000    
 new G
   0.0000    
quadr_ija: OpenMP threads=  1  4    325221 OMP= F
 -2logL =    927.345254697409       : AIC =    931.345254697409     
  In round           71  convergence=                     NaN
 min,max changes:    10000000000.0000       -10000000000.0000     
 round           71
 new r
   0.0000    
 new G
   0.0000    
quadr_ija: OpenMP threads=  1  4    325221 OMP= F
 -2logL =    927.345254697409       : AIC =    931.345254697409     
  In round           72  convergence=                     NaN
 round           72
 new r
   0.0000    
 new G
   0.0000    
quadr_ija: OpenMP threads=  1  4    325221 OMP= F
 -2logL =    927.345254697409       : AIC =    931.345254697409     
  In round           73  convergence=                     NaN
 min,max changes:    10000000000.0000       -10000000000.0000     
 round           73
 new r
   0.0000    
 new G
   0.0000    
quadr_ija: OpenMP threads=  1  4    325221 OMP= F
 -2logL =    927.345254697409       : AIC =    931.345254697409     
  In round           74  convergence=                     NaN
 round           74
 new r
   0.0000    
 new G
   0.0000    
quadr_ija: OpenMP threads=  1  4    325221 OMP= F
 -2logL =    927.345254697409       : AIC =    931.345254697409     
  In round           75  convergence=                     NaN
 min,max changes:    10000000000.0000       -10000000000.0000     
 round           75
 new r
   0.0000    
 new G
   0.0000    
quadr_ija: OpenMP threads=  1  4    325221 OMP= F
 -2logL =    927.345254697409       : AIC =    931.345254697409     
  In round           76  convergence=                     NaN
 round           76
 new r
   0.0000    
 new G
   0.0000    
quadr_ija: OpenMP threads=  1  4    325221 OMP= F
 -2logL =    927.345254697409       : AIC =    931.345254697409     
  In round           77  convergence=                     NaN
 min,max changes:    10000000000.0000       -10000000000.0000     
 round           77
 new r
   0.0000    
 new G
   0.0000    
quadr_ija: OpenMP threads=  1  4    325221 OMP= F
 -2logL =    927.345254697409       : AIC =    931.345254697409     
  In round           78  convergence=                     NaN
 round           78
 new r
   0.0000    
 new G
   0.0000    
quadr_ija: OpenMP threads=  1  4    325221 OMP= F
 -2logL =    927.345254697409       : AIC =    931.345254697409     
  In round           79  convergence=                     NaN
 min,max changes:    10000000000.0000       -10000000000.0000     
 round           79
 new r
   0.0000    
 new G
   0.0000    
quadr_ija: OpenMP threads=  1  4    325221 OMP= F
 -2logL =    927.345254697409       : AIC =    931.345254697409     
  In round           80  convergence=                     NaN
 round           80
 new r
   0.0000    
 new G
   0.0000    
quadr_ija: OpenMP threads=  1  4    325221 OMP= F
 -2logL =    927.345254697409       : AIC =    931.345254697409     
  In round           81  convergence=                     NaN
 min,max changes:    10000000000.0000       -10000000000.0000     
 round           81
 new r
   0.0000    
 new G
   0.0000    
quadr_ija: OpenMP threads=  1  4    325221 OMP= F
 -2logL =    927.345254697409       : AIC =    931.345254697409     
  In round           82  convergence=                     NaN
 round           82
 new r
   0.0000    
 new G
   0.0000    
quadr_ija: OpenMP threads=  1  4    325221 OMP= F
 -2logL =    927.345254697409       : AIC =    931.345254697409     
  In round           83  convergence=                     NaN
 min,max changes:    10000000000.0000       -10000000000.0000     
 round           83
 new r
   0.0000    
 new G
   0.0000    
quadr_ija: OpenMP threads=  1  4    325221 OMP= F
 -2logL =    927.345254697409       : AIC =    931.345254697409     
  In round           84  convergence=                     NaN
 round           84
 new r
   0.0000    
 new G
   0.0000    
quadr_ija: OpenMP threads=  1  4    325221 OMP= F
 -2logL =    927.345254697409       : AIC =    931.345254697409     
  In round           85  convergence=                     NaN
 min,max changes:    10000000000.0000       -10000000000.0000     
 round           85
 new r
   0.0000    
 new G
   0.0000    
quadr_ija: OpenMP threads=  1  4    325221 OMP= F
 -2logL =    927.345254697409       : AIC =    931.345254697409     
  In round           86  convergence=                     NaN
 round           86
 new r
   0.0000    
 new G
   0.0000    
quadr_ija: OpenMP threads=  1  4    325221 OMP= F
 -2logL =    927.345254697409       : AIC =    931.345254697409     
  In round           87  convergence=                     NaN
 min,max changes:    10000000000.0000       -10000000000.0000     
 round           87
 new r
   0.0000    
 new G
   0.0000    
quadr_ija: OpenMP threads=  1  4    325221 OMP= F
 -2logL =    927.345254697409       : AIC =    931.345254697409     
  In round           88  convergence=                     NaN
 round           88
 new r
   0.0000    
 new G
   0.0000    
quadr_ija: OpenMP threads=  1  4    325221 OMP= F
 -2logL =    927.345254697409       : AIC =    931.345254697409     
  In round           89  convergence=                     NaN
 min,max changes:    10000000000.0000       -10000000000.0000     
 round           89
 new r
   0.0000    
 new G
   0.0000    
quadr_ija: OpenMP threads=  1  4    325221 OMP= F
 -2logL =    927.345254697409       : AIC =    931.345254697409     
  In round           90  convergence=                     NaN
 round           90
 new r
   0.0000    
 new G
   0.0000    
quadr_ija: OpenMP threads=  1  4    325221 OMP= F
 -2logL =    927.345254697409       : AIC =    931.345254697409     
  In round           91  convergence=                     NaN
 min,max changes:    10000000000.0000       -10000000000.0000     
 round           91
 new r
   0.0000    
 new G
   0.0000    
quadr_ija: OpenMP threads=  1  4    325221 OMP= F
 -2logL =    927.345254697409       : AIC =    931.345254697409     
  In round           92  convergence=                     NaN
 round           92
 new r
   0.0000    
 new G
   0.0000    
quadr_ija: OpenMP threads=  1  4    325221 OMP= F
 -2logL =    927.345254697409       : AIC =    931.345254697409     
  In round           93  convergence=                     NaN
 min,max changes:    10000000000.0000       -10000000000.0000     
 round           93
 new r
   0.0000    
 new G
   0.0000    
quadr_ija: OpenMP threads=  1  4    325221 OMP= F
 -2logL =    927.345254697409       : AIC =    931.345254697409     
  In round           94  convergence=                     NaN
 round           94
 new r
   0.0000    
 new G
   0.0000    
quadr_ija: OpenMP threads=  1  4    325221 OMP= F
 -2logL =    927.345254697409       : AIC =    931.345254697409     
  In round           95  convergence=                     NaN
 min,max changes:    10000000000.0000       -10000000000.0000     
 round           95
 new r
   0.0000    
 new G
   0.0000    
quadr_ija: OpenMP threads=  1  4    325221 OMP= F
 -2logL =    927.345254697409       : AIC =    931.345254697409     
  In round           96  convergence=                     NaN
 round           96
 new r
   0.0000    
 new G
   0.0000    
quadr_ija: OpenMP threads=  1  4    325221 OMP= F
 -2logL =    927.345254697409       : AIC =    931.345254697409     
  In round           97  convergence=                     NaN
 min,max changes:    10000000000.0000       -10000000000.0000     
 round           97
 new r
   0.0000    
 new G
   0.0000    
quadr_ija: OpenMP threads=  1  4    325221 OMP= F
 -2logL =    927.345254697409       : AIC =    931.345254697409     
  In round           98  convergence=                     NaN
 round           98
 new r
   0.0000    
 new G
   0.0000    
quadr_ija: OpenMP threads=  1  4    325221 OMP= F
 -2logL =    927.345254697409       : AIC =    931.345254697409     
  In round           99  convergence=                     NaN
 min,max changes:    10000000000.0000       -10000000000.0000     
 round           99
 new r
   0.0000    
 new G
   0.0000    
quadr_ija: OpenMP threads=  1  4    325221 OMP= F
 -2logL =    927.345254697409       : AIC =    931.345254697409     
  In round          100  convergence=                     NaN
 round          100
 new r
   0.0000    
 new G
   0.0000    
quadr_ija: OpenMP threads=  1  4    325221 OMP= F
 -2logL =    927.345254697409       : AIC =    931.345254697409     
  In round          101  convergence=                     NaN
  delta convergence=  0.000000000000000E+000
 new R
   0.0000    
 new G
  0.10000E-17
 * END ITERATION: 11-18-2023  18h 27m 48s 626
 solutions and s.e. stored in file: "solutions"

Final Estimates
 Genetic variance(s) for effect  2       
  0.10000E-17
 Residual variance(s)
   0.0000    
 inverse of AI matrix (Sampling Variance)
   0.0000       0.0000    
   0.0000       0.0000    
 Correlations from inverse of AI matrix
   0.0000       0.0000    
   0.0000       0.0000    
 SE for G
   0.0000    
 SE for R
   0.0000    
 Sparse inverse of nrm_inverse, elapsed time:    2.63
* Warning * may need to increase # samples     0     2
  
 Sampling variances of covariances function of random effects (n=10000)
  
P  - Function: g_2_2_1_1+r_1_1
  Mean:   0.10000E-17
  Sample Mean:   0.10000E-17
  Sample SD:    0.0000    
  
h2  - Function: g_2_2_1_1/(g_2_2_1_1+r_1_1)
  Mean:    1.0000    
  Sample Mean:    1.0000    
  Sample SD:    0.0000    
 elapsed time  0.1250000    
 *** Statistical Method: VCE                 
 * FINISHED (BLUPF90): 11-18-2023  18h 27m 52s 894

real	5m5.504s
user	0m0.000s
sys	0m0.250s
