
ssgblup.par
     BLUPF90+ ver. 2.48

 Parameter file:             ssgblup.par
 Data file:                  ../renum_gbs/renf90.dat
 Number of Traits             1
 Number of Effects            2
 Position of Observations      1
 Position of Weights           0
 Value of Missing Trait/Observation           0

EFFECTS
 #  type                position (2)        levels   [positions for nested]
    1  cross-classified       2         3
    2  cross-classified       3       806

 Residual (co)variance Matrix
  100.00    

 Random Effect(s)    2
 Type of Random Effect:      additive animal with unknown parent groups and inbreeding
 Pedigree File:              ../renum_gbs/renadd02.ped                                                                                                                                                                                                                                 
 trait   effect    (CO)VARIANCES
  1       2     100.0    

 REMARKS
  (1) Weight position 0 means no weights utilized
  (2) Effect positions of 0 for some effects and traits means that such
      effects are missing for specified traits
 

 * The limited number of OpenMP threads = 4

 * BLUPF90+ sparse operations version
 
 * START JOB (BLUPF90): 11-18-2023  22h 15m 38s 033
 
 *** Statistical method from OPTION VCE                 
 * store solutions and s.e. *** se                  
* SE for function of (co)variances P G_2_2_1_1+R_1_1
* SE for function of (co)variances h2 G_2_2_1_1/(G_2_2_1_1+R_1_1)
 * store accuracy in file: "acc_bf90"            2
 

 Options read from parameter file for genomic
 * SNP format: BLUPF90 standard (text)
 * SNP file: ../../../output/gbs_clean
 * SNP Xref file: ../../../output/gbs_clean_XrefID
 * ReadGInverse (default=.false.)
 * G Inverse file (default "Gi"): ../Hinv_manual
 * Skip Save GmA22 Inverse matrix (default=.true.)
 * No Quality Control Checks !!!!! (default .false.):  T
 * Create a tuned G (default = 2): 0
 * AlphaBeta defaults alpha=0.95, beta=0.05) :  0.99  0.01
 * TauOmega (defaults tau=1.0, omega=1.0) :  1.00  1.00
 * Matrix in Ascii format(default=binary)
 IJA4 version
 Data record length =            3
 # free parameters=           2
 # parameters=           2
 # random effects=           1
 # elements for random effects=           1
 # maximum (ntrait*random)**2=           1
 # (co)variance matrices=           1

Read 728 records in 13.16 s,  1351 nonzeroes


Read 806 additive pedigrees
 
 *--------------------------------------------------------------*
 *                 Genomic Library: Dist Version 1.308          *
 *                                                              *
 *             Optimized OpenMP Version -  4 threads            *
 *                                                              *
 *  Modified relationship matrix (H) created for effect:   2    *
 *--------------------------------------------------------------*
 
 Read 806 animals from pedigree file: "C:\Users\lzhang\OneDrive - AbacusBio Ltd\Project_internal\Potato mash\blupf90\vce\renum_gbs\renadd02.ped"
 Number of Genotyped Animals: 806

 Creating A22 
    Extracting subset of: 806 pedigrees from: 806 ...elapsed time:     0.0000
    Calculating A22 Matrix by Colleau OpenMP...elapsed time: .0277
    Numbers of threads=1 4

 ------------------------------
  Final Pedigree-Based Matrix 
 ------------------------------
 
 Statistic of Rel. Matrix A22
                                N      Mean       Min       Max       Var
     Diagonal                 806     1.000     1.000     1.000     0.000
     Off-diagonal          648830     0.000     0.000     0.000     0.000
 

 Creating A22-inverse 
    Inverse LAPACK MKL dpotrf/i  #threads=    1    4 Elapsed omp_get_time:     0.2162

 ----------------------
  Final A22 Inv Matrix 
 ----------------------
 
 Statistic of Inv. Rel. Matrix A22
                                N      Mean       Min       Max       Var
     Diagonal                 806     1.000     1.000     1.000     0.000
     Off-diagonal          648830     0.000     0.000     0.000     0.000
 
 Reading G-inverse from file: "../Hinv_manual"
                325221 elements read from: ../Hinv_manual

 --------------------------
  Final Genomic Inv Matrix 
 --------------------------
 
 Statistic of Inv. Genomic Matrix
                                N      Mean       Min       Max       Var
     Diagonal                 806     7.138     1.294   100.000    22.925
     Off-diagonal          648830     0.112   -38.242    11.242     0.080
 

 Check for diagonal of Inverse Genomic - Inverse of pedigree relationship matrix


 ------------------------------
  Final G Inv - A22 Inv Matrix 
 ------------------------------
 
 Statistic of Inv. Genomic - A22 Matrix
                                N      Mean       Min       Max       Var
     Diagonal                 806     6.138     0.294    99.000    22.925
     Off-diagonal          648830     0.112   -38.242    11.242     0.080
 

*--------------------------------------------------*
* Setup Genomic Done !!!, elapsed time:     10.100 *
*--------------------------------------------------*

 wGimA22i   1.00000000000000     
hash matrix increased from            8192 to           16384 % filled:     0.8000
hash matrix increased from           16384 to           32768 % filled:     0.8000
hash matrix increased from           32768 to           65536 % filled:     0.8000
hash matrix increased from           65536 to          131072 % filled:     0.8000
hash matrix increased from          131072 to          262144 % filled:     0.8000
hash matrix increased from          262144 to          524288 % filled:     0.8000
hash matrix increased from            8192 to           16384 % filled:     0.8000
hash matrix increased from           16384 to           32768 % filled:     0.8000
hash matrix increased from           32768 to           65536 % filled:     0.8000
hash matrix increased from           65536 to          131072 % filled:     0.8000
hash matrix increased from          131072 to          262144 % filled:     0.8000
hash matrix increased from          262144 to          524288 % filled:     0.8000

finished peds (VCE) in 24.03 s,  325844 nonzeroes

 
 *** Advise: running BLUPF90+ --dense might speed up computations
 
 rank=         459
               **************
               **** FSPAK ***
               **************
               MPE / IM / MAE
                   Jun 1994

              SPARSE STATISTICS
      DIMENSION OF MATRIX     =                      809
      RANK                    =                      459
      STORAGE AVAILABLE       =                  1636313
      MAXIMUM NEEDED          =                  1636313
      NZE IN UPPER TRIANGULAR =                   326653
      NZE IN FACTOR           =                   325035
      NO. OF CALLS NUM FACT   =                        1
      NO. OF CALLS SOLVE      =                        1
      NO. OF CALLS SPARS SOLV =                        0
      NO. OF CALLS DET / LDET =                        1
      NO. OF CALLS SPARS INV  =                        1
      TOTAL CPU TIME IN FSPAK =                 3.078125
      TIME FOR FINDING ORDER  =                 0.062500
      TIME FOR SYMBOLIC FAC   =                 0.562500
      TIME FOR NUMERICAL FAC  =                 0.406250
      TIME FOR SOLVE          =                 0.000000
      TIME FOR SPARSE SOLVE   =                 0.000000
      TIME FOR SPARSE INVERSE =                 1.984375
quadr_ija: OpenMP threads=  1  4    325221 OMP= F
 -2logL =   -156329603.026917       : AIC =   -156329599.026917     
 *** Warning *** corrected Covariance Matrix            5  times
  In round            1  convergence=   1.00000000000459     
  delta convergence=   45951879088102.2     
 new R
  0.48288E+14
 new G
  0.10000E-17
 * START ITERATION: 11-18-2023  22h 16m 07s 614
quadr_ija: OpenMP threads=  1  4    325221 OMP= F
 -2logL =   -13552.3568715438       : AIC =   -13548.3568715438     
  In round            2  convergence=  0.000000000000000E+000
  delta convergence=  0.000000000000000E+000
 new R
   0.0000    
 new G
  0.10000E-17
 * END ITERATION: 11-18-2023  22h 16m 10s 880
 solutions and s.e. stored in file: "solutions"

Final Estimates
 Genetic variance(s) for effect  2       
  0.10000E-17
 Residual variance(s)
   0.0000    
 inverse of AI matrix (Sampling Variance)
   0.0000       0.0000    
   0.0000       0.0000    
 Correlations from inverse of AI matrix
   0.0000       0.0000    
   0.0000       0.0000    
 SE for G
   0.0000    
 SE for R
   0.0000    
 Sparse inverse of nrm_inverse, elapsed time:    2.79
* Warning * may need to increase # samples     0     2
  
 Sampling variances of covariances function of random effects (n=10000)
  
P  - Function: g_2_2_1_1+r_1_1
  Mean:   0.10000E-17
  Sample Mean:   0.10000E-17
  Sample SD:    0.0000    
  
h2  - Function: g_2_2_1_1/(g_2_2_1_1+r_1_1)
  Mean:    1.0000    
  Sample Mean:    1.0000    
  Sample SD:    0.0000    
 elapsed time  1.5625000E-02
 *** Statistical Method: VCE                 
 * FINISHED (BLUPF90): 11-18-2023  22h 16m 16s 036
