
ssgblup_renadd.par
     BLUPF90+ ver. 2.51

 Parameter file:             ssgblup_renadd.par
 Data file:                  ../renum_gbs/renf90.dat
 Number of Traits             1
 Number of Effects            2
 Position of Observations      1
 Position of Weights           0
 Value of Missing Trait/Observation           0

EFFECTS
 #  type                position (2)        levels   [positions for nested]
    1  cross-classified       2         3
    2  cross-classified       3       806

 Residual (co)variance Matrix
  100.00    

 Random Effect(s)    2
 Type of Random Effect:      additive animal with unknown parent groups and inbreeding
 Pedigree File:              ../renum_gbs/renadd02.ped                                                                                                                                                                                                                                 
 trait   effect    (CO)VARIANCES
  1       2     100.0    

 REMARKS
  (1) Weight position 0 means no weights utilized
  (2) Effect positions of 0 for some effects and traits means that such
      effects are missing for specified traits
 

 * The limited number of OpenMP threads = 4

 * BLUPF90+ sparse operations version
 
 * START JOB (BLUPF90): 11-21-2023  17h 17m 29s 613
 
 *** Statistical method from OPTION VCE                 
 * store solutions and s.e. *** se                  
* SE for function of (co)variances P G_2_2_1_1+R_1_1
* SE for function of (co)variances h2 G_2_2_1_1/(G_2_2_1_1+R_1_1)
 * store accuracy in file: "acc_bf90"            2
 * omit A-inverse (default=.false.): .true.
 

 Options read from parameter file for genomic
 * SNP format: BLUPF90 standard (text)
 * SNP file: ../../../output/haplotype_clean
 * SNP Xref file: ../../../output/haplotype_clean_XrefID
 * ReadGInverse (default=.false.)
 * G Inverse file (default "Gi"): ../Hinv_sorted
 * Skip Save GmA22 Inverse matrix (default=.true.)
 * No Quality Control Checks !!!!! (default .false.):  T
 * Create a tuned G (default = 2): 0
 * AlphaBeta defaults alpha=0.95, beta=0.05) :  0.99  0.01
 * TauOmega (defaults tau=1.0, omega=1.0) :  1.00  0.00
 * Matrix in Ascii format(default=binary)
 IJA4 version
 Data record length =            3
 # free parameters=           2
 # parameters=           2
 # random effects=           1
 # elements for random effects=           1
 # maximum (ntrait*random)**2=           1
 # (co)variance matrices=           1

Read 728 records in 7.92 s,  1351 nonzeroes


Read 806 additive pedigrees
 
 *--------------------------------------------------------------*
 *                 Genomic Library: Dist Version 1.313          *
 *                                                              *
 *             Optimized OpenMP Version -   4 threads            *
 *                                                              *
 *  Modified relationship matrix (H) created for effect:   2    *
 *--------------------------------------------------------------*
 
 Read 806 animals from pedigree file: "C:\Users\lzhang\OneDrive - AbacusBio Ltd\Project_internal\Potato mash\blupf90\vce\renum_gbs\renadd02.ped"
 Number of Genotyped Animals: 702

 Creating A22 
    Extracting subset of: 702 pedigrees from: 806 ...elapsed time:     0.0000
    Calculating A22 Matrix by Colleau OpenMP...elapsed time: .0092
    Numbers of threads=1 4

 ------------------------------
  Final Pedigree-Based Matrix 
 ------------------------------
 
 Statistic of Rel. Matrix A22
                                N      Mean       Min       Max       Var
     Diagonal                 702     1.000     1.000     1.000     0.000
     Off-diagonal          492102     0.000     0.000     0.000     0.000
 

 Creating A22-inverse 
    Inverse LAPACK MKL dpotrf/i  #threads=    1    4 Elapsed omp_get_time:     0.0839
 
 Adjusting A22-inverse : Omega * A22-inverse      0.000

 ----------------------
  Final A22 Inv Matrix 
 ----------------------
 
 Statistic of Inv. Rel. Matrix A22
                                N      Mean       Min       Max       Var
     Diagonal                 702     0.000     0.000     0.000     0.000
     Off-diagonal          492102     0.000     0.000     0.000     0.000
 
 Reading G-inverse from file: "../Hinv_sorted"
