
ssgblup.par
     BLUPF90+ ver. 2.48

 Parameter file:             ssgblup.par
 Data file:                  ../renum_gbs/renf90.dat
 Number of Traits             1
 Number of Effects            2
 Position of Observations      1
 Position of Weights           0
 Value of Missing Trait/Observation           0

EFFECTS
 #  type                position (2)        levels   [positions for nested]
    1  cross-classified       2         3
    2  cross-classified       3       810

 Residual (co)variance Matrix
  100.00    

 Random Effect(s)    2
 Type of Random Effect:      user defined from file
 User File:                  ../pregs_gbs/Gi                                                                                                                                                                                                                                           
 trait   effect    (CO)VARIANCES
  1       2     100.0    

 REMARKS
  (1) Weight position 0 means no weights utilized
  (2) Effect positions of 0 for some effects and traits means that such
      effects are missing for specified traits
 

 * The limited number of OpenMP threads = 4

 * BLUPF90+ sparse operations version
 
 * START JOB (BLUPF90): 11-17-2023  19h 51m 04s 619
 
 *** Statistical method from OPTION VCE                 
 * store solutions and s.e. *** se                  
* SE for function of (co)variances P G_2_2_1_1+R_1_1
* SE for function of (co)variances h2 G_2_2_1_1/(G_2_2_1_1+R_1_1)
 * store accuracy in file: "acc_bf90"            2
 

 Options read from parameter file for genomic
 * SNP format: BLUPF90 standard (text)
 * SNP file: ../../../output/haplotype_clean
 * SNP Xref file: ../../../output/haplotype_clean_XrefID
 * Read A22 Inverse (default=.false.)
 * A22 Inverse file (default "A22i"): ../a22_gbs
 * ReadGInverse (default=.false.)
 * G Inverse file (default "Gi"): ../pregs_hap/Gi
 * No Quality Control Checks !!!!! (default .false.):  T
 * Create a tuned G (default = 2): 0
 * AlphaBeta defaults alpha=0.95, beta=0.05) :  1.00  0.00
 * TauOmega (defaults tau=1.0, omega=1.0) :  1.00  1.00
 IJA4 version
 Data record length =            3
 # free parameters=           2
 # parameters=           2
 # random effects=           1
 # elements for random effects=           1
 # maximum (ntrait*random)**2=           1
 # (co)variance matrices=           1

Read 732 records in 5.39 s,  1358 nonzeroes

hash matrix increased from            8192 to           16384 % filled:     0.8000
hash matrix increased from           16384 to           32768 % filled:     0.8000
hash matrix increased from           32768 to           65536 % filled:     0.8000
hash matrix increased from           65536 to          131072 % filled:     0.8000
hash matrix increased from          131072 to          262144 % filled:     0.8000
hash matrix increased from          262144 to          524288 % filled:     0.8000
 g_usr_inv: read       328455  elements
 largest row, column, diagonal:         810         810         810
hash matrix increased from            8192 to           16384 % filled:     0.8000
hash matrix increased from           16384 to           32768 % filled:     0.8000
hash matrix increased from           32768 to           65536 % filled:     0.8000
hash matrix increased from           65536 to          131072 % filled:     0.8000
hash matrix increased from          131072 to          262144 % filled:     0.8000
hash matrix increased from          262144 to          524288 % filled:     0.8000

finished peds (VCE) in 8.20 s,  329081 nonzeroes

 
 *** Advise: running BLUPF90+ --dense might speed up computations
 
 rank=         813
               **************
               **** FSPAK ***
               **************
               MPE / IM / MAE
                   Jun 1994

              SPARSE STATISTICS
      DIMENSION OF MATRIX     =                      813
      RANK                    =                      813
      STORAGE AVAILABLE       =                  1652533
      MAXIMUM NEEDED          =                  1652533
      NZE IN UPPER TRIANGULAR =                   329894
      NZE IN FACTOR           =                   328268
      NO. OF CALLS NUM FACT   =                        1
      NO. OF CALLS SOLVE      =                        1
      NO. OF CALLS SPARS SOLV =                        0
      NO. OF CALLS DET / LDET =                        1
      NO. OF CALLS SPARS INV  =                        1
      TOTAL CPU TIME IN FSPAK =                 2.312500
      TIME FOR FINDING ORDER  =                 0.000000
      TIME FOR SYMBOLIC FAC   =                 0.750000
      TIME FOR NUMERICAL FAC  =                 0.187500
      TIME FOR SOLVE          =                 0.000000
      TIME FOR SPARSE SOLVE   =                 0.000000
      TIME FOR SPARSE INVERSE =                 1.312500
quadr_ija: OpenMP threads=  1  4    328455 OMP= F
 -2logL =    6741.46071829918       : AIC =    6745.46071829918     
  In round            1  convergence=  9.478668764231329E-002
  delta convergence=   53.4381230853099     
 new R
   162.39    
 new G
   144.48    
 * START ITERATION: 11-17-2023  19h 51m 14s 592
quadr_ija: OpenMP threads=  1  4    328455 OMP= F
 -2logL =    6481.27361226364       : AIC =    6485.27361226364     
  In round            2  convergence=  2.114635775421836E-002
  delta convergence=   43.6924362485392     
 new R
   225.19    
 new G
   169.07    
quadr_ija: OpenMP threads=  1  4    328455 OMP= F
 -2logL =    6429.34333884551       : AIC =    6433.34333884551     
  In round            3  convergence=  1.776116130887788E-004
  delta convergence=   17.9113932320444     
 new R
   258.79    
 new G
   166.84    
quadr_ija: OpenMP threads=  1  4    328455 OMP= F
 -2logL =    6425.50911277850       : AIC =    6429.50911277850     
  In round            4  convergence=  8.284181498043196E-004
  delta convergence=   5.69092933316820     
 new R
   265.51    
 new G
   162.18    
quadr_ija: OpenMP threads=  1  4    328455 OMP= F
 -2logL =    6425.46140726128       : AIC =    6429.46140726128     
  In round            5  convergence=  3.483474958483994E-005
  delta convergence=  0.834502543139030     
 new R
   266.22    
 new G
   161.23    
quadr_ija: OpenMP threads=  1  4    328455 OMP= F
 -2logL =    6425.46100619387       : AIC =    6429.46100619387     
  In round            6  convergence=  6.995066615504696E-007
  delta convergence=  0.115081182713044     
 new R
   266.32    
 new G
   161.09    
quadr_ija: OpenMP threads=  1  4    328455 OMP= F
 -2logL =    6425.46099857339       : AIC =    6429.46099857339     
  In round            7  convergence=  1.348159227821947E-008
  delta convergence=  1.595347850337035E-002
 new R
   266.33    
 new G
   161.07    
quadr_ija: OpenMP threads=  1  4    328455 OMP= F
 -2logL =    6425.46099842693       : AIC =    6429.46099842693     
  In round            8  convergence=  2.593650642621108E-010
  delta convergence=  2.212357895114724E-003
 new R
   266.33    
 new G
   161.07    
quadr_ija: OpenMP threads=  1  4    328455 OMP= F
 -2logL =    6425.46099842407       : AIC =    6429.46099842407     
  In round            9  convergence=  4.988587294308820E-012
  delta convergence=  3.068150298650232E-004
 new R
   266.33    
 new G
   161.07    
quadr_ija: OpenMP threads=  1  4    328455 OMP= F
 -2logL =    6425.46099842410       : AIC =    6429.46099842410     
  In round           10  convergence=  9.594658861656838E-014
  delta convergence=  4.255013940863373E-005
 new R
   266.33    
 new G
   161.07    
 * END ITERATION: 11-17-2023  19h 51m 34s 115
 solutions and s.e. stored in file: "solutions"

Final Estimates
 Genetic variance(s) for effect  2       
   161.07    
 Residual variance(s)
   266.33    
 inverse of AI matrix (Sampling Variance)
   2790.1      -1801.0    
  -1801.0       1548.7    
 Correlations from inverse of AI matrix
   1.0000     -0.86644    
 -0.86644       1.0000    
 SE for G
   52.821    
 SE for R
   39.353    
 Sparse inverse of nrm_inverse, elapsed time:    1.98
  
 Sampling variances of covariances function of random effects (n=10000)
  
P  - Function: g_2_2_1_1+r_1_1
  Mean:    427.40    
  Sample Mean:    427.24    
  Sample SD:    27.303    
  
h2  - Function: g_2_2_1_1/(g_2_2_1_1+r_1_1)
  Mean:   0.37685    
  Sample Mean:   0.37185    
  Sample SD:   0.11064    
 elapsed time  6.2500000E-02
 *** Statistical Method: VCE                 
 * FINISHED (BLUPF90): 11-17-2023  19h 51m 37s 313
