
ssgblup.par
     BLUPF90+ ver. 2.48

 Parameter file:             ssgblup.par
 Data file:                  ../renum_gbs/renf90.dat
 Number of Traits             1
 Number of Effects            2
 Position of Observations      1
 Position of Weights           0
 Value of Missing Trait/Observation           0

EFFECTS
 #  type                position (2)        levels   [positions for nested]
    1  cross-classified       2         3
    2  cross-classified       3       810

 Residual (co)variance Matrix
  100.00    

 Random Effect(s)    2
 Type of Random Effect:      additive animal with unknown parent groups and inbreeding
 Pedigree File:              ../renum_gbs/renadd02.ped                                                                                                                                                                                                                                 
 trait   effect    (CO)VARIANCES
  1       2     100.0    

 REMARKS
  (1) Weight position 0 means no weights utilized
  (2) Effect positions of 0 for some effects and traits means that such
      effects are missing for specified traits
 

 * The limited number of OpenMP threads = 4

 * BLUPF90+ sparse operations version
 
 * START JOB (BLUPF90): 11-17-2023  20h 13m 17s 079
 
 *** Statistical method from OPTION VCE                 
 * store solutions and s.e. *** se                  
* SE for function of (co)variances P G_2_2_1_1+R_1_1
* SE for function of (co)variances h2 G_2_2_1_1/(G_2_2_1_1+R_1_1)
 * store accuracy in file: "acc_bf90"            2
 
 IJA4 version
 Data record length =            3
 # free parameters=           2
 # parameters=           2
 # random effects=           1
 # elements for random effects=           1
 # maximum (ntrait*random)**2=           1
 # (co)variance matrices=           1

Read 732 records in 2.75 s,  1358 nonzeroes


Read 810 additive pedigrees

finished peds (VCE) in 2.78 s,  1436 nonzeroes

 rank=         813
               **************
               **** FSPAK ***
               **************
               MPE / IM / MAE
                   Jun 1994

              SPARSE STATISTICS
      DIMENSION OF MATRIX     =                      813
      RANK                    =                      813
      STORAGE AVAILABLE       =                    12879
      MAXIMUM NEEDED          =                    12879
      NZE IN UPPER TRIANGULAR =                     2249
      NZE IN FACTOR           =                      623
      NO. OF CALLS NUM FACT   =                        1
      NO. OF CALLS SOLVE      =                        1
      NO. OF CALLS SPARS SOLV =                        0
      NO. OF CALLS DET / LDET =                        1
      NO. OF CALLS SPARS INV  =                        1
      TOTAL CPU TIME IN FSPAK =                 0.000000
      TIME FOR FINDING ORDER  =                 0.000000
      TIME FOR SYMBOLIC FAC   =                 0.000000
      TIME FOR NUMERICAL FAC  =                 0.000000
      TIME FOR SOLVE          =                 0.000000
      TIME FOR SPARSE SOLVE   =                 0.000000
      TIME FOR SPARSE INVERSE =                 0.000000
quadr_ija: OpenMP threads=  1  4       810 OMP= F
 -2logL =    6639.36137480870       : AIC =    6643.36137480870     
  In round            1  convergence=  9.597804077242798E-002
  delta convergence=   47.2776971196670     
 new R
   149.67    
 new G
   144.89    
 * START ITERATION: 11-17-2023  20h 13m 19s 573
quadr_ija: OpenMP threads=  1  4       810 OMP= F
 -2logL =    6465.03535704200       : AIC =    6469.03535704200     
  In round            2  convergence=  2.472915691893878E-002
  delta convergence=   29.4798895782668     
 new R
   181.59    
 new G
   171.92    
quadr_ija: OpenMP threads=  1  4       810 OMP= F
 -2logL =    6436.98824706889       : AIC =    6440.98824706889     
  In round            3  convergence=  2.623671572546976E-002
  delta convergence=   16.6149866506092     
 new R
   0.0000    
 new G
   205.15    
quadr_ija: OpenMP threads=  1  4       810 OMP= F
 -2logL =    1338.99999999999       : AIC =    1342.99999999999     
  In round            4  convergence=  0.000000000000000E+000
  delta convergence=  0.000000000000000E+000
 new R
   0.0000    
 new G
   205.15    
 * END ITERATION: 11-17-2023  20h 13m 19s 845
 solutions and s.e. stored in file: "solutions"

Final Estimates
 Genetic variance(s) for effect  2       
   205.15    
 Residual variance(s)
   0.0000    
 inverse of AI matrix (Sampling Variance)
   0.0000       0.0000    
   0.0000       0.0000    
 Correlations from inverse of AI matrix
   0.0000       0.0000    
   0.0000       0.0000    
 SE for G
   0.0000    
 SE for R
   0.0000    
 Sparse inverse of nrm_inverse, elapsed time:    0.06
* Warning * may need to increase # samples     0     2
  
 Sampling variances of covariances function of random effects (n=10000)
  
P  - Function: g_2_2_1_1+r_1_1
  Mean:    205.15    
  Sample Mean:    205.15    
  Sample SD:    0.0000    
  
h2  - Function: g_2_2_1_1/(g_2_2_1_1+r_1_1)
  Mean:    1.0000    
  Sample Mean:    1.0000    
  Sample SD:    0.0000    
 elapsed time  1.5625000E-02
 *** Statistical Method: VCE                 
 * FINISHED (BLUPF90): 11-17-2023  20h 13m 20s 058
