
ssgblup.par
     BLUPF90+ ver. 2.48

 Parameter file:             ssgblup.par
 Data file:                  ../renum_gbs/renf90.dat
 Number of Traits             1
 Number of Effects            2
 Position of Observations      1
 Position of Weights           0
 Value of Missing Trait/Observation           0

EFFECTS
 #  type                position (2)        levels   [positions for nested]
    1  cross-classified       2         3
    2  cross-classified       3       806

 Residual (co)variance Matrix
  100.00    

 Random Effect(s)    2
 Type of Random Effect:      user defined from file
 User File:                  ../pregs_gbs/Gi                                                                                                                                                                                                                                           
 trait   effect    (CO)VARIANCES
  1       2     100.0    

 REMARKS
  (1) Weight position 0 means no weights utilized
  (2) Effect positions of 0 for some effects and traits means that such
      effects are missing for specified traits
 

 * The limited number of OpenMP threads = 4

 * BLUPF90+ sparse operations version
 
 * START JOB (BLUPF90): 11-18-2023  22h 47m 24s 244
 
 *** Statistical method from OPTION VCE                 
 * store solutions and s.e. *** se                  
* SE for function of (co)variances P G_2_2_1_1+R_1_1
* SE for function of (co)variances h2 G_2_2_1_1/(G_2_2_1_1+R_1_1)
 * store accuracy in file: "acc_bf90"            2
 

 Options read from parameter file for genomic
 * SNP format: BLUPF90 standard (text)
 * SNP file: ../../../output/haplotype_clean
 * SNP Xref file: ../../../output/haplotype_clean_XrefID
 * Read A22 Inverse (default=.false.)
 * A22 Inverse file (default "A22i"): ../pregs_gbs_a22/Gi_ascii
 * ReadGInverse (default=.false.)
 * G Inverse file (default "Gi"): ../pregs_hap/Gi_ascii
 * No Quality Control Checks !!!!! (default .false.):  T
 * Create a tuned G (default = 2): 2
 IJA4 version
 Data record length =            3
 # free parameters=           2
 # parameters=           2
 # random effects=           1
 # elements for random effects=           1
 # maximum (ntrait*random)**2=           1
 # (co)variance matrices=           1

Read 728 records in 14.97 s,  1351 nonzeroes

hash matrix increased from            8192 to           16384 % filled:     0.8000
hash matrix increased from           16384 to           32768 % filled:     0.8000
hash matrix increased from           32768 to           65536 % filled:     0.8000
hash matrix increased from           65536 to          131072 % filled:     0.8000
hash matrix increased from          131072 to          262144 % filled:     0.8000
hash matrix increased from          262144 to          524288 % filled:     0.8000
 g_usr_inv: read       325221  elements
 largest row, column, diagonal:         806         806         806
hash matrix increased from            8192 to           16384 % filled:     0.8000
hash matrix increased from           16384 to           32768 % filled:     0.8000
hash matrix increased from           32768 to           65536 % filled:     0.8000
hash matrix increased from           65536 to          131072 % filled:     0.8000
hash matrix increased from          131072 to          262144 % filled:     0.8000
hash matrix increased from          262144 to          524288 % filled:     0.8000

finished peds (VCE) in 22.03 s,  325844 nonzeroes

 
 *** Advise: running BLUPF90+ --dense might speed up computations
 
 rank=         809
               **************
               **** FSPAK ***
               **************
               MPE / IM / MAE
                   Jun 1994

              SPARSE STATISTICS
      DIMENSION OF MATRIX     =                      809
      RANK                    =                      809
      STORAGE AVAILABLE       =                  1636313
      MAXIMUM NEEDED          =                  1636313
      NZE IN UPPER TRIANGULAR =                   326653
      NZE IN FACTOR           =                   325035
      NO. OF CALLS NUM FACT   =                        1
      NO. OF CALLS SOLVE      =                        1
      NO. OF CALLS SPARS SOLV =                        0
      NO. OF CALLS DET / LDET =                        1
      NO. OF CALLS SPARS INV  =                        1
      TOTAL CPU TIME IN FSPAK =                 2.812500
      TIME FOR FINDING ORDER  =                 0.062500
      TIME FOR SYMBOLIC FAC   =                 0.671875
      TIME FOR NUMERICAL FAC  =                 0.375000
      TIME FOR SOLVE          =                 0.000000
      TIME FOR SPARSE SOLVE   =                 0.000000
      TIME FOR SPARSE INVERSE =                 1.671875
quadr_ija: OpenMP threads=  1  4    325221 OMP= F
 -2logL =    6959.53432880574       : AIC =    6963.53432880574     
  In round            1  convergence=  2.502848573662442E-002
  delta convergence=   48.9283242760884     
 new R
   179.06    
 new G
   118.79    
 * START ITERATION: 11-18-2023  22h 47m 50s 079
quadr_ija: OpenMP threads=  1  4    325221 OMP= F
 -2logL =    6526.30202870012       : AIC =    6530.30202870012     
  In round            2  convergence=  0.105311039350235     
  delta convergence=   65.2714819985588     
 new R
   280.50    
 new G
   89.688    
quadr_ija: OpenMP threads=  1  4    325221 OMP= F
 -2logL =    6411.61083103108       : AIC =    6415.61083103108     
  In round            3  convergence=  0.515763588381776     
  delta convergence=   53.7672512041918     
 new R
   350.55    
 new G
   52.200    
quadr_ija: OpenMP threads=  1  4    325221 OMP= F
 -2logL =    6396.18614848903       : AIC =    6400.18614848903     
  In round            4  convergence=  1.277158061970020E-002
  delta convergence=   10.0838468402998     
 new R
   365.41    
 new G
   46.900    
quadr_ija: OpenMP threads=  1  4    325221 OMP= F
 -2logL =    6395.73209690887       : AIC =    6399.73209690887     
  In round            5  convergence=  2.294166885004286E-005
  delta convergence=  0.395025378556756     
 new R
   365.98    
 new G
   46.676    
quadr_ija: OpenMP threads=  1  4    325221 OMP= F
 -2logL =    6395.73152440670       : AIC =    6399.73152440670     
  In round            6  convergence=  5.844503820138603E-009
  delta convergence=  2.919933250275623E-003
 new R
   365.98    
 new G
   46.673    
quadr_ija: OpenMP threads=  1  4    325221 OMP= F
 -2logL =    6395.73152439659       : AIC =    6399.73152439659     
  In round            7  convergence=  9.095888547823178E-013
  delta convergence=  3.262374795805277E-005
 new R
   365.98    
 new G
   46.673    
 * END ITERATION: 11-18-2023  22h 48m 05s 379
 solutions and s.e. stored in file: "solutions"

Final Estimates
 Genetic variance(s) for effect  2       
   46.673    
 Residual variance(s)
   365.98    
 inverse of AI matrix (Sampling Variance)
   1455.1      -627.55    
  -627.55       683.61    
 Correlations from inverse of AI matrix
   1.0000     -0.62921    
 -0.62921       1.0000    
 SE for G
   38.146    
 SE for R
   26.146    
 Sparse inverse of nrm_inverse, elapsed time:    1.75
  
 Sampling variances of covariances function of random effects (n=10000)
  
P  - Function: g_2_2_1_1+r_1_1
  Mean:    412.66    
  Sample Mean:    412.47    
  Sample SD:    29.922    
  
h2  - Function: g_2_2_1_1/(g_2_2_1_1+r_1_1)
  Mean:   0.11310    
  Sample Mean:   0.10788    
  Sample SD:   0.88942E-01
 elapsed time  4.6875000E-02
 *** Statistical Method: VCE                 
 * FINISHED (BLUPF90): 11-18-2023  22h 48m 08s 184
